0: [2020-Feb-11 16:40:12.332457] - CConfig::SetPath() - cannot open file, /mnt/teamway/atlas/BallCameraServer/qt-build/../config/global.ini
1: [2020-Feb-11 16:40:12.332753] - YH Device SDK, compiled Jan  6 2020, 14:30:29, copyrights (c) 2018.
2: [2020-Feb-11 16:40:12.332811] - LOG Begin(dev sdk): control::Init() - process: /mnt/teamway/atlas/BallCameraServer/qt-build/BallCameraServer(8728)
3: [2020-Feb-11 16:40:12.332947] - [devsdk]control::Init() - CDevice::m_objTask.Start()!
4: [2020-Feb-11 16:40:12.333669] - tcpServer::doAccept() - create conn obj-------
5: [2020-Feb-11 16:40:12.333847] - [devsdk] control::Init() - listen 10.0.48.66 @ 6608...
6: [2020-Feb-11 16:40:13.892261] - [dsdk] DeviceManager::DoProc() - connection online, hSession: 0x0xc16910
7: [2020-Feb-11 16:40:13.892571] - tcpServer::doAccept() - create conn obj-------
8: [2020-Feb-11 16:40:13.911924] - COMMON::connObj::SendData() - conn: 0x0xc16910, packet len: 60. strand post doWrite...
9: [2020-Feb-11 16:40:13.912074] - [dsdk] DeviceManager::build_conn_device_map() - session x0xc16910 existed, device obj NULL, update session ------- 

10: [2020-Feb-11 16:40:13.912165] - [devsdk]DeviceManger::DoProc() - do signal reg - {"eventtype":"26","deviceid":"30013","channels":"1","type":"4108","nettype":"2","disktype":"1","factorytype":"18","audiotype":"1","addr":"10.0.48.70:36633","desc":"register"}
11: [2020-Feb-11 16:40:14.335683] - COMMON::connObj::SendData() - conn: 0x0xc16910, packet len: 99. strand post doWrite...
12: [2020-Feb-11 16:40:14.335849] - CDevice::SendOpenStreamCmd() - hSession: 0x0xc16910, ret: 0x0. cmd len: 99, cmd str: $$dc0090,1,C508,30013,,200211 164014,6B8B4567-23C6-327B-A998-3C6473483366,1,0,0,0,10.0.48.66,6608,#
13: [2020-Feb-11 16:40:14.403492] - [dsdk] DeviceManager::DoProc() - connection online, hSession: 0x0x7f10c4049ca0
14: [2020-Feb-11 16:40:14.403692] - tcpServer::doAccept() - create conn obj-------
15: [2020-Feb-11 16:40:14.405603] - CDevice::DoMediaReg() - devid:30013, bussid(BussType_chn_streamtype): 1_0_0
16: [2020-Feb-11 16:40:14.405749] - COMMON::connObj::SendData() - conn: 0x0x7f10c4049ca0, packet len: 16. strand post doWrite...
17: [2020-Feb-11 16:40:14.405815] - [dsdk] DeviceManager::build_conn_device_map() - session x0x7f10c4049ca0 existed, device obj NULL, update session ------- 

18: [2020-Feb-11 16:40:14.406230] - COMMON::connObj::SendData() - conn: 0x0x7f10c4049ca0, packet len: 8. strand post doWrite...
19: [2020-Feb-11 16:40:18.931547] - COMMON::connObj::SendData() - conn: 0x0x7f10c4049ca0, packet len: 8. strand post doWrite...
20: [2020-Feb-11 16:40:18.931653] - sds::device::CDevice::SendHeartM succ 30013 

21: [2020-Feb-11 16:40:23.971369] - COMMON::connObj::SendData() - conn: 0x0x7f10c4049ca0, packet len: 8. strand post doWrite...
22: [2020-Feb-11 16:40:23.971503] - sds::device::CDevice::SendHeartM succ 30013 

23: [2020-Feb-11 16:40:29.011279] - COMMON::connObj::SendData() - conn: 0x0x7f10c4049ca0, packet len: 8. strand post doWrite...
24: [2020-Feb-11 16:40:29.011414] - sds::device::CDevice::SendHeartM succ 30013 

25: [2020-Feb-11 16:40:34.051218] - COMMON::connObj::SendData() - conn: 0x0x7f10c4049ca0, packet len: 8. strand post doWrite...
26: [2020-Feb-11 16:40:34.051352] - sds::device::CDevice::SendHeartM succ 30013 

27: [2020-Feb-11 16:40:39.091291] - COMMON::connObj::SendData() - conn: 0x0x7f10c4049ca0, packet len: 8. strand post doWrite...
28: [2020-Feb-11 16:40:39.091424] - sds::device::CDevice::SendHeartM succ 30013 

29: [2020-Feb-11 16:40:44.131950] - COMMON::connObj::SendData() - conn: 0x0x7f10c4049ca0, packet len: 8. strand post doWrite...
30: [2020-Feb-11 16:40:44.132081] - sds::device::CDevice::SendHeartM succ 30013 

31: [2020-Feb-11 16:40:49.171050] - COMMON::connObj::SendData() - conn: 0x0x7f10c4049ca0, packet len: 8. strand post doWrite...
32: [2020-Feb-11 16:40:49.171189] - sds::device::CDevice::SendHeartM succ 30013 

33: [2020-Feb-11 16:40:53.851071] - [devsds]CDevice::DoFrame() - dev:30013,  recv frames 1000,  bytes 9895769 ------
34: [2020-Feb-11 16:40:54.211232] - COMMON::connObj::SendData() - conn: 0x0x7f10c4049ca0, packet len: 8. strand post doWrite...
35: [2020-Feb-11 16:40:54.211390] - sds::device::CDevice::SendHeartM succ 30013 

36: [2020-Feb-11 16:40:59.251025] - COMMON::connObj::SendData() - conn: 0x0x7f10c4049ca0, packet len: 8. strand post doWrite...
37: [2020-Feb-11 16:40:59.251154] - sds::device::CDevice::SendHeartM succ 30013 

38: [2020-Feb-11 16:41:04.290865] - COMMON::connObj::SendData() - conn: 0x0x7f10c4049ca0, packet len: 8. strand post doWrite...
39: [2020-Feb-11 16:41:04.290986] - sds::device::CDevice::SendHeartM succ 30013 

40: [2020-Feb-11 16:41:09.331329] - COMMON::connObj::SendData() - conn: 0x0x7f10c4049ca0, packet len: 8. strand post doWrite...
41: [2020-Feb-11 16:41:09.331461] - sds::device::CDevice::SendHeartM succ 30013 

42: [2020-Feb-11 16:41:14.371590] - COMMON::connObj::SendData() - conn: 0x0x7f10c4049ca0, packet len: 8. strand post doWrite...
43: [2020-Feb-11 16:41:14.371721] - sds::device::CDevice::SendHeartM succ 30013 

44: [2020-Feb-11 16:41:14.760274] - COMMON::connObj::SendData() - conn: 0x0xc16910, packet len: 37. strand post doWrite...
45: [2020-Feb-11 16:41:19.770784] - COMMON::connObj::SendData() - conn: 0x0x7f10c4049ca0, packet len: 8. strand post doWrite...
46: [2020-Feb-11 16:41:19.770914] - sds::device::CDevice::SendHeartM succ 30013 

47: [2020-Feb-11 16:41:24.907554] - COMMON::connObj::SendData() - conn: 0x0x7f10c4049ca0, packet len: 8. strand post doWrite...
48: [2020-Feb-11 16:41:24.907616] - sds::device::CDevice::SendHeartM succ 30013 

49: [2020-Feb-11 16:41:29.920691] - COMMON::connObj::SendData() - conn: 0x0x7f10c4049ca0, packet len: 8. strand post doWrite...
50: [2020-Feb-11 16:41:29.920820] - sds::device::CDevice::SendHeartM succ 30013 

51: [2020-Feb-11 16:41:33.050632] - [devsds]CDevice::DoFrame() - dev:30013,  recv frames 2000,  bytes 19799049 ------
52: [2020-Feb-11 16:41:34.931312] - COMMON::connObj::SendData() - conn: 0x0x7f10c4049ca0, packet len: 8. strand post doWrite...
53: [2020-Feb-11 16:41:34.931401] - sds::device::CDevice::SendHeartM succ 30013 

54: [2020-Feb-11 16:41:39.970964] - COMMON::connObj::SendData() - conn: 0x0x7f10c4049ca0, packet len: 8. strand post doWrite...
55: [2020-Feb-11 16:41:39.971103] - sds::device::CDevice::SendHeartM succ 30013 

56: [2020-Feb-11 16:41:45.011351] - COMMON::connObj::SendData() - conn: 0x0x7f10c4049ca0, packet len: 8. strand post doWrite...
57: [2020-Feb-11 16:41:45.011485] - sds::device::CDevice::SendHeartM succ 30013 

58: [2020-Feb-11 16:41:50.051180] - COMMON::connObj::SendData() - conn: 0x0x7f10c4049ca0, packet len: 8. strand post doWrite...
59: [2020-Feb-11 16:41:50.051323] - sds::device::CDevice::SendHeartM succ 30013 

60: [2020-Feb-11 16:41:55.090866] - COMMON::connObj::SendData() - conn: 0x0x7f10c4049ca0, packet len: 8. strand post doWrite...
61: [2020-Feb-11 16:41:55.091000] - sds::device::CDevice::SendHeartM succ 30013 

62: [2020-Feb-11 16:42:00.130420] - COMMON::connObj::SendData() - conn: 0x0x7f10c4049ca0, packet len: 8. strand post doWrite...
63: [2020-Feb-11 16:42:00.130547] - sds::device::CDevice::SendHeartM succ 30013 

