0: [2020-Feb-14 09:33:44.585708] - CConfig::SetPath() - cannot open file, /mnt/teamway/atlas/BallCameraServer/qt-build/../config/global.ini
1: [2020-Feb-14 09:33:44.585901] - YH Device SDK, compiled Jan  6 2020, 14:30:29, copyrights (c) 2018.
2: [2020-Feb-14 09:33:44.585936] - LOG Begin(dev sdk): control::Init() - process: /mnt/teamway/atlas/BallCameraServer/qt-build/BallCameraServer(11590)
3: [2020-Feb-14 09:33:44.586016] - [devsdk]control::Init() - CDevice::m_objTask.Start()!
4: [2020-Feb-14 09:33:44.586342] - tcpServer::doAccept() - create conn obj-------
5: [2020-Feb-14 09:33:44.586393] - [devsdk] control::Init() - listen 10.0.48.66 @ 6608...
6: [2020-Feb-14 09:33:53.277514] - [dsdk] DeviceManager::DoProc() - connection online, hSession: 0x0x3caf1f0
7: [2020-Feb-14 09:33:53.277826] - tcpServer::doAccept() - create conn obj-------
8: [2020-Feb-14 09:33:53.296225] - COMMON::connObj::SendData() - conn: 0x0x3caf1f0, packet len: 60. strand post doWrite...
9: [2020-Feb-14 09:33:53.296399] - [dsdk] DeviceManager::build_conn_device_map() - session x0x3caf1f0 existed, device obj NULL, update session ------- 

10: [2020-Feb-14 09:33:53.296495] - [devsdk]DeviceManger::DoProc() - do signal reg - {"eventtype":"26","deviceid":"30013","channels":"1","type":"4108","nettype":"2","disktype":"1","factorytype":"18","audiotype":"1","addr":"10.0.48.70:52636","desc":"register"}
11: [2020-Feb-14 09:33:53.588297] - COMMON::connObj::SendData() - conn: 0x0x3caf1f0, packet len: 99. strand post doWrite...
12: [2020-Feb-14 09:33:53.588467] - CDevice::SendOpenStreamCmd() - hSession: 0x0x3caf1f0, ret: 0x0. cmd len: 99, cmd str: $$dc0090,1,C508,30013,,200214 093353,6B8B4567-23C6-327B-A998-3C6473483366,1,0,0,0,10.0.48.66,6608,#
13: [2020-Feb-14 09:33:53.638206] - [dsdk] DeviceManager::DoProc() - connection online, hSession: 0x0x7f92f8049ca0
14: [2020-Feb-14 09:33:53.638433] - tcpServer::doAccept() - create conn obj-------
15: [2020-Feb-14 09:33:53.638742] - CDevice::DoMediaReg() - devid:30013, bussid(BussType_chn_streamtype): 1_0_0
16: [2020-Feb-14 09:33:53.638888] - COMMON::connObj::SendData() - conn: 0x0x7f92f8049ca0, packet len: 16. strand post doWrite...
17: [2020-Feb-14 09:33:53.638956] - [dsdk] DeviceManager::build_conn_device_map() - session x0x7f92f8049ca0 existed, device obj NULL, update session ------- 

18: [2020-Feb-14 09:33:53.639242] - COMMON::connObj::SendData() - conn: 0x0x7f92f8049ca0, packet len: 8. strand post doWrite...
19: [2020-Feb-14 09:33:59.548721] - COMMON::connObj::SendData() - conn: 0x0x7f92f8049ca0, packet len: 8. strand post doWrite...
20: [2020-Feb-14 09:33:59.548777] - sds::device::CDevice::SendHeartM succ 30013 

21: [2020-Feb-14 09:34:05.576103] - COMMON::connObj::SendData() - conn: 0x0x7f92f8049ca0, packet len: 8. strand post doWrite...
22: [2020-Feb-14 09:34:05.576163] - sds::device::CDevice::SendHeartM succ 30013 

23: [2020-Feb-14 09:34:11.588752] - COMMON::connObj::SendData() - conn: 0x0x7f92f8049ca0, packet len: 8. strand post doWrite...
24: [2020-Feb-14 09:34:11.588809] - sds::device::CDevice::SendHeartM succ 30013 

25: [2020-Feb-14 09:34:17.558604] - COMMON::connObj::SendData() - conn: 0x0x7f92f8049ca0, packet len: 8. strand post doWrite...
26: [2020-Feb-14 09:34:17.558667] - sds::device::CDevice::SendHeartM succ 30013 

27: [2020-Feb-14 09:34:23.552154] - COMMON::connObj::SendData() - conn: 0x0x7f92f8049ca0, packet len: 8. strand post doWrite...
28: [2020-Feb-14 09:34:23.552211] - sds::device::CDevice::SendHeartM succ 30013 

29: [2020-Feb-14 09:34:29.584235] - COMMON::connObj::SendData() - conn: 0x0x7f92f8049ca0, packet len: 8. strand post doWrite...
30: [2020-Feb-14 09:34:29.584292] - sds::device::CDevice::SendHeartM succ 30013 

31: [2020-Feb-14 09:34:33.554372] - [devsds]CDevice::DoFrame() - dev:30013,  recv frames 1000,  bytes 9889873 ------
32: [2020-Feb-14 09:34:35.600039] - COMMON::connObj::SendData() - conn: 0x0x7f92f8049ca0, packet len: 8. strand post doWrite...
33: [2020-Feb-14 09:34:35.600095] - sds::device::CDevice::SendHeartM succ 30013 

34: [2020-Feb-14 09:34:41.589464] - COMMON::connObj::SendData() - conn: 0x0x7f92f8049ca0, packet len: 8. strand post doWrite...
35: [2020-Feb-14 09:34:41.589531] - sds::device::CDevice::SendHeartM succ 30013 

36: [2020-Feb-14 09:34:47.584312] - COMMON::connObj::SendData() - conn: 0x0x7f92f8049ca0, packet len: 8. strand post doWrite...
37: [2020-Feb-14 09:34:47.584368] - sds::device::CDevice::SendHeartM succ 30013 

38: [2020-Feb-14 09:34:53.523823] - COMMON::connObj::SendData() - conn: 0x0x3caf1f0, packet len: 37. strand post doWrite...
39: [2020-Feb-14 09:34:59.577669] - COMMON::connObj::SendData() - conn: 0x0x7f92f8049ca0, packet len: 8. strand post doWrite...
40: [2020-Feb-14 09:34:59.577725] - sds::device::CDevice::SendHeartM succ 30013 

41: [2020-Feb-14 09:35:05.596987] - COMMON::connObj::SendData() - conn: 0x0x7f92f8049ca0, packet len: 8. strand post doWrite...
42: [2020-Feb-14 09:35:05.597041] - sds::device::CDevice::SendHeartM succ 30013 

