0: [2020-Feb-14 14:32:36.731034] - CConfig::SetPath() - cannot open file, /mnt/teamway/atlas/BallCameraServer/qt-build/../config/global.ini
1: [2020-Feb-14 14:32:36.731208] - YH Device SDK, compiled Jan  6 2020, 14:30:29, copyrights (c) 2018.
2: [2020-Feb-14 14:32:36.731243] - LOG Begin(dev sdk): control::Init() - process: /mnt/teamway/atlas/BallCameraServer/qt-build/BallCameraServer(18891)
3: [2020-Feb-14 14:32:36.731305] - [devsdk]control::Init() - CDevice::m_objTask.Start()!
4: [2020-Feb-14 14:32:36.731618] - tcpServer::doAccept() - create conn obj-------
5: [2020-Feb-14 14:32:36.731669] - [devsdk] control::Init() - listen 10.0.48.66 @ 6608...
6: [2020-Feb-14 14:32:39.453318] - [dsdk] DeviceManager::DoProc() - connection online, hSession: 0x0x4712600
7: [2020-Feb-14 14:32:39.453649] - tcpServer::doAccept() - create conn obj-------
8: [2020-Feb-14 14:32:39.472951] - COMMON::connObj::SendData() - conn: 0x0x4712600, packet len: 60. strand post doWrite...
9: [2020-Feb-14 14:32:39.473117] - [dsdk] DeviceManager::build_conn_device_map() - session x0x4712600 existed, device obj NULL, update session ------- 

10: [2020-Feb-14 14:32:39.473209] - [devsdk]DeviceManger::DoProc() - do signal reg - {"eventtype":"26","deviceid":"30013","channels":"1","type":"4108","nettype":"2","disktype":"1","factorytype":"18","audiotype":"1","addr":"10.0.48.70:44281","desc":"register"}
11: [2020-Feb-14 14:32:39.732545] - COMMON::connObj::SendData() - conn: 0x0x4712600, packet len: 99. strand post doWrite...
12: [2020-Feb-14 14:32:39.732711] - CDevice::SendOpenStreamCmd() - hSession: 0x0x4712600, ret: 0x0. cmd len: 99, cmd str: $$dc0090,1,C508,30013,,200214 143239,6B8B4567-23C6-327B-A998-3C6473483366,1,0,0,0,10.0.48.66,6608,#
13: [2020-Feb-14 14:32:39.843887] - [dsdk] DeviceManager::DoProc() - connection online, hSession: 0x0x7fc960049ca0
14: [2020-Feb-14 14:32:39.844113] - tcpServer::doAccept() - create conn obj-------
15: [2020-Feb-14 14:32:39.844426] - CDevice::DoMediaReg() - devid:30013, bussid(BussType_chn_streamtype): 1_0_0
16: [2020-Feb-14 14:32:39.844569] - COMMON::connObj::SendData() - conn: 0x0x7fc960049ca0, packet len: 16. strand post doWrite...
17: [2020-Feb-14 14:32:39.844636] - [dsdk] DeviceManager::build_conn_device_map() - session x0x7fc960049ca0 existed, device obj NULL, update session ------- 

18: [2020-Feb-14 14:32:39.844785] - COMMON::connObj::SendData() - conn: 0x0x7fc960049ca0, packet len: 8. strand post doWrite...
19: [2020-Feb-14 14:32:46.252479] - COMMON::connObj::SendData() - conn: 0x0x7fc960049ca0, packet len: 8. strand post doWrite...
20: [2020-Feb-14 14:32:46.252539] - sds::device::CDevice::SendHeartM succ 30013 

21: [2020-Feb-14 14:32:52.242780] - COMMON::connObj::SendData() - conn: 0x0x7fc960049ca0, packet len: 8. strand post doWrite...
22: [2020-Feb-14 14:32:52.242830] - sds::device::CDevice::SendHeartM succ 30013 

23: [2020-Feb-14 14:32:57.318112] - COMMON::connObj::SendData() - conn: 0x0x7fc960049ca0, packet len: 8. strand post doWrite...
24: [2020-Feb-14 14:32:57.318166] - sds::device::CDevice::SendHeartM succ 30013 

