0: [2020-Feb-13 16:45:37.823156] - CConfig::SetPath() - cannot open file, /mnt/teamway/atlas/BallCameraServer/qt-build/../config/global.ini
1: [2020-Feb-13 16:45:37.823330] - YH Device SDK, compiled Jan  6 2020, 14:30:29, copyrights (c) 2018.
2: [2020-Feb-13 16:45:37.823362] - LOG Begin(dev sdk): control::Init() - process: /mnt/teamway/atlas/BallCameraServer/qt-build/BallCameraServer(23211)
3: [2020-Feb-13 16:45:37.823581] - [devsdk]control::Init() - CDevice::m_objTask.Start()!
4: [2020-Feb-13 16:45:37.833606] - tcpServer::doAccept() - create conn obj-------
5: [2020-Feb-13 16:45:37.833692] - [devsdk] control::Init() - listen 10.0.48.66 @ 6608...
6: [2020-Feb-13 16:45:48.680414] - [dsdk] DeviceManager::DoProc() - connection online, hSession: 0x0x3a03ce0
7: [2020-Feb-13 16:45:48.680718] - tcpServer::doAccept() - create conn obj-------
8: [2020-Feb-13 16:45:48.719688] - COMMON::connObj::SendData() - conn: 0x0x3a03ce0, packet len: 60. strand post doWrite...
9: [2020-Feb-13 16:45:48.719856] - [dsdk] DeviceManager::build_conn_device_map() - session x0x3a03ce0 existed, device obj NULL, update session ------- 

10: [2020-Feb-13 16:45:48.719950] - [devsdk]DeviceManger::DoProc() - do signal reg - {"eventtype":"26","deviceid":"30013","channels":"1","type":"4108","nettype":"2","disktype":"1","factorytype":"18","audiotype":"1","addr":"10.0.48.70:44554","desc":"register"}
11: [2020-Feb-13 16:45:48.835589] - COMMON::connObj::SendData() - conn: 0x0x3a03ce0, packet len: 99. strand post doWrite...
12: [2020-Feb-13 16:45:48.835756] - CDevice::SendOpenStreamCmd() - hSession: 0x0x3a03ce0, ret: 0x0. cmd len: 99, cmd str: $$dc0090,1,C508,30013,,200213 164548,6B8B4567-23C6-327B-A998-3C6473483366,1,0,0,0,10.0.48.66,6608,#
13: [2020-Feb-13 16:45:48.951767] - [dsdk] DeviceManager::DoProc() - connection online, hSession: 0x0x7fffc8049ca0
14: [2020-Feb-13 16:45:48.952064] - tcpServer::doAccept() - create conn obj-------
15: [2020-Feb-13 16:45:48.952449] - CDevice::DoMediaReg() - devid:30013, bussid(BussType_chn_streamtype): 1_0_0
16: [2020-Feb-13 16:45:48.952680] - COMMON::connObj::SendData() - conn: 0x0x7fffc8049ca0, packet len: 16. strand post doWrite...
17: [2020-Feb-13 16:45:48.952759] - [dsdk] DeviceManager::build_conn_device_map() - session x0x7fffc8049ca0 existed, device obj NULL, update session ------- 

18: [2020-Feb-13 16:45:48.952917] - COMMON::connObj::SendData() - conn: 0x0x7fffc8049ca0, packet len: 8. strand post doWrite...
19: [2020-Feb-13 16:45:54.773087] - COMMON::connObj::SendData() - conn: 0x0x7fffc8049ca0, packet len: 8. strand post doWrite...
20: [2020-Feb-13 16:45:54.773138] - sds::device::CDevice::SendHeartM succ 30013 

