0: [2020-Feb-14 10:46:23.890256] - CConfig::SetPath() - cannot open file, /mnt/teamway/atlas/BallCameraServer/qt-build/../config/global.ini
1: [2020-Feb-14 10:46:23.890423] - YH Device SDK, compiled Jan  6 2020, 14:30:29, copyrights (c) 2018.
2: [2020-Feb-14 10:46:23.890465] - LOG Begin(dev sdk): control::Init() - process: /mnt/teamway/atlas/BallCameraServer/qt-build/BallCameraServer(19558)
3: [2020-Feb-14 10:46:23.890914] - [devsdk]control::Init() - CDevice::m_objTask.Start()!
4: [2020-Feb-14 10:46:23.898183] - tcpServer::doAccept() - create conn obj-------
5: [2020-Feb-14 10:46:23.898263] - [devsdk] control::Init() - listen 10.0.48.66 @ 6608...
6: [2020-Feb-14 10:46:37.826680] - [dsdk] DeviceManager::DoProc() - connection online, hSession: 0x0x3a09340
7: [2020-Feb-14 10:46:37.827047] - tcpServer::doAccept() - create conn obj-------
8: [2020-Feb-14 10:46:37.866007] - COMMON::connObj::SendData() - conn: 0x0x3a09340, packet len: 60. strand post doWrite...
9: [2020-Feb-14 10:46:37.866174] - [dsdk] DeviceManager::build_conn_device_map() - session x0x3a09340 existed, device obj NULL, update session ------- 

10: [2020-Feb-14 10:46:37.866266] - [devsdk]DeviceManger::DoProc() - do signal reg - {"eventtype":"26","deviceid":"30013","channels":"1","type":"4108","nettype":"2","disktype":"1","factorytype":"18","audiotype":"1","addr":"10.0.48.70:57287","desc":"register"}
11: [2020-Feb-14 10:46:37.900502] - COMMON::connObj::SendData() - conn: 0x0x3a09340, packet len: 99. strand post doWrite...
12: [2020-Feb-14 10:46:37.900670] - CDevice::SendOpenStreamCmd() - hSession: 0x0x3a09340, ret: 0x0. cmd len: 99, cmd str: $$dc0090,1,C508,30013,,200214 104637,6B8B4567-23C6-327B-A998-3C6473483366,1,0,0,0,10.0.48.66,6608,#
13: [2020-Feb-14 10:46:37.969561] - [dsdk] DeviceManager::DoProc() - connection online, hSession: 0x0x7fffc4049ca0
14: [2020-Feb-14 10:46:37.969777] - tcpServer::doAccept() - create conn obj-------
15: [2020-Feb-14 10:46:37.970095] - CDevice::DoMediaReg() - devid:30013, bussid(BussType_chn_streamtype): 1_0_0
16: [2020-Feb-14 10:46:37.970236] - COMMON::connObj::SendData() - conn: 0x0x7fffc4049ca0, packet len: 16. strand post doWrite...
17: [2020-Feb-14 10:46:37.970301] - [dsdk] DeviceManager::build_conn_device_map() - session x0x7fffc4049ca0 existed, device obj NULL, update session ------- 

18: [2020-Feb-14 10:46:37.970446] - COMMON::connObj::SendData() - conn: 0x0x7fffc4049ca0, packet len: 8. strand post doWrite...
19: [2020-Feb-14 10:46:57.984511] - COMMON::connObj::SendData() - conn: 0x0x7fffc4049ca0, packet len: 8. strand post doWrite...
20: [2020-Feb-14 10:46:57.984664] - sds::device::CDevice::SendHeartM succ 30013 

21: [2020-Feb-14 10:47:18.014353] - COMMON::connObj::SendData() - conn: 0x0x7fffc4049ca0, packet len: 8. strand post doWrite...
22: [2020-Feb-14 10:47:18.014552] - sds::device::CDevice::SendHeartM succ 30013 

23: [2020-Feb-14 10:47:38.053962] - COMMON::connObj::SendData() - conn: 0x0x7fffc4049ca0, packet len: 8. strand post doWrite...
24: [2020-Feb-14 10:47:38.054095] - sds::device::CDevice::SendHeartM succ 30013 

25: [2020-Feb-14 10:47:38.264223] - COMMON::connObj::SendData() - conn: 0x0x3a09340, packet len: 37. strand post doWrite...
26: [2020-Feb-14 10:47:58.063845] - COMMON::connObj::SendData() - conn: 0x0x7fffc4049ca0, packet len: 8. strand post doWrite...
27: [2020-Feb-14 10:47:58.063971] - sds::device::CDevice::SendHeartM succ 30013 

28: [2020-Feb-14 10:48:18.063839] - COMMON::connObj::SendData() - conn: 0x0x7fffc4049ca0, packet len: 8. strand post doWrite...
29: [2020-Feb-14 10:48:18.063974] - sds::device::CDevice::SendHeartM succ 30013 

30: [2020-Feb-14 10:48:38.063321] - COMMON::connObj::SendData() - conn: 0x0x7fffc4049ca0, packet len: 8. strand post doWrite...
31: [2020-Feb-14 10:48:38.063448] - sds::device::CDevice::SendHeartM succ 30013 

32: [2020-Feb-14 10:48:38.263677] - COMMON::connObj::SendData() - conn: 0x0x3a09340, packet len: 37. strand post doWrite...
33: [2020-Feb-14 10:48:58.063214] - COMMON::connObj::SendData() - conn: 0x0x7fffc4049ca0, packet len: 8. strand post doWrite...
34: [2020-Feb-14 10:48:58.063345] - sds::device::CDevice::SendHeartM succ 30013 

35: [2020-Feb-14 10:49:18.063145] - COMMON::connObj::SendData() - conn: 0x0x7fffc4049ca0, packet len: 8. strand post doWrite...
36: [2020-Feb-14 10:49:18.063275] - sds::device::CDevice::SendHeartM succ 30013 

37: [2020-Feb-14 10:49:38.062736] - COMMON::connObj::SendData() - conn: 0x0x7fffc4049ca0, packet len: 8. strand post doWrite...
38: [2020-Feb-14 10:49:38.062882] - sds::device::CDevice::SendHeartM succ 30013 

39: [2020-Feb-14 10:49:38.263099] - COMMON::connObj::SendData() - conn: 0x0x3a09340, packet len: 37. strand post doWrite...
40: [2020-Feb-14 10:49:58.062460] - COMMON::connObj::SendData() - conn: 0x0x7fffc4049ca0, packet len: 8. strand post doWrite...
41: [2020-Feb-14 10:49:58.062596] - sds::device::CDevice::SendHeartM succ 30013 

42: [2020-Feb-14 10:50:18.062357] - COMMON::connObj::SendData() - conn: 0x0x7fffc4049ca0, packet len: 8. strand post doWrite...
43: [2020-Feb-14 10:50:18.062495] - sds::device::CDevice::SendHeartM succ 30013 

44: [2020-Feb-14 10:50:38.062020] - COMMON::connObj::SendData() - conn: 0x0x7fffc4049ca0, packet len: 8. strand post doWrite...
45: [2020-Feb-14 10:50:38.062153] - sds::device::CDevice::SendHeartM succ 30013 

46: [2020-Feb-14 10:50:39.662539] - COMMON::connObj::SendData() - conn: 0x0x3a09340, packet len: 37. strand post doWrite...
47: [2020-Feb-14 10:50:58.061806] - COMMON::connObj::SendData() - conn: 0x0x7fffc4049ca0, packet len: 8. strand post doWrite...
48: [2020-Feb-14 10:50:58.061938] - sds::device::CDevice::SendHeartM succ 30013 

49: [2020-Feb-14 10:51:18.061619] - COMMON::connObj::SendData() - conn: 0x0x7fffc4049ca0, packet len: 8. strand post doWrite...
50: [2020-Feb-14 10:51:18.061754] - sds::device::CDevice::SendHeartM succ 30013 

51: [2020-Feb-14 10:51:38.061401] - COMMON::connObj::SendData() - conn: 0x0x7fffc4049ca0, packet len: 8. strand post doWrite...
52: [2020-Feb-14 10:51:38.061544] - sds::device::CDevice::SendHeartM succ 30013 

53: [2020-Feb-14 10:51:39.661667] - COMMON::connObj::SendData() - conn: 0x0x3a09340, packet len: 37. strand post doWrite...
54: [2020-Feb-14 10:51:58.061240] - COMMON::connObj::SendData() - conn: 0x0x7fffc4049ca0, packet len: 8. strand post doWrite...
55: [2020-Feb-14 10:51:58.061373] - sds::device::CDevice::SendHeartM succ 30013 

56: [2020-Feb-14 10:52:18.061043] - COMMON::connObj::SendData() - conn: 0x0x7fffc4049ca0, packet len: 8. strand post doWrite...
57: [2020-Feb-14 10:52:18.061174] - sds::device::CDevice::SendHeartM succ 30013 

58: [2020-Feb-14 10:52:38.061266] - COMMON::connObj::SendData() - conn: 0x0x7fffc4049ca0, packet len: 8. strand post doWrite...
59: [2020-Feb-14 10:52:38.061400] - sds::device::CDevice::SendHeartM succ 30013 

60: [2020-Feb-14 10:52:39.661007] - COMMON::connObj::SendData() - conn: 0x0x3a09340, packet len: 37. strand post doWrite...
61: [2020-Feb-14 10:52:58.100502] - COMMON::connObj::SendData() - conn: 0x0x7fffc4049ca0, packet len: 8. strand post doWrite...
62: [2020-Feb-14 10:52:58.100553] - sds::device::CDevice::SendHeartM succ 30013 

63: [2020-Feb-14 10:53:18.100955] - COMMON::connObj::SendData() - conn: 0x0x7fffc4049ca0, packet len: 8. strand post doWrite...
64: [2020-Feb-14 10:53:18.101091] - sds::device::CDevice::SendHeartM succ 30013 

65: [2020-Feb-14 10:53:38.140176] - COMMON::connObj::SendData() - conn: 0x0x7fffc4049ca0, packet len: 8. strand post doWrite...
66: [2020-Feb-14 10:53:38.140318] - sds::device::CDevice::SendHeartM succ 30013 

67: [2020-Feb-14 10:53:41.480344] - COMMON::connObj::SendData() - conn: 0x0x3a09340, packet len: 37. strand post doWrite...
68: [2020-Feb-14 10:53:58.140564] - COMMON::connObj::SendData() - conn: 0x0x7fffc4049ca0, packet len: 8. strand post doWrite...
69: [2020-Feb-14 10:53:58.140700] - sds::device::CDevice::SendHeartM succ 30013 

70: [2020-Feb-14 10:54:18.179831] - COMMON::connObj::SendData() - conn: 0x0x7fffc4049ca0, packet len: 8. strand post doWrite...
71: [2020-Feb-14 10:54:18.179965] - sds::device::CDevice::SendHeartM succ 30013 

72: [2020-Feb-14 10:54:38.180433] - COMMON::connObj::SendData() - conn: 0x0x7fffc4049ca0, packet len: 8. strand post doWrite...
73: [2020-Feb-14 10:54:38.180587] - sds::device::CDevice::SendHeartM succ 30013 

74: [2020-Feb-14 10:54:41.479762] - COMMON::connObj::SendData() - conn: 0x0x3a09340, packet len: 37. strand post doWrite...
75: [2020-Feb-14 10:54:58.219482] - COMMON::connObj::SendData() - conn: 0x0x7fffc4049ca0, packet len: 8. strand post doWrite...
76: [2020-Feb-14 10:54:58.219605] - sds::device::CDevice::SendHeartM succ 30013 

77: [2020-Feb-14 10:55:18.219684] - COMMON::connObj::SendData() - conn: 0x0x7fffc4049ca0, packet len: 8. strand post doWrite...
78: [2020-Feb-14 10:55:18.219816] - sds::device::CDevice::SendHeartM succ 30013 

79: [2020-Feb-14 10:55:38.219065] - COMMON::connObj::SendData() - conn: 0x0x7fffc4049ca0, packet len: 8. strand post doWrite...
80: [2020-Feb-14 10:55:38.219193] - sds::device::CDevice::SendHeartM succ 30013 

81: [2020-Feb-14 10:55:41.479258] - COMMON::connObj::SendData() - conn: 0x0x3a09340, packet len: 38. strand post doWrite...
82: [2020-Feb-14 10:55:58.219021] - COMMON::connObj::SendData() - conn: 0x0x7fffc4049ca0, packet len: 8. strand post doWrite...
83: [2020-Feb-14 10:55:58.219155] - sds::device::CDevice::SendHeartM succ 30013 

84: [2020-Feb-14 10:56:18.218843] - COMMON::connObj::SendData() - conn: 0x0x7fffc4049ca0, packet len: 8. strand post doWrite...
85: [2020-Feb-14 10:56:18.218974] - sds::device::CDevice::SendHeartM succ 30013 

86: [2020-Feb-14 10:56:38.218473] - COMMON::connObj::SendData() - conn: 0x0x7fffc4049ca0, packet len: 8. strand post doWrite...
87: [2020-Feb-14 10:56:38.218579] - sds::device::CDevice::SendHeartM succ 30013 

88: [2020-Feb-14 10:56:43.298737] - COMMON::connObj::SendData() - conn: 0x0x3a09340, packet len: 38. strand post doWrite...
89: [2020-Feb-14 10:56:58.218336] - COMMON::connObj::SendData() - conn: 0x0x7fffc4049ca0, packet len: 8. strand post doWrite...
90: [2020-Feb-14 10:56:58.218473] - sds::device::CDevice::SendHeartM succ 30013 

91: [2020-Feb-14 10:57:18.218004] - COMMON::connObj::SendData() - conn: 0x0x7fffc4049ca0, packet len: 8. strand post doWrite...
92: [2020-Feb-14 10:57:18.218140] - sds::device::CDevice::SendHeartM succ 30013 

93: [2020-Feb-14 10:57:38.218081] - COMMON::connObj::SendData() - conn: 0x0x7fffc4049ca0, packet len: 8. strand post doWrite...
94: [2020-Feb-14 10:57:38.218212] - sds::device::CDevice::SendHeartM succ 30013 

95: [2020-Feb-14 10:57:43.298115] - COMMON::connObj::SendData() - conn: 0x0x3a09340, packet len: 38. strand post doWrite...
96: [2020-Feb-14 10:57:58.217676] - COMMON::connObj::SendData() - conn: 0x0x7fffc4049ca0, packet len: 8. strand post doWrite...
97: [2020-Feb-14 10:57:58.217808] - sds::device::CDevice::SendHeartM succ 30013 

98: [2020-Feb-14 10:58:18.217518] - COMMON::connObj::SendData() - conn: 0x0x7fffc4049ca0, packet len: 8. strand post doWrite...
99: [2020-Feb-14 10:58:18.217643] - sds::device::CDevice::SendHeartM succ 30013 

100: [2020-Feb-14 10:58:38.217429] - COMMON::connObj::SendData() - conn: 0x0x7fffc4049ca0, packet len: 8. strand post doWrite...
101: [2020-Feb-14 10:58:38.217588] - sds::device::CDevice::SendHeartM succ 30013 

102: [2020-Feb-14 10:58:43.297576] - COMMON::connObj::SendData() - conn: 0x0x3a09340, packet len: 38. strand post doWrite...
103: [2020-Feb-14 10:58:58.217264] - COMMON::connObj::SendData() - conn: 0x0x7fffc4049ca0, packet len: 8. strand post doWrite...
104: [2020-Feb-14 10:58:58.217396] - sds::device::CDevice::SendHeartM succ 30013 

105: [2020-Feb-14 10:59:18.216966] - COMMON::connObj::SendData() - conn: 0x0x7fffc4049ca0, packet len: 8. strand post doWrite...
106: [2020-Feb-14 10:59:18.217097] - sds::device::CDevice::SendHeartM succ 30013 

107: [2020-Feb-14 10:59:38.216877] - COMMON::connObj::SendData() - conn: 0x0x7fffc4049ca0, packet len: 8. strand post doWrite...
108: [2020-Feb-14 10:59:38.217006] - sds::device::CDevice::SendHeartM succ 30013 

109: [2020-Feb-14 10:59:45.056949] - COMMON::connObj::SendData() - conn: 0x0x3a09340, packet len: 38. strand post doWrite...
110: [2020-Feb-14 10:59:58.216600] - COMMON::connObj::SendData() - conn: 0x0x7fffc4049ca0, packet len: 8. strand post doWrite...
111: [2020-Feb-14 10:59:58.216756] - sds::device::CDevice::SendHeartM succ 30013 

112: [2020-Feb-14 11:00:18.216438] - COMMON::connObj::SendData() - conn: 0x0x7fffc4049ca0, packet len: 8. strand post doWrite...
113: [2020-Feb-14 11:00:18.216573] - sds::device::CDevice::SendHeartM succ 30013 

114: [2020-Feb-14 11:00:38.216728] - COMMON::connObj::SendData() - conn: 0x0x7fffc4049ca0, packet len: 8. strand post doWrite...
115: [2020-Feb-14 11:00:38.216886] - sds::device::CDevice::SendHeartM succ 30013 

116: [2020-Feb-14 11:00:45.056407] - COMMON::connObj::SendData() - conn: 0x0x3a09340, packet len: 38. strand post doWrite...
117: [2020-Feb-14 11:00:58.256064] - COMMON::connObj::SendData() - conn: 0x0x7fffc4049ca0, packet len: 8. strand post doWrite...
118: [2020-Feb-14 11:00:58.256233] - sds::device::CDevice::SendHeartM succ 30013 

119: [2020-Feb-14 11:01:18.255927] - COMMON::connObj::SendData() - conn: 0x0x7fffc4049ca0, packet len: 8. strand post doWrite...
120: [2020-Feb-14 11:01:18.256054] - sds::device::CDevice::SendHeartM succ 30013 

121: [2020-Feb-14 11:01:38.255807] - COMMON::connObj::SendData() - conn: 0x0x7fffc4049ca0, packet len: 8. strand post doWrite...
122: [2020-Feb-14 11:01:38.255940] - sds::device::CDevice::SendHeartM succ 30013 

123: [2020-Feb-14 11:01:45.056146] - COMMON::connObj::SendData() - conn: 0x0x3a09340, packet len: 38. strand post doWrite...
124: [2020-Feb-14 11:01:58.255757] - COMMON::connObj::SendData() - conn: 0x0x7fffc4049ca0, packet len: 8. strand post doWrite...
125: [2020-Feb-14 11:01:58.255885] - sds::device::CDevice::SendHeartM succ 30013 

126: [2020-Feb-14 11:02:18.295491] - COMMON::connObj::SendData() - conn: 0x0x7fffc4049ca0, packet len: 8. strand post doWrite...
127: [2020-Feb-14 11:02:18.295625] - sds::device::CDevice::SendHeartM succ 30013 

128: [2020-Feb-14 11:02:38.295300] - COMMON::connObj::SendData() - conn: 0x0x7fffc4049ca0, packet len: 8. strand post doWrite...
129: [2020-Feb-14 11:02:38.295430] - sds::device::CDevice::SendHeartM succ 30013 

130: [2020-Feb-14 11:02:46.875351] - COMMON::connObj::SendData() - conn: 0x0x3a09340, packet len: 38. strand post doWrite...
131: [2020-Feb-14 11:02:58.295110] - COMMON::connObj::SendData() - conn: 0x0x7fffc4049ca0, packet len: 8. strand post doWrite...
132: [2020-Feb-14 11:02:58.295250] - sds::device::CDevice::SendHeartM succ 30013 

133: [2020-Feb-14 11:03:18.295207] - COMMON::connObj::SendData() - conn: 0x0x7fffc4049ca0, packet len: 8. strand post doWrite...
134: [2020-Feb-14 11:03:18.295336] - sds::device::CDevice::SendHeartM succ 30013 

135: [2020-Feb-14 11:03:38.294763] - COMMON::connObj::SendData() - conn: 0x0x7fffc4049ca0, packet len: 8. strand post doWrite...
136: [2020-Feb-14 11:03:38.294900] - sds::device::CDevice::SendHeartM succ 30013 

137: [2020-Feb-14 11:03:46.874757] - COMMON::connObj::SendData() - conn: 0x0x3a09340, packet len: 38. strand post doWrite...
138: [2020-Feb-14 11:03:58.294681] - COMMON::connObj::SendData() - conn: 0x0x7fffc4049ca0, packet len: 8. strand post doWrite...
139: [2020-Feb-14 11:03:58.294818] - sds::device::CDevice::SendHeartM succ 30013 

140: [2020-Feb-14 11:04:18.294716] - COMMON::connObj::SendData() - conn: 0x0x7fffc4049ca0, packet len: 8. strand post doWrite...
141: [2020-Feb-14 11:04:18.294783] - sds::device::CDevice::SendHeartM succ 30013 

142: [2020-Feb-14 11:04:38.294139] - COMMON::connObj::SendData() - conn: 0x0x7fffc4049ca0, packet len: 8. strand post doWrite...
143: [2020-Feb-14 11:04:38.294195] - sds::device::CDevice::SendHeartM succ 30013 

144: [2020-Feb-14 11:04:46.874260] - COMMON::connObj::SendData() - conn: 0x0x3a09340, packet len: 38. strand post doWrite...
145: [2020-Feb-14 11:04:58.294083] - COMMON::connObj::SendData() - conn: 0x0x7fffc4049ca0, packet len: 8. strand post doWrite...
146: [2020-Feb-14 11:04:58.294217] - sds::device::CDevice::SendHeartM succ 30013 

147: [2020-Feb-14 11:05:18.293956] - COMMON::connObj::SendData() - conn: 0x0x7fffc4049ca0, packet len: 8. strand post doWrite...
148: [2020-Feb-14 11:05:18.294108] - sds::device::CDevice::SendHeartM succ 30013 

149: [2020-Feb-14 11:05:38.293655] - COMMON::connObj::SendData() - conn: 0x0x7fffc4049ca0, packet len: 8. strand post doWrite...
150: [2020-Feb-14 11:05:38.293789] - sds::device::CDevice::SendHeartM succ 30013 

151: [2020-Feb-14 11:05:48.693756] - COMMON::connObj::SendData() - conn: 0x0x3a09340, packet len: 38. strand post doWrite...
152: [2020-Feb-14 11:05:58.293562] - COMMON::connObj::SendData() - conn: 0x0x7fffc4049ca0, packet len: 8. strand post doWrite...
153: [2020-Feb-14 11:05:58.293692] - sds::device::CDevice::SendHeartM succ 30013 

154: [2020-Feb-14 11:06:18.293464] - COMMON::connObj::SendData() - conn: 0x0x7fffc4049ca0, packet len: 8. strand post doWrite...
155: [2020-Feb-14 11:06:18.293638] - sds::device::CDevice::SendHeartM succ 30013 

156: [2020-Feb-14 11:06:38.293146] - COMMON::connObj::SendData() - conn: 0x0x7fffc4049ca0, packet len: 8. strand post doWrite...
157: [2020-Feb-14 11:06:38.293276] - sds::device::CDevice::SendHeartM succ 30013 

158: [2020-Feb-14 11:06:48.693207] - COMMON::connObj::SendData() - conn: 0x0x3a09340, packet len: 38. strand post doWrite...
159: [2020-Feb-14 11:06:58.292981] - COMMON::connObj::SendData() - conn: 0x0x7fffc4049ca0, packet len: 8. strand post doWrite...
160: [2020-Feb-14 11:06:58.293037] - sds::device::CDevice::SendHeartM succ 30013 

161: [2020-Feb-14 11:07:18.292947] - COMMON::connObj::SendData() - conn: 0x0x7fffc4049ca0, packet len: 8. strand post doWrite...
162: [2020-Feb-14 11:07:18.293083] - sds::device::CDevice::SendHeartM succ 30013 

163: [2020-Feb-14 11:07:38.292775] - COMMON::connObj::SendData() - conn: 0x0x7fffc4049ca0, packet len: 8. strand post doWrite...
164: [2020-Feb-14 11:07:38.292908] - sds::device::CDevice::SendHeartM succ 30013 

165: [2020-Feb-14 11:07:48.692689] - COMMON::connObj::SendData() - conn: 0x0x3a09340, packet len: 38. strand post doWrite...
166: [2020-Feb-14 11:07:58.292514] - COMMON::connObj::SendData() - conn: 0x0x7fffc4049ca0, packet len: 8. strand post doWrite...
167: [2020-Feb-14 11:07:58.292644] - sds::device::CDevice::SendHeartM succ 30013 

168: [2020-Feb-14 11:08:18.292444] - COMMON::connObj::SendData() - conn: 0x0x7fffc4049ca0, packet len: 8. strand post doWrite...
169: [2020-Feb-14 11:08:18.292579] - sds::device::CDevice::SendHeartM succ 30013 

170: [2020-Feb-14 11:08:38.292139] - COMMON::connObj::SendData() - conn: 0x0x7fffc4049ca0, packet len: 8. strand post doWrite...
171: [2020-Feb-14 11:08:38.292268] - sds::device::CDevice::SendHeartM succ 30013 

172: [2020-Feb-14 11:08:50.442065] - COMMON::connObj::SendData() - conn: 0x0x3a09340, packet len: 38. strand post doWrite...
173: [2020-Feb-14 11:08:58.291960] - COMMON::connObj::SendData() - conn: 0x0x7fffc4049ca0, packet len: 8. strand post doWrite...
174: [2020-Feb-14 11:08:58.292088] - sds::device::CDevice::SendHeartM succ 30013 

175: [2020-Feb-14 11:09:18.291983] - COMMON::connObj::SendData() - conn: 0x0x7fffc4049ca0, packet len: 8. strand post doWrite...
176: [2020-Feb-14 11:09:18.292111] - sds::device::CDevice::SendHeartM succ 30013 

177: [2020-Feb-14 11:09:38.292019] - COMMON::connObj::SendData() - conn: 0x0x7fffc4049ca0, packet len: 8. strand post doWrite...
178: [2020-Feb-14 11:09:38.292157] - sds::device::CDevice::SendHeartM succ 30013 

179: [2020-Feb-14 11:09:50.441597] - COMMON::connObj::SendData() - conn: 0x0x3a09340, packet len: 38. strand post doWrite...
180: [2020-Feb-14 11:09:58.331440] - COMMON::connObj::SendData() - conn: 0x0x7fffc4049ca0, packet len: 8. strand post doWrite...
181: [2020-Feb-14 11:09:58.331569] - sds::device::CDevice::SendHeartM succ 30013 

182: [2020-Feb-14 11:10:18.331174] - COMMON::connObj::SendData() - conn: 0x0x7fffc4049ca0, packet len: 8. strand post doWrite...
183: [2020-Feb-14 11:10:18.331306] - sds::device::CDevice::SendHeartM succ 30013 

184: [2020-Feb-14 11:10:38.331044] - COMMON::connObj::SendData() - conn: 0x0x7fffc4049ca0, packet len: 8. strand post doWrite...
185: [2020-Feb-14 11:10:38.331172] - sds::device::CDevice::SendHeartM succ 30013 

186: [2020-Feb-14 11:10:50.451132] - COMMON::connObj::SendData() - conn: 0x0x3a09340, packet len: 38. strand post doWrite...
187: [2020-Feb-14 11:10:58.331034] - COMMON::connObj::SendData() - conn: 0x0x7fffc4049ca0, packet len: 8. strand post doWrite...
188: [2020-Feb-14 11:10:58.331167] - sds::device::CDevice::SendHeartM succ 30013 

189: [2020-Feb-14 11:11:18.370656] - COMMON::connObj::SendData() - conn: 0x0x7fffc4049ca0, packet len: 8. strand post doWrite...
190: [2020-Feb-14 11:11:18.370784] - sds::device::CDevice::SendHeartM succ 30013 

191: [2020-Feb-14 11:11:38.370436] - COMMON::connObj::SendData() - conn: 0x0x7fffc4049ca0, packet len: 8. strand post doWrite...
192: [2020-Feb-14 11:11:38.370569] - sds::device::CDevice::SendHeartM succ 30013 

193: [2020-Feb-14 11:11:52.270532] - COMMON::connObj::SendData() - conn: 0x0x3a09340, packet len: 38. strand post doWrite...
194: [2020-Feb-14 11:11:58.370603] - COMMON::connObj::SendData() - conn: 0x0x7fffc4049ca0, packet len: 8. strand post doWrite...
195: [2020-Feb-14 11:11:58.370728] - sds::device::CDevice::SendHeartM succ 30013 

196: [2020-Feb-14 11:12:18.370124] - COMMON::connObj::SendData() - conn: 0x0x7fffc4049ca0, packet len: 8. strand post doWrite...
197: [2020-Feb-14 11:12:18.370256] - sds::device::CDevice::SendHeartM succ 30013 

198: [2020-Feb-14 11:12:32.812415] - COMMON::connObj::SendData() - conn: 0x0x3a09340, packet len: 76. strand post doWrite...
199: [2020-Feb-14 11:12:36.390067] - COMMON::connObj::handle_read() - conn: 0x0x3a09340, fail: End of file
200: [2020-Feb-14 11:12:36.390230] - COMMON::connObj::handle_close() - conn: 0x0x3a09340
201: [2020-Feb-14 11:12:36.390356] - [devsdk]NetManager::OnEventCB() - offline event, session(connobj): 0x0x3a09340, create arp of EVENT_TYPE_OFFLINE.
202: [2020-Feb-14 11:12:36.690611] - CDevice::check_close() - not online, GetNetManager::CloseConn - 0x3a09340
203: [2020-Feb-14 11:12:36.690788] - [devsdk] NetManager::CloseConn() - conn type: server, close conn: 0x0x3a09340

204: [2020-Feb-14 11:12:37.369872] - COMMON::connObj::handle_read() - conn: 0x0x7fffc4049ca0, fail: End of file
205: [2020-Feb-14 11:12:37.370002] - COMMON::connObj::handle_close() - conn: 0x0x7fffc4049ca0
206: [2020-Feb-14 11:12:37.370116] - [devsdk]NetManager::OnEventCB() - offline event, session(connobj): 0x0x7fffc4049ca0, create arp of EVENT_TYPE_OFFLINE.
207: [2020-Feb-14 11:12:58.963369] - [dsdk] DeviceManager::DoProc() - connection online, hSession: 0x0x7fffc4091290
208: [2020-Feb-14 11:12:58.963517] - tcpServer::doAccept() - create conn obj-------
209: [2020-Feb-14 11:12:58.982796] - COMMON::connObj::SendData() - conn: 0x0x7fffc4091290, packet len: 60. strand post doWrite...
210: [2020-Feb-14 11:12:58.982964] - [dsdk] DeviceManager::build_conn_device_map() - session x0x7fffc4091290 existed, device obj NULL, update session ------- 

211: [2020-Feb-14 11:12:58.983062] - [devsdk]DeviceManger::DoProc() - do signal reg - {"eventtype":"26","deviceid":"30013","channels":"1","type":"4108","nettype":"2","disktype":"1","factorytype":"18","audiotype":"1","addr":"10.0.48.70:41987","desc":"register"}
212: [2020-Feb-14 11:12:59.085101] - COMMON::connObj::SendData() - conn: 0x0x7fffc4091290, packet len: 99. strand post doWrite...
213: [2020-Feb-14 11:12:59.085271] - CDevice::SendOpenStreamCmd() - hSession: 0x0x7fffc4091290, ret: 0x0. cmd len: 99, cmd str: $$dc0090,1,C508,30013,,200214 111259,74B0DC51-5CFF-1949-8A94-E82AEC585562,1,0,0,0,10.0.48.66,6608,#
214: [2020-Feb-14 11:12:59.195056] - [dsdk] DeviceManager::DoProc() - connection online, hSession: 0x0x7fffc407d2d0
215: [2020-Feb-14 11:12:59.195317] - tcpServer::doAccept() - create conn obj-------
216: [2020-Feb-14 11:12:59.195604] - CDevice::DoMediaReg() - devid:30013, bussid(BussType_chn_streamtype): 1_0_0
217: [2020-Feb-14 11:12:59.195750] - COMMON::connObj::SendData() - conn: 0x0x7fffc407d2d0, packet len: 16. strand post doWrite...
218: [2020-Feb-14 11:12:59.195818] - [dsdk] DeviceManager::build_conn_device_map() - session x0x7fffc407d2d0 existed, device obj NULL, update session ------- 

219: [2020-Feb-14 11:12:59.195978] - COMMON::connObj::SendData() - conn: 0x0x7fffc407d2d0, packet len: 8. strand post doWrite...
220: [2020-Feb-14 11:12:59.196037] - COMMON::connObj::SendData() - conn: 0x0x7fffc407d2d0, packet len: 8. strand post doWrite...
221: [2020-Feb-14 11:12:59.196088] - sds::device::CDevice::SendHeartM succ 30013 

222: [2020-Feb-14 11:13:19.221714] - COMMON::connObj::SendData() - conn: 0x0x7fffc407d2d0, packet len: 8. strand post doWrite...
223: [2020-Feb-14 11:13:19.221859] - sds::device::CDevice::SendHeartM succ 30013 

224: [2020-Feb-14 11:13:37.781025] - tcpServer::ClearConn() - conn:0x0x3a09340
225: [2020-Feb-14 11:13:37.781135] - connObj::~connObj() - 0x0x3a09340 enter.
226: [2020-Feb-14 11:13:37.781226] - tcpServer::ClearConn() - conn:0x0x7fffc4049ca0
227: [2020-Feb-14 11:13:37.781254] - connObj::~connObj() - 0x0x7fffc4049ca0 enter.
228: [2020-Feb-14 11:13:39.231590] - COMMON::connObj::SendData() - conn: 0x0x7fffc407d2d0, packet len: 8. strand post doWrite...
229: [2020-Feb-14 11:13:39.231713] - sds::device::CDevice::SendHeartM succ 30013 

230: [2020-Feb-14 11:13:59.231837] - COMMON::connObj::SendData() - conn: 0x0x7fffc407d2d0, packet len: 8. strand post doWrite...
231: [2020-Feb-14 11:13:59.231975] - sds::device::CDevice::SendHeartM succ 30013 

232: [2020-Feb-14 11:14:00.061575] - COMMON::connObj::SendData() - conn: 0x0x7fffc4091290, packet len: 37. strand post doWrite...
233: [2020-Feb-14 11:14:07.517273] - COMMON::connObj::SendData() - conn: 0x0x7fffc407d2d0, packet len: 8. strand post doWrite...
234: [2020-Feb-14 11:14:07.517325] - sds::device::CDevice::SendHeartM succ 30013 

235: [2020-Feb-14 11:14:39.370150] - COMMON::connObj::SendData() - conn: 0x0x7fffc407d2d0, packet len: 8. strand post doWrite...
236: [2020-Feb-14 11:14:39.370281] - sds::device::CDevice::SendHeartM succ 30013 

237: [2020-Feb-14 11:14:46.154066] - COMMON::connObj::SendData() - conn: 0x0x7fffc407d2d0, packet len: 8. strand post doWrite...
238: [2020-Feb-14 11:14:46.154154] - sds::device::CDevice::SendHeartM succ 30013 

239: [2020-Feb-14 11:15:17.048928] - COMMON::connObj::SendData() - conn: 0x0x7fffc4091290, packet len: 37. strand post doWrite...
