0: [2020-Feb-14 14:33:44.597814] - CConfig::SetPath() - cannot open file, /mnt/teamway/atlas/BallCameraServer/qt-build/../config/global.ini
1: [2020-Feb-14 14:33:44.597989] - YH Device SDK, compiled Jan  6 2020, 14:30:29, copyrights (c) 2018.
2: [2020-Feb-14 14:33:44.598022] - LOG Begin(dev sdk): control::Init() - process: /mnt/teamway/atlas/BallCameraServer/qt-build/BallCameraServer(20225)
3: [2020-Feb-14 14:33:44.598087] - [devsdk]control::Init() - CDevice::m_objTask.Start()!
4: [2020-Feb-14 14:33:44.598451] - tcpServer::doAccept() - create conn obj-------
5: [2020-Feb-14 14:33:44.598506] - [devsdk] control::Init() - listen 10.0.48.66 @ 6608...
6: [2020-Feb-14 14:33:59.502363] - [dsdk] DeviceManager::DoProc() - connection online, hSession: 0x0x479f6c0
7: [2020-Feb-14 14:33:59.502665] - tcpServer::doAccept() - create conn obj-------
8: [2020-Feb-14 14:33:59.521689] - COMMON::connObj::SendData() - conn: 0x0x479f6c0, packet len: 60. strand post doWrite...
9: [2020-Feb-14 14:33:59.521855] - [dsdk] DeviceManager::build_conn_device_map() - session x0x479f6c0 existed, device obj NULL, update session ------- 

10: [2020-Feb-14 14:33:59.521945] - [devsdk]DeviceManger::DoProc() - do signal reg - {"eventtype":"26","deviceid":"30013","channels":"1","type":"4108","nettype":"2","disktype":"1","factorytype":"18","audiotype":"1","addr":"10.0.48.70:44298","desc":"register"}
11: [2020-Feb-14 14:33:59.600925] - COMMON::connObj::SendData() - conn: 0x0x479f6c0, packet len: 99. strand post doWrite...
12: [2020-Feb-14 14:33:59.601094] - CDevice::SendOpenStreamCmd() - hSession: 0x0x479f6c0, ret: 0x0. cmd len: 99, cmd str: $$dc0090,1,C508,30013,,200214 143359,6B8B4567-23C6-327B-A998-3C6473483366,1,0,0,0,10.0.48.66,6608,#
13: [2020-Feb-14 14:33:59.719032] - [dsdk] DeviceManager::DoProc() - connection online, hSession: 0x0x7fbf4c049ca0
14: [2020-Feb-14 14:33:59.719344] - tcpServer::doAccept() - create conn obj-------
15: [2020-Feb-14 14:33:59.719700] - CDevice::DoMediaReg() - devid:30013, bussid(BussType_chn_streamtype): 1_0_0
16: [2020-Feb-14 14:33:59.719875] - COMMON::connObj::SendData() - conn: 0x0x7fbf4c049ca0, packet len: 16. strand post doWrite...
17: [2020-Feb-14 14:33:59.719949] - [dsdk] DeviceManager::build_conn_device_map() - session x0x7fbf4c049ca0 existed, device obj NULL, update session ------- 

18: [2020-Feb-14 14:33:59.720019] - COMMON::connObj::SendData() - conn: 0x0x7fbf4c049ca0, packet len: 8. strand post doWrite...
19: [2020-Feb-14 14:34:06.223288] - COMMON::connObj::SendData() - conn: 0x0x7fbf4c049ca0, packet len: 8. strand post doWrite...
20: [2020-Feb-14 14:34:06.223341] - sds::device::CDevice::SendHeartM succ 30013 

21: [2020-Feb-14 14:34:11.311854] - COMMON::connObj::SendData() - conn: 0x0x7fbf4c049ca0, packet len: 8. strand post doWrite...
22: [2020-Feb-14 14:34:11.311909] - sds::device::CDevice::SendHeartM succ 30013 

23: [2020-Feb-14 14:34:16.474116] - COMMON::connObj::SendData() - conn: 0x0x7fbf4c049ca0, packet len: 8. strand post doWrite...
24: [2020-Feb-14 14:34:16.474185] - sds::device::CDevice::SendHeartM succ 30013 

