0: [2020-Feb-13 16:37:44.341506] - CConfig::SetPath() - cannot open file, /mnt/teamway/atlas/BallCameraServer/qt-build/../config/global.ini
1: [2020-Feb-13 16:37:44.341667] - YH Device SDK, compiled Jan  6 2020, 14:30:29, copyrights (c) 2018.
2: [2020-Feb-13 16:37:44.341719] - LOG Begin(dev sdk): control::Init() - process: /mnt/teamway/atlas/BallCameraServer/qt-build/BallCameraServer(22610)
3: [2020-Feb-13 16:37:44.341906] - [devsdk]control::Init() - CDevice::m_objTask.Start()!
4: [2020-Feb-13 16:37:44.357754] - tcpServer::doAccept() - create conn obj-------
5: [2020-Feb-13 16:37:44.357853] - [devsdk] control::Init() - listen 10.0.48.66 @ 6608...
6: [2020-Feb-13 16:37:58.173759] - [dsdk] DeviceManager::DoProc() - connection online, hSession: 0x0x3a03860
7: [2020-Feb-13 16:37:58.174211] - tcpServer::doAccept() - create conn obj-------
8: [2020-Feb-13 16:37:58.212916] - COMMON::connObj::SendData() - conn: 0x0x3a03860, packet len: 60. strand post doWrite...
9: [2020-Feb-13 16:37:58.213085] - [dsdk] DeviceManager::build_conn_device_map() - session x0x3a03860 existed, device obj NULL, update session ------- 

10: [2020-Feb-13 16:37:58.213183] - [devsdk]DeviceManger::DoProc() - do signal reg - {"eventtype":"26","deviceid":"30013","channels":"1","type":"4108","nettype":"2","disktype":"1","factorytype":"18","audiotype":"1","addr":"10.0.48.70:44463","desc":"register"}
11: [2020-Feb-13 16:37:58.360144] - COMMON::connObj::SendData() - conn: 0x0x3a03860, packet len: 99. strand post doWrite...
12: [2020-Feb-13 16:37:58.360309] - CDevice::SendOpenStreamCmd() - hSession: 0x0x3a03860, ret: 0x0. cmd len: 99, cmd str: $$dc0090,1,C508,30013,,200213 163758,6B8B4567-23C6-327B-A998-3C6473483366,1,0,0,0,10.0.48.66,6608,#
13: [2020-Feb-13 16:37:58.414875] - [dsdk] DeviceManager::DoProc() - connection online, hSession: 0x0x7fffc8049ca0
14: [2020-Feb-13 16:37:58.415111] - tcpServer::doAccept() - create conn obj-------
15: [2020-Feb-13 16:37:58.415415] - CDevice::DoMediaReg() - devid:30013, bussid(BussType_chn_streamtype): 1_0_0
16: [2020-Feb-13 16:37:58.415569] - COMMON::connObj::SendData() - conn: 0x0x7fffc8049ca0, packet len: 16. strand post doWrite...
17: [2020-Feb-13 16:37:58.415637] - [dsdk] DeviceManager::build_conn_device_map() - session x0x7fffc8049ca0 existed, device obj NULL, update session ------- 

18: [2020-Feb-13 16:37:58.416323] - COMMON::connObj::SendData() - conn: 0x0x7fffc8049ca0, packet len: 8. strand post doWrite...
19: [2020-Feb-13 16:38:04.797704] - COMMON::connObj::SendData() - conn: 0x0x7fffc8049ca0, packet len: 8. strand post doWrite...
20: [2020-Feb-13 16:38:04.797803] - sds::device::CDevice::SendHeartM succ 30013 

21: [2020-Feb-13 16:38:10.804988] - COMMON::connObj::SendData() - conn: 0x0x7fffc8049ca0, packet len: 8. strand post doWrite...
22: [2020-Feb-13 16:38:10.805042] - sds::device::CDevice::SendHeartM succ 30013 

23: [2020-Feb-13 16:38:16.807266] - COMMON::connObj::SendData() - conn: 0x0x7fffc8049ca0, packet len: 8. strand post doWrite...
24: [2020-Feb-13 16:38:16.807315] - sds::device::CDevice::SendHeartM succ 30013 

25: [2020-Feb-13 16:38:22.871043] - COMMON::connObj::SendData() - conn: 0x0x7fffc8049ca0, packet len: 8. strand post doWrite...
26: [2020-Feb-13 16:38:22.871232] - sds::device::CDevice::SendHeartM succ 30013 

27: [2020-Feb-13 16:38:28.925124] - COMMON::connObj::SendData() - conn: 0x0x7fffc8049ca0, packet len: 8. strand post doWrite...
28: [2020-Feb-13 16:38:28.925334] - sds::device::CDevice::SendHeartM succ 30013 

29: [2020-Feb-13 16:38:34.766252] - COMMON::connObj::SendData() - conn: 0x0x7fffc8049ca0, packet len: 8. strand post doWrite...
30: [2020-Feb-13 16:38:34.766303] - sds::device::CDevice::SendHeartM succ 30013 

31: [2020-Feb-13 16:38:38.789638] - [devsds]CDevice::DoFrame() - dev:30013,  recv frames 1000,  bytes 9967538 ------
32: [2020-Feb-13 16:38:40.784068] - COMMON::connObj::SendData() - conn: 0x0x7fffc8049ca0, packet len: 8. strand post doWrite...
33: [2020-Feb-13 16:38:40.784144] - sds::device::CDevice::SendHeartM succ 30013 

34: [2020-Feb-13 16:38:46.792935] - COMMON::connObj::SendData() - conn: 0x0x7fffc8049ca0, packet len: 8. strand post doWrite...
35: [2020-Feb-13 16:38:46.793002] - sds::device::CDevice::SendHeartM succ 30013 

36: [2020-Feb-13 16:38:52.797524] - COMMON::connObj::SendData() - conn: 0x0x7fffc8049ca0, packet len: 8. strand post doWrite...
37: [2020-Feb-13 16:38:52.797572] - sds::device::CDevice::SendHeartM succ 30013 

