0: [2020-Feb-13 09:46:08.096016] - CConfig::SetPath() - cannot open file, /mnt/teamway/atlas/BallCameraServer/qt-build/../config/global.ini
1: [2020-Feb-13 09:46:08.096362] - YH Device SDK, compiled Jan  6 2020, 14:30:29, copyrights (c) 2018.
2: [2020-Feb-13 09:46:08.096451] - LOG Begin(dev sdk): control::Init() - process: /mnt/teamway/atlas/BallCameraServer/qt-build/BallCameraServer(12924)
3: [2020-Feb-13 09:46:08.096681] - [devsdk]control::Init() - CDevice::m_objTask.Start()!
4: [2020-Feb-13 09:46:08.097320] - tcpServer::doAccept() - create conn obj-------
5: [2020-Feb-13 09:46:08.097471] - [devsdk] control::Init() - listen 10.0.48.66 @ 6608...
6: [2020-Feb-13 09:46:08.810561] - [dsdk] DeviceManager::DoProc() - connection online, hSession: 0x0x3f2e8b0
7: [2020-Feb-13 09:46:08.810886] - tcpServer::doAccept() - create conn obj-------
8: [2020-Feb-13 09:46:08.829731] - COMMON::connObj::SendData() - conn: 0x0x3f2e8b0, packet len: 60. strand post doWrite...
9: [2020-Feb-13 09:46:08.829890] - [dsdk] DeviceManager::build_conn_device_map() - session x0x3f2e8b0 existed, device obj NULL, update session ------- 

10: [2020-Feb-13 09:46:08.829982] - [devsdk]DeviceManger::DoProc() - do signal reg - {"eventtype":"26","deviceid":"30013","channels":"1","type":"4108","nettype":"2","disktype":"1","factorytype":"18","audiotype":"1","addr":"10.0.48.70:37267","desc":"register"}
11: [2020-Feb-13 09:46:09.099687] - COMMON::connObj::SendData() - conn: 0x0x3f2e8b0, packet len: 99. strand post doWrite...
12: [2020-Feb-13 09:46:09.099846] - CDevice::SendOpenStreamCmd() - hSession: 0x0x3f2e8b0, ret: 0x0. cmd len: 99, cmd str: $$dc0090,1,C508,30013,,200213 094609,6B8B4567-23C6-327B-A998-3C6473483366,1,0,0,0,10.0.48.66,6608,#
13: [2020-Feb-13 09:46:09.113441] - [dsdk] DeviceManager::DoProc() - connection online, hSession: 0x0x7f0518049ca0
14: [2020-Feb-13 09:46:09.113892] - tcpServer::doAccept() - create conn obj-------
15: [2020-Feb-13 09:46:09.114328] - CDevice::DoMediaReg() - devid:30013, bussid(BussType_chn_streamtype): 1_0_0
16: [2020-Feb-13 09:46:09.114542] - COMMON::connObj::SendData() - conn: 0x0x7f0518049ca0, packet len: 16. strand post doWrite...
17: [2020-Feb-13 09:46:09.114624] - [dsdk] DeviceManager::build_conn_device_map() - session x0x7f0518049ca0 existed, device obj NULL, update session ------- 

18: [2020-Feb-13 09:46:09.114846] - COMMON::connObj::SendData() - conn: 0x0x7f0518049ca0, packet len: 8. strand post doWrite...
19: [2020-Feb-13 09:46:13.839837] - COMMON::connObj::SendData() - conn: 0x0x7f0518049ca0, packet len: 8. strand post doWrite...
20: [2020-Feb-13 09:46:13.839990] - sds::device::CDevice::SendHeartM succ 30013 

21: [2020-Feb-13 09:46:18.989622] - COMMON::connObj::SendData() - conn: 0x0x7f0518049ca0, packet len: 8. strand post doWrite...
22: [2020-Feb-13 09:46:18.989671] - sds::device::CDevice::SendHeartM succ 30013 

