0: [2020-Feb-11 17:16:43.462097] - CConfig::SetPath() - cannot open file, /mnt/teamway/atlas/BallCameraServer/qt-build/../config/global.ini
1: [2020-Feb-11 17:16:43.462276] - YH Device SDK, compiled Jan  6 2020, 14:30:29, copyrights (c) 2018.
2: [2020-Feb-11 17:16:43.462308] - LOG Begin(dev sdk): control::Init() - process: /mnt/teamway/atlas/BallCameraServer/qt-build/BallCameraServer(11086)
3: [2020-Feb-11 17:16:43.464235] - [devsdk]control::Init() - CDevice::m_objTask.Start()!
4: [2020-Feb-11 17:16:43.473592] - tcpServer::doAccept() - create conn obj-------
5: [2020-Feb-11 17:16:43.473697] - [devsdk] control::Init() - listen 10.0.48.66 @ 6608...
6: [2020-Feb-11 17:16:47.337136] - [dsdk] DeviceManager::DoProc() - connection online, hSession: 0x0xdd50f0
7: [2020-Feb-11 17:16:47.337428] - tcpServer::doAccept() - create conn obj-------
8: [2020-Feb-11 17:16:47.375940] - COMMON::connObj::SendData() - conn: 0x0xdd50f0, packet len: 60. strand post doWrite...
9: [2020-Feb-11 17:16:47.376105] - [dsdk] DeviceManager::build_conn_device_map() - session x0xdd50f0 existed, device obj NULL, update session ------- 

10: [2020-Feb-11 17:16:47.376199] - [devsdk]DeviceManger::DoProc() - do signal reg - {"eventtype":"26","deviceid":"30013","channels":"1","type":"4108","nettype":"2","disktype":"1","factorytype":"18","audiotype":"1","addr":"10.0.48.70:37057","desc":"register"}
11: [2020-Feb-11 17:16:47.474707] - COMMON::connObj::SendData() - conn: 0x0xdd50f0, packet len: 99. strand post doWrite...
12: [2020-Feb-11 17:16:47.474875] - CDevice::SendOpenStreamCmd() - hSession: 0x0xdd50f0, ret: 0x0. cmd len: 99, cmd str: $$dc0090,1,C508,30013,,200211 171647,6B8B4567-23C6-327B-A998-3C6473483366,1,0,0,0,10.0.48.66,6608,#
13: [2020-Feb-11 17:16:47.527864] - [dsdk] DeviceManager::DoProc() - connection online, hSession: 0x0x7fffc8049ca0
14: [2020-Feb-11 17:16:47.528087] - tcpServer::doAccept() - create conn obj-------
15: [2020-Feb-11 17:16:47.528389] - CDevice::DoMediaReg() - devid:30013, bussid(BussType_chn_streamtype): 1_0_0
16: [2020-Feb-11 17:16:47.528531] - COMMON::connObj::SendData() - conn: 0x0x7fffc8049ca0, packet len: 16. strand post doWrite...
17: [2020-Feb-11 17:16:47.528596] - [dsdk] DeviceManager::build_conn_device_map() - session x0x7fffc8049ca0 existed, device obj NULL, update session ------- 

18: [2020-Feb-11 17:16:47.529443] - COMMON::connObj::SendData() - conn: 0x0x7fffc8049ca0, packet len: 8. strand post doWrite...
19: [2020-Feb-11 17:16:52.396119] - COMMON::connObj::SendData() - conn: 0x0x7fffc8049ca0, packet len: 8. strand post doWrite...
20: [2020-Feb-11 17:16:52.396249] - sds::device::CDevice::SendHeartM succ 30013 

21: [2020-Feb-11 17:16:57.415925] - COMMON::connObj::SendData() - conn: 0x0x7fffc8049ca0, packet len: 8. strand post doWrite...
22: [2020-Feb-11 17:16:57.416051] - sds::device::CDevice::SendHeartM succ 30013 

23: [2020-Feb-11 17:17:09.371950] - COMMON::connObj::SendData() - conn: 0x0x7fffc8049ca0, packet len: 8. strand post doWrite...
24: [2020-Feb-11 17:17:09.372001] - sds::device::CDevice::SendHeartM succ 30013 

25: [2020-Feb-11 17:17:14.395833] - COMMON::connObj::SendData() - conn: 0x0x7fffc8049ca0, packet len: 8. strand post doWrite...
26: [2020-Feb-11 17:17:14.395981] - sds::device::CDevice::SendHeartM succ 30013 

27: [2020-Feb-11 17:17:19.405929] - COMMON::connObj::SendData() - conn: 0x0x7fffc8049ca0, packet len: 8. strand post doWrite...
28: [2020-Feb-11 17:17:19.406064] - sds::device::CDevice::SendHeartM succ 30013 

29: [2020-Feb-11 17:17:24.415757] - COMMON::connObj::SendData() - conn: 0x0x7fffc8049ca0, packet len: 8. strand post doWrite...
30: [2020-Feb-11 17:17:24.415898] - sds::device::CDevice::SendHeartM succ 30013 

31: [2020-Feb-11 17:17:27.885737] - [devsds]CDevice::DoFrame() - dev:30013,  recv frames 1000,  bytes 9969333 ------
32: [2020-Feb-11 17:17:29.435555] - COMMON::connObj::SendData() - conn: 0x0x7fffc8049ca0, packet len: 8. strand post doWrite...
33: [2020-Feb-11 17:17:29.435740] - sds::device::CDevice::SendHeartM succ 30013 

34: [2020-Feb-11 17:17:34.465511] - COMMON::connObj::SendData() - conn: 0x0x7fffc8049ca0, packet len: 8. strand post doWrite...
35: [2020-Feb-11 17:17:34.465672] - sds::device::CDevice::SendHeartM succ 30013 

36: [2020-Feb-11 17:17:39.495705] - COMMON::connObj::SendData() - conn: 0x0x7fffc8049ca0, packet len: 8. strand post doWrite...
37: [2020-Feb-11 17:17:39.495840] - sds::device::CDevice::SendHeartM succ 30013 

38: [2020-Feb-11 17:17:44.535939] - COMMON::connObj::SendData() - conn: 0x0x7fffc8049ca0, packet len: 8. strand post doWrite...
39: [2020-Feb-11 17:17:44.536070] - sds::device::CDevice::SendHeartM succ 30013 

40: [2020-Feb-11 17:17:47.515445] - COMMON::connObj::SendData() - conn: 0x0xdd50f0, packet len: 37. strand post doWrite...
41: [2020-Feb-11 17:17:52.525450] - COMMON::connObj::SendData() - conn: 0x0x7fffc8049ca0, packet len: 8. strand post doWrite...
42: [2020-Feb-11 17:17:52.525617] - sds::device::CDevice::SendHeartM succ 30013 

43: [2020-Feb-11 17:17:57.545374] - COMMON::connObj::SendData() - conn: 0x0x7fffc8049ca0, packet len: 8. strand post doWrite...
44: [2020-Feb-11 17:17:57.545527] - sds::device::CDevice::SendHeartM succ 30013 

45: [2020-Feb-11 17:19:07.803953] - COMMON::connObj::SendData() - conn: 0x0xdd50f0, packet len: 37. strand post doWrite...
46: [2020-Feb-11 17:19:07.804160] - COMMON::connObj::SendData() - conn: 0x0xdd50f0, packet len: 37. strand post doWrite...
47: [2020-Feb-11 17:19:07.804326] - sds::device::CDevice::SendHeart succ 30013
