0: [2020-Feb-13 20:14:57.706639] - CConfig::SetPath() - cannot open file, /mnt/teamway/atlas/BallCameraServer/qt-build/../config/global.ini
1: [2020-Feb-13 20:14:57.706803] - YH Device SDK, compiled Jan  6 2020, 14:30:29, copyrights (c) 2018.
2: [2020-Feb-13 20:14:57.706838] - LOG Begin(dev sdk): control::Init() - process: /mnt/teamway/atlas/BallCameraServer/qt-build/BallCameraServer(2151)
3: [2020-Feb-13 20:14:57.706907] - [devsdk]control::Init() - CDevice::m_objTask.Start()!
4: [2020-Feb-13 20:14:57.707252] - tcpServer::doAccept() - create conn obj-------
5: [2020-Feb-13 20:14:57.707303] - [devsdk] control::Init() - listen 10.0.48.66 @ 6608...
6: [2020-Feb-13 20:15:12.370713] - [dsdk] DeviceManager::DoProc() - connection online, hSession: 0x0x51e57d0
7: [2020-Feb-13 20:15:12.371012] - tcpServer::doAccept() - create conn obj-------
8: [2020-Feb-13 20:15:12.409980] - COMMON::connObj::SendData() - conn: 0x0x51e57d0, packet len: 60. strand post doWrite...
9: [2020-Feb-13 20:15:12.410161] - [dsdk] DeviceManager::build_conn_device_map() - session x0x51e57d0 existed, device obj NULL, update session ------- 

10: [2020-Feb-13 20:15:12.410255] - [devsdk]DeviceManger::DoProc() - do signal reg - {"eventtype":"26","deviceid":"30013","channels":"1","type":"4108","nettype":"2","disktype":"1","factorytype":"18","audiotype":"1","addr":"10.0.48.70:43077","desc":"register"}
11: [2020-Feb-13 20:15:12.709468] - COMMON::connObj::SendData() - conn: 0x0x51e57d0, packet len: 99. strand post doWrite...
12: [2020-Feb-13 20:15:12.709664] - CDevice::SendOpenStreamCmd() - hSession: 0x0x51e57d0, ret: 0x0. cmd len: 99, cmd str: $$dc0090,1,C508,30013,,200213 201512,6B8B4567-23C6-327B-A998-3C6473483366,1,0,0,0,10.0.48.66,6608,#
13: [2020-Feb-13 20:15:12.721947] - [dsdk] DeviceManager::DoProc() - connection online, hSession: 0x0x7f6fd4049ca0
14: [2020-Feb-13 20:15:12.722293] - tcpServer::doAccept() - create conn obj-------
15: [2020-Feb-13 20:15:12.722770] - CDevice::DoMediaReg() - devid:30013, bussid(BussType_chn_streamtype): 1_0_0
16: [2020-Feb-13 20:15:12.723009] - COMMON::connObj::SendData() - conn: 0x0x7f6fd4049ca0, packet len: 16. strand post doWrite...
17: [2020-Feb-13 20:15:12.723091] - [dsdk] DeviceManager::build_conn_device_map() - session x0x7f6fd4049ca0 existed, device obj NULL, update session ------- 

18: [2020-Feb-13 20:15:12.723154] - COMMON::connObj::SendData() - conn: 0x0x7f6fd4049ca0, packet len: 8. strand post doWrite...
19: [2020-Feb-13 20:15:17.419709] - COMMON::connObj::SendData() - conn: 0x0x7f6fd4049ca0, packet len: 8. strand post doWrite...
20: [2020-Feb-13 20:15:17.419847] - sds::device::CDevice::SendHeartM succ 30013 

21: [2020-Feb-13 20:15:22.459544] - COMMON::connObj::SendData() - conn: 0x0x7f6fd4049ca0, packet len: 8. strand post doWrite...
22: [2020-Feb-13 20:15:22.459723] - sds::device::CDevice::SendHeartM succ 30013 

23: [2020-Feb-13 20:15:27.499685] - COMMON::connObj::SendData() - conn: 0x0x7f6fd4049ca0, packet len: 8. strand post doWrite...
24: [2020-Feb-13 20:15:27.499822] - sds::device::CDevice::SendHeartM succ 30013 

25: [2020-Feb-13 20:15:32.539597] - COMMON::connObj::SendData() - conn: 0x0x7f6fd4049ca0, packet len: 8. strand post doWrite...
26: [2020-Feb-13 20:15:32.539733] - sds::device::CDevice::SendHeartM succ 30013 

27: [2020-Feb-13 20:15:37.579556] - COMMON::connObj::SendData() - conn: 0x0x7f6fd4049ca0, packet len: 8. strand post doWrite...
28: [2020-Feb-13 20:15:37.579709] - sds::device::CDevice::SendHeartM succ 30013 

29: [2020-Feb-13 20:15:42.620028] - COMMON::connObj::SendData() - conn: 0x0x7f6fd4049ca0, packet len: 8. strand post doWrite...
30: [2020-Feb-13 20:15:42.620169] - sds::device::CDevice::SendHeartM succ 30013 

31: [2020-Feb-13 20:15:47.659582] - COMMON::connObj::SendData() - conn: 0x0x7f6fd4049ca0, packet len: 8. strand post doWrite...
32: [2020-Feb-13 20:15:47.659794] - sds::device::CDevice::SendHeartM succ 30013 

33: [2020-Feb-13 20:15:51.939807] - [devsds]CDevice::DoFrame() - dev:30013,  recv frames 1000,  bytes 9906202 ------
34: [2020-Feb-13 20:15:52.699775] - COMMON::connObj::SendData() - conn: 0x0x7f6fd4049ca0, packet len: 8. strand post doWrite...
35: [2020-Feb-13 20:15:52.699935] - sds::device::CDevice::SendHeartM succ 30013 

36: [2020-Feb-13 20:15:57.739381] - COMMON::connObj::SendData() - conn: 0x0x7f6fd4049ca0, packet len: 8. strand post doWrite...
37: [2020-Feb-13 20:15:57.739528] - sds::device::CDevice::SendHeartM succ 30013 

38: [2020-Feb-13 20:16:03.008701] - COMMON::connObj::SendData() - conn: 0x0x7f6fd4049ca0, packet len: 8. strand post doWrite...
39: [2020-Feb-13 20:16:03.008841] - sds::device::CDevice::SendHeartM succ 30013 

40: [2020-Feb-13 20:16:08.019333] - COMMON::connObj::SendData() - conn: 0x0x7f6fd4049ca0, packet len: 8. strand post doWrite...
41: [2020-Feb-13 20:16:08.019476] - sds::device::CDevice::SendHeartM succ 30013 

42: [2020-Feb-13 20:16:13.059501] - COMMON::connObj::SendData() - conn: 0x0x7f6fd4049ca0, packet len: 8. strand post doWrite...
43: [2020-Feb-13 20:16:13.059562] - sds::device::CDevice::SendHeartM succ 30013 

44: [2020-Feb-13 20:16:13.428899] - COMMON::connObj::SendData() - conn: 0x0x51e57d0, packet len: 37. strand post doWrite...
45: [2020-Feb-13 20:16:18.459368] - COMMON::connObj::SendData() - conn: 0x0x7f6fd4049ca0, packet len: 8. strand post doWrite...
46: [2020-Feb-13 20:16:18.459550] - sds::device::CDevice::SendHeartM succ 30013 

47: [2020-Feb-13 20:16:23.499268] - COMMON::connObj::SendData() - conn: 0x0x7f6fd4049ca0, packet len: 8. strand post doWrite...
48: [2020-Feb-13 20:16:23.499408] - sds::device::CDevice::SendHeartM succ 30013 

49: [2020-Feb-13 20:16:28.539542] - COMMON::connObj::SendData() - conn: 0x0x7f6fd4049ca0, packet len: 8. strand post doWrite...
50: [2020-Feb-13 20:16:28.539681] - sds::device::CDevice::SendHeartM succ 30013 

51: [2020-Feb-13 20:16:31.139225] - [devsds]CDevice::DoFrame() - dev:30013,  recv frames 2000,  bytes 19790482 ------
52: [2020-Feb-13 20:16:33.579172] - COMMON::connObj::SendData() - conn: 0x0x7f6fd4049ca0, packet len: 8. strand post doWrite...
53: [2020-Feb-13 20:16:33.579315] - sds::device::CDevice::SendHeartM succ 30013 

54: [2020-Feb-13 20:16:38.619281] - COMMON::connObj::SendData() - conn: 0x0x7f6fd4049ca0, packet len: 8. strand post doWrite...
55: [2020-Feb-13 20:16:38.619477] - sds::device::CDevice::SendHeartM succ 30013 

56: [2020-Feb-13 20:16:43.659138] - COMMON::connObj::SendData() - conn: 0x0x7f6fd4049ca0, packet len: 8. strand post doWrite...
57: [2020-Feb-13 20:16:43.659340] - sds::device::CDevice::SendHeartM succ 30013 

58: [2020-Feb-13 20:16:48.699237] - COMMON::connObj::SendData() - conn: 0x0x7f6fd4049ca0, packet len: 8. strand post doWrite...
59: [2020-Feb-13 20:16:48.699381] - sds::device::CDevice::SendHeartM succ 30013 

60: [2020-Feb-13 20:16:53.739048] - COMMON::connObj::SendData() - conn: 0x0x7f6fd4049ca0, packet len: 8. strand post doWrite...
61: [2020-Feb-13 20:16:53.739188] - sds::device::CDevice::SendHeartM succ 30013 

62: [2020-Feb-13 20:16:59.000740] - COMMON::connObj::SendData() - conn: 0x0x7f6fd4049ca0, packet len: 8. strand post doWrite...
63: [2020-Feb-13 20:16:59.000794] - sds::device::CDevice::SendHeartM succ 30013 

64: [2020-Feb-13 20:17:04.019578] - COMMON::connObj::SendData() - conn: 0x0x7f6fd4049ca0, packet len: 8. strand post doWrite...
65: [2020-Feb-13 20:17:04.019748] - sds::device::CDevice::SendHeartM succ 30013 

66: [2020-Feb-13 20:17:09.059150] - COMMON::connObj::SendData() - conn: 0x0x7f6fd4049ca0, packet len: 8. strand post doWrite...
67: [2020-Feb-13 20:17:09.059213] - sds::device::CDevice::SendHeartM succ 30013 

68: [2020-Feb-13 20:17:10.378869] - [devsds]CDevice::DoFrame() - dev:30013,  recv frames 3000,  bytes 29537341 ------
69: [2020-Feb-13 20:17:13.448476] - COMMON::connObj::SendData() - conn: 0x0x51e57d0, packet len: 37. strand post doWrite...
70: [2020-Feb-13 20:17:18.459344] - COMMON::connObj::SendData() - conn: 0x0x7f6fd4049ca0, packet len: 8. strand post doWrite...
71: [2020-Feb-13 20:17:18.459523] - sds::device::CDevice::SendHeartM succ 30013 

72: [2020-Feb-13 20:17:23.468775] - COMMON::connObj::SendData() - conn: 0x0x7f6fd4049ca0, packet len: 8. strand post doWrite...
73: [2020-Feb-13 20:17:23.469022] - sds::device::CDevice::SendHeartM succ 30013 

74: [2020-Feb-13 20:17:28.509286] - COMMON::connObj::SendData() - conn: 0x0x7f6fd4049ca0, packet len: 8. strand post doWrite...
75: [2020-Feb-13 20:17:28.509424] - sds::device::CDevice::SendHeartM succ 30013 

76: [2020-Feb-13 20:17:33.518887] - COMMON::connObj::SendData() - conn: 0x0x7f6fd4049ca0, packet len: 8. strand post doWrite...
77: [2020-Feb-13 20:17:33.519065] - sds::device::CDevice::SendHeartM succ 30013 

78: [2020-Feb-13 20:17:38.558665] - COMMON::connObj::SendData() - conn: 0x0x7f6fd4049ca0, packet len: 8. strand post doWrite...
79: [2020-Feb-13 20:17:38.558811] - sds::device::CDevice::SendHeartM succ 30013 

80: [2020-Feb-13 20:17:43.598841] - COMMON::connObj::SendData() - conn: 0x0x7f6fd4049ca0, packet len: 8. strand post doWrite...
81: [2020-Feb-13 20:17:43.598989] - sds::device::CDevice::SendHeartM succ 30013 

82: [2020-Feb-13 20:17:48.638641] - COMMON::connObj::SendData() - conn: 0x0x7f6fd4049ca0, packet len: 8. strand post doWrite...
83: [2020-Feb-13 20:17:48.638795] - sds::device::CDevice::SendHeartM succ 30013 

84: [2020-Feb-13 20:17:49.558656] - [devsds]CDevice::DoFrame() - dev:30013,  recv frames 4000,  bytes 39466161 ------
85: [2020-Feb-13 20:17:53.679075] - COMMON::connObj::SendData() - conn: 0x0x7f6fd4049ca0, packet len: 8. strand post doWrite...
86: [2020-Feb-13 20:17:53.679216] - sds::device::CDevice::SendHeartM succ 30013 

87: [2020-Feb-13 20:17:58.718668] - COMMON::connObj::SendData() - conn: 0x0x7f6fd4049ca0, packet len: 8. strand post doWrite...
88: [2020-Feb-13 20:17:58.718864] - sds::device::CDevice::SendHeartM succ 30013 

89: [2020-Feb-13 20:18:03.728491] - COMMON::connObj::SendData() - conn: 0x0x7f6fd4049ca0, packet len: 8. strand post doWrite...
90: [2020-Feb-13 20:18:03.728675] - sds::device::CDevice::SendHeartM succ 30013 

91: [2020-Feb-13 20:18:08.767912] - COMMON::connObj::SendData() - conn: 0x0x7f6fd4049ca0, packet len: 8. strand post doWrite...
92: [2020-Feb-13 20:18:08.768053] - sds::device::CDevice::SendHeartM succ 30013 

93: [2020-Feb-13 20:18:13.467987] - COMMON::connObj::SendData() - conn: 0x0x51e57d0, packet len: 37. strand post doWrite...
94: [2020-Feb-13 20:18:18.498441] - COMMON::connObj::SendData() - conn: 0x0x7f6fd4049ca0, packet len: 8. strand post doWrite...
95: [2020-Feb-13 20:18:18.498578] - sds::device::CDevice::SendHeartM succ 30013 

96: [2020-Feb-13 20:18:23.508491] - COMMON::connObj::SendData() - conn: 0x0x7f6fd4049ca0, packet len: 8. strand post doWrite...
97: [2020-Feb-13 20:18:23.508639] - sds::device::CDevice::SendHeartM succ 30013 

98: [2020-Feb-13 20:18:28.548354] - COMMON::connObj::SendData() - conn: 0x0x7f6fd4049ca0, packet len: 8. strand post doWrite...
99: [2020-Feb-13 20:18:28.548492] - sds::device::CDevice::SendHeartM succ 30013 

100: [2020-Feb-13 20:18:28.795275] - [devsds]CDevice::DoFrame() - dev:30013,  recv frames 5000,  bytes 49335257 ------
