0: [2020-Feb-13 18:57:46.058542] - CConfig::SetPath() - cannot open file, /mnt/teamway/atlas/BallCameraServer/qt-build/../config/global.ini
1: [2020-Feb-13 18:57:46.058696] - YH Device SDK, compiled Jan  6 2020, 14:30:29, copyrights (c) 2018.
2: [2020-Feb-13 18:57:46.058728] - LOG Begin(dev sdk): control::Init() - process: /mnt/teamway/atlas/BallCameraServer/qt-build/BallCameraServer(30911)
3: [2020-Feb-13 18:57:46.059006] - [devsdk]control::Init() - CDevice::m_objTask.Start()!
4: [2020-Feb-13 18:57:46.073640] - tcpServer::doAccept() - create conn obj-------
5: [2020-Feb-13 18:57:46.073731] - [devsdk] control::Init() - listen 10.0.48.66 @ 6608...
6: [2020-Feb-13 18:58:06.465137] - [dsdk] DeviceManager::DoProc() - connection online, hSession: 0x0x3a05480
7: [2020-Feb-13 18:58:06.465441] - tcpServer::doAccept() - create conn obj-------
8: [2020-Feb-13 18:58:06.484088] - COMMON::connObj::SendData() - conn: 0x0x3a05480, packet len: 60. strand post doWrite...
9: [2020-Feb-13 18:58:06.484276] - [dsdk] DeviceManager::build_conn_device_map() - session x0x3a05480 existed, device obj NULL, update session ------- 

10: [2020-Feb-13 18:58:06.484369] - [devsdk]DeviceManger::DoProc() - do signal reg - {"eventtype":"26","deviceid":"30013","channels":"1","type":"4108","nettype":"2","disktype":"1","factorytype":"18","audiotype":"1","addr":"10.0.48.70:51862","desc":"register"}
11: [2020-Feb-13 18:58:07.076814] - COMMON::connObj::SendData() - conn: 0x0x3a05480, packet len: 99. strand post doWrite...
12: [2020-Feb-13 18:58:07.076988] - CDevice::SendOpenStreamCmd() - hSession: 0x0x3a05480, ret: 0x0. cmd len: 99, cmd str: $$dc0090,1,C508,30013,,200213 185807,6B8B4567-23C6-327B-A998-3C6473483366,1,0,0,0,10.0.48.66,6608,#
13: [2020-Feb-13 18:58:07.126398] - [dsdk] DeviceManager::DoProc() - connection online, hSession: 0x0x7fffc8049ca0
14: [2020-Feb-13 18:58:07.126619] - tcpServer::doAccept() - create conn obj-------
15: [2020-Feb-13 18:58:07.127003] - CDevice::DoMediaReg() - devid:30013, bussid(BussType_chn_streamtype): 1_0_0
16: [2020-Feb-13 18:58:07.127144] - COMMON::connObj::SendData() - conn: 0x0x7fffc8049ca0, packet len: 16. strand post doWrite...
17: [2020-Feb-13 18:58:07.127212] - [dsdk] DeviceManager::build_conn_device_map() - session x0x7fffc8049ca0 existed, device obj NULL, update session ------- 

18: [2020-Feb-13 18:58:07.127351] - COMMON::connObj::SendData() - conn: 0x0x7fffc8049ca0, packet len: 8. strand post doWrite...
19: [2020-Feb-13 18:58:27.172988] - COMMON::connObj::SendData() - conn: 0x0x7fffc8049ca0, packet len: 8. strand post doWrite...
20: [2020-Feb-13 18:58:27.173142] - sds::device::CDevice::SendHeartM succ 30013 

21: [2020-Feb-13 18:58:47.182833] - COMMON::connObj::SendData() - conn: 0x0x7fffc8049ca0, packet len: 8. strand post doWrite...
22: [2020-Feb-13 18:58:47.182965] - sds::device::CDevice::SendHeartM succ 30013 

23: [2020-Feb-13 18:59:07.222935] - COMMON::connObj::SendData() - conn: 0x0x7fffc8049ca0, packet len: 8. strand post doWrite...
24: [2020-Feb-13 18:59:07.223072] - sds::device::CDevice::SendHeartM succ 30013 

25: [2020-Feb-13 18:59:07.523015] - COMMON::connObj::SendData() - conn: 0x0x3a05480, packet len: 37. strand post doWrite...
26: [2020-Feb-13 18:59:27.262663] - COMMON::connObj::SendData() - conn: 0x0x7fffc8049ca0, packet len: 8. strand post doWrite...
27: [2020-Feb-13 18:59:27.262794] - sds::device::CDevice::SendHeartM succ 30013 

28: [2020-Feb-13 18:59:47.282603] - COMMON::connObj::SendData() - conn: 0x0x7fffc8049ca0, packet len: 8. strand post doWrite...
29: [2020-Feb-13 18:59:47.282660] - sds::device::CDevice::SendHeartM succ 30013 

30: [2020-Feb-13 19:00:07.312465] - COMMON::connObj::SendData() - conn: 0x0x7fffc8049ca0, packet len: 8. strand post doWrite...
31: [2020-Feb-13 19:00:07.312611] - sds::device::CDevice::SendHeartM succ 30013 

32: [2020-Feb-13 19:00:07.592732] - COMMON::connObj::SendData() - conn: 0x0x3a05480, packet len: 37. strand post doWrite...
33: [2020-Feb-13 19:00:27.352629] - COMMON::connObj::SendData() - conn: 0x0x7fffc8049ca0, packet len: 8. strand post doWrite...
34: [2020-Feb-13 19:00:27.352818] - sds::device::CDevice::SendHeartM succ 30013 

35: [2020-Feb-13 19:00:47.362479] - COMMON::connObj::SendData() - conn: 0x0x7fffc8049ca0, packet len: 8. strand post doWrite...
36: [2020-Feb-13 19:00:47.362610] - sds::device::CDevice::SendHeartM succ 30013 

37: [2020-Feb-13 19:01:07.392211] - COMMON::connObj::SendData() - conn: 0x0x7fffc8049ca0, packet len: 8. strand post doWrite...
38: [2020-Feb-13 19:01:07.392345] - sds::device::CDevice::SendHeartM succ 30013 

39: [2020-Feb-13 19:01:07.623647] - COMMON::connObj::SendData() - conn: 0x0x3a05480, packet len: 37. strand post doWrite...
40: [2020-Feb-13 19:01:27.392366] - COMMON::connObj::SendData() - conn: 0x0x7fffc8049ca0, packet len: 8. strand post doWrite...
41: [2020-Feb-13 19:01:27.392490] - sds::device::CDevice::SendHeartM succ 30013 

42: [2020-Feb-13 19:01:47.451985] - COMMON::connObj::SendData() - conn: 0x0x7fffc8049ca0, packet len: 8. strand post doWrite...
43: [2020-Feb-13 19:01:47.452119] - sds::device::CDevice::SendHeartM succ 30013 

44: [2020-Feb-13 19:02:07.501895] - COMMON::connObj::SendData() - conn: 0x0x7fffc8049ca0, packet len: 8. strand post doWrite...
45: [2020-Feb-13 19:02:07.502028] - sds::device::CDevice::SendHeartM succ 30013 

46: [2020-Feb-13 19:02:09.572180] - COMMON::connObj::SendData() - conn: 0x0x3a05480, packet len: 37. strand post doWrite...
47: [2020-Feb-13 19:02:27.502068] - COMMON::connObj::SendData() - conn: 0x0x7fffc8049ca0, packet len: 8. strand post doWrite...
48: [2020-Feb-13 19:02:27.502206] - sds::device::CDevice::SendHeartM succ 30013 

49: [2020-Feb-13 19:02:47.541692] - COMMON::connObj::SendData() - conn: 0x0x7fffc8049ca0, packet len: 8. strand post doWrite...
50: [2020-Feb-13 19:02:47.541824] - sds::device::CDevice::SendHeartM succ 30013 

51: [2020-Feb-13 19:03:07.571593] - COMMON::connObj::SendData() - conn: 0x0x7fffc8049ca0, packet len: 8. strand post doWrite...
52: [2020-Feb-13 19:03:07.571736] - sds::device::CDevice::SendHeartM succ 30013 

53: [2020-Feb-13 19:03:09.591811] - COMMON::connObj::SendData() - conn: 0x0x3a05480, packet len: 37. strand post doWrite...
54: [2020-Feb-13 19:03:27.571566] - COMMON::connObj::SendData() - conn: 0x0x7fffc8049ca0, packet len: 8. strand post doWrite...
55: [2020-Feb-13 19:03:27.571709] - sds::device::CDevice::SendHeartM succ 30013 

56: [2020-Feb-13 19:03:47.571415] - COMMON::connObj::SendData() - conn: 0x0x7fffc8049ca0, packet len: 8. strand post doWrite...
57: [2020-Feb-13 19:03:47.571464] - sds::device::CDevice::SendHeartM succ 30013 

58: [2020-Feb-13 19:04:07.571387] - COMMON::connObj::SendData() - conn: 0x0x7fffc8049ca0, packet len: 8. strand post doWrite...
59: [2020-Feb-13 19:04:07.571516] - sds::device::CDevice::SendHeartM succ 30013 

60: [2020-Feb-13 19:04:09.591547] - COMMON::connObj::SendData() - conn: 0x0x3a05480, packet len: 37. strand post doWrite...
61: [2020-Feb-13 19:04:27.571272] - COMMON::connObj::SendData() - conn: 0x0x7fffc8049ca0, packet len: 8. strand post doWrite...
62: [2020-Feb-13 19:04:27.571405] - sds::device::CDevice::SendHeartM succ 30013 

63: [2020-Feb-13 19:04:47.571166] - COMMON::connObj::SendData() - conn: 0x0x7fffc8049ca0, packet len: 8. strand post doWrite...
64: [2020-Feb-13 19:04:47.571296] - sds::device::CDevice::SendHeartM succ 30013 

65: [2020-Feb-13 19:05:07.571153] - COMMON::connObj::SendData() - conn: 0x0x7fffc8049ca0, packet len: 8. strand post doWrite...
66: [2020-Feb-13 19:05:07.571294] - sds::device::CDevice::SendHeartM succ 30013 

67: [2020-Feb-13 19:05:12.251243] - COMMON::connObj::SendData() - conn: 0x0x3a05480, packet len: 37. strand post doWrite...
68: [2020-Feb-13 19:05:27.571339] - COMMON::connObj::SendData() - conn: 0x0x7fffc8049ca0, packet len: 8. strand post doWrite...
69: [2020-Feb-13 19:05:27.571472] - sds::device::CDevice::SendHeartM succ 30013 

