0: [2020-Feb-14 09:35:10.963126] - CConfig::SetPath() - cannot open file, /mnt/teamway/atlas/BallCameraServer/qt-build/../config/global.ini
1: [2020-Feb-14 09:35:10.963300] - YH Device SDK, compiled Jan  6 2020, 14:30:29, copyrights (c) 2018.
2: [2020-Feb-14 09:35:10.963333] - LOG Begin(dev sdk): control::Init() - process: /mnt/teamway/atlas/BallCameraServer/qt-build/BallCameraServer(11644)
3: [2020-Feb-14 09:35:10.963403] - [devsdk]control::Init() - CDevice::m_objTask.Start()!
4: [2020-Feb-14 09:35:10.963734] - tcpServer::doAccept() - create conn obj-------
5: [2020-Feb-14 09:35:10.963789] - [devsdk] control::Init() - listen 10.0.48.66 @ 6608...
6: [2020-Feb-14 09:35:23.365259] - [dsdk] DeviceManager::DoProc() - connection online, hSession: 0x0x4a412b0
7: [2020-Feb-14 09:35:23.365586] - tcpServer::doAccept() - create conn obj-------
8: [2020-Feb-14 09:35:23.393957] - COMMON::connObj::SendData() - conn: 0x0x4a412b0, packet len: 60. strand post doWrite...
9: [2020-Feb-14 09:35:23.394132] - [dsdk] DeviceManager::build_conn_device_map() - session x0x4a412b0 existed, device obj NULL, update session ------- 

10: [2020-Feb-14 09:35:23.394225] - [devsdk]DeviceManger::DoProc() - do signal reg - {"eventtype":"26","deviceid":"30013","channels":"1","type":"4108","nettype":"2","disktype":"1","factorytype":"18","audiotype":"1","addr":"10.0.48.70:52650","desc":"register"}
11: [2020-Feb-14 09:35:23.965842] - COMMON::connObj::SendData() - conn: 0x0x4a412b0, packet len: 99. strand post doWrite...
12: [2020-Feb-14 09:35:23.966012] - CDevice::SendOpenStreamCmd() - hSession: 0x0x4a412b0, ret: 0x0. cmd len: 99, cmd str: $$dc0090,1,C508,30013,,200214 093523,6B8B4567-23C6-327B-A998-3C6473483366,1,0,0,0,10.0.48.66,6608,#
13: [2020-Feb-14 09:35:24.076332] - [dsdk] DeviceManager::DoProc() - connection online, hSession: 0x0x7fa550049ca0
14: [2020-Feb-14 09:35:24.076532] - tcpServer::doAccept() - create conn obj-------
15: [2020-Feb-14 09:35:24.078190] - CDevice::DoMediaReg() - devid:30013, bussid(BussType_chn_streamtype): 1_0_0
16: [2020-Feb-14 09:35:24.078338] - COMMON::connObj::SendData() - conn: 0x0x7fa550049ca0, packet len: 16. strand post doWrite...
17: [2020-Feb-14 09:35:24.078405] - [dsdk] DeviceManager::build_conn_device_map() - session x0x7fa550049ca0 existed, device obj NULL, update session ------- 

18: [2020-Feb-14 09:35:24.078891] - COMMON::connObj::SendData() - conn: 0x0x7fa550049ca0, packet len: 8. strand post doWrite...
19: [2020-Feb-14 09:35:29.558923] - COMMON::connObj::SendData() - conn: 0x0x7fa550049ca0, packet len: 8. strand post doWrite...
20: [2020-Feb-14 09:35:29.558981] - sds::device::CDevice::SendHeartM succ 30013 

21: [2020-Feb-14 09:35:35.555485] - COMMON::connObj::SendData() - conn: 0x0x7fa550049ca0, packet len: 8. strand post doWrite...
22: [2020-Feb-14 09:35:35.555691] - sds::device::CDevice::SendHeartM succ 30013 

23: [2020-Feb-14 09:35:41.558896] - COMMON::connObj::SendData() - conn: 0x0x7fa550049ca0, packet len: 8. strand post doWrite...
24: [2020-Feb-14 09:35:41.558952] - sds::device::CDevice::SendHeartM succ 30013 

25: [2020-Feb-14 09:35:47.661761] - COMMON::connObj::SendData() - conn: 0x0x7fa550049ca0, packet len: 8. strand post doWrite...
26: [2020-Feb-14 09:35:47.661814] - sds::device::CDevice::SendHeartM succ 30013 

27: [2020-Feb-14 09:35:53.593613] - COMMON::connObj::SendData() - conn: 0x0x7fa550049ca0, packet len: 8. strand post doWrite...
28: [2020-Feb-14 09:35:53.593667] - sds::device::CDevice::SendHeartM succ 30013 

29: [2020-Feb-14 09:35:59.645669] - COMMON::connObj::SendData() - conn: 0x0x7fa550049ca0, packet len: 8. strand post doWrite...
30: [2020-Feb-14 09:35:59.645724] - sds::device::CDevice::SendHeartM succ 30013 

31: [2020-Feb-14 09:36:05.678471] - COMMON::connObj::SendData() - conn: 0x0x7fa550049ca0, packet len: 8. strand post doWrite...
32: [2020-Feb-14 09:36:05.678555] - sds::device::CDevice::SendHeartM succ 30013 

33: [2020-Feb-14 09:36:05.678776] - [devsds]CDevice::DoFrame() - dev:30013,  recv frames 1000,  bytes 9939271 ------
34: [2020-Feb-14 09:36:11.595562] - COMMON::connObj::SendData() - conn: 0x0x7fa550049ca0, packet len: 8. strand post doWrite...
35: [2020-Feb-14 09:36:11.595685] - sds::device::CDevice::SendHeartM succ 30013 

36: [2020-Feb-14 09:36:17.571229] - COMMON::connObj::SendData() - conn: 0x0x7fa550049ca0, packet len: 8. strand post doWrite...
37: [2020-Feb-14 09:36:17.571294] - sds::device::CDevice::SendHeartM succ 30013 

38: [2020-Feb-14 09:36:23.567915] - COMMON::connObj::SendData() - conn: 0x0x7fa550049ca0, packet len: 8. strand post doWrite...
39: [2020-Feb-14 09:36:23.567969] - sds::device::CDevice::SendHeartM succ 30013 

40: [2020-Feb-14 09:36:24.421582] - COMMON::connObj::SendData() - conn: 0x0x4a412b0, packet len: 37. strand post doWrite...
41: [2020-Feb-14 09:36:29.600343] - COMMON::connObj::SendData() - conn: 0x0x7fa550049ca0, packet len: 8. strand post doWrite...
42: [2020-Feb-14 09:36:29.600396] - sds::device::CDevice::SendHeartM succ 30013 

43: [2020-Feb-14 09:36:35.566096] - COMMON::connObj::SendData() - conn: 0x0x7fa550049ca0, packet len: 8. strand post doWrite...
44: [2020-Feb-14 09:36:35.566152] - sds::device::CDevice::SendHeartM succ 30013 

45: [2020-Feb-14 09:36:41.636221] - COMMON::connObj::SendData() - conn: 0x0x7fa550049ca0, packet len: 8. strand post doWrite...
46: [2020-Feb-14 09:36:41.636280] - sds::device::CDevice::SendHeartM succ 30013 

47: [2020-Feb-14 09:36:45.585760] - [devsds]CDevice::DoFrame() - dev:30013,  recv frames 2000,  bytes 19819170 ------
48: [2020-Feb-14 09:36:47.613627] - COMMON::connObj::SendData() - conn: 0x0x7fa550049ca0, packet len: 8. strand post doWrite...
49: [2020-Feb-14 09:36:47.613682] - sds::device::CDevice::SendHeartM succ 30013 

50: [2020-Feb-14 09:36:53.602706] - COMMON::connObj::SendData() - conn: 0x0x7fa550049ca0, packet len: 8. strand post doWrite...
51: [2020-Feb-14 09:36:53.602763] - sds::device::CDevice::SendHeartM succ 30013 

52: [2020-Feb-14 09:36:59.579491] - COMMON::connObj::SendData() - conn: 0x0x7fa550049ca0, packet len: 8. strand post doWrite...
53: [2020-Feb-14 09:36:59.579546] - sds::device::CDevice::SendHeartM succ 30013 

54: [2020-Feb-14 09:37:05.560115] - COMMON::connObj::SendData() - conn: 0x0x7fa550049ca0, packet len: 8. strand post doWrite...
55: [2020-Feb-14 09:37:05.560171] - sds::device::CDevice::SendHeartM succ 30013 

56: [2020-Feb-14 09:37:11.591881] - COMMON::connObj::SendData() - conn: 0x0x7fa550049ca0, packet len: 8. strand post doWrite...
57: [2020-Feb-14 09:37:11.592006] - sds::device::CDevice::SendHeartM succ 30013 

58: [2020-Feb-14 09:37:17.601865] - COMMON::connObj::SendData() - conn: 0x0x7fa550049ca0, packet len: 8. strand post doWrite...
59: [2020-Feb-14 09:37:17.601924] - sds::device::CDevice::SendHeartM succ 30013 

60: [2020-Feb-14 09:37:23.617517] - COMMON::connObj::SendData() - conn: 0x0x7fa550049ca0, packet len: 8. strand post doWrite...
61: [2020-Feb-14 09:37:23.617589] - sds::device::CDevice::SendHeartM succ 30013 

62: [2020-Feb-14 09:37:23.617889] - [devsds]CDevice::DoFrame() - dev:30013,  recv frames 3000,  bytes 29662446 ------
63: [2020-Feb-14 09:37:24.420374] - COMMON::connObj::SendData() - conn: 0x0x4a412b0, packet len: 37. strand post doWrite...
64: [2020-Feb-14 09:37:29.597682] - COMMON::connObj::SendData() - conn: 0x0x7fa550049ca0, packet len: 8. strand post doWrite...
65: [2020-Feb-14 09:37:29.597738] - sds::device::CDevice::SendHeartM succ 30013 

66: [2020-Feb-14 09:37:35.612463] - COMMON::connObj::SendData() - conn: 0x0x7fa550049ca0, packet len: 8. strand post doWrite...
67: [2020-Feb-14 09:37:35.612516] - sds::device::CDevice::SendHeartM succ 30013 

