0: [2020-Feb-12 14:37:16.492251] - CConfig::SetPath() - cannot open file, /mnt/teamway/atlas/BallCameraServer/qt-build/../config/global.ini
1: [2020-Feb-12 14:37:16.492401] - YH Device SDK, compiled Jan  6 2020, 14:30:29, copyrights (c) 2018.
2: [2020-Feb-12 14:37:16.492432] - LOG Begin(dev sdk): control::Init() - process: /mnt/teamway/atlas/BallCameraServer/qt-build/BallCameraServer(23121)
3: [2020-Feb-12 14:37:16.492638] - [devsdk]control::Init() - CDevice::m_objTask.Start()!
4: [2020-Feb-12 14:37:16.508592] - tcpServer::doAccept() - create conn obj-------
5: [2020-Feb-12 14:37:16.508675] - [devsdk] control::Init() - listen 10.0.48.66 @ 6608...
6: [2020-Feb-12 14:37:29.697602] - [dsdk] DeviceManager::DoProc() - connection online, hSession: 0x0x3ed4170
7: [2020-Feb-12 14:37:29.697907] - tcpServer::doAccept() - create conn obj-------
8: [2020-Feb-12 14:37:29.716765] - COMMON::connObj::SendData() - conn: 0x0x3ed4170, packet len: 60. strand post doWrite...
9: [2020-Feb-12 14:37:29.716931] - [dsdk] DeviceManager::build_conn_device_map() - session x0x3ed4170 existed, device obj NULL, update session ------- 

10: [2020-Feb-12 14:37:29.717022] - [devsdk]DeviceManger::DoProc() - do signal reg - {"eventtype":"26","deviceid":"30013","channels":"1","type":"4108","nettype":"2","disktype":"1","factorytype":"18","audiotype":"1","addr":"10.0.48.70:52039","desc":"register"}
11: [2020-Feb-12 14:37:30.510836] - COMMON::connObj::SendData() - conn: 0x0x3ed4170, packet len: 99. strand post doWrite...
12: [2020-Feb-12 14:37:30.511000] - CDevice::SendOpenStreamCmd() - hSession: 0x0x3ed4170, ret: 0x0. cmd len: 99, cmd str: $$dc0090,1,C508,30013,,200212 143730,6B8B4567-23C6-327B-A998-3C6473483366,1,0,0,0,10.0.48.66,6608,#
13: [2020-Feb-12 14:37:30.558883] - [dsdk] DeviceManager::DoProc() - connection online, hSession: 0x0x7fffc8049ca0
14: [2020-Feb-12 14:37:30.559086] - tcpServer::doAccept() - create conn obj-------
15: [2020-Feb-12 14:37:30.561346] - CDevice::DoMediaReg() - devid:30013, bussid(BussType_chn_streamtype): 1_0_0
16: [2020-Feb-12 14:37:30.561510] - COMMON::connObj::SendData() - conn: 0x0x7fffc8049ca0, packet len: 16. strand post doWrite...
17: [2020-Feb-12 14:37:30.561582] - [dsdk] DeviceManager::build_conn_device_map() - session x0x7fffc8049ca0 existed, device obj NULL, update session ------- 

18: [2020-Feb-12 14:37:30.563146] - COMMON::connObj::SendData() - conn: 0x0x7fffc8049ca0, packet len: 8. strand post doWrite...
19: [2020-Feb-12 14:37:36.850294] - COMMON::connObj::SendData() - conn: 0x0x7fffc8049ca0, packet len: 8. strand post doWrite...
20: [2020-Feb-12 14:37:36.850349] - sds::device::CDevice::SendHeartM succ 30013 

21: [2020-Feb-12 14:37:42.023633] - COMMON::connObj::SendData() - conn: 0x0x7fffc8049ca0, packet len: 8. strand post doWrite...
22: [2020-Feb-12 14:37:42.023690] - sds::device::CDevice::SendHeartM succ 30013 

23: [2020-Feb-12 14:37:47.194222] - COMMON::connObj::SendData() - conn: 0x0x7fffc8049ca0, packet len: 8. strand post doWrite...
24: [2020-Feb-12 14:37:47.194283] - sds::device::CDevice::SendHeartM succ 30013 

25: [2020-Feb-12 14:48:51.598223] - COMMON::connObj::SendData() - conn: 0x0x3ed4170, packet len: 37. strand post doWrite...
26: [2020-Feb-12 14:48:51.598434] - sds::device::CDevice::SendHeart succ 30013
27: [2020-Feb-12 14:48:51.598518] - COMMON::connObj::SendData() - conn: 0x0x3ed4170, packet len: 37. strand post doWrite...
28: [2020-Feb-12 14:48:51.598814] - [dsdk] DeviceManager::DoProc() - connection online, hSession: 0x0x7fffc8091290
29: [2020-Feb-12 14:48:51.599004] - tcpServer::doAccept() - create conn obj-------
30: [2020-Feb-12 14:48:51.599140] - COMMON::connObj::SendData() - conn: 0x0x3ed4170, packet len: 37. strand post doWrite...
