0: [2020-Feb-11 16:50:04.436204] - CConfig::SetPath() - cannot open file, /mnt/teamway/atlas/BallCameraServer/qt-build/../config/global.ini
1: [2020-Feb-11 16:50:04.436367] - YH Device SDK, compiled Jan  6 2020, 14:30:29, copyrights (c) 2018.
2: [2020-Feb-11 16:50:04.436398] - LOG Begin(dev sdk): control::Init() - process: /mnt/teamway/atlas/BallCameraServer/qt-build/BallCameraServer(9405)
3: [2020-Feb-11 16:50:04.436456] - [devsdk]control::Init() - CDevice::m_objTask.Start()!
4: [2020-Feb-11 16:50:04.436810] - tcpServer::doAccept() - create conn obj-------
5: [2020-Feb-11 16:50:04.436857] - [devsdk] control::Init() - listen 10.0.48.66 @ 6608...
6: [2020-Feb-11 16:50:15.716563] - [dsdk] DeviceManager::DoProc() - connection online, hSession: 0x0x2098120
7: [2020-Feb-11 16:50:15.721120] - tcpServer::doAccept() - create conn obj-------
8: [2020-Feb-11 16:50:15.755954] - COMMON::connObj::SendData() - conn: 0x0x2098120, packet len: 60. strand post doWrite...
9: [2020-Feb-11 16:50:15.756006] - [dsdk] DeviceManager::build_conn_device_map() - session x0x2098120 existed, device obj NULL, update session ------- 

10: [2020-Feb-11 16:50:15.756028] - [devsdk]DeviceManger::DoProc() - do signal reg - {"eventtype":"26","deviceid":"30013","channels":"1","type":"4108","nettype":"2","disktype":"1","factorytype":"18","audiotype":"1","addr":"10.0.48.70:36747","desc":"register"}
11: [2020-Feb-11 16:50:16.455663] - COMMON::connObj::SendData() - conn: 0x0x2098120, packet len: 99. strand post doWrite...
12: [2020-Feb-11 16:50:16.455743] - CDevice::SendOpenStreamCmd() - hSession: 0x0x2098120, ret: 0x0. cmd len: 99, cmd str: $$dc0090,1,C508,30013,,200211 165016,6B8B4567-23C6-327B-A998-3C6473483366,1,0,0,0,10.0.48.66,6608,#
13: [2020-Feb-11 16:50:16.477918] - [dsdk] DeviceManager::DoProc() - connection online, hSession: 0x0x7f0b44049ca0
14: [2020-Feb-11 16:50:16.487757] - tcpServer::doAccept() - create conn obj-------
15: [2020-Feb-11 16:50:16.488604] - CDevice::DoMediaReg() - devid:30013, bussid(BussType_chn_streamtype): 1_0_0
16: [2020-Feb-11 16:50:16.488677] - COMMON::connObj::SendData() - conn: 0x0x7f0b44049ca0, packet len: 16. strand post doWrite...
17: [2020-Feb-11 16:50:16.488696] - [dsdk] DeviceManager::build_conn_device_map() - session x0x7f0b44049ca0 existed, device obj NULL, update session ------- 

18: [2020-Feb-11 16:50:16.488714] - COMMON::connObj::SendData() - conn: 0x0x7f0b44049ca0, packet len: 8. strand post doWrite...
19: [2020-Feb-11 16:50:20.910710] - COMMON::connObj::SendData() - conn: 0x0x7f0b44049ca0, packet len: 8. strand post doWrite...
20: [2020-Feb-11 16:50:20.910760] - sds::device::CDevice::SendHeartM succ 30013 

21: [2020-Feb-11 16:50:25.926277] - COMMON::connObj::SendData() - conn: 0x0x7f0b44049ca0, packet len: 8. strand post doWrite...
22: [2020-Feb-11 16:50:25.926324] - sds::device::CDevice::SendHeartM succ 30013 

23: [2020-Feb-11 16:50:30.966167] - COMMON::connObj::SendData() - conn: 0x0x7f0b44049ca0, packet len: 8. strand post doWrite...
24: [2020-Feb-11 16:50:30.966222] - sds::device::CDevice::SendHeartM succ 30013 

25: [2020-Feb-11 16:50:36.006138] - COMMON::connObj::SendData() - conn: 0x0x7f0b44049ca0, packet len: 8. strand post doWrite...
26: [2020-Feb-11 16:50:36.006215] - sds::device::CDevice::SendHeartM succ 30013 

