0: [2020-Feb-14 10:17:28.991238] - CConfig::SetPath() - cannot open file, /mnt/teamway/atlas/BallCameraServer/qt-build/../config/global.ini
1: [2020-Feb-14 10:17:28.991470] - YH Device SDK, compiled Jan  6 2020, 14:30:29, copyrights (c) 2018.
2: [2020-Feb-14 10:17:28.991506] - LOG Begin(dev sdk): control::Init() - process: /mnt/teamway/atlas/BallCameraServer/qt-build/BallCameraServer(17341)
3: [2020-Feb-14 10:17:28.991608] - [devsdk]control::Init() - CDevice::m_objTask.Start()!
4: [2020-Feb-14 10:17:28.991974] - tcpServer::doAccept() - create conn obj-------
5: [2020-Feb-14 10:17:28.992025] - [devsdk] control::Init() - listen 10.0.48.66 @ 6608...
6: [2020-Feb-14 10:17:41.262848] - [dsdk] DeviceManager::DoProc() - connection online, hSession: 0x0x3f8db80
7: [2020-Feb-14 10:17:41.263156] - tcpServer::doAccept() - create conn obj-------
8: [2020-Feb-14 10:17:41.302059] - COMMON::connObj::SendData() - conn: 0x0x3f8db80, packet len: 60. strand post doWrite...
9: [2020-Feb-14 10:17:41.302229] - [dsdk] DeviceManager::build_conn_device_map() - session x0x3f8db80 existed, device obj NULL, update session ------- 

10: [2020-Feb-14 10:17:41.302322] - [devsdk]DeviceManger::DoProc() - do signal reg - {"eventtype":"26","deviceid":"30013","channels":"1","type":"4108","nettype":"2","disktype":"1","factorytype":"18","audiotype":"1","addr":"10.0.48.70:53136","desc":"register"}
11: [2020-Feb-14 10:17:41.994063] - COMMON::connObj::SendData() - conn: 0x0x3f8db80, packet len: 99. strand post doWrite...
12: [2020-Feb-14 10:17:41.994232] - CDevice::SendOpenStreamCmd() - hSession: 0x0x3f8db80, ret: 0x0. cmd len: 99, cmd str: $$dc0090,1,C508,30013,,200214 101741,6B8B4567-23C6-327B-A998-3C6473483366,1,0,0,0,10.0.48.66,6608,#
13: [2020-Feb-14 10:17:42.034108] - [dsdk] DeviceManager::DoProc() - connection online, hSession: 0x0x7f8d78049ca0
14: [2020-Feb-14 10:17:42.034317] - tcpServer::doAccept() - create conn obj-------
15: [2020-Feb-14 10:17:42.035754] - CDevice::DoMediaReg() - devid:30013, bussid(BussType_chn_streamtype): 1_0_0
16: [2020-Feb-14 10:17:42.035907] - COMMON::connObj::SendData() - conn: 0x0x7f8d78049ca0, packet len: 16. strand post doWrite...
17: [2020-Feb-14 10:17:42.035975] - [dsdk] DeviceManager::build_conn_device_map() - session x0x7f8d78049ca0 existed, device obj NULL, update session ------- 

18: [2020-Feb-14 10:17:42.036783] - COMMON::connObj::SendData() - conn: 0x0x7f8d78049ca0, packet len: 8. strand post doWrite...
19: [2020-Feb-14 10:17:47.667858] - COMMON::connObj::SendData() - conn: 0x0x7f8d78049ca0, packet len: 8. strand post doWrite...
20: [2020-Feb-14 10:17:47.667943] - sds::device::CDevice::SendHeartM succ 30013 

