0: [2020-Feb-13 10:13:31.726254] - CConfig::SetPath() - cannot open file, /mnt/teamway/atlas/BallCameraServer/qt-build/../config/global.ini
1: [2020-Feb-13 10:13:31.726413] - YH Device SDK, compiled Jan  6 2020, 14:30:29, copyrights (c) 2018.
2: [2020-Feb-13 10:13:31.726444] - LOG Begin(dev sdk): control::Init() - process: /mnt/teamway/atlas/BallCameraServer/qt-build/BallCameraServer(15025)
3: [2020-Feb-13 10:13:31.726666] - [devsdk]control::Init() - CDevice::m_objTask.Start()!
4: [2020-Feb-13 10:13:31.737587] - tcpServer::doAccept() - create conn obj-------
5: [2020-Feb-13 10:13:31.737674] - [devsdk] control::Init() - listen 10.0.48.66 @ 6608...
6: [2020-Feb-13 10:13:44.996917] - [dsdk] DeviceManager::DoProc() - connection online, hSession: 0x0x3a022e0
7: [2020-Feb-13 10:13:44.997214] - tcpServer::doAccept() - create conn obj-------
8: [2020-Feb-13 10:13:45.036092] - COMMON::connObj::SendData() - conn: 0x0x3a022e0, packet len: 60. strand post doWrite...
9: [2020-Feb-13 10:13:45.036258] - [dsdk] DeviceManager::build_conn_device_map() - session x0x3a022e0 existed, device obj NULL, update session ------- 

10: [2020-Feb-13 10:13:45.036349] - [devsdk]DeviceManger::DoProc() - do signal reg - {"eventtype":"26","deviceid":"30013","channels":"1","type":"4108","nettype":"2","disktype":"1","factorytype":"18","audiotype":"1","addr":"10.0.48.70:37603","desc":"register"}
11: [2020-Feb-13 10:13:45.739905] - COMMON::connObj::SendData() - conn: 0x0x3a022e0, packet len: 99. strand post doWrite...
12: [2020-Feb-13 10:13:45.740082] - CDevice::SendOpenStreamCmd() - hSession: 0x0x3a022e0, ret: 0x0. cmd len: 99, cmd str: $$dc0090,1,C508,30013,,200213 101345,6B8B4567-23C6-327B-A998-3C6473483366,1,0,0,0,10.0.48.66,6608,#
13: [2020-Feb-13 10:13:45.758303] - [dsdk] DeviceManager::DoProc() - connection online, hSession: 0x0x7fffc8049ca0
14: [2020-Feb-13 10:13:45.758516] - tcpServer::doAccept() - create conn obj-------
15: [2020-Feb-13 10:13:45.760247] - CDevice::DoMediaReg() - devid:30013, bussid(BussType_chn_streamtype): 1_0_0
16: [2020-Feb-13 10:13:45.760395] - COMMON::connObj::SendData() - conn: 0x0x7fffc8049ca0, packet len: 16. strand post doWrite...
17: [2020-Feb-13 10:13:45.760467] - [dsdk] DeviceManager::build_conn_device_map() - session x0x7fffc8049ca0 existed, device obj NULL, update session ------- 

18: [2020-Feb-13 10:13:45.760908] - COMMON::connObj::SendData() - conn: 0x0x7fffc8049ca0, packet len: 8. strand post doWrite...
19: [2020-Feb-13 10:15:14.264460] - COMMON::connObj::SendData() - conn: 0x0x3a022e0, packet len: 37. strand post doWrite...
20: [2020-Feb-13 10:15:14.264729] - COMMON::connObj::SendData() - conn: 0x0x3a022e0, packet len: 37. strand post doWrite...
21: [2020-Feb-13 10:15:14.264816] - sds::device::CDevice::SendHeart succ 30013
22: [2020-Feb-13 10:15:49.370998] - COMMON::connObj::SendData() - conn: 0x0x3a022e0, packet len: 37. strand post doWrite...
