0: [2020-Feb-13 09:45:32.407012] - CConfig::SetPath() - cannot open file, /mnt/teamway/atlas/BallCameraServer/qt-build/../config/global.ini
1: [2020-Feb-13 09:45:32.407159] - YH Device SDK, compiled Jan  6 2020, 14:30:29, copyrights (c) 2018.
2: [2020-Feb-13 09:45:32.407191] - LOG Begin(dev sdk): control::Init() - process: /mnt/teamway/atlas/BallCameraServer/qt-build/BallCameraServer(12866)
3: [2020-Feb-13 09:45:32.407263] - [devsdk]control::Init() - CDevice::m_objTask.Start()!
4: [2020-Feb-13 09:45:32.407704] - tcpServer::doAccept() - create conn obj-------
5: [2020-Feb-13 09:45:32.407760] - [devsdk] control::Init() - listen 10.0.48.66 @ 6608...
6: [2020-Feb-13 09:45:33.400766] - [dsdk] DeviceManager::DoProc() - connection online, hSession: 0x0x3a88c10
7: [2020-Feb-13 09:45:33.401060] - tcpServer::doAccept() - create conn obj-------
8: [2020-Feb-13 09:45:33.420244] - COMMON::connObj::SendData() - conn: 0x0x3a88c10, packet len: 60. strand post doWrite...
9: [2020-Feb-13 09:45:33.420408] - [dsdk] DeviceManager::build_conn_device_map() - session x0x3a88c10 existed, device obj NULL, update session ------- 

10: [2020-Feb-13 09:45:33.420501] - [devsdk]DeviceManger::DoProc() - do signal reg - {"eventtype":"26","deviceid":"30013","channels":"1","type":"4108","nettype":"2","disktype":"1","factorytype":"18","audiotype":"1","addr":"10.0.48.70:37259","desc":"register"}
11: [2020-Feb-13 09:45:34.408425] - COMMON::connObj::SendData() - conn: 0x0x3a88c10, packet len: 99. strand post doWrite...
12: [2020-Feb-13 09:45:34.408592] - CDevice::SendOpenStreamCmd() - hSession: 0x0x3a88c10, ret: 0x0. cmd len: 99, cmd str: $$dc0090,1,C508,30013,,200213 094534,6B8B4567-23C6-327B-A998-3C6473483366,1,0,0,0,10.0.48.66,6608,#
13: [2020-Feb-13 09:45:34.451885] - [dsdk] DeviceManager::DoProc() - connection online, hSession: 0x0x7efe20049ca0
14: [2020-Feb-13 09:45:34.452102] - tcpServer::doAccept() - create conn obj-------
15: [2020-Feb-13 09:45:34.452709] - CDevice::DoMediaReg() - devid:30013, bussid(BussType_chn_streamtype): 1_0_0
16: [2020-Feb-13 09:45:34.452851] - COMMON::connObj::SendData() - conn: 0x0x7efe20049ca0, packet len: 16. strand post doWrite...
17: [2020-Feb-13 09:45:34.452918] - [dsdk] DeviceManager::build_conn_device_map() - session x0x7efe20049ca0 existed, device obj NULL, update session ------- 

18: [2020-Feb-13 09:45:34.453393] - COMMON::connObj::SendData() - conn: 0x0x7efe20049ca0, packet len: 8. strand post doWrite...
19: [2020-Feb-13 09:45:38.943372] - COMMON::connObj::SendData() - conn: 0x0x7efe20049ca0, packet len: 8. strand post doWrite...
20: [2020-Feb-13 09:45:38.943414] - sds::device::CDevice::SendHeartM succ 30013 

21: [2020-Feb-13 09:45:43.950025] - COMMON::connObj::SendData() - conn: 0x0x7efe20049ca0, packet len: 8. strand post doWrite...
22: [2020-Feb-13 09:45:43.950152] - sds::device::CDevice::SendHeartM succ 30013 

23: [2020-Feb-13 09:45:48.960489] - COMMON::connObj::SendData() - conn: 0x0x7efe20049ca0, packet len: 8. strand post doWrite...
24: [2020-Feb-13 09:45:48.960530] - sds::device::CDevice::SendHeartM succ 30013 

