0: [2020-Feb-13 16:33:30.460364] - CConfig::SetPath() - cannot open file, /mnt/teamway/atlas/BallCameraServer/qt-build/../config/global.ini
1: [2020-Feb-13 16:33:30.460529] - YH Device SDK, compiled Jan  6 2020, 14:30:29, copyrights (c) 2018.
2: [2020-Feb-13 16:33:30.460570] - LOG Begin(dev sdk): control::Init() - process: /mnt/teamway/atlas/BallCameraServer/qt-build/BallCameraServer(22339)
3: [2020-Feb-13 16:33:30.461116] - [devsdk]control::Init() - CDevice::m_objTask.Start()!
4: [2020-Feb-13 16:33:30.465168] - tcpServer::doAccept() - create conn obj-------
5: [2020-Feb-13 16:33:30.465294] - [devsdk] control::Init() - listen 10.0.48.66 @ 6608...
6: [2020-Feb-13 16:33:42.925261] - [dsdk] DeviceManager::DoProc() - connection online, hSession: 0x0x3a03620
7: [2020-Feb-13 16:33:42.925576] - tcpServer::doAccept() - create conn obj-------
8: [2020-Feb-13 16:33:42.944568] - COMMON::connObj::SendData() - conn: 0x0x3a03620, packet len: 60. strand post doWrite...
9: [2020-Feb-13 16:33:42.944716] - [dsdk] DeviceManager::build_conn_device_map() - session x0x3a03620 existed, device obj NULL, update session ------- 

10: [2020-Feb-13 16:33:42.944806] - [devsdk]DeviceManger::DoProc() - do signal reg - {"eventtype":"26","deviceid":"30013","channels":"1","type":"4108","nettype":"2","disktype":"1","factorytype":"18","audiotype":"1","addr":"10.0.48.70:44415","desc":"register"}
11: [2020-Feb-13 16:33:43.467274] - COMMON::connObj::SendData() - conn: 0x0x3a03620, packet len: 99. strand post doWrite...
12: [2020-Feb-13 16:33:43.467436] - CDevice::SendOpenStreamCmd() - hSession: 0x0x3a03620, ret: 0x0. cmd len: 99, cmd str: $$dc0090,1,C508,30013,,200213 163343,6B8B4567-23C6-327B-A998-3C6473483366,1,0,0,0,10.0.48.66,6608,#
13: [2020-Feb-13 16:33:43.508508] - [dsdk] DeviceManager::DoProc() - connection online, hSession: 0x0x7fffc8049ca0
14: [2020-Feb-13 16:33:43.508705] - tcpServer::doAccept() - create conn obj-------
15: [2020-Feb-13 16:33:43.509822] - CDevice::DoMediaReg() - devid:30013, bussid(BussType_chn_streamtype): 1_0_0
16: [2020-Feb-13 16:33:43.509973] - COMMON::connObj::SendData() - conn: 0x0x7fffc8049ca0, packet len: 16. strand post doWrite...
17: [2020-Feb-13 16:33:43.510039] - [dsdk] DeviceManager::build_conn_device_map() - session x0x7fffc8049ca0 existed, device obj NULL, update session ------- 

18: [2020-Feb-13 16:33:43.510748] - COMMON::connObj::SendData() - conn: 0x0x7fffc8049ca0, packet len: 8. strand post doWrite...
19: [2020-Feb-13 16:33:48.762969] - COMMON::connObj::SendData() - conn: 0x0x7fffc8049ca0, packet len: 8. strand post doWrite...
20: [2020-Feb-13 16:33:48.763056] - sds::device::CDevice::SendHeartM succ 30013 

21: [2020-Feb-13 16:33:54.719094] - COMMON::connObj::SendData() - conn: 0x0x7fffc8049ca0, packet len: 8. strand post doWrite...
22: [2020-Feb-13 16:33:54.719156] - sds::device::CDevice::SendHeartM succ 30013 

23: [2020-Feb-13 16:34:00.771387] - COMMON::connObj::SendData() - conn: 0x0x7fffc8049ca0, packet len: 8. strand post doWrite...
24: [2020-Feb-13 16:34:00.771442] - sds::device::CDevice::SendHeartM succ 30013 

25: [2020-Feb-13 16:34:06.752782] - COMMON::connObj::SendData() - conn: 0x0x7fffc8049ca0, packet len: 8. strand post doWrite...
26: [2020-Feb-13 16:34:06.752872] - sds::device::CDevice::SendHeartM succ 30013 

27: [2020-Feb-13 16:34:12.752599] - COMMON::connObj::SendData() - conn: 0x0x7fffc8049ca0, packet len: 8. strand post doWrite...
28: [2020-Feb-13 16:34:12.752668] - sds::device::CDevice::SendHeartM succ 30013 

29: [2020-Feb-13 16:34:18.772983] - COMMON::connObj::SendData() - conn: 0x0x7fffc8049ca0, packet len: 8. strand post doWrite...
30: [2020-Feb-13 16:34:18.773041] - sds::device::CDevice::SendHeartM succ 30013 

31: [2020-Feb-13 16:34:24.734667] - COMMON::connObj::SendData() - conn: 0x0x7fffc8049ca0, packet len: 8. strand post doWrite...
32: [2020-Feb-13 16:34:24.734719] - sds::device::CDevice::SendHeartM succ 30013 

33: [2020-Feb-13 16:34:24.735044] - [devsds]CDevice::DoFrame() - dev:30013,  recv frames 1000,  bytes 10016322 ------
34: [2020-Feb-13 16:34:30.722138] - COMMON::connObj::SendData() - conn: 0x0x7fffc8049ca0, packet len: 8. strand post doWrite...
35: [2020-Feb-13 16:34:30.722198] - sds::device::CDevice::SendHeartM succ 30013 

36: [2020-Feb-13 16:34:36.764079] - COMMON::connObj::SendData() - conn: 0x0x7fffc8049ca0, packet len: 8. strand post doWrite...
37: [2020-Feb-13 16:34:36.764149] - sds::device::CDevice::SendHeartM succ 30013 

38: [2020-Feb-13 16:34:42.733715] - COMMON::connObj::SendData() - conn: 0x0x7fffc8049ca0, packet len: 8. strand post doWrite...
39: [2020-Feb-13 16:34:42.733777] - sds::device::CDevice::SendHeartM succ 30013 

40: [2020-Feb-13 16:34:43.263453] - COMMON::connObj::SendData() - conn: 0x0x3a03620, packet len: 37. strand post doWrite...
41: [2020-Feb-13 16:34:48.759981] - COMMON::connObj::SendData() - conn: 0x0x7fffc8049ca0, packet len: 8. strand post doWrite...
42: [2020-Feb-13 16:34:48.760034] - sds::device::CDevice::SendHeartM succ 30013 

