0: [2020-Feb-12 16:26:37.358849] - CConfig::SetPath() - cannot open file, /mnt/teamway/atlas/BallCameraServer/qt-build/../config/global.ini
1: [2020-Feb-12 16:26:37.359039] - YH Device SDK, compiled Jan  6 2020, 14:30:29, copyrights (c) 2018.
2: [2020-Feb-12 16:26:37.359069] - LOG Begin(dev sdk): control::Init() - process: /mnt/teamway/atlas/BallCameraServer/qt-build/BallCameraServer(27052)
3: [2020-Feb-12 16:26:37.359303] - [devsdk]control::Init() - CDevice::m_objTask.Start()!
4: [2020-Feb-12 16:26:37.373293] - tcpServer::doAccept() - create conn obj-------
5: [2020-Feb-12 16:26:37.373381] - [devsdk] control::Init() - listen 10.0.48.66 @ 6608...
6: [2020-Feb-12 16:26:49.438713] - [dsdk] DeviceManager::DoProc() - connection online, hSession: 0x0x3ed52f0
7: [2020-Feb-12 16:26:49.438995] - tcpServer::doAccept() - create conn obj-------
8: [2020-Feb-12 16:26:49.477949] - COMMON::connObj::SendData() - conn: 0x0x3ed52f0, packet len: 60. strand post doWrite...
9: [2020-Feb-12 16:26:49.478114] - [dsdk] DeviceManager::build_conn_device_map() - session x0x3ed52f0 existed, device obj NULL, update session ------- 

10: [2020-Feb-12 16:26:49.478205] - [devsdk]DeviceManger::DoProc() - do signal reg - {"eventtype":"26","deviceid":"30013","channels":"1","type":"4108","nettype":"2","disktype":"1","factorytype":"18","audiotype":"1","addr":"10.0.48.70:53227","desc":"register"}
11: [2020-Feb-12 16:26:50.375258] - COMMON::connObj::SendData() - conn: 0x0x3ed52f0, packet len: 99. strand post doWrite...
12: [2020-Feb-12 16:26:50.375431] - CDevice::SendOpenStreamCmd() - hSession: 0x0x3ed52f0, ret: 0x0. cmd len: 99, cmd str: $$dc0090,1,C508,30013,,200212 162650,6B8B4567-23C6-327B-A998-3C6473483366,1,0,0,0,10.0.48.66,6608,#
13: [2020-Feb-12 16:26:50.419998] - [dsdk] DeviceManager::DoProc() - connection online, hSession: 0x0x7fffc8049ca0
14: [2020-Feb-12 16:26:50.420212] - tcpServer::doAccept() - create conn obj-------
15: [2020-Feb-12 16:26:50.420509] - CDevice::DoMediaReg() - devid:30013, bussid(BussType_chn_streamtype): 1_0_0
16: [2020-Feb-12 16:26:50.420649] - COMMON::connObj::SendData() - conn: 0x0x7fffc8049ca0, packet len: 16. strand post doWrite...
17: [2020-Feb-12 16:26:50.420715] - [dsdk] DeviceManager::build_conn_device_map() - session x0x7fffc8049ca0 existed, device obj NULL, update session ------- 

18: [2020-Feb-12 16:26:50.421184] - COMMON::connObj::SendData() - conn: 0x0x7fffc8049ca0, packet len: 8. strand post doWrite...
19: [2020-Feb-12 16:26:57.438147] - COMMON::connObj::SendData() - conn: 0x0x7fffc8049ca0, packet len: 8. strand post doWrite...
20: [2020-Feb-12 16:26:57.438271] - sds::device::CDevice::SendHeartM succ 30013 

21: [2020-Feb-12 16:27:03.536248] - COMMON::connObj::SendData() - conn: 0x0x7fffc8049ca0, packet len: 8. strand post doWrite...
22: [2020-Feb-12 16:27:03.536298] - sds::device::CDevice::SendHeartM succ 30013 

23: [2020-Feb-12 16:27:09.606368] - COMMON::connObj::SendData() - conn: 0x0x7fffc8049ca0, packet len: 8. strand post doWrite...
24: [2020-Feb-12 16:27:09.606500] - sds::device::CDevice::SendHeartM succ 30013 

