0: [2020-Feb-13 20:05:15.065872] - CConfig::SetPath() - cannot open file, /mnt/teamway/atlas/BallCameraServer/qt-build/../config/global.ini
1: [2020-Feb-13 20:05:15.066068] - YH Device SDK, compiled Jan  6 2020, 14:30:29, copyrights (c) 2018.
2: [2020-Feb-13 20:05:15.066115] - LOG Begin(dev sdk): control::Init() - process: /mnt/teamway/atlas/BallCameraServer/qt-build/BallCameraServer(1731)
3: [2020-Feb-13 20:05:15.066204] - [devsdk]control::Init() - CDevice::m_objTask.Start()!
4: [2020-Feb-13 20:05:15.066550] - tcpServer::doAccept() - create conn obj-------
5: [2020-Feb-13 20:05:15.066595] - [devsdk] control::Init() - listen 10.0.48.66 @ 6608...
6: [2020-Feb-13 20:05:22.004351] - [dsdk] DeviceManager::DoProc() - connection online, hSession: 0x0x3abf290
7: [2020-Feb-13 20:05:22.004533] - tcpServer::doAccept() - create conn obj-------
8: [2020-Feb-13 20:05:22.043694] - COMMON::connObj::SendData() - conn: 0x0x3abf290, packet len: 60. strand post doWrite...
9: [2020-Feb-13 20:05:22.043768] - [dsdk] DeviceManager::build_conn_device_map() - session x0x3abf290 existed, device obj NULL, update session ------- 

10: [2020-Feb-13 20:05:22.043803] - [devsdk]DeviceManger::DoProc() - do signal reg - {"eventtype":"26","deviceid":"30013","channels":"1","type":"4108","nettype":"2","disktype":"1","factorytype":"18","audiotype":"1","addr":"10.0.48.70:42959","desc":"register"}
11: [2020-Feb-13 20:05:22.067723] - COMMON::connObj::SendData() - conn: 0x0x3abf290, packet len: 99. strand post doWrite...
12: [2020-Feb-13 20:05:22.067853] - CDevice::SendOpenStreamCmd() - hSession: 0x0x3abf290, ret: 0x0. cmd len: 99, cmd str: $$dc0090,1,C508,30013,,200213 200522,6B8B4567-23C6-327B-A998-3C6473483366,1,0,0,0,10.0.48.66,6608,#
13: [2020-Feb-13 20:05:22.185835] - [dsdk] DeviceManager::DoProc() - connection online, hSession: 0x0x7fb744049ca0
14: [2020-Feb-13 20:05:22.185937] - tcpServer::doAccept() - create conn obj-------
15: [2020-Feb-13 20:05:22.188040] - CDevice::DoMediaReg() - devid:30013, bussid(BussType_chn_streamtype): 1_0_0
16: [2020-Feb-13 20:05:22.188139] - COMMON::connObj::SendData() - conn: 0x0x7fb744049ca0, packet len: 16. strand post doWrite...
17: [2020-Feb-13 20:05:22.188166] - [dsdk] DeviceManager::build_conn_device_map() - session x0x7fb744049ca0 existed, device obj NULL, update session ------- 

18: [2020-Feb-13 20:05:22.188779] - COMMON::connObj::SendData() - conn: 0x0x7fb744049ca0, packet len: 8. strand post doWrite...
19: [2020-Feb-13 20:05:27.126187] - COMMON::connObj::SendData() - conn: 0x0x7fb744049ca0, packet len: 8. strand post doWrite...
20: [2020-Feb-13 20:05:27.126498] - sds::device::CDevice::SendHeartM succ 30013 

21: [2020-Feb-13 20:05:32.144058] - COMMON::connObj::SendData() - conn: 0x0x7fb744049ca0, packet len: 8. strand post doWrite...
22: [2020-Feb-13 20:05:32.144111] - sds::device::CDevice::SendHeartM succ 30013 

23: [2020-Feb-13 20:05:37.184157] - COMMON::connObj::SendData() - conn: 0x0x7fb744049ca0, packet len: 8. strand post doWrite...
24: [2020-Feb-13 20:05:37.184210] - sds::device::CDevice::SendHeartM succ 30013 

25: [2020-Feb-13 20:05:42.223802] - COMMON::connObj::SendData() - conn: 0x0x7fb744049ca0, packet len: 8. strand post doWrite...
26: [2020-Feb-13 20:05:42.223966] - sds::device::CDevice::SendHeartM succ 30013 

27: [2020-Feb-13 20:05:47.263859] - COMMON::connObj::SendData() - conn: 0x0x7fb744049ca0, packet len: 8. strand post doWrite...
28: [2020-Feb-13 20:05:47.264010] - sds::device::CDevice::SendHeartM succ 30013 

29: [2020-Feb-13 20:05:52.303664] - COMMON::connObj::SendData() - conn: 0x0x7fb744049ca0, packet len: 8. strand post doWrite...
30: [2020-Feb-13 20:05:52.303729] - sds::device::CDevice::SendHeartM succ 30013 

31: [2020-Feb-13 20:05:57.343533] - COMMON::connObj::SendData() - conn: 0x0x7fb744049ca0, packet len: 8. strand post doWrite...
32: [2020-Feb-13 20:05:57.343586] - sds::device::CDevice::SendHeartM succ 30013 

33: [2020-Feb-13 20:06:01.943437] - [devsds]CDevice::DoFrame() - dev:30013,  recv frames 1000,  bytes 9897585 ------
34: [2020-Feb-13 20:06:02.383587] - COMMON::connObj::SendData() - conn: 0x0x7fb744049ca0, packet len: 8. strand post doWrite...
35: [2020-Feb-13 20:06:02.383722] - sds::device::CDevice::SendHeartM succ 30013 

36: [2020-Feb-13 20:06:07.423402] - COMMON::connObj::SendData() - conn: 0x0x7fb744049ca0, packet len: 8. strand post doWrite...
37: [2020-Feb-13 20:06:07.423605] - sds::device::CDevice::SendHeartM succ 30013 

38: [2020-Feb-13 20:06:12.463715] - COMMON::connObj::SendData() - conn: 0x0x7fb744049ca0, packet len: 8. strand post doWrite...
39: [2020-Feb-13 20:06:12.463793] - sds::device::CDevice::SendHeartM succ 30013 

40: [2020-Feb-13 20:06:17.503426] - COMMON::connObj::SendData() - conn: 0x0x7fb744049ca0, packet len: 8. strand post doWrite...
41: [2020-Feb-13 20:06:17.503652] - sds::device::CDevice::SendHeartM succ 30013 

42: [2020-Feb-13 20:06:22.543741] - COMMON::connObj::SendData() - conn: 0x0x7fb744049ca0, packet len: 8. strand post doWrite...
43: [2020-Feb-13 20:06:22.543791] - sds::device::CDevice::SendHeartM succ 30013 

44: [2020-Feb-13 20:06:22.562675] - COMMON::connObj::SendData() - conn: 0x0x3abf290, packet len: 37. strand post doWrite...
