0: [2020-Feb-14 10:05:53.591294] - CConfig::SetPath() - cannot open file, /mnt/teamway/atlas/BallCameraServer/qt-build/../config/global.ini
1: [2020-Feb-14 10:05:53.591468] - YH Device SDK, compiled Jan  6 2020, 14:30:29, copyrights (c) 2018.
2: [2020-Feb-14 10:05:53.591503] - LOG Begin(dev sdk): control::Init() - process: /mnt/teamway/atlas/BallCameraServer/qt-build/BallCameraServer(16125)
3: [2020-Feb-14 10:05:53.591582] - [devsdk]control::Init() - CDevice::m_objTask.Start()!
4: [2020-Feb-14 10:05:53.591898] - tcpServer::doAccept() - create conn obj-------
5: [2020-Feb-14 10:05:53.591948] - [devsdk] control::Init() - listen 10.0.48.66 @ 6608...
6: [2020-Feb-14 10:06:05.204695] - [dsdk] DeviceManager::DoProc() - connection online, hSession: 0x0x46cba30
7: [2020-Feb-14 10:06:05.204786] - tcpServer::doAccept() - create conn obj-------
8: [2020-Feb-14 10:06:05.244297] - COMMON::connObj::SendData() - conn: 0x0x46cba30, packet len: 60. strand post doWrite...
9: [2020-Feb-14 10:06:05.244399] - [dsdk] DeviceManager::build_conn_device_map() - session x0x46cba30 existed, device obj NULL, update session ------- 

10: [2020-Feb-14 10:06:05.244450] - [devsdk]DeviceManger::DoProc() - do signal reg - {"eventtype":"26","deviceid":"30013","channels":"1","type":"4108","nettype":"2","disktype":"1","factorytype":"18","audiotype":"1","addr":"10.0.48.70:52997","desc":"register"}
11: [2020-Feb-14 10:06:05.594093] - COMMON::connObj::SendData() - conn: 0x0x46cba30, packet len: 99. strand post doWrite...
12: [2020-Feb-14 10:06:05.594365] - CDevice::SendOpenStreamCmd() - hSession: 0x0x46cba30, ret: 0x0. cmd len: 99, cmd str: $$dc0090,1,C508,30013,,200214 100605,6B8B4567-23C6-327B-A998-3C6473483366,1,0,0,0,10.0.48.66,6608,#
13: [2020-Feb-14 10:06:05.707973] - [dsdk] DeviceManager::DoProc() - connection online, hSession: 0x0x7f8334049ca0
14: [2020-Feb-14 10:06:05.708199] - tcpServer::doAccept() - create conn obj-------
15: [2020-Feb-14 10:06:05.708506] - CDevice::DoMediaReg() - devid:30013, bussid(BussType_chn_streamtype): 1_0_0
16: [2020-Feb-14 10:06:05.708655] - COMMON::connObj::SendData() - conn: 0x0x7f8334049ca0, packet len: 16. strand post doWrite...
17: [2020-Feb-14 10:06:05.708721] - [dsdk] DeviceManager::build_conn_device_map() - session x0x7f8334049ca0 existed, device obj NULL, update session ------- 

18: [2020-Feb-14 10:06:05.709052] - COMMON::connObj::SendData() - conn: 0x0x7f8334049ca0, packet len: 8. strand post doWrite...
19: [2020-Feb-14 10:06:11.609990] - COMMON::connObj::SendData() - conn: 0x0x7f8334049ca0, packet len: 8. strand post doWrite...
20: [2020-Feb-14 10:06:11.610105] - sds::device::CDevice::SendHeartM succ 30013 

21: [2020-Feb-14 10:06:17.576033] - COMMON::connObj::SendData() - conn: 0x0x7f8334049ca0, packet len: 8. strand post doWrite...
22: [2020-Feb-14 10:06:17.576148] - sds::device::CDevice::SendHeartM succ 30013 

23: [2020-Feb-14 10:06:23.613104] - COMMON::connObj::SendData() - conn: 0x0x7f8334049ca0, packet len: 8. strand post doWrite...
24: [2020-Feb-14 10:06:23.613224] - sds::device::CDevice::SendHeartM succ 30013 

25: [2020-Feb-14 10:06:29.639067] - COMMON::connObj::SendData() - conn: 0x0x7f8334049ca0, packet len: 8. strand post doWrite...
26: [2020-Feb-14 10:06:29.639124] - sds::device::CDevice::SendHeartM succ 30013 

