0: [2020-Feb-11 17:00:13.416490] - CConfig::SetPath() - cannot open file, /mnt/teamway/atlas/BallCameraServer/qt-build/../config/global.ini
1: [2020-Feb-11 17:00:13.416654] - YH Device SDK, compiled Jan  6 2020, 14:30:29, copyrights (c) 2018.
2: [2020-Feb-11 17:00:13.416685] - LOG Begin(dev sdk): control::Init() - process: /mnt/teamway/atlas/BallCameraServer/qt-build/BallCameraServer(9745)
3: [2020-Feb-11 17:00:13.418608] - [devsdk]control::Init() - CDevice::m_objTask.Start()!
4: [2020-Feb-11 17:00:13.431247] - tcpServer::doAccept() - create conn obj-------
5: [2020-Feb-11 17:00:13.431330] - [devsdk] control::Init() - listen 10.0.48.66 @ 6608...
6: [2020-Feb-11 17:00:26.012721] - [dsdk] DeviceManager::DoProc() - connection online, hSession: 0x0xdd42e0
7: [2020-Feb-11 17:00:26.013023] - tcpServer::doAccept() - create conn obj-------
8: [2020-Feb-11 17:00:26.051722] - COMMON::connObj::SendData() - conn: 0x0xdd42e0, packet len: 60. strand post doWrite...
9: [2020-Feb-11 17:00:26.051892] - [dsdk] DeviceManager::build_conn_device_map() - session x0xdd42e0 existed, device obj NULL, update session ------- 

10: [2020-Feb-11 17:00:26.051982] - [devsdk]DeviceManger::DoProc() - do signal reg - {"eventtype":"26","deviceid":"30013","channels":"1","type":"4108","nettype":"2","disktype":"1","factorytype":"18","audiotype":"1","addr":"10.0.48.70:36868","desc":"register"}
11: [2020-Feb-11 17:00:26.433512] - COMMON::connObj::SendData() - conn: 0x0xdd42e0, packet len: 99. strand post doWrite...
12: [2020-Feb-11 17:00:26.433696] - CDevice::SendOpenStreamCmd() - hSession: 0x0xdd42e0, ret: 0x0. cmd len: 99, cmd str: $$dc0090,1,C508,30013,,200211 170026,6B8B4567-23C6-327B-A998-3C6473483366,1,0,0,0,10.0.48.66,6608,#
13: [2020-Feb-11 17:00:26.543768] - [dsdk] DeviceManager::DoProc() - connection online, hSession: 0x0x7fffc8049ca0
14: [2020-Feb-11 17:00:26.543970] - tcpServer::doAccept() - create conn obj-------
15: [2020-Feb-11 17:00:26.546252] - CDevice::DoMediaReg() - devid:30013, bussid(BussType_chn_streamtype): 1_0_0
16: [2020-Feb-11 17:00:26.546397] - COMMON::connObj::SendData() - conn: 0x0x7fffc8049ca0, packet len: 16. strand post doWrite...
17: [2020-Feb-11 17:00:26.546461] - [dsdk] DeviceManager::build_conn_device_map() - session x0x7fffc8049ca0 existed, device obj NULL, update session ------- 

18: [2020-Feb-11 17:00:26.547031] - COMMON::connObj::SendData() - conn: 0x0x7fffc8049ca0, packet len: 8. strand post doWrite...
19: [2020-Feb-11 17:00:31.071770] - COMMON::connObj::SendData() - conn: 0x0x7fffc8049ca0, packet len: 8. strand post doWrite...
20: [2020-Feb-11 17:00:31.071910] - sds::device::CDevice::SendHeartM succ 30013 

21: [2020-Feb-11 17:00:36.111951] - COMMON::connObj::SendData() - conn: 0x0x7fffc8049ca0, packet len: 8. strand post doWrite...
22: [2020-Feb-11 17:00:36.112098] - sds::device::CDevice::SendHeartM succ 30013 

23: [2020-Feb-11 17:00:41.151616] - COMMON::connObj::SendData() - conn: 0x0x7fffc8049ca0, packet len: 8. strand post doWrite...
24: [2020-Feb-11 17:00:41.151756] - sds::device::CDevice::SendHeartM succ 30013 

25: [2020-Feb-11 17:00:46.191943] - COMMON::connObj::SendData() - conn: 0x0x7fffc8049ca0, packet len: 8. strand post doWrite...
26: [2020-Feb-11 17:00:46.192082] - sds::device::CDevice::SendHeartM succ 30013 

27: [2020-Feb-11 17:00:51.231588] - COMMON::connObj::SendData() - conn: 0x0x7fffc8049ca0, packet len: 8. strand post doWrite...
28: [2020-Feb-11 17:00:51.231728] - sds::device::CDevice::SendHeartM succ 30013 

29: [2020-Feb-11 17:00:56.271605] - COMMON::connObj::SendData() - conn: 0x0x7fffc8049ca0, packet len: 8. strand post doWrite...
30: [2020-Feb-11 17:00:56.271775] - sds::device::CDevice::SendHeartM succ 30013 

31: [2020-Feb-11 17:01:01.311452] - COMMON::connObj::SendData() - conn: 0x0x7fffc8049ca0, packet len: 8. strand post doWrite...
32: [2020-Feb-11 17:01:01.311595] - sds::device::CDevice::SendHeartM succ 30013 

33: [2020-Feb-11 17:01:05.831306] - [devsds]CDevice::DoFrame() - dev:30013,  recv frames 1000,  bytes 10010604 ------
34: [2020-Feb-11 17:01:06.351358] - COMMON::connObj::SendData() - conn: 0x0x7fffc8049ca0, packet len: 8. strand post doWrite...
35: [2020-Feb-11 17:01:06.351515] - sds::device::CDevice::SendHeartM succ 30013 

36: [2020-Feb-11 17:01:11.391311] - COMMON::connObj::SendData() - conn: 0x0x7fffc8049ca0, packet len: 8. strand post doWrite...
37: [2020-Feb-11 17:01:11.391444] - sds::device::CDevice::SendHeartM succ 30013 

38: [2020-Feb-11 17:01:16.431662] - COMMON::connObj::SendData() - conn: 0x0x7fffc8049ca0, packet len: 8. strand post doWrite...
39: [2020-Feb-11 17:01:16.431803] - sds::device::CDevice::SendHeartM succ 30013 

40: [2020-Feb-11 17:01:21.471274] - COMMON::connObj::SendData() - conn: 0x0x7fffc8049ca0, packet len: 8. strand post doWrite...
41: [2020-Feb-11 17:01:21.471411] - sds::device::CDevice::SendHeartM succ 30013 

42: [2020-Feb-11 17:01:26.511668] - COMMON::connObj::SendData() - conn: 0x0x7fffc8049ca0, packet len: 8. strand post doWrite...
43: [2020-Feb-11 17:01:26.511810] - sds::device::CDevice::SendHeartM succ 30013 

44: [2020-Feb-11 17:01:26.830517] - COMMON::connObj::SendData() - conn: 0x0xdd42e0, packet len: 37. strand post doWrite...
45: [2020-Feb-11 17:01:31.871121] - COMMON::connObj::SendData() - conn: 0x0x7fffc8049ca0, packet len: 8. strand post doWrite...
46: [2020-Feb-11 17:01:31.871329] - sds::device::CDevice::SendHeartM succ 30013 

47: [2020-Feb-11 17:01:36.925858] - COMMON::connObj::SendData() - conn: 0x0x7fffc8049ca0, packet len: 8. strand post doWrite...
48: [2020-Feb-11 17:01:36.925910] - sds::device::CDevice::SendHeartM succ 30013 

49: [2020-Feb-11 17:01:41.941741] - COMMON::connObj::SendData() - conn: 0x0x7fffc8049ca0, packet len: 8. strand post doWrite...
50: [2020-Feb-11 17:01:41.941875] - sds::device::CDevice::SendHeartM succ 30013 

51: [2020-Feb-11 17:01:45.021020] - [devsds]CDevice::DoFrame() - dev:30013,  recv frames 2000,  bytes 19924923 ------
52: [2020-Feb-11 17:01:46.980979] - COMMON::connObj::SendData() - conn: 0x0x7fffc8049ca0, packet len: 8. strand post doWrite...
53: [2020-Feb-11 17:01:46.981125] - sds::device::CDevice::SendHeartM succ 30013 

54: [2020-Feb-11 17:01:52.021005] - COMMON::connObj::SendData() - conn: 0x0x7fffc8049ca0, packet len: 8. strand post doWrite...
55: [2020-Feb-11 17:01:52.021148] - sds::device::CDevice::SendHeartM succ 30013 

56: [2020-Feb-11 17:01:57.060851] - COMMON::connObj::SendData() - conn: 0x0x7fffc8049ca0, packet len: 8. strand post doWrite...
57: [2020-Feb-11 17:01:57.061026] - sds::device::CDevice::SendHeartM succ 30013 

58: [2020-Feb-11 17:02:02.070928] - COMMON::connObj::SendData() - conn: 0x0x7fffc8049ca0, packet len: 8. strand post doWrite...
59: [2020-Feb-11 17:02:02.071070] - sds::device::CDevice::SendHeartM succ 30013 

60: [2020-Feb-11 17:02:07.110906] - COMMON::connObj::SendData() - conn: 0x0x7fffc8049ca0, packet len: 8. strand post doWrite...
61: [2020-Feb-11 17:02:07.111045] - sds::device::CDevice::SendHeartM succ 30013 

62: [2020-Feb-11 17:02:13.197944] - COMMON::connObj::SendData() - conn: 0x0x7fffc8049ca0, packet len: 8. strand post doWrite...
63: [2020-Feb-11 17:02:13.198029] - sds::device::CDevice::SendHeartM succ 30013 

