0: [2020-Feb-11 09:10:42.615997] - CConfig::SetPath() - cannot open file, /mnt/teamway/atlas/BallCameraServer/qt-build/../config/global.ini
1: [2020-Feb-11 09:10:42.616145] - YH Device SDK, compiled Jan  6 2020, 14:30:29, copyrights (c) 2018.
2: [2020-Feb-11 09:10:42.616175] - LOG Begin(dev sdk): control::Init() - process: /mnt/teamway/atlas/BallCameraServer/qt-build/BallCameraServer(29042)
3: [2020-Feb-11 09:10:42.616398] - [devsdk]control::Init() - CDevice::m_objTask.Start()!
4: [2020-Feb-11 09:10:42.625474] - tcpServer::doAccept() - create conn obj-------
5: [2020-Feb-11 09:10:42.625563] - [devsdk] control::Init() - listen 10.0.48.66 @ 6608...
6: [2020-Feb-11 09:10:43.561628] - [dsdk] DeviceManager::DoProc() - connection online, hSession: 0x0x8f9c50
7: [2020-Feb-11 09:10:43.561752] - tcpServer::doAccept() - create conn obj-------
8: [2020-Feb-11 09:10:43.581210] - COMMON::connObj::SendData() - conn: 0x0x8f9c50, packet len: 60. strand post doWrite...
9: [2020-Feb-11 09:10:43.581272] - [dsdk] DeviceManager::build_conn_device_map() - session x0x8f9c50 existed, device obj NULL, update session ------- 

10: [2020-Feb-11 09:10:43.581302] - [devsdk]DeviceManger::DoProc() - do signal reg - {"eventtype":"26","deviceid":"30013","channels":"1","type":"4108","nettype":"2","disktype":"1","factorytype":"18","audiotype":"1","addr":"10.0.48.70:59074","desc":"register"}
11: [2020-Feb-11 09:10:47.445178] - COMMON::connObj::SendData() - conn: 0x0x8f9c50, packet len: 99. strand post doWrite...
12: [2020-Feb-11 09:10:47.445230] - CDevice::SendOpenStreamCmd() - hSession: 0x0x8f9c50, ret: 0x0. cmd len: 99, cmd str: $$dc0090,1,C508,30013,,200211 091047,6B8B4567-23C6-327B-A998-3C6473483366,1,0,0,0,10.0.48.66,6608,#
13: [2020-Feb-11 09:11:44.080426] - COMMON::connObj::SendData() - conn: 0x0x8f9c50, packet len: 37. strand post doWrite...
14: [2020-Feb-11 09:12:44.079999] - COMMON::connObj::SendData() - conn: 0x0x8f9c50, packet len: 37. strand post doWrite...
15: [2020-Feb-11 09:13:44.079567] - COMMON::connObj::SendData() - conn: 0x0x8f9c50, packet len: 37. strand post doWrite...
16: [2020-Feb-11 09:14:45.899160] - COMMON::connObj::SendData() - conn: 0x0x8f9c50, packet len: 37. strand post doWrite...
17: [2020-Feb-11 09:15:45.898824] - COMMON::connObj::SendData() - conn: 0x0x8f9c50, packet len: 37. strand post doWrite...
18: [2020-Feb-11 09:16:45.898381] - COMMON::connObj::SendData() - conn: 0x0x8f9c50, packet len: 37. strand post doWrite...
19: [2020-Feb-11 09:17:47.718051] - COMMON::connObj::SendData() - conn: 0x0x8f9c50, packet len: 37. strand post doWrite...
20: [2020-Feb-11 09:18:47.717922] - COMMON::connObj::SendData() - conn: 0x0x8f9c50, packet len: 37. strand post doWrite...
21: [2020-Feb-11 09:19:47.717170] - COMMON::connObj::SendData() - conn: 0x0x8f9c50, packet len: 38. strand post doWrite...
22: [2020-Feb-11 09:20:49.466745] - COMMON::connObj::SendData() - conn: 0x0x8f9c50, packet len: 38. strand post doWrite...
23: [2020-Feb-11 09:21:49.476282] - COMMON::connObj::SendData() - conn: 0x0x8f9c50, packet len: 38. strand post doWrite...
24: [2020-Feb-11 09:22:01.176243] - COMMON::connObj::SendData() - conn: 0x0x8f9c50, packet len: 76. strand post doWrite...
25: [2020-Feb-11 09:22:05.106387] - COMMON::connObj::handle_read() - conn: 0x0x8f9c50, fail: End of file
26: [2020-Feb-11 09:22:05.106513] - COMMON::connObj::handle_close() - conn: 0x0x8f9c50
27: [2020-Feb-11 09:22:05.106623] - [devsdk]NetManager::OnEventCB() - offline event, session(connobj): 0x0x8f9c50, create arp of EVENT_TYPE_OFFLINE.
28: [2020-Feb-11 09:22:07.607051] - CDevice::check_close() - not online, GetNetManager::CloseConn - 0x8f9c50
29: [2020-Feb-11 09:22:07.607222] - [devsdk] NetManager::CloseConn() - conn type: server, close conn: 0x0x8f9c50

30: [2020-Feb-11 09:22:29.408406] - [dsdk] DeviceManager::DoProc() - connection online, hSession: 0x0x7fffcc049ca0
31: [2020-Feb-11 09:22:29.408782] - tcpServer::doAccept() - create conn obj-------
32: [2020-Feb-11 09:22:29.427032] - COMMON::connObj::SendData() - conn: 0x0x7fffcc049ca0, packet len: 60. strand post doWrite...
33: [2020-Feb-11 09:22:29.427174] - [dsdk] DeviceManager::build_conn_device_map() - session x0x7fffcc049ca0 existed, device obj NULL, update session ------- 

34: [2020-Feb-11 09:22:29.427286] - [devsdk]DeviceManger::DoProc() - do signal reg - {"eventtype":"26","deviceid":"30013","channels":"1","type":"4108","nettype":"2","disktype":"1","factorytype":"18","audiotype":"1","addr":"10.0.48.70:52450","desc":"register"}
35: [2020-Feb-11 09:22:29.472222] - COMMON::connObj::SendData() - conn: 0x0x7fffcc049ca0, packet len: 99. strand post doWrite...
36: [2020-Feb-11 09:22:29.472376] - CDevice::SendOpenStreamCmd() - hSession: 0x0x7fffcc049ca0, ret: 0x0. cmd len: 99, cmd str: $$dc0090,1,C508,30013,,200211 092229,74B0DC51-5CFF-1949-8A94-E82AEC585562,1,0,0,0,10.0.48.66,6608,#
37: [2020-Feb-11 09:22:29.519664] - [dsdk] DeviceManager::DoProc() - connection online, hSession: 0x0x7fffcc033c50
38: [2020-Feb-11 09:22:29.519873] - tcpServer::doAccept() - create conn obj-------
39: [2020-Feb-11 09:22:29.520137] - CDevice::DoMediaReg() - devid:30013, bussid(BussType_chn_streamtype): 1_0_0
40: [2020-Feb-11 09:22:29.520274] - COMMON::connObj::SendData() - conn: 0x0x7fffcc033c50, packet len: 16. strand post doWrite...
41: [2020-Feb-11 09:22:29.520336] - [dsdk] DeviceManager::build_conn_device_map() - session x0x7fffcc033c50 existed, device obj NULL, update session ------- 

42: [2020-Feb-11 09:22:29.520484] - COMMON::connObj::SendData() - conn: 0x0x7fffcc033c50, packet len: 8. strand post doWrite...
43: [2020-Feb-11 09:22:29.520543] - COMMON::connObj::SendData() - conn: 0x0x7fffcc033c50, packet len: 8. strand post doWrite...
44: [2020-Feb-11 09:22:29.520592] - sds::device::CDevice::SendHeartM succ 30013 

45: [2020-Feb-11 09:22:49.556067] - COMMON::connObj::SendData() - conn: 0x0x7fffcc033c50, packet len: 8. strand post doWrite...
46: [2020-Feb-11 09:22:49.556190] - sds::device::CDevice::SendHeartM succ 30013 

47: [2020-Feb-11 09:23:09.565934] - COMMON::connObj::SendData() - conn: 0x0x7fffcc033c50, packet len: 8. strand post doWrite...
48: [2020-Feb-11 09:23:09.566064] - sds::device::CDevice::SendHeartM succ 30013 

49: [2020-Feb-11 09:23:14.654222] - tcpServer::ClearConn() - conn:0x0x8f9c50
50: [2020-Feb-11 09:23:14.654385] - connObj::~connObj() - 0x0x8f9c50 enter.
51: [2020-Feb-11 09:23:29.595815] - COMMON::connObj::SendData() - conn: 0x0x7fffcc033c50, packet len: 8. strand post doWrite...
52: [2020-Feb-11 09:23:29.595940] - sds::device::CDevice::SendHeartM succ 30013 

53: [2020-Feb-11 09:23:30.486001] - COMMON::connObj::SendData() - conn: 0x0x7fffcc049ca0, packet len: 37. strand post doWrite...
54: [2020-Feb-11 09:23:49.595653] - COMMON::connObj::SendData() - conn: 0x0x7fffcc033c50, packet len: 8. strand post doWrite...
55: [2020-Feb-11 09:23:49.595783] - sds::device::CDevice::SendHeartM succ 30013 

56: [2020-Feb-11 09:24:09.635509] - COMMON::connObj::SendData() - conn: 0x0x7fffcc033c50, packet len: 8. strand post doWrite...
57: [2020-Feb-11 09:24:09.635634] - sds::device::CDevice::SendHeartM succ 30013 

58: [2020-Feb-11 09:24:29.635353] - COMMON::connObj::SendData() - conn: 0x0x7fffcc033c50, packet len: 8. strand post doWrite...
59: [2020-Feb-11 09:24:29.635491] - sds::device::CDevice::SendHeartM succ 30013 

60: [2020-Feb-11 09:24:30.495666] - COMMON::connObj::SendData() - conn: 0x0x7fffcc049ca0, packet len: 37. strand post doWrite...
61: [2020-Feb-11 09:24:49.675228] - COMMON::connObj::SendData() - conn: 0x0x7fffcc033c50, packet len: 8. strand post doWrite...
62: [2020-Feb-11 09:24:49.675354] - sds::device::CDevice::SendHeartM succ 30013 

63: [2020-Feb-11 09:25:06.052561] - COMMON::connObj::SendData() - conn: 0x0x7fffcc033c50, packet len: 8. strand post doWrite...
64: [2020-Feb-11 09:25:06.052603] - sds::device::CDevice::SendHeartM succ 30013 

