0: [2020-Feb-12 09:43:23.138889] - CConfig::SetPath() - cannot open file, /mnt/teamway/atlas/BallCameraServer/qt-build/../config/global.ini
1: [2020-Feb-12 09:43:23.139038] - YH Device SDK, compiled Jan  6 2020, 14:30:29, copyrights (c) 2018.
2: [2020-Feb-12 09:43:23.139068] - LOG Begin(dev sdk): control::Init() - process: /mnt/teamway/atlas/BallCameraServer/qt-build/BallCameraServer(19845)
3: [2020-Feb-12 09:43:23.139278] - [devsdk]control::Init() - CDevice::m_objTask.Start()!
4: [2020-Feb-12 09:43:23.146793] - tcpServer::doAccept() - create conn obj-------
5: [2020-Feb-12 09:43:23.146875] - [devsdk] control::Init() - listen 10.0.48.66 @ 6608...
6: [2020-Feb-12 09:43:27.109292] - [dsdk] DeviceManager::DoProc() - connection online, hSession: 0x0x3ed52f0
7: [2020-Feb-12 09:43:27.109617] - tcpServer::doAccept() - create conn obj-------
8: [2020-Feb-12 09:43:27.148509] - COMMON::connObj::SendData() - conn: 0x0x3ed52f0, packet len: 60. strand post doWrite...
9: [2020-Feb-12 09:43:27.148685] - [dsdk] DeviceManager::build_conn_device_map() - session x0x3ed52f0 existed, device obj NULL, update session ------- 

10: [2020-Feb-12 09:43:27.148777] - [devsdk]DeviceManger::DoProc() - do signal reg - {"eventtype":"26","deviceid":"30013","channels":"1","type":"4108","nettype":"2","disktype":"1","factorytype":"18","audiotype":"1","addr":"10.0.48.70:48867","desc":"register"}
11: [2020-Feb-12 09:43:28.148144] - COMMON::connObj::SendData() - conn: 0x0x3ed52f0, packet len: 99. strand post doWrite...
12: [2020-Feb-12 09:43:28.148310] - CDevice::SendOpenStreamCmd() - hSession: 0x0x3ed52f0, ret: 0x0. cmd len: 99, cmd str: $$dc0090,1,C508,30013,,200212 094328,6B8B4567-23C6-327B-A998-3C6473483366,1,0,0,0,10.0.48.66,6608,#
13: [2020-Feb-12 09:43:28.250618] - [dsdk] DeviceManager::DoProc() - connection online, hSession: 0x0x7fffc8049ca0
14: [2020-Feb-12 09:43:28.250816] - tcpServer::doAccept() - create conn obj-------
15: [2020-Feb-12 09:43:28.251426] - CDevice::DoMediaReg() - devid:30013, bussid(BussType_chn_streamtype): 1_0_0
16: [2020-Feb-12 09:43:28.251572] - COMMON::connObj::SendData() - conn: 0x0x7fffc8049ca0, packet len: 16. strand post doWrite...
17: [2020-Feb-12 09:43:28.251637] - [dsdk] DeviceManager::build_conn_device_map() - session x0x7fffc8049ca0 existed, device obj NULL, update session ------- 

18: [2020-Feb-12 09:43:28.252505] - COMMON::connObj::SendData() - conn: 0x0x7fffc8049ca0, packet len: 8. strand post doWrite...
19: [2020-Feb-12 09:43:36.387174] - COMMON::connObj::SendData() - conn: 0x0x7fffc8049ca0, packet len: 8. strand post doWrite...
20: [2020-Feb-12 09:43:36.387227] - sds::device::CDevice::SendHeartM succ 30013 

21: [2020-Feb-12 09:44:36.161974] - COMMON::connObj::SendData() - conn: 0x0x3ed52f0, packet len: 37. strand post doWrite...
