0: [2020-Feb-14 09:46:03.347907] - CConfig::SetPath() - cannot open file, /mnt/teamway/atlas/BallCameraServer/qt-build/../config/global.ini
1: [2020-Feb-14 09:46:03.348071] - YH Device SDK, compiled Jan  6 2020, 14:30:29, copyrights (c) 2018.
2: [2020-Feb-14 09:46:03.348104] - LOG Begin(dev sdk): control::Init() - process: /mnt/teamway/atlas/BallCameraServer/qt-build/BallCameraServer(12437)
3: [2020-Feb-14 09:46:03.348186] - [devsdk]control::Init() - CDevice::m_objTask.Start()!
4: [2020-Feb-14 09:46:03.348518] - tcpServer::doAccept() - create conn obj-------
5: [2020-Feb-14 09:46:03.348565] - [devsdk] control::Init() - listen 10.0.48.66 @ 6608...
6: [2020-Feb-14 09:46:13.754574] - [dsdk] DeviceManager::DoProc() - connection online, hSession: 0x0x3be1610
7: [2020-Feb-14 09:46:13.754660] - tcpServer::doAccept() - create conn obj-------
8: [2020-Feb-14 09:46:13.794208] - COMMON::connObj::SendData() - conn: 0x0x3be1610, packet len: 60. strand post doWrite...
9: [2020-Feb-14 09:46:13.794271] - [dsdk] DeviceManager::build_conn_device_map() - session x0x3be1610 existed, device obj NULL, update session ------- 

10: [2020-Feb-14 09:46:13.794300] - [devsdk]DeviceManger::DoProc() - do signal reg - {"eventtype":"26","deviceid":"30013","channels":"1","type":"4108","nettype":"2","disktype":"1","factorytype":"18","audiotype":"1","addr":"10.0.48.70:52769","desc":"register"}
11: [2020-Feb-14 09:46:14.350266] - COMMON::connObj::SendData() - conn: 0x0x3be1610, packet len: 99. strand post doWrite...
12: [2020-Feb-14 09:46:14.350440] - CDevice::SendOpenStreamCmd() - hSession: 0x0x3be1610, ret: 0x0. cmd len: 99, cmd str: $$dc0090,1,C508,30013,,200214 094614,6B8B4567-23C6-327B-A998-3C6473483366,1,0,0,0,10.0.48.66,6608,#
13: [2020-Feb-14 09:46:14.446606] - [dsdk] DeviceManager::DoProc() - connection online, hSession: 0x0x7ff968049ca0
14: [2020-Feb-14 09:46:14.446814] - tcpServer::doAccept() - create conn obj-------
15: [2020-Feb-14 09:46:14.448075] - CDevice::DoMediaReg() - devid:30013, bussid(BussType_chn_streamtype): 1_0_0
16: [2020-Feb-14 09:46:14.448218] - COMMON::connObj::SendData() - conn: 0x0x7ff968049ca0, packet len: 16. strand post doWrite...
17: [2020-Feb-14 09:46:14.448285] - [dsdk] DeviceManager::build_conn_device_map() - session x0x7ff968049ca0 existed, device obj NULL, update session ------- 

18: [2020-Feb-14 09:46:14.448797] - COMMON::connObj::SendData() - conn: 0x0x7ff968049ca0, packet len: 8. strand post doWrite...
19: [2020-Feb-14 09:46:19.934227] - COMMON::connObj::SendData() - conn: 0x0x7ff968049ca0, packet len: 8. strand post doWrite...
20: [2020-Feb-14 09:46:19.934288] - sds::device::CDevice::SendHeartM succ 30013 

21: [2020-Feb-14 09:46:26.750604] - COMMON::connObj::SendData() - conn: 0x0x7ff968049ca0, packet len: 8. strand post doWrite...
22: [2020-Feb-14 09:46:26.750953] - sds::device::CDevice::SendHeartM succ 30013 

23: [2020-Feb-14 09:46:33.711268] - COMMON::connObj::SendData() - conn: 0x0x7ff968049ca0, packet len: 8. strand post doWrite...
24: [2020-Feb-14 09:46:33.711450] - sds::device::CDevice::SendHeartM succ 30013 

25: [2020-Feb-14 09:46:40.624332] - COMMON::connObj::SendData() - conn: 0x0x7ff968049ca0, packet len: 8. strand post doWrite...
26: [2020-Feb-14 09:46:40.624430] - sds::device::CDevice::SendHeartM succ 30013 

