0: [2020-Feb-13 16:27:15.156074] - CConfig::SetPath() - cannot open file, /mnt/teamway/atlas/BallCameraServer/qt-build/../config/global.ini
1: [2020-Feb-13 16:27:15.156654] - YH Device SDK, compiled Jan  6 2020, 14:30:29, copyrights (c) 2018.
2: [2020-Feb-13 16:27:15.156751] - LOG Begin(dev sdk): control::Init() - process: /mnt/teamway/atlas/BallCameraServer/qt-build/BallCameraServer(21754)
3: [2020-Feb-13 16:27:15.156958] - [devsdk]control::Init() - CDevice::m_objTask.Start()!
4: [2020-Feb-13 16:27:15.157892] - tcpServer::doAccept() - create conn obj-------
5: [2020-Feb-13 16:27:15.158114] - [devsdk] control::Init() - listen 10.0.48.66 @ 6608...
6: [2020-Feb-13 16:27:22.907915] - [dsdk] DeviceManager::DoProc() - connection online, hSession: 0x0x4d52170
7: [2020-Feb-13 16:27:22.908219] - tcpServer::doAccept() - create conn obj-------
8: [2020-Feb-13 16:27:22.927021] - COMMON::connObj::SendData() - conn: 0x0x4d52170, packet len: 60. strand post doWrite...
9: [2020-Feb-13 16:27:22.927167] - [dsdk] DeviceManager::build_conn_device_map() - session x0x4d52170 existed, device obj NULL, update session ------- 

10: [2020-Feb-13 16:27:22.927256] - [devsdk]DeviceManger::DoProc() - do signal reg - {"eventtype":"26","deviceid":"30013","channels":"1","type":"4108","nettype":"2","disktype":"1","factorytype":"18","audiotype":"1","addr":"10.0.48.70:44349","desc":"register"}
11: [2020-Feb-13 16:27:23.159291] - COMMON::connObj::SendData() - conn: 0x0x4d52170, packet len: 99. strand post doWrite...
12: [2020-Feb-13 16:27:23.159352] - CDevice::SendOpenStreamCmd() - hSession: 0x0x4d52170, ret: 0x0. cmd len: 99, cmd str: $$dc0090,1,C508,30013,,200213 162723,6B8B4567-23C6-327B-A998-3C6473483366,1,0,0,0,10.0.48.66,6608,#
13: [2020-Feb-13 16:27:23.200982] - [dsdk] DeviceManager::DoProc() - connection online, hSession: 0x0x7f6a78049ca0
14: [2020-Feb-13 16:27:23.201204] - tcpServer::doAccept() - create conn obj-------
15: [2020-Feb-13 16:27:23.201761] - CDevice::DoMediaReg() - devid:30013, bussid(BussType_chn_streamtype): 1_0_0
16: [2020-Feb-13 16:27:23.201907] - COMMON::connObj::SendData() - conn: 0x0x7f6a78049ca0, packet len: 16. strand post doWrite...
17: [2020-Feb-13 16:27:23.201971] - [dsdk] DeviceManager::build_conn_device_map() - session x0x7f6a78049ca0 existed, device obj NULL, update session ------- 

18: [2020-Feb-13 16:27:23.202659] - COMMON::connObj::SendData() - conn: 0x0x7f6a78049ca0, packet len: 8. strand post doWrite...
19: [2020-Feb-13 16:27:28.736349] - COMMON::connObj::SendData() - conn: 0x0x7f6a78049ca0, packet len: 8. strand post doWrite...
20: [2020-Feb-13 16:27:28.736409] - sds::device::CDevice::SendHeartM succ 30013 

21: [2020-Feb-13 16:27:34.728103] - COMMON::connObj::SendData() - conn: 0x0x7f6a78049ca0, packet len: 8. strand post doWrite...
22: [2020-Feb-13 16:27:34.728157] - sds::device::CDevice::SendHeartM succ 30013 

