0: [2020-Feb-12 16:22:17.776165] - CConfig::SetPath() - cannot open file, /mnt/teamway/atlas/BallCameraServer/qt-build/../config/global.ini
1: [2020-Feb-12 16:22:17.776335] - YH Device SDK, compiled Jan  6 2020, 14:30:29, copyrights (c) 2018.
2: [2020-Feb-12 16:22:17.776368] - LOG Begin(dev sdk): control::Init() - process: /mnt/teamway/atlas/BallCameraServer/qt-build/BallCameraServer(26839)
3: [2020-Feb-12 16:22:17.781538] - [devsdk]control::Init() - CDevice::m_objTask.Start()!
4: [2020-Feb-12 16:22:17.788010] - tcpServer::doAccept() - create conn obj-------
5: [2020-Feb-12 16:22:17.788098] - [devsdk] control::Init() - listen 10.0.48.66 @ 6608...
6: [2020-Feb-12 16:22:29.839741] - [dsdk] DeviceManager::DoProc() - connection online, hSession: 0x0x3ed40e0
7: [2020-Feb-12 16:22:29.840039] - tcpServer::doAccept() - create conn obj-------
8: [2020-Feb-12 16:22:29.879062] - COMMON::connObj::SendData() - conn: 0x0x3ed40e0, packet len: 60. strand post doWrite...
9: [2020-Feb-12 16:22:29.879230] - [dsdk] DeviceManager::build_conn_device_map() - session x0x3ed40e0 existed, device obj NULL, update session ------- 

10: [2020-Feb-12 16:22:29.879320] - [devsdk]DeviceManger::DoProc() - do signal reg - {"eventtype":"26","deviceid":"30013","channels":"1","type":"4108","nettype":"2","disktype":"1","factorytype":"18","audiotype":"1","addr":"10.0.48.70:53187","desc":"register"}
11: [2020-Feb-12 16:22:30.790504] - COMMON::connObj::SendData() - conn: 0x0x3ed40e0, packet len: 99. strand post doWrite...
12: [2020-Feb-12 16:22:30.790688] - CDevice::SendOpenStreamCmd() - hSession: 0x0x3ed40e0, ret: 0x0. cmd len: 99, cmd str: $$dc0090,1,C508,30013,,200212 162230,6B8B4567-23C6-327B-A998-3C6473483366,1,0,0,0,10.0.48.66,6608,#
13: [2020-Feb-12 16:22:30.801473] - [dsdk] DeviceManager::DoProc() - connection online, hSession: 0x0x7fffc8049ca0
14: [2020-Feb-12 16:22:30.801726] - tcpServer::doAccept() - create conn obj-------
15: [2020-Feb-12 16:22:30.802037] - CDevice::DoMediaReg() - devid:30013, bussid(BussType_chn_streamtype): 1_0_0
16: [2020-Feb-12 16:22:30.802176] - COMMON::connObj::SendData() - conn: 0x0x7fffc8049ca0, packet len: 16. strand post doWrite...
17: [2020-Feb-12 16:22:30.802242] - [dsdk] DeviceManager::build_conn_device_map() - session x0x7fffc8049ca0 existed, device obj NULL, update session ------- 

18: [2020-Feb-12 16:22:30.802856] - COMMON::connObj::SendData() - conn: 0x0x7fffc8049ca0, packet len: 8. strand post doWrite...
19: [2020-Feb-12 16:22:37.384839] - COMMON::connObj::SendData() - conn: 0x0x7fffc8049ca0, packet len: 8. strand post doWrite...
20: [2020-Feb-12 16:22:37.384887] - sds::device::CDevice::SendHeartM succ 30013 

21: [2020-Feb-12 16:22:43.396685] - COMMON::connObj::SendData() - conn: 0x0x7fffc8049ca0, packet len: 8. strand post doWrite...
22: [2020-Feb-12 16:22:43.396733] - sds::device::CDevice::SendHeartM succ 30013 

23: [2020-Feb-12 16:22:49.416414] - COMMON::connObj::SendData() - conn: 0x0x7fffc8049ca0, packet len: 8. strand post doWrite...
24: [2020-Feb-12 16:22:49.416463] - sds::device::CDevice::SendHeartM succ 30013 

25: [2020-Feb-12 16:22:55.437000] - COMMON::connObj::SendData() - conn: 0x0x7fffc8049ca0, packet len: 8. strand post doWrite...
26: [2020-Feb-12 16:22:55.437049] - sds::device::CDevice::SendHeartM succ 30013 

