0: [2020-Feb-12 17:06:30.626709] - CConfig::SetPath() - cannot open file, /mnt/teamway/atlas/BallCameraServer/qt-build/../config/global.ini
1: [2020-Feb-12 17:06:30.626879] - YH Device SDK, compiled Jan  6 2020, 14:30:29, copyrights (c) 2018.
2: [2020-Feb-12 17:06:30.626911] - LOG Begin(dev sdk): control::Init() - process: /mnt/teamway/atlas/BallCameraServer/qt-build/BallCameraServer(28932)
3: [2020-Feb-12 17:06:30.627797] - [devsdk]control::Init() - CDevice::m_objTask.Start()!
4: [2020-Feb-12 17:06:30.640140] - tcpServer::doAccept() - create conn obj-------
5: [2020-Feb-12 17:06:30.640224] - [devsdk] control::Init() - listen 10.0.48.66 @ 6608...
6: [2020-Feb-12 17:06:32.758312] - [dsdk] DeviceManager::DoProc() - connection online, hSession: 0x0x3ed5150
7: [2020-Feb-12 17:06:32.758597] - tcpServer::doAccept() - create conn obj-------
8: [2020-Feb-12 17:06:32.777588] - COMMON::connObj::SendData() - conn: 0x0x3ed5150, packet len: 60. strand post doWrite...
9: [2020-Feb-12 17:06:32.777750] - [dsdk] DeviceManager::build_conn_device_map() - session x0x3ed5150 existed, device obj NULL, update session ------- 

10: [2020-Feb-12 17:06:32.777847] - [devsdk]DeviceManger::DoProc() - do signal reg - {"eventtype":"26","deviceid":"30013","channels":"1","type":"4108","nettype":"2","disktype":"1","factorytype":"18","audiotype":"1","addr":"10.0.48.70:53665","desc":"register"}
11: [2020-Feb-12 17:06:33.641159] - COMMON::connObj::SendData() - conn: 0x0x3ed5150, packet len: 99. strand post doWrite...
12: [2020-Feb-12 17:06:33.641331] - CDevice::SendOpenStreamCmd() - hSession: 0x0x3ed5150, ret: 0x0. cmd len: 99, cmd str: $$dc0090,1,C508,30013,,200212 170633,6B8B4567-23C6-327B-A998-3C6473483366,1,0,0,0,10.0.48.66,6608,#
13: [2020-Feb-12 17:06:33.749898] - [dsdk] DeviceManager::DoProc() - connection online, hSession: 0x0x7fffc8049ca0
14: [2020-Feb-12 17:06:33.750104] - tcpServer::doAccept() - create conn obj-------
15: [2020-Feb-12 17:06:33.751656] - CDevice::DoMediaReg() - devid:30013, bussid(BussType_chn_streamtype): 1_0_0
16: [2020-Feb-12 17:06:33.751799] - COMMON::connObj::SendData() - conn: 0x0x7fffc8049ca0, packet len: 16. strand post doWrite...
17: [2020-Feb-12 17:06:33.751865] - [dsdk] DeviceManager::build_conn_device_map() - session x0x7fffc8049ca0 existed, device obj NULL, update session ------- 

18: [2020-Feb-12 17:06:33.752529] - COMMON::connObj::SendData() - conn: 0x0x7fffc8049ca0, packet len: 8. strand post doWrite...
19: [2020-Feb-12 17:07:23.271309] - COMMON::connObj::SendData() - conn: 0x0x7fffc8049ca0, packet len: 8. strand post doWrite...
20: [2020-Feb-12 17:07:23.271361] - sds::device::CDevice::SendHeartM succ 30013 

21: [2020-Feb-12 17:07:30.786606] - COMMON::connObj::SendData() - conn: 0x0x7fffc8049ca0, packet len: 8. strand post doWrite...
22: [2020-Feb-12 17:07:30.786654] - sds::device::CDevice::SendHeartM succ 30013 

23: [2020-Feb-12 17:07:33.366539] - COMMON::connObj::SendData() - conn: 0x0x3ed5150, packet len: 37. strand post doWrite...
24: [2020-Feb-12 17:07:39.212726] - COMMON::connObj::SendData() - conn: 0x0x7fffc8049ca0, packet len: 8. strand post doWrite...
25: [2020-Feb-12 17:07:39.212837] - sds::device::CDevice::SendHeartM succ 30013 

