0: [2020-Feb-14 11:58:01.912016] - CConfig::SetPath() - cannot open file, /mnt/teamway/atlas/BallCameraServer/qt-build/../config/global.ini
1: [2020-Feb-14 11:58:01.912155] - YH Device SDK, compiled Jan  6 2020, 14:30:29, copyrights (c) 2018.
2: [2020-Feb-14 11:58:01.912186] - LOG Begin(dev sdk): control::Init() - process: /mnt/teamway/atlas/BallCameraServer/qt-build/BallCameraServer(20831)
3: [2020-Feb-14 11:58:01.912422] - [devsdk]control::Init() - CDevice::m_objTask.Start()!
4: [2020-Feb-14 11:58:01.921693] - tcpServer::doAccept() - create conn obj-------
5: [2020-Feb-14 11:58:01.921783] - [devsdk] control::Init() - listen 10.0.48.66 @ 6608...
6: [2020-Feb-14 11:58:13.900787] - [dsdk] DeviceManager::DoProc() - connection online, hSession: 0x0x3a08640
7: [2020-Feb-14 11:58:13.901095] - tcpServer::doAccept() - create conn obj-------
8: [2020-Feb-14 11:58:13.940156] - COMMON::connObj::SendData() - conn: 0x0x3a08640, packet len: 60. strand post doWrite...
9: [2020-Feb-14 11:58:13.940324] - [dsdk] DeviceManager::build_conn_device_map() - session x0x3a08640 existed, device obj NULL, update session ------- 

10: [2020-Feb-14 11:58:13.940415] - [devsdk]DeviceManger::DoProc() - do signal reg - {"eventtype":"26","deviceid":"30013","channels":"1","type":"4108","nettype":"2","disktype":"1","factorytype":"18","audiotype":"1","addr":"10.0.48.70:42447","desc":"register"}
11: [2020-Feb-14 11:58:14.924027] - COMMON::connObj::SendData() - conn: 0x0x3a08640, packet len: 99. strand post doWrite...
12: [2020-Feb-14 11:58:14.924187] - CDevice::SendOpenStreamCmd() - hSession: 0x0x3a08640, ret: 0x0. cmd len: 99, cmd str: $$dc0090,1,C508,30013,,200214 115814,6B8B4567-23C6-327B-A998-3C6473483366,1,0,0,0,10.0.48.66,6608,#
13: [2020-Feb-14 11:58:15.021415] - [dsdk] DeviceManager::DoProc() - connection online, hSession: 0x0x7fffc4049ca0
14: [2020-Feb-14 11:58:15.021657] - tcpServer::doAccept() - create conn obj-------
15: [2020-Feb-14 11:58:15.021969] - CDevice::DoMediaReg() - devid:30013, bussid(BussType_chn_streamtype): 1_0_0
16: [2020-Feb-14 11:58:15.022111] - COMMON::connObj::SendData() - conn: 0x0x7fffc4049ca0, packet len: 16. strand post doWrite...
17: [2020-Feb-14 11:58:15.022179] - [dsdk] DeviceManager::build_conn_device_map() - session x0x7fffc4049ca0 existed, device obj NULL, update session ------- 

18: [2020-Feb-14 11:58:15.022317] - COMMON::connObj::SendData() - conn: 0x0x7fffc4049ca0, packet len: 8. strand post doWrite...
19: [2020-Feb-14 11:58:23.711909] - COMMON::connObj::SendData() - conn: 0x0x7fffc4049ca0, packet len: 8. strand post doWrite...
20: [2020-Feb-14 11:58:23.711962] - sds::device::CDevice::SendHeartM succ 30013 

21: [2020-Feb-14 11:58:30.955838] - COMMON::connObj::SendData() - conn: 0x0x7fffc4049ca0, packet len: 8. strand post doWrite...
22: [2020-Feb-14 11:58:30.955961] - sds::device::CDevice::SendHeartM succ 30013 

23: [2020-Feb-14 11:58:36.118777] - COMMON::connObj::SendData() - conn: 0x0x7fffc4049ca0, packet len: 8. strand post doWrite...
24: [2020-Feb-14 11:58:36.118868] - sds::device::CDevice::SendHeartM succ 30013 

25: [2020-Feb-14 11:58:41.306577] - COMMON::connObj::SendData() - conn: 0x0x7fffc4049ca0, packet len: 8. strand post doWrite...
26: [2020-Feb-14 11:58:41.306627] - sds::device::CDevice::SendHeartM succ 30013 

27: [2020-Feb-14 11:58:46.460211] - COMMON::connObj::SendData() - conn: 0x0x7fffc4049ca0, packet len: 8. strand post doWrite...
28: [2020-Feb-14 11:58:46.460258] - sds::device::CDevice::SendHeartM succ 30013 

29: [2020-Feb-14 11:58:51.588981] - COMMON::connObj::SendData() - conn: 0x0x7fffc4049ca0, packet len: 8. strand post doWrite...
30: [2020-Feb-14 11:58:51.589034] - sds::device::CDevice::SendHeartM succ 30013 

31: [2020-Feb-14 11:58:56.690105] - COMMON::connObj::SendData() - conn: 0x0x7fffc4049ca0, packet len: 8. strand post doWrite...
32: [2020-Feb-14 11:58:56.690210] - sds::device::CDevice::SendHeartM succ 30013 

33: [2020-Feb-14 11:59:01.819718] - COMMON::connObj::SendData() - conn: 0x0x7fffc4049ca0, packet len: 8. strand post doWrite...
34: [2020-Feb-14 11:59:01.819826] - sds::device::CDevice::SendHeartM succ 30013 

35: [2020-Feb-14 11:59:07.118383] - COMMON::connObj::SendData() - conn: 0x0x7fffc4049ca0, packet len: 8. strand post doWrite...
36: [2020-Feb-14 11:59:07.118433] - sds::device::CDevice::SendHeartM succ 30013 

37: [2020-Feb-14 11:59:09.680409] - [devsds]CDevice::DoFrame() - dev:30013,  recv frames 1000,  bytes 9983775 ------
38: [2020-Feb-14 11:59:13.687127] - COMMON::connObj::SendData() - conn: 0x0x7fffc4049ca0, packet len: 8. strand post doWrite...
39: [2020-Feb-14 11:59:13.687173] - sds::device::CDevice::SendHeartM succ 30013 

40: [2020-Feb-14 11:59:14.938697] - COMMON::connObj::SendData() - conn: 0x0x3a08640, packet len: 37. strand post doWrite...
41: [2020-Feb-14 11:59:21.375937] - COMMON::connObj::SendData() - conn: 0x0x7fffc4049ca0, packet len: 8. strand post doWrite...
42: [2020-Feb-14 11:59:21.376044] - sds::device::CDevice::SendHeartM succ 30013 

43: [2020-Feb-14 11:59:26.589463] - COMMON::connObj::SendData() - conn: 0x0x7fffc4049ca0, packet len: 8. strand post doWrite...
44: [2020-Feb-14 11:59:26.589523] - sds::device::CDevice::SendHeartM succ 30013 

45: [2020-Feb-14 11:59:31.621915] - COMMON::connObj::SendData() - conn: 0x0x7fffc4049ca0, packet len: 8. strand post doWrite...
46: [2020-Feb-14 11:59:31.621963] - sds::device::CDevice::SendHeartM succ 30013 

47: [2020-Feb-14 11:59:38.175641] - COMMON::connObj::SendData() - conn: 0x0x7fffc4049ca0, packet len: 8. strand post doWrite...
48: [2020-Feb-14 11:59:38.175707] - sds::device::CDevice::SendHeartM succ 30013 

49: [2020-Feb-14 11:59:43.270303] - COMMON::connObj::SendData() - conn: 0x0x7fffc4049ca0, packet len: 8. strand post doWrite...
50: [2020-Feb-14 11:59:43.270447] - sds::device::CDevice::SendHeartM succ 30013 

51: [2020-Feb-14 11:59:48.392525] - COMMON::connObj::SendData() - conn: 0x0x7fffc4049ca0, packet len: 8. strand post doWrite...
52: [2020-Feb-14 11:59:48.392601] - sds::device::CDevice::SendHeartM succ 30013 

53: [2020-Feb-14 11:59:53.518418] - COMMON::connObj::SendData() - conn: 0x0x7fffc4049ca0, packet len: 8. strand post doWrite...
54: [2020-Feb-14 11:59:53.518463] - sds::device::CDevice::SendHeartM succ 30013 

55: [2020-Feb-14 11:59:58.649582] - COMMON::connObj::SendData() - conn: 0x0x7fffc4049ca0, packet len: 8. strand post doWrite...
56: [2020-Feb-14 11:59:58.649628] - sds::device::CDevice::SendHeartM succ 30013 

57: [2020-Feb-14 11:59:58.649781] - [devsds]CDevice::DoFrame() - dev:30013,  recv frames 2000,  bytes 19823397 ------
58: [2020-Feb-14 12:00:03.676719] - COMMON::connObj::SendData() - conn: 0x0x7fffc4049ca0, packet len: 8. strand post doWrite...
59: [2020-Feb-14 12:00:03.676769] - sds::device::CDevice::SendHeartM succ 30013 

60: [2020-Feb-14 12:00:08.824649] - COMMON::connObj::SendData() - conn: 0x0x7fffc4049ca0, packet len: 8. strand post doWrite...
61: [2020-Feb-14 12:00:08.824705] - sds::device::CDevice::SendHeartM succ 30013 

62: [2020-Feb-14 12:00:13.972820] - COMMON::connObj::SendData() - conn: 0x0x7fffc4049ca0, packet len: 8. strand post doWrite...
63: [2020-Feb-14 12:00:13.973046] - sds::device::CDevice::SendHeartM succ 30013 

64: [2020-Feb-14 12:00:14.958744] - COMMON::connObj::SendData() - conn: 0x0x3a08640, packet len: 37. strand post doWrite...
65: [2020-Feb-14 12:00:20.926898] - COMMON::connObj::SendData() - conn: 0x0x7fffc4049ca0, packet len: 8. strand post doWrite...
66: [2020-Feb-14 12:00:20.926961] - sds::device::CDevice::SendHeartM succ 30013 

67: [2020-Feb-14 12:00:26.035373] - COMMON::connObj::SendData() - conn: 0x0x7fffc4049ca0, packet len: 8. strand post doWrite...
68: [2020-Feb-14 12:00:26.035447] - sds::device::CDevice::SendHeartM succ 30013 

69: [2020-Feb-14 12:00:31.166344] - COMMON::connObj::SendData() - conn: 0x0x7fffc4049ca0, packet len: 8. strand post doWrite...
70: [2020-Feb-14 12:00:31.166398] - sds::device::CDevice::SendHeartM succ 30013 

71: [2020-Feb-14 12:00:36.188032] - COMMON::connObj::SendData() - conn: 0x0x7fffc4049ca0, packet len: 8. strand post doWrite...
72: [2020-Feb-14 12:00:36.188080] - sds::device::CDevice::SendHeartM succ 30013 

73: [2020-Feb-14 12:00:41.374609] - COMMON::connObj::SendData() - conn: 0x0x7fffc4049ca0, packet len: 8. strand post doWrite...
74: [2020-Feb-14 12:00:41.374672] - sds::device::CDevice::SendHeartM succ 30013 

75: [2020-Feb-14 12:00:46.510401] - COMMON::connObj::SendData() - conn: 0x0x7fffc4049ca0, packet len: 8. strand post doWrite...
76: [2020-Feb-14 12:00:46.510444] - sds::device::CDevice::SendHeartM succ 30013 

77: [2020-Feb-14 12:00:46.510569] - [devsds]CDevice::DoFrame() - dev:30013,  recv frames 3000,  bytes 29740136 ------
78: [2020-Feb-14 12:00:53.380260] - COMMON::connObj::SendData() - conn: 0x0x7fffc4049ca0, packet len: 8. strand post doWrite...
79: [2020-Feb-14 12:00:53.380318] - sds::device::CDevice::SendHeartM succ 30013 

80: [2020-Feb-14 12:00:58.467433] - COMMON::connObj::SendData() - conn: 0x0x7fffc4049ca0, packet len: 8. strand post doWrite...
81: [2020-Feb-14 12:00:58.467534] - sds::device::CDevice::SendHeartM succ 30013 

82: [2020-Feb-14 12:01:04.354996] - COMMON::connObj::SendData() - conn: 0x0x7fffc4049ca0, packet len: 8. strand post doWrite...
83: [2020-Feb-14 12:01:04.355049] - sds::device::CDevice::SendHeartM succ 30013 

84: [2020-Feb-14 12:01:09.427104] - COMMON::connObj::SendData() - conn: 0x0x7fffc4049ca0, packet len: 8. strand post doWrite...
85: [2020-Feb-14 12:01:09.427237] - sds::device::CDevice::SendHeartM succ 30013 

86: [2020-Feb-14 12:01:14.977935] - COMMON::connObj::SendData() - conn: 0x0x3a08640, packet len: 37. strand post doWrite...
87: [2020-Feb-14 12:01:21.575621] - COMMON::connObj::SendData() - conn: 0x0x7fffc4049ca0, packet len: 8. strand post doWrite...
88: [2020-Feb-14 12:01:21.578041] - sds::device::CDevice::SendHeartM succ 30013 

89: [2020-Feb-14 12:01:26.712238] - COMMON::connObj::SendData() - conn: 0x0x7fffc4049ca0, packet len: 8. strand post doWrite...
90: [2020-Feb-14 12:01:26.712329] - sds::device::CDevice::SendHeartM succ 30013 

91: [2020-Feb-14 12:01:31.856362] - COMMON::connObj::SendData() - conn: 0x0x7fffc4049ca0, packet len: 8. strand post doWrite...
92: [2020-Feb-14 12:01:31.856410] - sds::device::CDevice::SendHeartM succ 30013 

93: [2020-Feb-14 12:01:34.416514] - [devsds]CDevice::DoFrame() - dev:30013,  recv frames 4000,  bytes 39645232 ------
94: [2020-Feb-14 12:01:36.960658] - COMMON::connObj::SendData() - conn: 0x0x7fffc4049ca0, packet len: 8. strand post doWrite...
95: [2020-Feb-14 12:01:36.960711] - sds::device::CDevice::SendHeartM succ 30013 

96: [2020-Feb-14 12:01:43.514496] - COMMON::connObj::SendData() - conn: 0x0x7fffc4049ca0, packet len: 8. strand post doWrite...
97: [2020-Feb-14 12:01:43.514552] - sds::device::CDevice::SendHeartM succ 30013 

98: [2020-Feb-14 12:01:48.596257] - COMMON::connObj::SendData() - conn: 0x0x7fffc4049ca0, packet len: 8. strand post doWrite...
99: [2020-Feb-14 12:01:48.596308] - sds::device::CDevice::SendHeartM succ 30013 

100: [2020-Feb-14 12:01:56.141529] - COMMON::connObj::SendData() - conn: 0x0x7fffc4049ca0, packet len: 8. strand post doWrite...
101: [2020-Feb-14 12:01:56.141579] - sds::device::CDevice::SendHeartM succ 30013 

