0: [2020-Feb-14 11:53:52.834442] - CConfig::SetPath() - cannot open file, /mnt/teamway/atlas/BallCameraServer/qt-build/../config/global.ini
1: [2020-Feb-14 11:53:52.834589] - YH Device SDK, compiled Jan  6 2020, 14:30:29, copyrights (c) 2018.
2: [2020-Feb-14 11:53:52.834619] - LOG Begin(dev sdk): control::Init() - process: /mnt/teamway/atlas/BallCameraServer/qt-build/BallCameraServer(20687)
3: [2020-Feb-14 11:53:52.834906] - [devsdk]control::Init() - CDevice::m_objTask.Start()!
4: [2020-Feb-14 11:53:52.841715] - tcpServer::doAccept() - create conn obj-------
5: [2020-Feb-14 11:53:52.841813] - [devsdk] control::Init() - listen 10.0.48.66 @ 6608...
6: [2020-Feb-14 11:54:05.312998] - [dsdk] DeviceManager::DoProc() - connection online, hSession: 0x0x3a08580
7: [2020-Feb-14 11:54:05.313298] - tcpServer::doAccept() - create conn obj-------
8: [2020-Feb-14 11:54:05.342202] - COMMON::connObj::SendData() - conn: 0x0x3a08580, packet len: 60. strand post doWrite...
9: [2020-Feb-14 11:54:05.342371] - [dsdk] DeviceManager::build_conn_device_map() - session x0x3a08580 existed, device obj NULL, update session ------- 

10: [2020-Feb-14 11:54:05.342463] - [devsdk]DeviceManger::DoProc() - do signal reg - {"eventtype":"26","deviceid":"30013","channels":"1","type":"4108","nettype":"2","disktype":"1","factorytype":"18","audiotype":"1","addr":"10.0.48.70:42408","desc":"register"}
11: [2020-Feb-14 11:54:05.843930] - COMMON::connObj::SendData() - conn: 0x0x3a08580, packet len: 99. strand post doWrite...
12: [2020-Feb-14 11:54:05.844092] - CDevice::SendOpenStreamCmd() - hSession: 0x0x3a08580, ret: 0x0. cmd len: 99, cmd str: $$dc0090,1,C508,30013,,200214 115405,6B8B4567-23C6-327B-A998-3C6473483366,1,0,0,0,10.0.48.66,6608,#
13: [2020-Feb-14 11:54:05.953711] - [dsdk] DeviceManager::DoProc() - connection online, hSession: 0x0x7fffc4049ca0
14: [2020-Feb-14 11:54:05.953935] - tcpServer::doAccept() - create conn obj-------
15: [2020-Feb-14 11:54:05.954310] - CDevice::DoMediaReg() - devid:30013, bussid(BussType_chn_streamtype): 1_0_0
16: [2020-Feb-14 11:54:05.954456] - COMMON::connObj::SendData() - conn: 0x0x7fffc4049ca0, packet len: 16. strand post doWrite...
17: [2020-Feb-14 11:54:05.954523] - [dsdk] DeviceManager::build_conn_device_map() - session x0x7fffc4049ca0 existed, device obj NULL, update session ------- 

18: [2020-Feb-14 11:54:05.954664] - COMMON::connObj::SendData() - conn: 0x0x7fffc4049ca0, packet len: 8. strand post doWrite...
19: [2020-Feb-14 11:55:05.964675] - COMMON::connObj::SendData() - conn: 0x0x3a08580, packet len: 37. strand post doWrite...
20: [2020-Feb-14 11:56:05.652834] - COMMON::connObj::SendData() - conn: 0x0x3a08580, packet len: 37. strand post doWrite...
