0: [2020-Feb-14 10:16:08.320686] - CConfig::SetPath() - cannot open file, /mnt/teamway/atlas/BallCameraServer/qt-build/../config/global.ini
1: [2020-Feb-14 10:16:08.320848] - YH Device SDK, compiled Jan  6 2020, 14:30:29, copyrights (c) 2018.
2: [2020-Feb-14 10:16:08.320882] - LOG Begin(dev sdk): control::Init() - process: /mnt/teamway/atlas/BallCameraServer/qt-build/BallCameraServer(17220)
3: [2020-Feb-14 10:16:08.320953] - [devsdk]control::Init() - CDevice::m_objTask.Start()!
4: [2020-Feb-14 10:16:08.321282] - tcpServer::doAccept() - create conn obj-------
5: [2020-Feb-14 10:16:08.321331] - [devsdk] control::Init() - listen 10.0.48.66 @ 6608...
6: [2020-Feb-14 10:16:21.053897] - [dsdk] DeviceManager::DoProc() - connection online, hSession: 0x0x47b4c70
7: [2020-Feb-14 10:16:21.054215] - tcpServer::doAccept() - create conn obj-------
8: [2020-Feb-14 10:16:21.093292] - COMMON::connObj::SendData() - conn: 0x0x47b4c70, packet len: 60. strand post doWrite...
9: [2020-Feb-14 10:16:21.093463] - [dsdk] DeviceManager::build_conn_device_map() - session x0x47b4c70 existed, device obj NULL, update session ------- 

10: [2020-Feb-14 10:16:21.093588] - [devsdk]DeviceManger::DoProc() - do signal reg - {"eventtype":"26","deviceid":"30013","channels":"1","type":"4108","nettype":"2","disktype":"1","factorytype":"18","audiotype":"1","addr":"10.0.48.70:53119","desc":"register"}
11: [2020-Feb-14 10:16:21.323335] - COMMON::connObj::SendData() - conn: 0x0x47b4c70, packet len: 99. strand post doWrite...
12: [2020-Feb-14 10:16:21.323507] - CDevice::SendOpenStreamCmd() - hSession: 0x0x47b4c70, ret: 0x0. cmd len: 99, cmd str: $$dc0090,1,C508,30013,,200214 101621,6B8B4567-23C6-327B-A998-3C6473483366,1,0,0,0,10.0.48.66,6608,#
13: [2020-Feb-14 10:16:21.355394] - [dsdk] DeviceManager::DoProc() - connection online, hSession: 0x0x7f3ba8049ca0
14: [2020-Feb-14 10:16:21.355600] - tcpServer::doAccept() - create conn obj-------
15: [2020-Feb-14 10:16:21.356911] - CDevice::DoMediaReg() - devid:30013, bussid(BussType_chn_streamtype): 1_0_0
16: [2020-Feb-14 10:16:21.357061] - COMMON::connObj::SendData() - conn: 0x0x7f3ba8049ca0, packet len: 16. strand post doWrite...
17: [2020-Feb-14 10:16:21.357139] - [dsdk] DeviceManager::build_conn_device_map() - session x0x7f3ba8049ca0 existed, device obj NULL, update session ------- 

18: [2020-Feb-14 10:16:21.357607] - COMMON::connObj::SendData() - conn: 0x0x7f3ba8049ca0, packet len: 8. strand post doWrite...
19: [2020-Feb-14 10:16:27.647610] - COMMON::connObj::SendData() - conn: 0x0x7f3ba8049ca0, packet len: 8. strand post doWrite...
20: [2020-Feb-14 10:16:27.647663] - sds::device::CDevice::SendHeartM succ 30013 

21: [2020-Feb-14 10:16:33.637372] - COMMON::connObj::SendData() - conn: 0x0x7f3ba8049ca0, packet len: 8. strand post doWrite...
22: [2020-Feb-14 10:16:33.637431] - sds::device::CDevice::SendHeartM succ 30013 

