0: [2020-Feb-13 08:52:16.652076] - CConfig::SetPath() - cannot open file, /mnt/teamway/atlas/BallCameraServer/qt-build/../config/global.ini
1: [2020-Feb-13 08:52:16.652231] - YH Device SDK, compiled Jan  6 2020, 14:30:29, copyrights (c) 2018.
2: [2020-Feb-13 08:52:16.652262] - LOG Begin(dev sdk): control::Init() - process: /mnt/teamway/atlas/BallCameraServer/qt-build/BallCameraServer(7834)
3: [2020-Feb-13 08:52:16.654398] - [devsdk]control::Init() - CDevice::m_objTask.Start()!
4: [2020-Feb-13 08:52:16.661057] - tcpServer::doAccept() - create conn obj-------
5: [2020-Feb-13 08:52:16.661148] - [devsdk] control::Init() - listen 10.0.48.66 @ 6608...
6: [2020-Feb-13 08:52:19.117816] - [dsdk] DeviceManager::DoProc() - connection online, hSession: 0x0x3ed52f0
7: [2020-Feb-13 08:52:19.118106] - tcpServer::doAccept() - create conn obj-------
8: [2020-Feb-13 08:52:19.157090] - COMMON::connObj::SendData() - conn: 0x0x3ed52f0, packet len: 60. strand post doWrite...
9: [2020-Feb-13 08:52:19.157257] - [dsdk] DeviceManager::build_conn_device_map() - session x0x3ed52f0 existed, device obj NULL, update session ------- 

10: [2020-Feb-13 08:52:19.157355] - [devsdk]DeviceManger::DoProc() - do signal reg - {"eventtype":"26","deviceid":"30013","channels":"1","type":"4108","nettype":"2","disktype":"1","factorytype":"18","audiotype":"1","addr":"10.0.48.70:36630","desc":"register"}
11: [2020-Feb-13 08:52:19.662158] - COMMON::connObj::SendData() - conn: 0x0x3ed52f0, packet len: 99. strand post doWrite...
12: [2020-Feb-13 08:52:19.662327] - CDevice::SendOpenStreamCmd() - hSession: 0x0x3ed52f0, ret: 0x0. cmd len: 99, cmd str: $$dc0090,1,C508,30013,,200213 085219,6B8B4567-23C6-327B-A998-3C6473483366,1,0,0,0,10.0.48.66,6608,#
13: [2020-Feb-13 08:52:19.779553] - [dsdk] DeviceManager::DoProc() - connection online, hSession: 0x0x7fffc8049ca0
14: [2020-Feb-13 08:52:19.779767] - tcpServer::doAccept() - create conn obj-------
15: [2020-Feb-13 08:52:19.781633] - CDevice::DoMediaReg() - devid:30013, bussid(BussType_chn_streamtype): 1_0_0
16: [2020-Feb-13 08:52:19.781788] - COMMON::connObj::SendData() - conn: 0x0x7fffc8049ca0, packet len: 16. strand post doWrite...
17: [2020-Feb-13 08:52:19.781854] - [dsdk] DeviceManager::build_conn_device_map() - session x0x7fffc8049ca0 existed, device obj NULL, update session ------- 

18: [2020-Feb-13 08:52:19.782271] - COMMON::connObj::SendData() - conn: 0x0x7fffc8049ca0, packet len: 8. strand post doWrite...
19: [2020-Feb-13 08:52:39.651604] - COMMON::connObj::SendData() - conn: 0x0x7fffc8049ca0, packet len: 8. strand post doWrite...
20: [2020-Feb-13 08:52:39.651655] - sds::device::CDevice::SendHeartM succ 30013 

21: [2020-Feb-13 08:52:46.326985] - COMMON::connObj::SendData() - conn: 0x0x7fffc8049ca0, packet len: 8. strand post doWrite...
22: [2020-Feb-13 08:52:46.327031] - sds::device::CDevice::SendHeartM succ 30013 

