0: [2020-Feb-14 14:28:18.079437] - CConfig::SetPath() - cannot open file, /mnt/teamway/atlas/BallCameraServer/qt-build/../config/global.ini
1: [2020-Feb-14 14:28:18.079672] - YH Device SDK, compiled Jan  6 2020, 14:30:29, copyrights (c) 2018.
2: [2020-Feb-14 14:28:18.079710] - LOG Begin(dev sdk): control::Init() - process: /mnt/teamway/atlas/BallCameraServer/qt-build/BallCameraServer(13555)
3: [2020-Feb-14 14:28:18.079778] - [devsdk]control::Init() - CDevice::m_objTask.Start()!
4: [2020-Feb-14 14:28:18.080121] - tcpServer::doAccept() - create conn obj-------
5: [2020-Feb-14 14:28:18.080169] - [devsdk] control::Init() - listen 10.0.48.66 @ 6608...
6: [2020-Feb-14 14:28:29.155742] - [dsdk] DeviceManager::DoProc() - connection online, hSession: 0x0x432e910
7: [2020-Feb-14 14:28:29.156058] - tcpServer::doAccept() - create conn obj-------
8: [2020-Feb-14 14:28:29.174824] - COMMON::connObj::SendData() - conn: 0x0x432e910, packet len: 60. strand post doWrite...
9: [2020-Feb-14 14:28:29.174998] - [dsdk] DeviceManager::build_conn_device_map() - session x0x432e910 existed, device obj NULL, update session ------- 

10: [2020-Feb-14 14:28:29.175091] - [devsdk]DeviceManger::DoProc() - do signal reg - {"eventtype":"26","deviceid":"30013","channels":"1","type":"4108","nettype":"2","disktype":"1","factorytype":"18","audiotype":"1","addr":"10.0.48.70:44235","desc":"register"}
11: [2020-Feb-14 14:28:30.082012] - COMMON::connObj::SendData() - conn: 0x0x432e910, packet len: 99. strand post doWrite...
12: [2020-Feb-14 14:28:30.082180] - CDevice::SendOpenStreamCmd() - hSession: 0x0x432e910, ret: 0x0. cmd len: 99, cmd str: $$dc0090,1,C508,30013,,200214 142830,6B8B4567-23C6-327B-A998-3C6473483366,1,0,0,0,10.0.48.66,6608,#
13: [2020-Feb-14 14:28:30.126453] - [dsdk] DeviceManager::DoProc() - connection online, hSession: 0x0x7fbb1c049ca0
14: [2020-Feb-14 14:28:30.126680] - tcpServer::doAccept() - create conn obj-------
15: [2020-Feb-14 14:28:30.127003] - CDevice::DoMediaReg() - devid:30013, bussid(BussType_chn_streamtype): 1_0_0
16: [2020-Feb-14 14:28:30.127148] - COMMON::connObj::SendData() - conn: 0x0x7fbb1c049ca0, packet len: 16. strand post doWrite...
17: [2020-Feb-14 14:28:30.127215] - [dsdk] DeviceManager::build_conn_device_map() - session x0x7fbb1c049ca0 existed, device obj NULL, update session ------- 

18: [2020-Feb-14 14:28:30.127362] - COMMON::connObj::SendData() - conn: 0x0x7fbb1c049ca0, packet len: 8. strand post doWrite...
19: [2020-Feb-14 14:28:36.272523] - COMMON::connObj::SendData() - conn: 0x0x7fbb1c049ca0, packet len: 8. strand post doWrite...
20: [2020-Feb-14 14:28:36.272612] - sds::device::CDevice::SendHeartM succ 30013 

21: [2020-Feb-14 14:28:41.379124] - COMMON::connObj::SendData() - conn: 0x0x7fbb1c049ca0, packet len: 8. strand post doWrite...
22: [2020-Feb-14 14:28:41.379183] - sds::device::CDevice::SendHeartM succ 30013 

23: [2020-Feb-14 14:28:46.428602] - COMMON::connObj::SendData() - conn: 0x0x7fbb1c049ca0, packet len: 8. strand post doWrite...
24: [2020-Feb-14 14:28:46.428663] - sds::device::CDevice::SendHeartM succ 30013 

25: [2020-Feb-14 14:28:53.907035] - COMMON::connObj::SendData() - conn: 0x0x7fbb1c049ca0, packet len: 8. strand post doWrite...
26: [2020-Feb-14 14:28:53.907108] - sds::device::CDevice::SendHeartM succ 30013 

27: [2020-Feb-14 14:28:58.921050] - COMMON::connObj::SendData() - conn: 0x0x7fbb1c049ca0, packet len: 8. strand post doWrite...
28: [2020-Feb-14 14:28:58.921124] - sds::device::CDevice::SendHeartM succ 30013 

29: [2020-Feb-14 14:29:06.360201] - COMMON::connObj::SendData() - conn: 0x0x7fbb1c049ca0, packet len: 8. strand post doWrite...
30: [2020-Feb-14 14:29:06.360284] - sds::device::CDevice::SendHeartM succ 30013 

31: [2020-Feb-14 14:29:11.403534] - COMMON::connObj::SendData() - conn: 0x0x7fbb1c049ca0, packet len: 8. strand post doWrite...
32: [2020-Feb-14 14:29:11.403653] - sds::device::CDevice::SendHeartM succ 30013 

33: [2020-Feb-14 14:29:16.441631] - COMMON::connObj::SendData() - conn: 0x0x7fbb1c049ca0, packet len: 8. strand post doWrite...
34: [2020-Feb-14 14:29:16.441701] - sds::device::CDevice::SendHeartM succ 30013 

35: [2020-Feb-14 14:29:21.433596] - [devsds]CDevice::DoFrame() - dev:30013,  recv frames 1000,  bytes 9865613 ------
36: [2020-Feb-14 14:29:23.891481] - COMMON::connObj::SendData() - conn: 0x0x7fbb1c049ca0, packet len: 8. strand post doWrite...
37: [2020-Feb-14 14:29:23.891539] - sds::device::CDevice::SendHeartM succ 30013 

38: [2020-Feb-14 14:29:29.723375] - COMMON::connObj::SendData() - conn: 0x0x432e910, packet len: 37. strand post doWrite...
39: [2020-Feb-14 14:29:36.315406] - COMMON::connObj::SendData() - conn: 0x0x7fbb1c049ca0, packet len: 8. strand post doWrite...
40: [2020-Feb-14 14:29:36.315488] - sds::device::CDevice::SendHeartM succ 30013 

