0: [2020-Feb-12 16:30:45.830721] - CConfig::SetPath() - cannot open file, /mnt/teamway/atlas/BallCameraServer/qt-build/../config/global.ini
1: [2020-Feb-12 16:30:45.830896] - YH Device SDK, compiled Jan  6 2020, 14:30:29, copyrights (c) 2018.
2: [2020-Feb-12 16:30:45.830930] - LOG Begin(dev sdk): control::Init() - process: /mnt/teamway/atlas/BallCameraServer/qt-build/BallCameraServer(27259)
3: [2020-Feb-12 16:30:45.835680] - [devsdk]control::Init() - CDevice::m_objTask.Start()!
4: [2020-Feb-12 16:30:45.843315] - tcpServer::doAccept() - create conn obj-------
5: [2020-Feb-12 16:30:45.843394] - [devsdk] control::Init() - listen 10.0.48.66 @ 6608...
6: [2020-Feb-12 16:30:46.228285] - [dsdk] DeviceManager::DoProc() - connection online, hSession: 0x0x3ed5110
7: [2020-Feb-12 16:30:46.228367] - tcpServer::doAccept() - create conn obj-------
8: [2020-Feb-12 16:30:46.268157] - COMMON::connObj::SendData() - conn: 0x0x3ed5110, packet len: 60. strand post doWrite...
9: [2020-Feb-12 16:30:46.268323] - [dsdk] DeviceManager::build_conn_device_map() - session x0x3ed5110 existed, device obj NULL, update session ------- 

10: [2020-Feb-12 16:30:46.268410] - [devsdk]DeviceManger::DoProc() - do signal reg - {"eventtype":"26","deviceid":"30013","channels":"1","type":"4108","nettype":"2","disktype":"1","factorytype":"18","audiotype":"1","addr":"10.0.48.70:53266","desc":"register"}
11: [2020-Feb-12 16:30:46.844186] - COMMON::connObj::SendData() - conn: 0x0x3ed5110, packet len: 99. strand post doWrite...
12: [2020-Feb-12 16:30:46.844358] - CDevice::SendOpenStreamCmd() - hSession: 0x0x3ed5110, ret: 0x0. cmd len: 99, cmd str: $$dc0090,1,C508,30013,,200212 163046,6B8B4567-23C6-327B-A998-3C6473483366,1,0,0,0,10.0.48.66,6608,#
13: [2020-Feb-12 16:30:46.940759] - [dsdk] DeviceManager::DoProc() - connection online, hSession: 0x0x7fffc8049ca0
14: [2020-Feb-12 16:30:46.940955] - tcpServer::doAccept() - create conn obj-------
15: [2020-Feb-12 16:30:46.941658] - CDevice::DoMediaReg() - devid:30013, bussid(BussType_chn_streamtype): 1_0_0
16: [2020-Feb-12 16:30:46.941816] - COMMON::connObj::SendData() - conn: 0x0x7fffc8049ca0, packet len: 16. strand post doWrite...
17: [2020-Feb-12 16:30:46.941879] - [dsdk] DeviceManager::build_conn_device_map() - session x0x7fffc8049ca0 existed, device obj NULL, update session ------- 

18: [2020-Feb-12 16:30:46.943487] - COMMON::connObj::SendData() - conn: 0x0x7fffc8049ca0, packet len: 8. strand post doWrite...
19: [2020-Feb-12 16:30:53.412109] - COMMON::connObj::SendData() - conn: 0x0x7fffc8049ca0, packet len: 8. strand post doWrite...
20: [2020-Feb-12 16:30:53.412156] - sds::device::CDevice::SendHeartM succ 30013 

21: [2020-Feb-12 16:30:59.485124] - COMMON::connObj::SendData() - conn: 0x0x7fffc8049ca0, packet len: 8. strand post doWrite...
22: [2020-Feb-12 16:30:59.485238] - sds::device::CDevice::SendHeartM succ 30013 

23: [2020-Feb-12 16:31:05.566565] - COMMON::connObj::SendData() - conn: 0x0x7fffc8049ca0, packet len: 8. strand post doWrite...
24: [2020-Feb-12 16:31:05.566750] - sds::device::CDevice::SendHeartM succ 30013 

25: [2020-Feb-12 16:31:11.656714] - COMMON::connObj::SendData() - conn: 0x0x7fffc8049ca0, packet len: 8. strand post doWrite...
26: [2020-Feb-12 16:31:11.656761] - sds::device::CDevice::SendHeartM succ 30013 

27: [2020-Feb-12 16:31:17.729199] - COMMON::connObj::SendData() - conn: 0x0x7fffc8049ca0, packet len: 8. strand post doWrite...
28: [2020-Feb-12 16:31:17.729249] - sds::device::CDevice::SendHeartM succ 30013 

29: [2020-Feb-12 16:31:23.835007] - COMMON::connObj::SendData() - conn: 0x0x7fffc8049ca0, packet len: 8. strand post doWrite...
30: [2020-Feb-12 16:31:23.835127] - sds::device::CDevice::SendHeartM succ 30013 

31: [2020-Feb-12 16:31:29.934944] - COMMON::connObj::SendData() - conn: 0x0x7fffc8049ca0, packet len: 8. strand post doWrite...
32: [2020-Feb-12 16:31:29.935062] - sds::device::CDevice::SendHeartM succ 30013 

33: [2020-Feb-12 16:31:36.036189] - COMMON::connObj::SendData() - conn: 0x0x7fffc8049ca0, packet len: 8. strand post doWrite...
34: [2020-Feb-12 16:31:36.036314] - sds::device::CDevice::SendHeartM succ 30013 

35: [2020-Feb-12 16:31:42.143651] - COMMON::connObj::SendData() - conn: 0x0x7fffc8049ca0, packet len: 8. strand post doWrite...
36: [2020-Feb-12 16:31:42.143698] - sds::device::CDevice::SendHeartM succ 30013 

37: [2020-Feb-12 16:31:46.847721] - COMMON::connObj::SendData() - conn: 0x0x3ed5110, packet len: 37. strand post doWrite...
38: [2020-Feb-12 16:31:48.238572] - [devsds]CDevice::DoFrame() - dev:30013,  recv frames 1000,  bytes 9932498 ------
39: [2020-Feb-12 16:31:54.340555] - COMMON::connObj::SendData() - conn: 0x0x7fffc8049ca0, packet len: 8. strand post doWrite...
40: [2020-Feb-12 16:31:54.340600] - sds::device::CDevice::SendHeartM succ 30013 

41: [2020-Feb-12 16:32:00.457021] - COMMON::connObj::SendData() - conn: 0x0x7fffc8049ca0, packet len: 8. strand post doWrite...
42: [2020-Feb-12 16:32:00.457067] - sds::device::CDevice::SendHeartM succ 30013 

43: [2020-Feb-12 16:32:06.530184] - COMMON::connObj::SendData() - conn: 0x0x7fffc8049ca0, packet len: 8. strand post doWrite...
44: [2020-Feb-12 16:32:06.530233] - sds::device::CDevice::SendHeartM succ 30013 

45: [2020-Feb-12 16:32:12.631345] - COMMON::connObj::SendData() - conn: 0x0x7fffc8049ca0, packet len: 8. strand post doWrite...
46: [2020-Feb-12 16:32:12.631403] - sds::device::CDevice::SendHeartM succ 30013 

47: [2020-Feb-12 16:32:20.066528] - COMMON::connObj::SendData() - conn: 0x0x7fffc8049ca0, packet len: 8. strand post doWrite...
48: [2020-Feb-12 16:32:20.066652] - sds::device::CDevice::SendHeartM succ 30013 

