0: [2020-Feb-14 14:36:31.730914] - CConfig::SetPath() - cannot open file, /mnt/teamway/atlas/BallCameraServer/qt-build/../config/global.ini
1: [2020-Feb-14 14:36:31.731072] - YH Device SDK, compiled Jan  6 2020, 14:30:29, copyrights (c) 2018.
2: [2020-Feb-14 14:36:31.731104] - LOG Begin(dev sdk): control::Init() - process: /mnt/teamway/atlas/BallCameraServer/qt-build/BallCameraServer(22539)
3: [2020-Feb-14 14:36:31.731176] - [devsdk]control::Init() - CDevice::m_objTask.Start()!
4: [2020-Feb-14 14:36:31.731569] - tcpServer::doAccept() - create conn obj-------
5: [2020-Feb-14 14:36:31.731619] - [devsdk] control::Init() - listen 10.0.48.66 @ 6608...
6: [2020-Feb-14 14:36:34.681276] - [dsdk] DeviceManager::DoProc() - connection online, hSession: 0x0x3dae9f0
7: [2020-Feb-14 14:36:34.681860] - tcpServer::doAccept() - create conn obj-------
8: [2020-Feb-14 14:36:34.700358] - COMMON::connObj::SendData() - conn: 0x0x3dae9f0, packet len: 60. strand post doWrite...
9: [2020-Feb-14 14:36:34.700409] - [dsdk] DeviceManager::build_conn_device_map() - session x0x3dae9f0 existed, device obj NULL, update session ------- 

10: [2020-Feb-14 14:36:34.700432] - [devsdk]DeviceManger::DoProc() - do signal reg - {"eventtype":"26","deviceid":"30013","channels":"1","type":"4108","nettype":"2","disktype":"1","factorytype":"18","audiotype":"1","addr":"10.0.48.70:44328","desc":"register"}
11: [2020-Feb-14 14:36:34.732122] - COMMON::connObj::SendData() - conn: 0x0x3dae9f0, packet len: 99. strand post doWrite...
12: [2020-Feb-14 14:36:34.732185] - CDevice::SendOpenStreamCmd() - hSession: 0x0x3dae9f0, ret: 0x0. cmd len: 99, cmd str: $$dc0090,1,C508,30013,,200214 143634,6B8B4567-23C6-327B-A998-3C6473483366,1,0,0,0,10.0.48.66,6608,#
13: [2020-Feb-14 14:36:34.833051] - [dsdk] DeviceManager::DoProc() - connection online, hSession: 0x0x7fd8d8049ca0
14: [2020-Feb-14 14:36:34.833451] - tcpServer::doAccept() - create conn obj-------
15: [2020-Feb-14 14:36:34.833791] - CDevice::DoMediaReg() - devid:30013, bussid(BussType_chn_streamtype): 1_0_0
16: [2020-Feb-14 14:36:34.833840] - COMMON::connObj::SendData() - conn: 0x0x7fd8d8049ca0, packet len: 16. strand post doWrite...
17: [2020-Feb-14 14:36:34.833856] - [dsdk] DeviceManager::build_conn_device_map() - session x0x7fd8d8049ca0 existed, device obj NULL, update session ------- 

18: [2020-Feb-14 14:36:34.833874] - COMMON::connObj::SendData() - conn: 0x0x7fd8d8049ca0, packet len: 8. strand post doWrite...
19: [2020-Feb-14 14:36:40.287801] - COMMON::connObj::SendData() - conn: 0x0x7fd8d8049ca0, packet len: 8. strand post doWrite...
20: [2020-Feb-14 14:36:40.287979] - sds::device::CDevice::SendHeartM succ 30013 

21: [2020-Feb-14 14:36:46.897348] - COMMON::connObj::SendData() - conn: 0x0x7fd8d8049ca0, packet len: 8. strand post doWrite...
22: [2020-Feb-14 14:36:46.897401] - sds::device::CDevice::SendHeartM succ 30013 

23: [2020-Feb-14 14:36:52.013034] - COMMON::connObj::SendData() - conn: 0x0x7fd8d8049ca0, packet len: 8. strand post doWrite...
24: [2020-Feb-14 14:36:52.013086] - sds::device::CDevice::SendHeartM succ 30013 

25: [2020-Feb-14 14:36:57.093312] - COMMON::connObj::SendData() - conn: 0x0x7fd8d8049ca0, packet len: 8. strand post doWrite...
26: [2020-Feb-14 14:36:57.094052] - sds::device::CDevice::SendHeartM succ 30013 

27: [2020-Feb-14 14:37:02.148213] - COMMON::connObj::SendData() - conn: 0x0x7fd8d8049ca0, packet len: 8. strand post doWrite...
28: [2020-Feb-14 14:37:02.148455] - sds::device::CDevice::SendHeartM succ 30013 

29: [2020-Feb-14 14:37:07.251634] - COMMON::connObj::SendData() - conn: 0x0x7fd8d8049ca0, packet len: 8. strand post doWrite...
30: [2020-Feb-14 14:37:07.251723] - sds::device::CDevice::SendHeartM succ 30013 

31: [2020-Feb-14 14:37:12.295360] - COMMON::connObj::SendData() - conn: 0x0x7fd8d8049ca0, packet len: 8. strand post doWrite...
32: [2020-Feb-14 14:37:12.295405] - sds::device::CDevice::SendHeartM succ 30013 

33: [2020-Feb-14 14:37:17.316621] - COMMON::connObj::SendData() - conn: 0x0x7fd8d8049ca0, packet len: 8. strand post doWrite...
34: [2020-Feb-14 14:37:17.316671] - sds::device::CDevice::SendHeartM succ 30013 

35: [2020-Feb-14 14:37:22.330125] - COMMON::connObj::SendData() - conn: 0x0x7fd8d8049ca0, packet len: 8. strand post doWrite...
36: [2020-Feb-14 14:37:22.330173] - sds::device::CDevice::SendHeartM succ 30013 

37: [2020-Feb-14 14:37:27.336126] - COMMON::connObj::SendData() - conn: 0x0x7fd8d8049ca0, packet len: 8. strand post doWrite...
38: [2020-Feb-14 14:37:27.336226] - sds::device::CDevice::SendHeartM succ 30013 

39: [2020-Feb-14 14:37:27.336560] - [devsds]CDevice::DoFrame() - dev:30013,  recv frames 1000,  bytes 9941200 ------
40: [2020-Feb-14 14:37:34.787992] - COMMON::connObj::SendData() - conn: 0x0x7fd8d8049ca0, packet len: 8. strand post doWrite...
41: [2020-Feb-14 14:37:34.788045] - sds::device::CDevice::SendHeartM succ 30013 

42: [2020-Feb-14 14:37:35.489053] - COMMON::connObj::SendData() - conn: 0x0x3dae9f0, packet len: 37. strand post doWrite...
43: [2020-Feb-14 14:37:42.308620] - COMMON::connObj::SendData() - conn: 0x0x7fd8d8049ca0, packet len: 8. strand post doWrite...
44: [2020-Feb-14 14:37:42.308730] - sds::device::CDevice::SendHeartM succ 30013 

45: [2020-Feb-14 14:37:47.422287] - COMMON::connObj::SendData() - conn: 0x0x7fd8d8049ca0, packet len: 8. strand post doWrite...
46: [2020-Feb-14 14:37:47.422391] - sds::device::CDevice::SendHeartM succ 30013 

47: [2020-Feb-14 14:37:52.452916] - COMMON::connObj::SendData() - conn: 0x0x7fd8d8049ca0, packet len: 8. strand post doWrite...
48: [2020-Feb-14 14:37:52.452988] - sds::device::CDevice::SendHeartM succ 30013 

49: [2020-Feb-14 14:37:57.482324] - COMMON::connObj::SendData() - conn: 0x0x7fd8d8049ca0, packet len: 8. strand post doWrite...
50: [2020-Feb-14 14:37:57.482390] - sds::device::CDevice::SendHeartM succ 30013 

51: [2020-Feb-14 14:38:02.495968] - COMMON::connObj::SendData() - conn: 0x0x7fd8d8049ca0, packet len: 8. strand post doWrite...
52: [2020-Feb-14 14:38:02.496028] - sds::device::CDevice::SendHeartM succ 30013 

53: [2020-Feb-14 14:38:07.629111] - COMMON::connObj::SendData() - conn: 0x0x7fd8d8049ca0, packet len: 8. strand post doWrite...
54: [2020-Feb-14 14:38:07.629193] - sds::device::CDevice::SendHeartM succ 30013 

55: [2020-Feb-14 14:38:14.647770] - COMMON::connObj::SendData() - conn: 0x0x7fd8d8049ca0, packet len: 8. strand post doWrite...
56: [2020-Feb-14 14:38:14.647837] - sds::device::CDevice::SendHeartM succ 30013 

57: [2020-Feb-14 14:38:14.648192] - [devsds]CDevice::DoFrame() - dev:30013,  recv frames 2000,  bytes 19810579 ------
58: [2020-Feb-14 14:38:22.135649] - COMMON::connObj::SendData() - conn: 0x0x7fd8d8049ca0, packet len: 8. strand post doWrite...
59: [2020-Feb-14 14:38:22.137014] - sds::device::CDevice::SendHeartM succ 30013 

60: [2020-Feb-14 14:38:29.431899] - COMMON::connObj::SendData() - conn: 0x0x7fd8d8049ca0, packet len: 8. strand post doWrite...
61: [2020-Feb-14 14:38:29.431948] - sds::device::CDevice::SendHeartM succ 30013 

62: [2020-Feb-14 14:38:35.508512] - COMMON::connObj::SendData() - conn: 0x0x3dae9f0, packet len: 37. strand post doWrite...
63: [2020-Feb-14 14:38:41.692606] - COMMON::connObj::SendData() - conn: 0x0x7fd8d8049ca0, packet len: 8. strand post doWrite...
64: [2020-Feb-14 14:38:41.692790] - sds::device::CDevice::SendHeartM succ 30013 

65: [2020-Feb-14 14:38:48.830114] - COMMON::connObj::SendData() - conn: 0x0x7fd8d8049ca0, packet len: 8. strand post doWrite...
66: [2020-Feb-14 14:38:48.830190] - sds::device::CDevice::SendHeartM succ 30013 

67: [2020-Feb-14 14:38:56.322896] - COMMON::connObj::SendData() - conn: 0x0x7fd8d8049ca0, packet len: 8. strand post doWrite...
68: [2020-Feb-14 14:38:56.322951] - sds::device::CDevice::SendHeartM succ 30013 

69: [2020-Feb-14 14:39:01.416565] - COMMON::connObj::SendData() - conn: 0x0x7fd8d8049ca0, packet len: 8. strand post doWrite...
70: [2020-Feb-14 14:39:01.416622] - sds::device::CDevice::SendHeartM succ 30013 

71: [2020-Feb-14 14:39:05.835457] - [devsds]CDevice::DoFrame() - dev:30013,  recv frames 3000,  bytes 29796984 ------
72: [2020-Feb-14 14:39:08.340253] - COMMON::connObj::SendData() - conn: 0x0x7fd8d8049ca0, packet len: 8. strand post doWrite...
73: [2020-Feb-14 14:39:08.340311] - sds::device::CDevice::SendHeartM succ 30013 

74: [2020-Feb-14 14:39:15.759165] - COMMON::connObj::SendData() - conn: 0x0x7fd8d8049ca0, packet len: 8. strand post doWrite...
75: [2020-Feb-14 14:39:15.759223] - sds::device::CDevice::SendHeartM succ 30013 

76: [2020-Feb-14 14:39:20.782624] - COMMON::connObj::SendData() - conn: 0x0x7fd8d8049ca0, packet len: 8. strand post doWrite...
77: [2020-Feb-14 14:39:20.782676] - sds::device::CDevice::SendHeartM succ 30013 

78: [2020-Feb-14 14:39:27.407791] - COMMON::connObj::SendData() - conn: 0x0x7fd8d8049ca0, packet len: 8. strand post doWrite...
79: [2020-Feb-14 14:39:27.407860] - sds::device::CDevice::SendHeartM succ 30013 

80: [2020-Feb-14 14:39:32.492145] - COMMON::connObj::SendData() - conn: 0x0x7fd8d8049ca0, packet len: 8. strand post doWrite...
81: [2020-Feb-14 14:39:32.492283] - sds::device::CDevice::SendHeartM succ 30013 

