0: [2020-Feb-12 16:40:48.621981] - CConfig::SetPath() - cannot open file, /mnt/teamway/atlas/BallCameraServer/qt-build/../config/global.ini
1: [2020-Feb-12 16:40:48.622183] - YH Device SDK, compiled Jan  6 2020, 14:30:29, copyrights (c) 2018.
2: [2020-Feb-12 16:40:48.622215] - LOG Begin(dev sdk): control::Init() - process: /mnt/teamway/atlas/BallCameraServer/qt-build/BallCameraServer(27644)
3: [2020-Feb-12 16:40:48.622278] - [devsdk]control::Init() - CDevice::m_objTask.Start()!
4: [2020-Feb-12 16:40:48.622599] - tcpServer::doAccept() - create conn obj-------
5: [2020-Feb-12 16:40:48.622651] - [devsdk] control::Init() - listen 10.0.48.66 @ 6608...
6: [2020-Feb-12 16:40:49.397124] - [dsdk] DeviceManager::DoProc() - connection online, hSession: 0x0x54b6410
7: [2020-Feb-12 16:40:49.397394] - tcpServer::doAccept() - create conn obj-------
8: [2020-Feb-12 16:40:49.436396] - COMMON::connObj::SendData() - conn: 0x0x54b6410, packet len: 60. strand post doWrite...
9: [2020-Feb-12 16:40:49.436574] - [dsdk] DeviceManager::build_conn_device_map() - session x0x54b6410 existed, device obj NULL, update session ------- 

10: [2020-Feb-12 16:40:49.436674] - [devsdk]DeviceManger::DoProc() - do signal reg - {"eventtype":"26","deviceid":"30013","channels":"1","type":"4108","nettype":"2","disktype":"1","factorytype":"18","audiotype":"1","addr":"10.0.48.70:53373","desc":"register"}
11: [2020-Feb-12 16:40:49.623203] - COMMON::connObj::SendData() - conn: 0x0x54b6410, packet len: 99. strand post doWrite...
12: [2020-Feb-12 16:40:49.623380] - CDevice::SendOpenStreamCmd() - hSession: 0x0x54b6410, ret: 0x0. cmd len: 99, cmd str: $$dc0090,1,C508,30013,,200212 164049,6B8B4567-23C6-327B-A998-3C6473483366,1,0,0,0,10.0.48.66,6608,#
13: [2020-Feb-12 16:40:49.698490] - [dsdk] DeviceManager::DoProc() - connection online, hSession: 0x0x7fd0ec049ca0
14: [2020-Feb-12 16:40:49.698689] - tcpServer::doAccept() - create conn obj-------
15: [2020-Feb-12 16:40:49.699890] - CDevice::DoMediaReg() - devid:30013, bussid(BussType_chn_streamtype): 1_0_0
16: [2020-Feb-12 16:40:49.700030] - COMMON::connObj::SendData() - conn: 0x0x7fd0ec049ca0, packet len: 16. strand post doWrite...
17: [2020-Feb-12 16:40:49.700093] - [dsdk] DeviceManager::build_conn_device_map() - session x0x7fd0ec049ca0 existed, device obj NULL, update session ------- 

18: [2020-Feb-12 16:40:49.700603] - COMMON::connObj::SendData() - conn: 0x0x7fd0ec049ca0, packet len: 8. strand post doWrite...
19: [2020-Feb-12 16:40:56.083753] - COMMON::connObj::SendData() - conn: 0x0x7fd0ec049ca0, packet len: 8. strand post doWrite...
20: [2020-Feb-12 16:40:56.083817] - sds::device::CDevice::SendHeartM succ 30013 

21: [2020-Feb-12 16:41:03.420957] - COMMON::connObj::SendData() - conn: 0x0x7fd0ec049ca0, packet len: 8. strand post doWrite...
22: [2020-Feb-12 16:41:03.421014] - sds::device::CDevice::SendHeartM succ 30013 

23: [2020-Feb-12 16:41:10.749812] - COMMON::connObj::SendData() - conn: 0x0x7fd0ec049ca0, packet len: 8. strand post doWrite...
24: [2020-Feb-12 16:41:10.749864] - sds::device::CDevice::SendHeartM succ 30013 

25: [2020-Feb-12 16:41:18.092165] - COMMON::connObj::SendData() - conn: 0x0x7fd0ec049ca0, packet len: 8. strand post doWrite...
26: [2020-Feb-12 16:41:18.092299] - sds::device::CDevice::SendHeartM succ 30013 

27: [2020-Feb-12 16:41:25.414462] - COMMON::connObj::SendData() - conn: 0x0x7fd0ec049ca0, packet len: 8. strand post doWrite...
28: [2020-Feb-12 16:41:25.414513] - sds::device::CDevice::SendHeartM succ 30013 

29: [2020-Feb-12 16:41:32.783623] - COMMON::connObj::SendData() - conn: 0x0x7fd0ec049ca0, packet len: 8. strand post doWrite...
30: [2020-Feb-12 16:41:32.783676] - sds::device::CDevice::SendHeartM succ 30013 

31: [2020-Feb-12 16:41:40.123337] - COMMON::connObj::SendData() - conn: 0x0x7fd0ec049ca0, packet len: 8. strand post doWrite...
32: [2020-Feb-12 16:41:40.123388] - sds::device::CDevice::SendHeartM succ 30013 

33: [2020-Feb-12 16:41:47.458139] - COMMON::connObj::SendData() - conn: 0x0x7fd0ec049ca0, packet len: 8. strand post doWrite...
34: [2020-Feb-12 16:41:47.458256] - sds::device::CDevice::SendHeartM succ 30013 

35: [2020-Feb-12 16:41:49.865514] - COMMON::connObj::SendData() - conn: 0x0x54b6410, packet len: 37. strand post doWrite...
36: [2020-Feb-12 16:41:58.477406] - COMMON::connObj::SendData() - conn: 0x0x7fd0ec049ca0, packet len: 8. strand post doWrite...
37: [2020-Feb-12 16:41:58.477495] - sds::device::CDevice::SendHeartM succ 30013 

38: [2020-Feb-12 16:42:02.158917] - [devsds]CDevice::DoFrame() - dev:30013,  recv frames 1000,  bytes 9937830 ------
39: [2020-Feb-12 16:42:05.830613] - COMMON::connObj::SendData() - conn: 0x0x7fd0ec049ca0, packet len: 8. strand post doWrite...
40: [2020-Feb-12 16:42:05.830665] - sds::device::CDevice::SendHeartM succ 30013 

41: [2020-Feb-12 16:42:11.711299] - COMMON::connObj::SendData() - conn: 0x0x7fd0ec049ca0, packet len: 8. strand post doWrite...
42: [2020-Feb-12 16:42:11.711352] - sds::device::CDevice::SendHeartM succ 30013 

43: [2020-Feb-12 16:42:18.535675] - COMMON::connObj::SendData() - conn: 0x0x7fd0ec049ca0, packet len: 8. strand post doWrite...
44: [2020-Feb-12 16:42:18.535731] - sds::device::CDevice::SendHeartM succ 30013 

45: [2020-Feb-12 16:42:25.875518] - COMMON::connObj::SendData() - conn: 0x0x7fd0ec049ca0, packet len: 8. strand post doWrite...
46: [2020-Feb-12 16:42:25.875637] - sds::device::CDevice::SendHeartM succ 30013 

47: [2020-Feb-12 16:42:32.788237] - COMMON::connObj::SendData() - conn: 0x0x7fd0ec049ca0, packet len: 8. strand post doWrite...
48: [2020-Feb-12 16:42:32.788300] - sds::device::CDevice::SendHeartM succ 30013 

49: [2020-Feb-12 16:42:39.394165] - COMMON::connObj::SendData() - conn: 0x0x7fd0ec049ca0, packet len: 8. strand post doWrite...
50: [2020-Feb-12 16:42:39.394216] - sds::device::CDevice::SendHeartM succ 30013 

51: [2020-Feb-12 16:42:45.857952] - COMMON::connObj::SendData() - conn: 0x0x7fd0ec049ca0, packet len: 8. strand post doWrite...
52: [2020-Feb-12 16:42:45.858074] - sds::device::CDevice::SendHeartM succ 30013 

53: [2020-Feb-12 16:42:49.915917] - COMMON::connObj::SendData() - conn: 0x0x54b6410, packet len: 37. strand post doWrite...
54: [2020-Feb-12 16:42:56.208770] - COMMON::connObj::SendData() - conn: 0x0x7fd0ec049ca0, packet len: 8. strand post doWrite...
55: [2020-Feb-12 16:42:56.208823] - sds::device::CDevice::SendHeartM succ 30013 

56: [2020-Feb-12 16:43:03.552398] - COMMON::connObj::SendData() - conn: 0x0x7fd0ec049ca0, packet len: 8. strand post doWrite...
57: [2020-Feb-12 16:43:03.552453] - sds::device::CDevice::SendHeartM succ 30013 

58: [2020-Feb-12 16:43:11.256337] - COMMON::connObj::SendData() - conn: 0x0x7fd0ec049ca0, packet len: 8. strand post doWrite...
59: [2020-Feb-12 16:43:11.256460] - sds::device::CDevice::SendHeartM succ 30013 

60: [2020-Feb-12 16:43:14.493699] - [devsds]CDevice::DoFrame() - dev:30013,  recv frames 2000,  bytes 20130299 ------
61: [2020-Feb-12 16:43:18.166463] - COMMON::connObj::SendData() - conn: 0x0x7fd0ec049ca0, packet len: 8. strand post doWrite...
62: [2020-Feb-12 16:43:18.166512] - sds::device::CDevice::SendHeartM succ 30013 

63: [2020-Feb-12 16:43:24.483926] - COMMON::connObj::SendData() - conn: 0x0x7fd0ec049ca0, packet len: 8. strand post doWrite...
64: [2020-Feb-12 16:43:24.483981] - sds::device::CDevice::SendHeartM succ 30013 

65: [2020-Feb-12 16:43:31.170376] - COMMON::connObj::SendData() - conn: 0x0x7fd0ec049ca0, packet len: 8. strand post doWrite...
66: [2020-Feb-12 16:43:31.170430] - sds::device::CDevice::SendHeartM succ 30013 

67: [2020-Feb-12 16:43:38.498993] - COMMON::connObj::SendData() - conn: 0x0x7fd0ec049ca0, packet len: 8. strand post doWrite...
68: [2020-Feb-12 16:43:38.499043] - sds::device::CDevice::SendHeartM succ 30013 

69: [2020-Feb-12 16:43:45.187464] - COMMON::connObj::SendData() - conn: 0x0x7fd0ec049ca0, packet len: 8. strand post doWrite...
70: [2020-Feb-12 16:43:45.187679] - sds::device::CDevice::SendHeartM succ 30013 

71: [2020-Feb-12 16:43:49.944953] - COMMON::connObj::SendData() - conn: 0x0x54b6410, packet len: 37. strand post doWrite...
72: [2020-Feb-12 16:43:58.498507] - COMMON::connObj::SendData() - conn: 0x0x7fd0ec049ca0, packet len: 8. strand post doWrite...
73: [2020-Feb-12 16:43:58.498564] - sds::device::CDevice::SendHeartM succ 30013 

