0: [2020-Feb-13 18:06:40.469318] - CConfig::SetPath() - cannot open file, /mnt/teamway/atlas/BallCameraServer/qt-build/../config/global.ini
1: [2020-Feb-13 18:06:40.469494] - YH Device SDK, compiled Jan  6 2020, 14:30:29, copyrights (c) 2018.
2: [2020-Feb-13 18:06:40.469532] - LOG Begin(dev sdk): control::Init() - process: /mnt/teamway/atlas/BallCameraServer/qt-build/BallCameraServer(27929)
3: [2020-Feb-13 18:06:40.469797] - [devsdk]control::Init() - CDevice::m_objTask.Start()!
4: [2020-Feb-13 18:06:40.472116] - tcpServer::doAccept() - create conn obj-------
5: [2020-Feb-13 18:06:40.472203] - [devsdk] control::Init() - listen 10.0.48.66 @ 6608...
6: [2020-Feb-13 18:06:43.427724] - [dsdk] DeviceManager::DoProc() - connection online, hSession: 0x0x3a04820
7: [2020-Feb-13 18:06:43.428060] - tcpServer::doAccept() - create conn obj-------
8: [2020-Feb-13 18:06:43.467049] - COMMON::connObj::SendData() - conn: 0x0x3a04820, packet len: 60. strand post doWrite...
9: [2020-Feb-13 18:06:43.467219] - [dsdk] DeviceManager::build_conn_device_map() - session x0x3a04820 existed, device obj NULL, update session ------- 

10: [2020-Feb-13 18:06:43.467314] - [devsdk]DeviceManger::DoProc() - do signal reg - {"eventtype":"26","deviceid":"30013","channels":"1","type":"4108","nettype":"2","disktype":"1","factorytype":"18","audiotype":"1","addr":"10.0.48.70:45498","desc":"register"}
11: [2020-Feb-13 18:06:43.473069] - COMMON::connObj::SendData() - conn: 0x0x3a04820, packet len: 99. strand post doWrite...
12: [2020-Feb-13 18:06:43.473212] - CDevice::SendOpenStreamCmd() - hSession: 0x0x3a04820, ret: 0x0. cmd len: 99, cmd str: $$dc0090,1,C508,30013,,200213 180643,6B8B4567-23C6-327B-A998-3C6473483366,1,0,0,0,10.0.48.66,6608,#
13: [2020-Feb-13 18:06:43.569529] - [dsdk] DeviceManager::DoProc() - connection online, hSession: 0x0x7fffc8049ca0
14: [2020-Feb-13 18:06:43.569751] - tcpServer::doAccept() - create conn obj-------
15: [2020-Feb-13 18:06:43.570060] - CDevice::DoMediaReg() - devid:30013, bussid(BussType_chn_streamtype): 1_0_0
16: [2020-Feb-13 18:06:43.570206] - COMMON::connObj::SendData() - conn: 0x0x7fffc8049ca0, packet len: 16. strand post doWrite...
17: [2020-Feb-13 18:06:43.570276] - [dsdk] DeviceManager::build_conn_device_map() - session x0x7fffc8049ca0 existed, device obj NULL, update session ------- 

18: [2020-Feb-13 18:06:43.571312] - COMMON::connObj::SendData() - conn: 0x0x7fffc8049ca0, packet len: 8. strand post doWrite...
19: [2020-Feb-13 18:12:13.092489] - [dsdk] DeviceManager::DoProc() - connection online, hSession: 0x0x7fffc8091290
20: [2020-Feb-13 18:12:13.092544] - tcpServer::doAccept() - create conn obj-------
21: [2020-Feb-13 18:12:13.092706] - [dsdk] DeviceManager::DoProc() - connection online, hSession: 0x0x7fffc807d2d0
22: [2020-Feb-13 18:12:13.092749] - tcpServer::doAccept() - create conn obj-------
23: [2020-Feb-13 18:12:13.092882] - [dsdk] DeviceManager::DoProc() - connection online, hSession: 0x0x7fffc807e000
24: [2020-Feb-13 18:12:13.092910] - [devsdk]DeviceManager::DoProc() - arp: 0x0x7fffb000abe0, device 30013 is existed, close it... ----

26: [2020-Feb-13 18:12:13.092952] - [devsdk] NetManager::CloseConn() - conn type: server, close conn: 0x0x7fffc8091290

27: [2020-Feb-13 18:12:13.093036] - COMMON::connObj::SendData() - conn: 0x0x3a04820, packet len: 37. strand post doWrite...
28: [2020-Feb-13 18:12:13.093061] - sds::device::CDevice::SendHeart succ 30013
29: [2020-Feb-13 18:12:13.093094] - COMMON::connObj::SendData() - conn: 0x0x3a04820, packet len: 37. strand post doWrite...
30: [2020-Feb-13 18:12:13.093140] - [devsdk]DeviceManager::DoProc() - arp: 0x0x7fffac00abe0, device 30013 is existed, close it... ----

