0: [2020-Feb-13 08:23:04.772778] - CConfig::SetPath() - cannot open file, /mnt/teamway/atlas/BallCameraServer/qt-build/../config/global.ini
1: [2020-Feb-13 08:23:04.772946] - YH Device SDK, compiled Jan  6 2020, 14:30:29, copyrights (c) 2018.
2: [2020-Feb-13 08:23:04.772978] - LOG Begin(dev sdk): control::Init() - process: /mnt/teamway/atlas/BallCameraServer/qt-build/BallCameraServer(6155)
3: [2020-Feb-13 08:23:04.773676] - [devsdk]control::Init() - CDevice::m_objTask.Start()!
4: [2020-Feb-13 08:23:04.782139] - tcpServer::doAccept() - create conn obj-------
5: [2020-Feb-13 08:23:04.782222] - [devsdk] control::Init() - listen 10.0.48.66 @ 6608...
6: [2020-Feb-13 08:23:16.567221] - [dsdk] DeviceManager::DoProc() - connection online, hSession: 0x0x3ed5130
7: [2020-Feb-13 08:23:16.567505] - tcpServer::doAccept() - create conn obj-------
8: [2020-Feb-13 08:23:16.586621] - COMMON::connObj::SendData() - conn: 0x0x3ed5130, packet len: 60. strand post doWrite...
9: [2020-Feb-13 08:23:16.586805] - [dsdk] DeviceManager::build_conn_device_map() - session x0x3ed5130 existed, device obj NULL, update session ------- 

10: [2020-Feb-13 08:23:16.586924] - [devsdk]DeviceManger::DoProc() - do signal reg - {"eventtype":"26","deviceid":"30013","channels":"1","type":"4108","nettype":"2","disktype":"1","factorytype":"18","audiotype":"1","addr":"10.0.48.70:36314","desc":"register"}
11: [2020-Feb-13 08:23:16.784318] - COMMON::connObj::SendData() - conn: 0x0x3ed5130, packet len: 99. strand post doWrite...
12: [2020-Feb-13 08:23:16.784484] - CDevice::SendOpenStreamCmd() - hSession: 0x0x3ed5130, ret: 0x0. cmd len: 99, cmd str: $$dc0090,1,C508,30013,,200213 082316,6B8B4567-23C6-327B-A998-3C6473483366,1,0,0,0,10.0.48.66,6608,#
13: [2020-Feb-13 08:23:16.888583] - [dsdk] DeviceManager::DoProc() - connection online, hSession: 0x0x7fffc8049ca0
14: [2020-Feb-13 08:23:16.888793] - tcpServer::doAccept() - create conn obj-------
15: [2020-Feb-13 08:23:16.890306] - CDevice::DoMediaReg() - devid:30013, bussid(BussType_chn_streamtype): 1_0_0
16: [2020-Feb-13 08:23:16.890458] - COMMON::connObj::SendData() - conn: 0x0x7fffc8049ca0, packet len: 16. strand post doWrite...
17: [2020-Feb-13 08:23:16.890527] - [dsdk] DeviceManager::build_conn_device_map() - session x0x7fffc8049ca0 existed, device obj NULL, update session ------- 

18: [2020-Feb-13 08:23:16.891650] - COMMON::connObj::SendData() - conn: 0x0x7fffc8049ca0, packet len: 8. strand post doWrite...
19: [2020-Feb-13 08:23:21.964439] - COMMON::connObj::SendData() - conn: 0x0x7fffc8049ca0, packet len: 8. strand post doWrite...
20: [2020-Feb-13 08:23:21.964498] - sds::device::CDevice::SendHeartM succ 30013 

21: [2020-Feb-13 08:23:27.958698] - COMMON::connObj::SendData() - conn: 0x0x7fffc8049ca0, packet len: 8. strand post doWrite...
22: [2020-Feb-13 08:23:27.958854] - sds::device::CDevice::SendHeartM succ 30013 

23: [2020-Feb-13 08:23:33.911875] - COMMON::connObj::SendData() - conn: 0x0x7fffc8049ca0, packet len: 8. strand post doWrite...
24: [2020-Feb-13 08:23:33.911923] - sds::device::CDevice::SendHeartM succ 30013 

25: [2020-Feb-13 08:23:39.955225] - COMMON::connObj::SendData() - conn: 0x0x7fffc8049ca0, packet len: 8. strand post doWrite...
26: [2020-Feb-13 08:23:39.955282] - sds::device::CDevice::SendHeartM succ 30013 

27: [2020-Feb-13 08:23:45.917461] - COMMON::connObj::SendData() - conn: 0x0x7fffc8049ca0, packet len: 8. strand post doWrite...
28: [2020-Feb-13 08:23:45.917517] - sds::device::CDevice::SendHeartM succ 30013 

29: [2020-Feb-13 08:23:51.962951] - COMMON::connObj::SendData() - conn: 0x0x7fffc8049ca0, packet len: 8. strand post doWrite...
30: [2020-Feb-13 08:23:51.963001] - sds::device::CDevice::SendHeartM succ 30013 

31: [2020-Feb-13 08:23:58.010338] - COMMON::connObj::SendData() - conn: 0x0x7fffc8049ca0, packet len: 8. strand post doWrite...
32: [2020-Feb-13 08:23:58.010393] - sds::device::CDevice::SendHeartM succ 30013 

33: [2020-Feb-13 08:23:58.010637] - [devsds]CDevice::DoFrame() - dev:30013,  recv frames 1000,  bytes 9987521 ------
