0: [2020-Feb-14 09:57:05.816139] - CConfig::SetPath() - cannot open file, /mnt/teamway/atlas/BallCameraServer/qt-build/../config/global.ini
1: [2020-Feb-14 09:57:05.816309] - YH Device SDK, compiled Jan  6 2020, 14:30:29, copyrights (c) 2018.
2: [2020-Feb-14 09:57:05.816343] - LOG Begin(dev sdk): control::Init() - process: /mnt/teamway/atlas/BallCameraServer/qt-build/BallCameraServer(15754)
3: [2020-Feb-14 09:57:05.816412] - [devsdk]control::Init() - CDevice::m_objTask.Start()!
4: [2020-Feb-14 09:57:05.816742] - tcpServer::doAccept() - create conn obj-------
5: [2020-Feb-14 09:57:05.816799] - [devsdk] control::Init() - listen 10.0.48.66 @ 6608...
6: [2020-Feb-14 09:57:19.551916] - [dsdk] DeviceManager::DoProc() - connection online, hSession: 0x0x520ca90
7: [2020-Feb-14 09:57:19.552259] - tcpServer::doAccept() - create conn obj-------
8: [2020-Feb-14 09:57:19.591286] - COMMON::connObj::SendData() - conn: 0x0x520ca90, packet len: 60. strand post doWrite...
9: [2020-Feb-14 09:57:19.591579] - [dsdk] DeviceManager::build_conn_device_map() - session x0x520ca90 existed, device obj NULL, update session ------- 

10: [2020-Feb-14 09:57:19.591706] - [devsdk]DeviceManger::DoProc() - do signal reg - {"eventtype":"26","deviceid":"30013","channels":"1","type":"4108","nettype":"2","disktype":"1","factorytype":"18","audiotype":"1","addr":"10.0.48.70:52901","desc":"register"}
11: [2020-Feb-14 09:57:19.818965] - COMMON::connObj::SendData() - conn: 0x0x520ca90, packet len: 99. strand post doWrite...
12: [2020-Feb-14 09:57:19.819278] - CDevice::SendOpenStreamCmd() - hSession: 0x0x520ca90, ret: 0x0. cmd len: 99, cmd str: $$dc0090,1,C508,30013,,200214 095719,6B8B4567-23C6-327B-A998-3C6473483366,1,0,0,0,10.0.48.66,6608,#
13: [2020-Feb-14 09:57:19.862739] - [dsdk] DeviceManager::DoProc() - connection online, hSession: 0x0x7fdc4c049ca0
14: [2020-Feb-14 09:57:19.862803] - tcpServer::doAccept() - create conn obj-------
15: [2020-Feb-14 09:57:19.863215] - CDevice::DoMediaReg() - devid:30013, bussid(BussType_chn_streamtype): 1_0_0
16: [2020-Feb-14 09:57:19.863254] - COMMON::connObj::SendData() - conn: 0x0x7fdc4c049ca0, packet len: 16. strand post doWrite...
17: [2020-Feb-14 09:57:19.863273] - [dsdk] DeviceManager::build_conn_device_map() - session x0x7fdc4c049ca0 existed, device obj NULL, update session ------- 

18: [2020-Feb-14 09:57:19.864642] - COMMON::connObj::SendData() - conn: 0x0x7fdc4c049ca0, packet len: 8. strand post doWrite...
19: [2020-Feb-14 09:57:25.658470] - COMMON::connObj::SendData() - conn: 0x0x7fdc4c049ca0, packet len: 8. strand post doWrite...
20: [2020-Feb-14 09:57:25.658522] - sds::device::CDevice::SendHeartM succ 30013 

21: [2020-Feb-14 09:57:31.584768] - COMMON::connObj::SendData() - conn: 0x0x7fdc4c049ca0, packet len: 8. strand post doWrite...
22: [2020-Feb-14 09:57:31.584857] - sds::device::CDevice::SendHeartM succ 30013 

23: [2020-Feb-14 09:57:37.628923] - COMMON::connObj::SendData() - conn: 0x0x7fdc4c049ca0, packet len: 8. strand post doWrite...
24: [2020-Feb-14 09:57:37.629183] - sds::device::CDevice::SendHeartM succ 30013 

25: [2020-Feb-14 09:57:43.642371] - COMMON::connObj::SendData() - conn: 0x0x7fdc4c049ca0, packet len: 8. strand post doWrite...
26: [2020-Feb-14 09:57:43.642429] - sds::device::CDevice::SendHeartM succ 30013 

27: [2020-Feb-14 09:57:49.601401] - COMMON::connObj::SendData() - conn: 0x0x7fdc4c049ca0, packet len: 8. strand post doWrite...
28: [2020-Feb-14 09:57:49.601462] - sds::device::CDevice::SendHeartM succ 30013 

29: [2020-Feb-14 09:57:55.606469] - COMMON::connObj::SendData() - conn: 0x0x7fdc4c049ca0, packet len: 8. strand post doWrite...
30: [2020-Feb-14 09:57:55.606530] - sds::device::CDevice::SendHeartM succ 30013 

31: [2020-Feb-14 09:58:01.649969] - COMMON::connObj::SendData() - conn: 0x0x7fdc4c049ca0, packet len: 8. strand post doWrite...
32: [2020-Feb-14 09:58:01.650027] - sds::device::CDevice::SendHeartM succ 30013 

33: [2020-Feb-14 09:58:01.650265] - [devsds]CDevice::DoFrame() - dev:30013,  recv frames 1000,  bytes 9952563 ------
34: [2020-Feb-14 09:58:07.618327] - COMMON::connObj::SendData() - conn: 0x0x7fdc4c049ca0, packet len: 8. strand post doWrite...
35: [2020-Feb-14 09:58:07.618398] - sds::device::CDevice::SendHeartM succ 30013 

36: [2020-Feb-14 09:58:13.620425] - COMMON::connObj::SendData() - conn: 0x0x7fdc4c049ca0, packet len: 8. strand post doWrite...
37: [2020-Feb-14 09:58:13.620493] - sds::device::CDevice::SendHeartM succ 30013 

38: [2020-Feb-14 09:58:19.628600] - COMMON::connObj::SendData() - conn: 0x0x7fdc4c049ca0, packet len: 8. strand post doWrite...
39: [2020-Feb-14 09:58:19.628753] - sds::device::CDevice::SendHeartM succ 30013 

40: [2020-Feb-14 09:58:20.460354] - COMMON::connObj::SendData() - conn: 0x0x520ca90, packet len: 37. strand post doWrite...
41: [2020-Feb-14 09:58:25.634224] - COMMON::connObj::SendData() - conn: 0x0x7fdc4c049ca0, packet len: 8. strand post doWrite...
42: [2020-Feb-14 09:58:25.634283] - sds::device::CDevice::SendHeartM succ 30013 

