0: [2020-Feb-14 09:50:15.073835] - CConfig::SetPath() - cannot open file, /mnt/teamway/atlas/BallCameraServer/qt-build/../config/global.ini
1: [2020-Feb-14 09:50:15.074047] - YH Device SDK, compiled Jan  6 2020, 14:30:29, copyrights (c) 2018.
2: [2020-Feb-14 09:50:15.074083] - LOG Begin(dev sdk): control::Init() - process: /mnt/teamway/atlas/BallCameraServer/qt-build/BallCameraServer(15075)
3: [2020-Feb-14 09:50:15.074149] - [devsdk]control::Init() - CDevice::m_objTask.Start()!
4: [2020-Feb-14 09:50:15.074488] - tcpServer::doAccept() - create conn obj-------
5: [2020-Feb-14 09:50:15.074546] - [devsdk] control::Init() - listen 10.0.48.66 @ 6608...
6: [2020-Feb-14 09:50:19.213188] - [dsdk] DeviceManager::DoProc() - connection online, hSession: 0x0x4b046d0
7: [2020-Feb-14 09:50:19.213285] - tcpServer::doAccept() - create conn obj-------
8: [2020-Feb-14 09:50:19.252585] - COMMON::connObj::SendData() - conn: 0x0x4b046d0, packet len: 60. strand post doWrite...
9: [2020-Feb-14 09:50:19.252742] - [dsdk] DeviceManager::build_conn_device_map() - session x0x4b046d0 existed, device obj NULL, update session ------- 

10: [2020-Feb-14 09:50:19.252831] - [devsdk]DeviceManger::DoProc() - do signal reg - {"eventtype":"26","deviceid":"30013","channels":"1","type":"4108","nettype":"2","disktype":"1","factorytype":"18","audiotype":"1","addr":"10.0.48.70:52816","desc":"register"}
11: [2020-Feb-14 09:50:20.076138] - COMMON::connObj::SendData() - conn: 0x0x4b046d0, packet len: 99. strand post doWrite...
12: [2020-Feb-14 09:50:20.076311] - CDevice::SendOpenStreamCmd() - hSession: 0x0x4b046d0, ret: 0x0. cmd len: 99, cmd str: $$dc0090,1,C508,30013,,200214 095020,6B8B4567-23C6-327B-A998-3C6473483366,1,0,0,0,10.0.48.66,6608,#
13: [2020-Feb-14 09:50:20.194737] - [dsdk] DeviceManager::DoProc() - connection online, hSession: 0x0x7fabbc049ca0
14: [2020-Feb-14 09:50:20.194944] - tcpServer::doAccept() - create conn obj-------
15: [2020-Feb-14 09:50:20.196045] - CDevice::DoMediaReg() - devid:30013, bussid(BussType_chn_streamtype): 1_0_0
16: [2020-Feb-14 09:50:20.196188] - COMMON::connObj::SendData() - conn: 0x0x7fabbc049ca0, packet len: 16. strand post doWrite...
17: [2020-Feb-14 09:50:20.196256] - [dsdk] DeviceManager::build_conn_device_map() - session x0x7fabbc049ca0 existed, device obj NULL, update session ------- 

18: [2020-Feb-14 09:50:20.198375] - COMMON::connObj::SendData() - conn: 0x0x7fabbc049ca0, packet len: 8. strand post doWrite...
19: [2020-Feb-14 09:50:25.770101] - COMMON::connObj::SendData() - conn: 0x0x7fabbc049ca0, packet len: 8. strand post doWrite...
20: [2020-Feb-14 09:50:25.770185] - sds::device::CDevice::SendHeartM succ 30013 

