0: [2020-Feb-13 19:11:56.932502] - CConfig::SetPath() - cannot open file, /mnt/teamway/atlas/BallCameraServer/qt-build/../config/global.ini
1: [2020-Feb-13 19:11:56.932666] - YH Device SDK, compiled Jan  6 2020, 14:30:29, copyrights (c) 2018.
2: [2020-Feb-13 19:11:56.932697] - LOG Begin(dev sdk): control::Init() - process: /mnt/teamway/atlas/BallCameraServer/qt-build/BallCameraServer(31230)
3: [2020-Feb-13 19:11:56.932756] - [devsdk]control::Init() - CDevice::m_objTask.Start()!
4: [2020-Feb-13 19:11:56.933061] - tcpServer::doAccept() - create conn obj-------
5: [2020-Feb-13 19:11:56.933111] - [devsdk] control::Init() - listen 10.0.48.66 @ 6608...
6: [2020-Feb-13 19:12:06.460390] - [dsdk] DeviceManager::DoProc() - connection online, hSession: 0x0x42296b0
7: [2020-Feb-13 19:12:06.460708] - tcpServer::doAccept() - create conn obj-------
8: [2020-Feb-13 19:12:06.479672] - COMMON::connObj::SendData() - conn: 0x0x42296b0, packet len: 60. strand post doWrite...
9: [2020-Feb-13 19:12:06.479840] - [dsdk] DeviceManager::build_conn_device_map() - session x0x42296b0 existed, device obj NULL, update session ------- 

10: [2020-Feb-13 19:12:06.479932] - [devsdk]DeviceManger::DoProc() - do signal reg - {"eventtype":"26","deviceid":"30013","channels":"1","type":"4108","nettype":"2","disktype":"1","factorytype":"18","audiotype":"1","addr":"10.0.48.70:51903","desc":"register"}
11: [2020-Feb-13 19:12:06.934699] - COMMON::connObj::SendData() - conn: 0x0x42296b0, packet len: 99. strand post doWrite...
12: [2020-Feb-13 19:12:06.934866] - CDevice::SendOpenStreamCmd() - hSession: 0x0x42296b0, ret: 0x0. cmd len: 99, cmd str: $$dc0090,1,C508,30013,,200213 191206,6B8B4567-23C6-327B-A998-3C6473483366,1,0,0,0,10.0.48.66,6608,#
13: [2020-Feb-13 19:12:11.908776] - COMMON::connObj::SendData() - conn: 0x0x42296b0, packet len: 75. strand post doWrite...
14: [2020-Feb-13 19:12:16.238908] - COMMON::connObj::handle_read() - conn: 0x0x42296b0, fail: End of file
15: [2020-Feb-13 19:12:16.239043] - COMMON::connObj::handle_close() - conn: 0x0x42296b0
16: [2020-Feb-13 19:12:16.239174] - [devsdk]NetManager::OnEventCB() - offline event, session(connobj): 0x0x42296b0, create arp of EVENT_TYPE_OFFLINE.
17: [2020-Feb-13 19:12:17.358203] - CDevice::check_close() - not online, GetNetManager::CloseConn - 0x42296b0
18: [2020-Feb-13 19:12:17.358403] - [devsdk] NetManager::CloseConn() - conn type: server, close conn: 0x0x42296b0

19: [2020-Feb-13 19:12:40.055715] - [dsdk] DeviceManager::DoProc() - connection online, hSession: 0x0x7f0334049ca0
20: [2020-Feb-13 19:12:40.055862] - tcpServer::doAccept() - create conn obj-------
21: [2020-Feb-13 19:12:40.075120] - COMMON::connObj::SendData() - conn: 0x0x7f0334049ca0, packet len: 60. strand post doWrite...
22: [2020-Feb-13 19:12:40.075278] - [dsdk] DeviceManager::build_conn_device_map() - session x0x7f0334049ca0 existed, device obj NULL, update session ------- 

23: [2020-Feb-13 19:12:40.075374] - [devsdk]DeviceManger::DoProc() - do signal reg - {"eventtype":"26","deviceid":"30013","channels":"1","type":"4108","nettype":"2","disktype":"1","factorytype":"18","audiotype":"1","addr":"10.0.48.70:42287","desc":"register"}
24: [2020-Feb-13 19:12:40.938806] - COMMON::connObj::SendData() - conn: 0x0x7f0334049ca0, packet len: 99. strand post doWrite...
25: [2020-Feb-13 19:12:40.938977] - CDevice::SendOpenStreamCmd() - hSession: 0x0x7f0334049ca0, ret: 0x0. cmd len: 99, cmd str: $$dc0090,1,C508,30013,,200213 191240,74B0DC51-5CFF-1949-8A94-E82AEC585562,1,0,0,0,10.0.48.66,6608,#
26: [2020-Feb-13 19:12:41.047537] - [dsdk] DeviceManager::DoProc() - connection online, hSession: 0x0x7f0334033c50
27: [2020-Feb-13 19:12:41.047775] - tcpServer::doAccept() - create conn obj-------
28: [2020-Feb-13 19:12:41.048079] - CDevice::DoMediaReg() - devid:30013, bussid(BussType_chn_streamtype): 1_0_0
29: [2020-Feb-13 19:12:41.048224] - COMMON::connObj::SendData() - conn: 0x0x7f0334033c50, packet len: 16. strand post doWrite...
30: [2020-Feb-13 19:12:41.048291] - [dsdk] DeviceManager::build_conn_device_map() - session x0x7f0334033c50 existed, device obj NULL, update session ------- 

31: [2020-Feb-13 19:12:41.048456] - COMMON::connObj::SendData() - conn: 0x0x7f0334033c50, packet len: 8. strand post doWrite...
32: [2020-Feb-13 19:12:41.048519] - COMMON::connObj::SendData() - conn: 0x0x7f0334033c50, packet len: 8. strand post doWrite...
33: [2020-Feb-13 19:12:41.048568] - sds::device::CDevice::SendHeartM succ 30013 

34: [2020-Feb-13 19:13:01.063972] - COMMON::connObj::SendData() - conn: 0x0x7f0334033c50, packet len: 8. strand post doWrite...
35: [2020-Feb-13 19:13:01.064107] - sds::device::CDevice::SendHeartM succ 30013 

36: [2020-Feb-13 19:13:18.087358] - tcpServer::ClearConn() - conn:0x0x42296b0
37: [2020-Feb-13 19:13:18.087527] - connObj::~connObj() - 0x0x42296b0 enter.
38: [2020-Feb-13 19:13:21.094063] - COMMON::connObj::SendData() - conn: 0x0x7f0334033c50, packet len: 8. strand post doWrite...
39: [2020-Feb-13 19:13:21.094191] - sds::device::CDevice::SendHeartM succ 30013 

40: [2020-Feb-13 19:13:41.123812] - COMMON::connObj::SendData() - conn: 0x0x7f0334033c50, packet len: 8. strand post doWrite...
41: [2020-Feb-13 19:13:41.123968] - sds::device::CDevice::SendHeartM succ 30013 

42: [2020-Feb-13 19:13:41.144085] - COMMON::connObj::SendData() - conn: 0x0x7f0334049ca0, packet len: 37. strand post doWrite...
43: [2020-Feb-13 19:13:50.718260] - COMMON::connObj::SendData() - conn: 0x0x7f0334033c50, packet len: 8. strand post doWrite...
44: [2020-Feb-13 19:13:50.718398] - sds::device::CDevice::SendHeartM succ 30013 

