0: [2020-Feb-14 14:27:02.021523] - CConfig::SetPath() - cannot open file, /mnt/teamway/atlas/BallCameraServer/qt-build/../config/global.ini
1: [2020-Feb-14 14:27:02.021687] - YH Device SDK, compiled Jan  6 2020, 14:30:29, copyrights (c) 2018.
2: [2020-Feb-14 14:27:02.021719] - LOG Begin(dev sdk): control::Init() - process: /mnt/teamway/atlas/BallCameraServer/qt-build/BallCameraServer(12607)
3: [2020-Feb-14 14:27:02.021791] - [devsdk]control::Init() - CDevice::m_objTask.Start()!
4: [2020-Feb-14 14:27:02.022108] - tcpServer::doAccept() - create conn obj-------
5: [2020-Feb-14 14:27:02.022156] - [devsdk] control::Init() - listen 10.0.48.66 @ 6608...
6: [2020-Feb-14 14:27:07.825981] - [dsdk] DeviceManager::DoProc() - connection online, hSession: 0x0x4a1e170
7: [2020-Feb-14 14:27:07.826289] - tcpServer::doAccept() - create conn obj-------
8: [2020-Feb-14 14:27:07.845205] - COMMON::connObj::SendData() - conn: 0x0x4a1e170, packet len: 60. strand post doWrite...
9: [2020-Feb-14 14:27:07.845374] - [dsdk] DeviceManager::build_conn_device_map() - session x0x4a1e170 existed, device obj NULL, update session ------- 

10: [2020-Feb-14 14:27:07.845467] - [devsdk]DeviceManger::DoProc() - do signal reg - {"eventtype":"26","deviceid":"30013","channels":"1","type":"4108","nettype":"2","disktype":"1","factorytype":"18","audiotype":"1","addr":"10.0.48.70:44218","desc":"register"}
11: [2020-Feb-14 14:27:08.023455] - COMMON::connObj::SendData() - conn: 0x0x4a1e170, packet len: 99. strand post doWrite...
12: [2020-Feb-14 14:27:08.023623] - CDevice::SendOpenStreamCmd() - hSession: 0x0x4a1e170, ret: 0x0. cmd len: 99, cmd str: $$dc0090,1,C508,30013,,200214 142708,6B8B4567-23C6-327B-A998-3C6473483366,1,0,0,0,10.0.48.66,6608,#
13: [2020-Feb-14 14:27:08.057189] - [dsdk] DeviceManager::DoProc() - connection online, hSession: 0x0x7f2c98049ca0
14: [2020-Feb-14 14:27:08.057409] - tcpServer::doAccept() - create conn obj-------
15: [2020-Feb-14 14:27:08.057729] - CDevice::DoMediaReg() - devid:30013, bussid(BussType_chn_streamtype): 1_0_0
16: [2020-Feb-14 14:27:08.057883] - COMMON::connObj::SendData() - conn: 0x0x7f2c98049ca0, packet len: 16. strand post doWrite...
17: [2020-Feb-14 14:27:08.057951] - [dsdk] DeviceManager::build_conn_device_map() - session x0x7f2c98049ca0 existed, device obj NULL, update session ------- 

18: [2020-Feb-14 14:27:08.058100] - COMMON::connObj::SendData() - conn: 0x0x7f2c98049ca0, packet len: 8. strand post doWrite...
19: [2020-Feb-14 14:27:14.323717] - COMMON::connObj::SendData() - conn: 0x0x7f2c98049ca0, packet len: 8. strand post doWrite...
20: [2020-Feb-14 14:27:14.323927] - sds::device::CDevice::SendHeartM succ 30013 

21: [2020-Feb-14 14:27:20.372868] - COMMON::connObj::SendData() - conn: 0x0x7f2c98049ca0, packet len: 8. strand post doWrite...
22: [2020-Feb-14 14:27:20.373153] - sds::device::CDevice::SendHeartM succ 30013 

