0: [2020-Feb-13 09:31:16.140199] - CConfig::SetPath() - cannot open file, /mnt/teamway/atlas/BallCameraServer/qt-build/../config/global.ini
1: [2020-Feb-13 09:31:16.140355] - YH Device SDK, compiled Jan  6 2020, 14:30:29, copyrights (c) 2018.
2: [2020-Feb-13 09:31:16.140385] - LOG Begin(dev sdk): control::Init() - process: /mnt/teamway/atlas/BallCameraServer/qt-build/BallCameraServer(11943)
3: [2020-Feb-13 09:31:16.140623] - [devsdk]control::Init() - CDevice::m_objTask.Start()!
4: [2020-Feb-13 09:31:16.152346] - tcpServer::doAccept() - create conn obj-------
5: [2020-Feb-13 09:31:16.152431] - [devsdk] control::Init() - listen 10.0.48.66 @ 6608...
6: [2020-Feb-13 09:31:18.395562] - [dsdk] DeviceManager::DoProc() - connection online, hSession: 0x0x3a018e0
7: [2020-Feb-13 09:31:18.395883] - tcpServer::doAccept() - create conn obj-------
8: [2020-Feb-13 09:31:18.414930] - COMMON::connObj::SendData() - conn: 0x0x3a018e0, packet len: 60. strand post doWrite...
9: [2020-Feb-13 09:31:18.415098] - [dsdk] DeviceManager::build_conn_device_map() - session x0x3a018e0 existed, device obj NULL, update session ------- 

10: [2020-Feb-13 09:31:18.415192] - [devsdk]DeviceManger::DoProc() - do signal reg - {"eventtype":"26","deviceid":"30013","channels":"1","type":"4108","nettype":"2","disktype":"1","factorytype":"18","audiotype":"1","addr":"10.0.48.70:37095","desc":"register"}
11: [2020-Feb-13 09:31:19.154416] - COMMON::connObj::SendData() - conn: 0x0x3a018e0, packet len: 99. strand post doWrite...
12: [2020-Feb-13 09:31:19.154583] - CDevice::SendOpenStreamCmd() - hSession: 0x0x3a018e0, ret: 0x0. cmd len: 99, cmd str: $$dc0090,1,C508,30013,,200213 093119,6B8B4567-23C6-327B-A998-3C6473483366,1,0,0,0,10.0.48.66,6608,#
13: [2020-Feb-13 09:31:19.247079] - [dsdk] DeviceManager::DoProc() - connection online, hSession: 0x0x7fffc8049ca0
14: [2020-Feb-13 09:31:19.247327] - tcpServer::doAccept() - create conn obj-------
15: [2020-Feb-13 09:31:19.248757] - CDevice::DoMediaReg() - devid:30013, bussid(BussType_chn_streamtype): 1_0_0
16: [2020-Feb-13 09:31:19.248903] - COMMON::connObj::SendData() - conn: 0x0x7fffc8049ca0, packet len: 16. strand post doWrite...
17: [2020-Feb-13 09:31:19.248971] - [dsdk] DeviceManager::build_conn_device_map() - session x0x7fffc8049ca0 existed, device obj NULL, update session ------- 

18: [2020-Feb-13 09:31:19.249439] - COMMON::connObj::SendData() - conn: 0x0x7fffc8049ca0, packet len: 8. strand post doWrite...
19: [2020-Feb-13 09:31:23.445112] - COMMON::connObj::SendData() - conn: 0x0x7fffc8049ca0, packet len: 8. strand post doWrite...
20: [2020-Feb-13 09:31:23.445238] - sds::device::CDevice::SendHeartM succ 30013 

