0: [2020-Feb-14 09:32:29.037695] - CConfig::SetPath() - cannot open file, /mnt/teamway/atlas/BallCameraServer/qt-build/../config/global.ini
1: [2020-Feb-14 09:32:29.037843] - YH Device SDK, compiled Jan  6 2020, 14:30:29, copyrights (c) 2018.
2: [2020-Feb-14 09:32:29.037874] - LOG Begin(dev sdk): control::Init() - process: /mnt/teamway/atlas/BallCameraServer/qt-build/BallCameraServer(11491)
3: [2020-Feb-14 09:32:29.037931] - [devsdk]control::Init() - CDevice::m_objTask.Start()!
4: [2020-Feb-14 09:32:29.038238] - tcpServer::doAccept() - create conn obj-------
5: [2020-Feb-14 09:32:29.038298] - [devsdk] control::Init() - listen 10.0.48.66 @ 6608...
6: [2020-Feb-14 09:32:30.789348] - [dsdk] DeviceManager::DoProc() - connection online, hSession: 0x0x3b81f30
7: [2020-Feb-14 09:32:30.789602] - tcpServer::doAccept() - create conn obj-------
8: [2020-Feb-14 09:32:30.808845] - COMMON::connObj::SendData() - conn: 0x0x3b81f30, packet len: 60. strand post doWrite...
9: [2020-Feb-14 09:32:30.809016] - [dsdk] DeviceManager::build_conn_device_map() - session x0x3b81f30 existed, device obj NULL, update session ------- 

10: [2020-Feb-14 09:32:30.809110] - [devsdk]DeviceManger::DoProc() - do signal reg - {"eventtype":"26","deviceid":"30013","channels":"1","type":"4108","nettype":"2","disktype":"1","factorytype":"18","audiotype":"1","addr":"10.0.48.70:52619","desc":"register"}
11: [2020-Feb-14 09:32:31.039055] - COMMON::connObj::SendData() - conn: 0x0x3b81f30, packet len: 99. strand post doWrite...
12: [2020-Feb-14 09:32:31.039220] - CDevice::SendOpenStreamCmd() - hSession: 0x0x3b81f30, ret: 0x0. cmd len: 99, cmd str: $$dc0090,1,C508,30013,,200214 093231,6B8B4567-23C6-327B-A998-3C6473483366,1,0,0,0,10.0.48.66,6608,#
13: [2020-Feb-14 09:32:31.121993] - [dsdk] DeviceManager::DoProc() - connection online, hSession: 0x0x7f01fc049ca0
14: [2020-Feb-14 09:32:31.122117] - tcpServer::doAccept() - create conn obj-------
15: [2020-Feb-14 09:32:31.122418] - CDevice::DoMediaReg() - devid:30013, bussid(BussType_chn_streamtype): 1_0_0
16: [2020-Feb-14 09:32:31.122497] - COMMON::connObj::SendData() - conn: 0x0x7f01fc049ca0, packet len: 16. strand post doWrite...
17: [2020-Feb-14 09:32:31.122532] - [dsdk] DeviceManager::build_conn_device_map() - session x0x7f01fc049ca0 existed, device obj NULL, update session ------- 

18: [2020-Feb-14 09:32:31.124135] - COMMON::connObj::SendData() - conn: 0x0x7f01fc049ca0, packet len: 8. strand post doWrite...
19: [2020-Feb-14 09:32:37.537522] - COMMON::connObj::SendData() - conn: 0x0x7f01fc049ca0, packet len: 8. strand post doWrite...
20: [2020-Feb-14 09:32:37.537583] - sds::device::CDevice::SendHeartM succ 30013 

21: [2020-Feb-14 09:32:43.573406] - COMMON::connObj::SendData() - conn: 0x0x7f01fc049ca0, packet len: 8. strand post doWrite...
22: [2020-Feb-14 09:32:43.573489] - sds::device::CDevice::SendHeartM succ 30013 

23: [2020-Feb-14 09:32:49.577388] - COMMON::connObj::SendData() - conn: 0x0x7f01fc049ca0, packet len: 8. strand post doWrite...
24: [2020-Feb-14 09:32:49.577440] - sds::device::CDevice::SendHeartM succ 30013 

25: [2020-Feb-14 09:32:55.585243] - COMMON::connObj::SendData() - conn: 0x0x7f01fc049ca0, packet len: 8. strand post doWrite...
26: [2020-Feb-14 09:32:55.585300] - sds::device::CDevice::SendHeartM succ 30013 

