0: [2020-Feb-13 10:19:50.879931] - CConfig::SetPath() - cannot open file, /mnt/teamway/atlas/BallCameraServer/qt-build/../config/global.ini
1: [2020-Feb-13 10:19:50.880076] - YH Device SDK, compiled Jan  6 2020, 14:30:29, copyrights (c) 2018.
2: [2020-Feb-13 10:19:50.880107] - LOG Begin(dev sdk): control::Init() - process: /mnt/teamway/atlas/BallCameraServer/qt-build/BallCameraServer(15235)
3: [2020-Feb-13 10:19:50.880383] - [devsdk]control::Init() - CDevice::m_objTask.Start()!
4: [2020-Feb-13 10:19:50.882562] - tcpServer::doAccept() - create conn obj-------
5: [2020-Feb-13 10:19:50.882646] - [devsdk] control::Init() - listen 10.0.48.66 @ 6608...
6: [2020-Feb-13 10:20:05.141022] - [dsdk] DeviceManager::DoProc() - connection online, hSession: 0x0x3a022a0
7: [2020-Feb-13 10:20:05.141333] - tcpServer::doAccept() - create conn obj-------
8: [2020-Feb-13 10:20:05.180161] - COMMON::connObj::SendData() - conn: 0x0x3a022a0, packet len: 60. strand post doWrite...
9: [2020-Feb-13 10:20:05.180328] - [dsdk] DeviceManager::build_conn_device_map() - session x0x3a022a0 existed, device obj NULL, update session ------- 

10: [2020-Feb-13 10:20:05.180421] - [devsdk]DeviceManger::DoProc() - do signal reg - {"eventtype":"26","deviceid":"30013","channels":"1","type":"4108","nettype":"2","disktype":"1","factorytype":"18","audiotype":"1","addr":"10.0.48.70:50813","desc":"register"}
11: [2020-Feb-13 10:20:05.885188] - COMMON::connObj::SendData() - conn: 0x0x3a022a0, packet len: 99. strand post doWrite...
12: [2020-Feb-13 10:20:05.885368] - CDevice::SendOpenStreamCmd() - hSession: 0x0x3a022a0, ret: 0x0. cmd len: 99, cmd str: $$dc0090,1,C508,30013,,200213 102005,6B8B4567-23C6-327B-A998-3C6473483366,1,0,0,0,10.0.48.66,6608,#
13: [2020-Feb-13 10:21:05.808362] - COMMON::connObj::SendData() - conn: 0x0x3a022a0, packet len: 37. strand post doWrite...
14: [2020-Feb-13 10:21:35.238065] - COMMON::connObj::SendData() - conn: 0x0x3a022a0, packet len: 75. strand post doWrite...
15: [2020-Feb-13 10:21:39.477929] - COMMON::connObj::handle_read() - conn: 0x0x3a022a0, fail: End of file
16: [2020-Feb-13 10:21:39.478066] - COMMON::connObj::handle_close() - conn: 0x0x3a022a0
17: [2020-Feb-13 10:21:39.478193] - [devsdk]NetManager::OnEventCB() - offline event, session(connobj): 0x0x3a022a0, create arp of EVENT_TYPE_OFFLINE.
18: [2020-Feb-13 10:21:43.220307] - CDevice::check_close() - not online, GetNetManager::CloseConn - 0x3a022a0
19: [2020-Feb-13 10:21:43.220605] - [devsdk] NetManager::CloseConn() - conn type: server, close conn: 0x0x3a022a0

20: [2020-Feb-13 10:22:02.196882] - [dsdk] DeviceManager::DoProc() - connection online, hSession: 0x0x7fffc8049ca0
21: [2020-Feb-13 10:22:02.197034] - tcpServer::doAccept() - create conn obj-------
22: [2020-Feb-13 10:22:02.216220] - COMMON::connObj::SendData() - conn: 0x0x7fffc8049ca0, packet len: 60. strand post doWrite...
23: [2020-Feb-13 10:22:02.216382] - [dsdk] DeviceManager::build_conn_device_map() - session x0x7fffc8049ca0 existed, device obj NULL, update session ------- 

24: [2020-Feb-13 10:22:02.216477] - [devsdk]DeviceManger::DoProc() - do signal reg - {"eventtype":"26","deviceid":"30013","channels":"1","type":"4108","nettype":"2","disktype":"1","factorytype":"18","audiotype":"1","addr":"10.0.48.70:40188","desc":"register"}
25: [2020-Feb-13 10:22:02.898746] - COMMON::connObj::SendData() - conn: 0x0x7fffc8049ca0, packet len: 99. strand post doWrite...
26: [2020-Feb-13 10:22:02.898916] - CDevice::SendOpenStreamCmd() - hSession: 0x0x7fffc8049ca0, ret: 0x0. cmd len: 99, cmd str: $$dc0090,1,C508,30013,,200213 102202,74B0DC51-5CFF-1949-8A94-E82AEC585562,1,0,0,0,10.0.48.66,6608,#
27: [2020-Feb-13 10:22:02.968741] - [dsdk] DeviceManager::DoProc() - connection online, hSession: 0x0x7fffc8033c50
28: [2020-Feb-13 10:22:02.968982] - tcpServer::doAccept() - create conn obj-------
29: [2020-Feb-13 10:22:02.969296] - CDevice::DoMediaReg() - devid:30013, bussid(BussType_chn_streamtype): 1_0_0
30: [2020-Feb-13 10:22:02.969439] - COMMON::connObj::SendData() - conn: 0x0x7fffc8033c50, packet len: 16. strand post doWrite...
31: [2020-Feb-13 10:22:02.969530] - [dsdk] DeviceManager::build_conn_device_map() - session x0x7fffc8033c50 existed, device obj NULL, update session ------- 

32: [2020-Feb-13 10:22:02.969698] - COMMON::connObj::SendData() - conn: 0x0x7fffc8033c50, packet len: 8. strand post doWrite...
33: [2020-Feb-13 10:22:02.969762] - COMMON::connObj::SendData() - conn: 0x0x7fffc8033c50, packet len: 8. strand post doWrite...
34: [2020-Feb-13 10:22:02.969814] - sds::device::CDevice::SendHeartM succ 30013 

35: [2020-Feb-13 10:22:23.005057] - COMMON::connObj::SendData() - conn: 0x0x7fffc8033c50, packet len: 8. strand post doWrite...
36: [2020-Feb-13 10:22:23.005192] - sds::device::CDevice::SendHeartM succ 30013 

37: [2020-Feb-13 10:22:43.044937] - COMMON::connObj::SendData() - conn: 0x0x7fffc8033c50, packet len: 8. strand post doWrite...
38: [2020-Feb-13 10:22:43.045073] - sds::device::CDevice::SendHeartM succ 30013 

39: [2020-Feb-13 10:22:43.374904] - tcpServer::ClearConn() - conn:0x0x3a022a0
40: [2020-Feb-13 10:22:43.375084] - connObj::~connObj() - 0x0x3a022a0 enter.
41: [2020-Feb-13 10:23:03.064708] - COMMON::connObj::SendData() - conn: 0x0x7fffc8033c50, packet len: 8. strand post doWrite...
42: [2020-Feb-13 10:23:03.064846] - sds::device::CDevice::SendHeartM succ 30013 

43: [2020-Feb-13 10:23:03.275153] - COMMON::connObj::SendData() - conn: 0x0x7fffc8049ca0, packet len: 37. strand post doWrite...
44: [2020-Feb-13 10:23:23.094465] - COMMON::connObj::SendData() - conn: 0x0x7fffc8033c50, packet len: 8. strand post doWrite...
45: [2020-Feb-13 10:23:23.094598] - sds::device::CDevice::SendHeartM succ 30013 

46: [2020-Feb-13 10:23:43.124244] - COMMON::connObj::SendData() - conn: 0x0x7fffc8033c50, packet len: 8. strand post doWrite...
47: [2020-Feb-13 10:23:43.124372] - sds::device::CDevice::SendHeartM succ 30013 

48: [2020-Feb-13 10:24:03.124097] - COMMON::connObj::SendData() - conn: 0x0x7fffc8033c50, packet len: 8. strand post doWrite...
49: [2020-Feb-13 10:24:03.124246] - sds::device::CDevice::SendHeartM succ 30013 

50: [2020-Feb-13 10:24:03.284395] - COMMON::connObj::SendData() - conn: 0x0x7fffc8049ca0, packet len: 37. strand post doWrite...
51: [2020-Feb-13 10:24:23.154416] - COMMON::connObj::SendData() - conn: 0x0x7fffc8033c50, packet len: 8. strand post doWrite...
52: [2020-Feb-13 10:24:23.154545] - sds::device::CDevice::SendHeartM succ 30013 

53: [2020-Feb-13 10:24:43.203734] - COMMON::connObj::SendData() - conn: 0x0x7fffc8033c50, packet len: 8. strand post doWrite...
54: [2020-Feb-13 10:24:43.203886] - sds::device::CDevice::SendHeartM succ 30013 

55: [2020-Feb-13 10:25:03.213523] - COMMON::connObj::SendData() - conn: 0x0x7fffc8033c50, packet len: 8. strand post doWrite...
56: [2020-Feb-13 10:25:03.213647] - sds::device::CDevice::SendHeartM succ 30013 

57: [2020-Feb-13 10:25:03.343649] - COMMON::connObj::SendData() - conn: 0x0x7fffc8049ca0, packet len: 37. strand post doWrite...
58: [2020-Feb-13 10:25:23.253298] - COMMON::connObj::SendData() - conn: 0x0x7fffc8033c50, packet len: 8. strand post doWrite...
59: [2020-Feb-13 10:25:23.253427] - sds::device::CDevice::SendHeartM succ 30013 

60: [2020-Feb-13 10:25:43.283125] - COMMON::connObj::SendData() - conn: 0x0x7fffc8033c50, packet len: 8. strand post doWrite...
61: [2020-Feb-13 10:25:43.283248] - sds::device::CDevice::SendHeartM succ 30013 

62: [2020-Feb-13 10:26:03.292853] - COMMON::connObj::SendData() - conn: 0x0x7fffc8033c50, packet len: 8. strand post doWrite...
63: [2020-Feb-13 10:26:03.292980] - sds::device::CDevice::SendHeartM succ 30013 

64: [2020-Feb-13 10:26:05.283929] - COMMON::connObj::SendData() - conn: 0x0x7fffc8049ca0, packet len: 37. strand post doWrite...
65: [2020-Feb-13 10:26:23.332674] - COMMON::connObj::SendData() - conn: 0x0x7fffc8033c50, packet len: 8. strand post doWrite...
66: [2020-Feb-13 10:26:23.332794] - sds::device::CDevice::SendHeartM succ 30013 

67: [2020-Feb-13 10:26:43.372593] - COMMON::connObj::SendData() - conn: 0x0x7fffc8033c50, packet len: 8. strand post doWrite...
68: [2020-Feb-13 10:26:43.372719] - sds::device::CDevice::SendHeartM succ 30013 

69: [2020-Feb-13 10:27:03.382235] - COMMON::connObj::SendData() - conn: 0x0x7fffc8033c50, packet len: 8. strand post doWrite...
70: [2020-Feb-13 10:27:03.382363] - sds::device::CDevice::SendHeartM succ 30013 

71: [2020-Feb-13 10:27:05.322621] - COMMON::connObj::SendData() - conn: 0x0x7fffc8049ca0, packet len: 37. strand post doWrite...
72: [2020-Feb-13 10:27:23.382018] - COMMON::connObj::SendData() - conn: 0x0x7fffc8033c50, packet len: 8. strand post doWrite...
73: [2020-Feb-13 10:27:23.382140] - sds::device::CDevice::SendHeartM succ 30013 

74: [2020-Feb-13 10:27:42.553289] - COMMON::connObj::SendData() - conn: 0x0x7fffc8033c50, packet len: 8. strand post doWrite...
75: [2020-Feb-13 10:27:42.553334] - sds::device::CDevice::SendHeartM succ 30013 

76: [2020-Feb-13 10:28:59.328290] - COMMON::connObj::SendData() - conn: 0x0x7fffc8049ca0, packet len: 37. strand post doWrite...
77: [2020-Feb-13 10:28:59.328400] - COMMON::connObj::SendData() - conn: 0x0x7fffc8049ca0, packet len: 37. strand post doWrite...
78: [2020-Feb-13 10:28:59.328444] - sds::device::CDevice::SendHeart succ 30013
79: [2020-Feb-13 10:29:08.255310] - COMMON::connObj::SendData() - conn: 0x0x7fffc8049ca0, packet len: 37. strand post doWrite...
