0: [2020-Feb-14 12:03:56.501858] - CConfig::SetPath() - cannot open file, /mnt/teamway/atlas/BallCameraServer/qt-build/../config/global.ini
1: [2020-Feb-14 12:03:56.502375] - YH Device SDK, compiled Jan  6 2020, 14:30:29, copyrights (c) 2018.
2: [2020-Feb-14 12:03:56.502509] - LOG Begin(dev sdk): control::Init() - process: /mnt/teamway/atlas/BallCameraServer/qt-build/BallCameraServer(32019)
3: [2020-Feb-14 12:03:56.502731] - [devsdk]control::Init() - CDevice::m_objTask.Start()!
4: [2020-Feb-14 12:03:56.503739] - tcpServer::doAccept() - create conn obj-------
5: [2020-Feb-14 12:03:56.503866] - [devsdk] control::Init() - listen 10.0.48.66 @ 6608...
6: [2020-Feb-14 12:04:10.908008] - [dsdk] DeviceManager::DoProc() - connection online, hSession: 0x0x46f1810
7: [2020-Feb-14 12:04:10.908309] - tcpServer::doAccept() - create conn obj-------
8: [2020-Feb-14 12:04:10.946624] - COMMON::connObj::SendData() - conn: 0x0x46f1810, packet len: 60. strand post doWrite...
9: [2020-Feb-14 12:04:10.946700] - [dsdk] DeviceManager::build_conn_device_map() - session x0x46f1810 existed, device obj NULL, update session ------- 

10: [2020-Feb-14 12:04:10.946738] - [devsdk]DeviceManger::DoProc() - do signal reg - {"eventtype":"26","deviceid":"30013","channels":"1","type":"4108","nettype":"2","disktype":"1","factorytype":"18","audiotype":"1","addr":"10.0.48.70:42505","desc":"register"}
11: [2020-Feb-14 12:04:11.506016] - COMMON::connObj::SendData() - conn: 0x0x46f1810, packet len: 99. strand post doWrite...
12: [2020-Feb-14 12:04:11.506143] - CDevice::SendOpenStreamCmd() - hSession: 0x0x46f1810, ret: 0x0. cmd len: 99, cmd str: $$dc0090,1,C508,30013,,200214 120411,6B8B4567-23C6-327B-A998-3C6473483366,1,0,0,0,10.0.48.66,6608,#
13: [2020-Feb-14 12:04:11.569261] - [dsdk] DeviceManager::DoProc() - connection online, hSession: 0x0x7f5048049ca0
14: [2020-Feb-14 12:04:11.569367] - tcpServer::doAccept() - create conn obj-------
15: [2020-Feb-14 12:04:11.569446] - CDevice::DoMediaReg() - devid:30013, bussid(BussType_chn_streamtype): 1_0_0
16: [2020-Feb-14 12:04:11.569498] - COMMON::connObj::SendData() - conn: 0x0x7f5048049ca0, packet len: 16. strand post doWrite...
17: [2020-Feb-14 12:04:11.569516] - [dsdk] DeviceManager::build_conn_device_map() - session x0x7f5048049ca0 existed, device obj NULL, update session ------- 

18: [2020-Feb-14 12:04:11.569780] - COMMON::connObj::SendData() - conn: 0x0x7f5048049ca0, packet len: 8. strand post doWrite...
19: [2020-Feb-14 12:04:16.281368] - COMMON::connObj::SendData() - conn: 0x0x7f5048049ca0, packet len: 8. strand post doWrite...
20: [2020-Feb-14 12:04:16.281527] - sds::device::CDevice::SendHeartM succ 30013 

21: [2020-Feb-14 12:04:21.587530] - COMMON::connObj::SendData() - conn: 0x0x7f5048049ca0, packet len: 8. strand post doWrite...
22: [2020-Feb-14 12:04:21.587591] - sds::device::CDevice::SendHeartM succ 30013 

23: [2020-Feb-14 12:04:26.999259] - COMMON::connObj::SendData() - conn: 0x0x7f5048049ca0, packet len: 8. strand post doWrite...
24: [2020-Feb-14 12:04:26.999308] - sds::device::CDevice::SendHeartM succ 30013 

25: [2020-Feb-14 12:04:32.431655] - COMMON::connObj::SendData() - conn: 0x0x7f5048049ca0, packet len: 8. strand post doWrite...
26: [2020-Feb-14 12:04:32.431719] - sds::device::CDevice::SendHeartM succ 30013 

27: [2020-Feb-14 12:04:37.742744] - COMMON::connObj::SendData() - conn: 0x0x7f5048049ca0, packet len: 8. strand post doWrite...
28: [2020-Feb-14 12:04:37.742977] - sds::device::CDevice::SendHeartM succ 30013 

29: [2020-Feb-14 12:04:43.491440] - COMMON::connObj::SendData() - conn: 0x0x7f5048049ca0, packet len: 8. strand post doWrite...
30: [2020-Feb-14 12:04:43.491752] - sds::device::CDevice::SendHeartM succ 30013 

31: [2020-Feb-14 12:04:48.750158] - COMMON::connObj::SendData() - conn: 0x0x7f5048049ca0, packet len: 8. strand post doWrite...
32: [2020-Feb-14 12:04:48.750286] - sds::device::CDevice::SendHeartM succ 30013 

33: [2020-Feb-14 12:04:54.076756] - COMMON::connObj::SendData() - conn: 0x0x7f5048049ca0, packet len: 8. strand post doWrite...
34: [2020-Feb-14 12:04:54.076803] - sds::device::CDevice::SendHeartM succ 30013 

35: [2020-Feb-14 12:04:59.337915] - COMMON::connObj::SendData() - conn: 0x0x7f5048049ca0, packet len: 8. strand post doWrite...
36: [2020-Feb-14 12:04:59.338007] - sds::device::CDevice::SendHeartM succ 30013 

37: [2020-Feb-14 12:05:04.622424] - COMMON::connObj::SendData() - conn: 0x0x7f5048049ca0, packet len: 8. strand post doWrite...
38: [2020-Feb-14 12:05:04.622552] - sds::device::CDevice::SendHeartM succ 30013 

39: [2020-Feb-14 12:05:04.623289] - [devsds]CDevice::DoFrame() - dev:30013,  recv frames 1000,  bytes 9887424 ------
40: [2020-Feb-14 12:05:09.866167] - COMMON::connObj::SendData() - conn: 0x0x7f5048049ca0, packet len: 8. strand post doWrite...
41: [2020-Feb-14 12:05:09.866239] - sds::device::CDevice::SendHeartM succ 30013 

42: [2020-Feb-14 12:05:11.425773] - COMMON::connObj::SendData() - conn: 0x0x46f1810, packet len: 37. strand post doWrite...
43: [2020-Feb-14 12:05:17.667024] - COMMON::connObj::SendData() - conn: 0x0x7f5048049ca0, packet len: 8. strand post doWrite...
44: [2020-Feb-14 12:05:17.667135] - sds::device::CDevice::SendHeartM succ 30013 

45: [2020-Feb-14 12:05:22.810484] - COMMON::connObj::SendData() - conn: 0x0x7f5048049ca0, packet len: 8. strand post doWrite...
46: [2020-Feb-14 12:05:22.810558] - sds::device::CDevice::SendHeartM succ 30013 

47: [2020-Feb-14 12:05:27.980759] - COMMON::connObj::SendData() - conn: 0x0x7f5048049ca0, packet len: 8. strand post doWrite...
48: [2020-Feb-14 12:05:27.980811] - sds::device::CDevice::SendHeartM succ 30013 

