0: [2020-Feb-14 09:38:23.477521] - CConfig::SetPath() - cannot open file, /mnt/teamway/atlas/BallCameraServer/qt-build/../config/global.ini
1: [2020-Feb-14 09:38:23.477662] - YH Device SDK, compiled Jan  6 2020, 14:30:29, copyrights (c) 2018.
2: [2020-Feb-14 09:38:23.477693] - LOG Begin(dev sdk): control::Init() - process: /mnt/teamway/atlas/BallCameraServer/qt-build/BallCameraServer(11792)
3: [2020-Feb-14 09:38:23.477929] - [devsdk]control::Init() - CDevice::m_objTask.Start()!
4: [2020-Feb-14 09:38:23.485138] - tcpServer::doAccept() - create conn obj-------
5: [2020-Feb-14 09:38:23.485224] - [devsdk] control::Init() - listen 10.0.48.66 @ 6608...
6: [2020-Feb-14 09:38:33.550633] - [dsdk] DeviceManager::DoProc() - connection online, hSession: 0x0x3a07630
7: [2020-Feb-14 09:38:33.550949] - tcpServer::doAccept() - create conn obj-------
8: [2020-Feb-14 09:38:33.569891] - COMMON::connObj::SendData() - conn: 0x0x3a07630, packet len: 60. strand post doWrite...
9: [2020-Feb-14 09:38:33.570062] - [dsdk] DeviceManager::build_conn_device_map() - session x0x3a07630 existed, device obj NULL, update session ------- 

10: [2020-Feb-14 09:38:33.570155] - [devsdk]DeviceManger::DoProc() - do signal reg - {"eventtype":"26","deviceid":"30013","channels":"1","type":"4108","nettype":"2","disktype":"1","factorytype":"18","audiotype":"1","addr":"10.0.48.70:52678","desc":"register"}
11: [2020-Feb-14 09:38:34.487046] - COMMON::connObj::SendData() - conn: 0x0x3a07630, packet len: 99. strand post doWrite...
12: [2020-Feb-14 09:38:34.487209] - CDevice::SendOpenStreamCmd() - hSession: 0x0x3a07630, ret: 0x0. cmd len: 99, cmd str: $$dc0090,1,C508,30013,,200214 093834,6B8B4567-23C6-327B-A998-3C6473483366,1,0,0,0,10.0.48.66,6608,#
13: [2020-Feb-14 09:38:34.521908] - [dsdk] DeviceManager::DoProc() - connection online, hSession: 0x0x7fffc4049ca0
14: [2020-Feb-14 09:38:34.522116] - tcpServer::doAccept() - create conn obj-------
15: [2020-Feb-14 09:38:34.524516] - CDevice::DoMediaReg() - devid:30013, bussid(BussType_chn_streamtype): 1_0_0
16: [2020-Feb-14 09:38:34.524660] - COMMON::connObj::SendData() - conn: 0x0x7fffc4049ca0, packet len: 16. strand post doWrite...
17: [2020-Feb-14 09:38:34.524726] - [dsdk] DeviceManager::build_conn_device_map() - session x0x7fffc4049ca0 existed, device obj NULL, update session ------- 

18: [2020-Feb-14 09:38:34.525095] - COMMON::connObj::SendData() - conn: 0x0x7fffc4049ca0, packet len: 8. strand post doWrite...
19: [2020-Feb-14 09:39:14.553760] - COMMON::connObj::SendData() - conn: 0x0x7fffc4049ca0, packet len: 8. strand post doWrite...
20: [2020-Feb-14 09:39:14.553809] - sds::device::CDevice::SendHeartM succ 30013 

21: [2020-Feb-14 09:39:20.161173] - COMMON::connObj::SendData() - conn: 0x0x7fffc4049ca0, packet len: 8. strand post doWrite...
22: [2020-Feb-14 09:39:20.161221] - sds::device::CDevice::SendHeartM succ 30013 

