0: [2020-Feb-12 16:29:19.392473] - CConfig::SetPath() - cannot open file, /mnt/teamway/atlas/BallCameraServer/qt-build/../config/global.ini
1: [2020-Feb-12 16:29:19.392636] - YH Device SDK, compiled Jan  6 2020, 14:30:29, copyrights (c) 2018.
2: [2020-Feb-12 16:29:19.392668] - LOG Begin(dev sdk): control::Init() - process: /mnt/teamway/atlas/BallCameraServer/qt-build/BallCameraServer(27153)
3: [2020-Feb-12 16:29:19.393661] - [devsdk]control::Init() - CDevice::m_objTask.Start()!
4: [2020-Feb-12 16:29:19.397424] - tcpServer::doAccept() - create conn obj-------
5: [2020-Feb-12 16:29:19.397519] - [devsdk] control::Init() - listen 10.0.48.66 @ 6608...
6: [2020-Feb-12 16:29:23.578871] - [dsdk] DeviceManager::DoProc() - connection online, hSession: 0x0x3ed5100
7: [2020-Feb-12 16:29:23.579145] - tcpServer::doAccept() - create conn obj-------
8: [2020-Feb-12 16:29:23.618228] - COMMON::connObj::SendData() - conn: 0x0x3ed5100, packet len: 60. strand post doWrite...
9: [2020-Feb-12 16:29:23.618394] - [dsdk] DeviceManager::build_conn_device_map() - session x0x3ed5100 existed, device obj NULL, update session ------- 

10: [2020-Feb-12 16:29:23.618486] - [devsdk]DeviceManger::DoProc() - do signal reg - {"eventtype":"26","deviceid":"30013","channels":"1","type":"4108","nettype":"2","disktype":"1","factorytype":"18","audiotype":"1","addr":"10.0.48.70:53253","desc":"register"}
11: [2020-Feb-12 16:29:24.398598] - COMMON::connObj::SendData() - conn: 0x0x3ed5100, packet len: 99. strand post doWrite...
12: [2020-Feb-12 16:29:24.398768] - CDevice::SendOpenStreamCmd() - hSession: 0x0x3ed5100, ret: 0x0. cmd len: 99, cmd str: $$dc0090,1,C508,30013,,200212 162924,6B8B4567-23C6-327B-A998-3C6473483366,1,0,0,0,10.0.48.66,6608,#
13: [2020-Feb-12 16:29:24.429756] - [dsdk] DeviceManager::DoProc() - connection online, hSession: 0x0x7fffc8049ca0
14: [2020-Feb-12 16:29:24.429845] - tcpServer::doAccept() - create conn obj-------
15: [2020-Feb-12 16:29:24.430222] - CDevice::DoMediaReg() - devid:30013, bussid(BussType_chn_streamtype): 1_0_0
16: [2020-Feb-12 16:29:24.430282] - COMMON::connObj::SendData() - conn: 0x0x7fffc8049ca0, packet len: 16. strand post doWrite...
17: [2020-Feb-12 16:29:24.430311] - [dsdk] DeviceManager::build_conn_device_map() - session x0x7fffc8049ca0 existed, device obj NULL, update session ------- 

18: [2020-Feb-12 16:29:24.431371] - COMMON::connObj::SendData() - conn: 0x0x7fffc8049ca0, packet len: 8. strand post doWrite...
19: [2020-Feb-12 16:29:31.408185] - COMMON::connObj::SendData() - conn: 0x0x7fffc8049ca0, packet len: 8. strand post doWrite...
20: [2020-Feb-12 16:29:31.408238] - sds::device::CDevice::SendHeartM succ 30013 

21: [2020-Feb-12 16:29:37.484293] - COMMON::connObj::SendData() - conn: 0x0x7fffc8049ca0, packet len: 8. strand post doWrite...
22: [2020-Feb-12 16:29:37.484491] - sds::device::CDevice::SendHeartM succ 30013 

23: [2020-Feb-12 16:29:43.554148] - COMMON::connObj::SendData() - conn: 0x0x7fffc8049ca0, packet len: 8. strand post doWrite...
24: [2020-Feb-12 16:29:43.554331] - sds::device::CDevice::SendHeartM succ 30013 

