0: [2020-Feb-13 16:38:57.316738] - CConfig::SetPath() - cannot open file, /mnt/teamway/atlas/BallCameraServer/qt-build/../config/global.ini
1: [2020-Feb-13 16:38:57.316890] - YH Device SDK, compiled Jan  6 2020, 14:30:29, copyrights (c) 2018.
2: [2020-Feb-13 16:38:57.316938] - LOG Begin(dev sdk): control::Init() - process: /mnt/teamway/atlas/BallCameraServer/qt-build/BallCameraServer(22647)
3: [2020-Feb-13 16:38:57.317008] - [devsdk]control::Init() - CDevice::m_objTask.Start()!
4: [2020-Feb-13 16:38:57.317325] - tcpServer::doAccept() - create conn obj-------
5: [2020-Feb-13 16:38:57.317370] - [devsdk] control::Init() - listen 10.0.48.66 @ 6608...
6: [2020-Feb-13 16:38:58.803193] - [dsdk] DeviceManager::DoProc() - connection online, hSession: 0x0x3d87760
7: [2020-Feb-13 16:38:58.803510] - tcpServer::doAccept() - create conn obj-------
8: [2020-Feb-13 16:38:58.842643] - COMMON::connObj::SendData() - conn: 0x0x3d87760, packet len: 60. strand post doWrite...
9: [2020-Feb-13 16:38:58.842819] - [dsdk] DeviceManager::build_conn_device_map() - session x0x3d87760 existed, device obj NULL, update session ------- 

10: [2020-Feb-13 16:38:58.842912] - [devsdk]DeviceManger::DoProc() - do signal reg - {"eventtype":"26","deviceid":"30013","channels":"1","type":"4108","nettype":"2","disktype":"1","factorytype":"18","audiotype":"1","addr":"10.0.48.70:44473","desc":"register"}
11: [2020-Feb-13 16:38:59.318038] - COMMON::connObj::SendData() - conn: 0x0x3d87760, packet len: 99. strand post doWrite...
12: [2020-Feb-13 16:38:59.318205] - CDevice::SendOpenStreamCmd() - hSession: 0x0x3d87760, ret: 0x0. cmd len: 99, cmd str: $$dc0090,1,C508,30013,,200213 163859,6B8B4567-23C6-327B-A998-3C6473483366,1,0,0,0,10.0.48.66,6608,#
13: [2020-Feb-13 16:38:59.375144] - [dsdk] DeviceManager::DoProc() - connection online, hSession: 0x0x7f5d3c049ca0
14: [2020-Feb-13 16:38:59.375455] - tcpServer::doAccept() - create conn obj-------
15: [2020-Feb-13 16:38:59.375800] - CDevice::DoMediaReg() - devid:30013, bussid(BussType_chn_streamtype): 1_0_0
16: [2020-Feb-13 16:38:59.375959] - COMMON::connObj::SendData() - conn: 0x0x7f5d3c049ca0, packet len: 16. strand post doWrite...
17: [2020-Feb-13 16:38:59.376030] - [dsdk] DeviceManager::build_conn_device_map() - session x0x7f5d3c049ca0 existed, device obj NULL, update session ------- 

18: [2020-Feb-13 16:38:59.376315] - COMMON::connObj::SendData() - conn: 0x0x7f5d3c049ca0, packet len: 8. strand post doWrite...
19: [2020-Feb-13 16:39:04.837235] - COMMON::connObj::SendData() - conn: 0x0x7f5d3c049ca0, packet len: 8. strand post doWrite...
20: [2020-Feb-13 16:39:04.837296] - sds::device::CDevice::SendHeartM succ 30013 

21: [2020-Feb-13 16:39:10.829349] - COMMON::connObj::SendData() - conn: 0x0x7f5d3c049ca0, packet len: 8. strand post doWrite...
22: [2020-Feb-13 16:39:10.829412] - sds::device::CDevice::SendHeartM succ 30013 

23: [2020-Feb-13 16:39:16.843289] - COMMON::connObj::SendData() - conn: 0x0x7f5d3c049ca0, packet len: 8. strand post doWrite...
24: [2020-Feb-13 16:39:16.843349] - sds::device::CDevice::SendHeartM succ 30013 

25: [2020-Feb-13 16:39:22.840008] - COMMON::connObj::SendData() - conn: 0x0x7f5d3c049ca0, packet len: 8. strand post doWrite...
26: [2020-Feb-13 16:39:22.840165] - sds::device::CDevice::SendHeartM succ 30013 

