0: [2020-Feb-14 11:27:22.917093] - CConfig::SetPath() - cannot open file, /mnt/teamway/atlas/BallCameraServer/qt-build/../config/global.ini
1: [2020-Feb-14 11:27:22.917245] - YH Device SDK, compiled Jan  6 2020, 14:30:29, copyrights (c) 2018.
2: [2020-Feb-14 11:27:22.917277] - LOG Begin(dev sdk): control::Init() - process: /mnt/teamway/atlas/BallCameraServer/qt-build/BallCameraServer(20346)
3: [2020-Feb-14 11:27:22.918094] - [devsdk]control::Init() - CDevice::m_objTask.Start()!
4: [2020-Feb-14 11:27:22.926159] - tcpServer::doAccept() - create conn obj-------
5: [2020-Feb-14 11:27:22.926255] - [devsdk] control::Init() - listen 10.0.48.66 @ 6608...
6: [2020-Feb-14 11:27:32.126271] - [dsdk] DeviceManager::DoProc() - connection online, hSession: 0x0x3a086a0
7: [2020-Feb-14 11:27:32.126575] - tcpServer::doAccept() - create conn obj-------
8: [2020-Feb-14 11:27:32.145673] - COMMON::connObj::SendData() - conn: 0x0x3a086a0, packet len: 60. strand post doWrite...
9: [2020-Feb-14 11:27:32.145841] - [dsdk] DeviceManager::build_conn_device_map() - session x0x3a086a0 existed, device obj NULL, update session ------- 

10: [2020-Feb-14 11:27:32.145936] - [devsdk]DeviceManger::DoProc() - do signal reg - {"eventtype":"26","deviceid":"30013","channels":"1","type":"4108","nettype":"2","disktype":"1","factorytype":"18","audiotype":"1","addr":"10.0.48.70:42186","desc":"register"}
11: [2020-Feb-14 11:27:32.927959] - COMMON::connObj::SendData() - conn: 0x0x3a086a0, packet len: 99. strand post doWrite...
12: [2020-Feb-14 11:27:32.928120] - CDevice::SendOpenStreamCmd() - hSession: 0x0x3a086a0, ret: 0x0. cmd len: 99, cmd str: $$dc0090,1,C508,30013,,200214 112732,6B8B4567-23C6-327B-A998-3C6473483366,1,0,0,0,10.0.48.66,6608,#
13: [2020-Feb-14 11:27:33.049408] - [dsdk] DeviceManager::DoProc() - connection online, hSession: 0x0x7fffc4049ca0
14: [2020-Feb-14 11:27:33.049649] - tcpServer::doAccept() - create conn obj-------
15: [2020-Feb-14 11:27:33.049961] - CDevice::DoMediaReg() - devid:30013, bussid(BussType_chn_streamtype): 1_0_0
16: [2020-Feb-14 11:27:33.050104] - COMMON::connObj::SendData() - conn: 0x0x7fffc4049ca0, packet len: 16. strand post doWrite...
17: [2020-Feb-14 11:27:33.050221] - [dsdk] DeviceManager::build_conn_device_map() - session x0x7fffc4049ca0 existed, device obj NULL, update session ------- 

18: [2020-Feb-14 11:27:33.050371] - COMMON::connObj::SendData() - conn: 0x0x7fffc4049ca0, packet len: 8. strand post doWrite...
19: [2020-Feb-14 11:28:52.867749] - COMMON::connObj::SendData() - conn: 0x0x3a086a0, packet len: 37. strand post doWrite...
20: [2020-Feb-14 11:28:52.867856] - COMMON::connObj::SendData() - conn: 0x0x3a086a0, packet len: 37. strand post doWrite...
21: [2020-Feb-14 11:28:52.867886] - sds::device::CDevice::SendHeart succ 30013
22: [2020-Feb-14 11:29:40.171933] - COMMON::connObj::SendData() - conn: 0x0x3a086a0, packet len: 37. strand post doWrite...
23: [2020-Feb-14 11:31:51.273229] - COMMON::connObj::SendData() - conn: 0x0x3a086a0, packet len: 37. strand post doWrite...
24: [2020-Feb-14 11:31:51.273407] - COMMON::connObj::SendData() - conn: 0x0x3a086a0, packet len: 37. strand post doWrite...
25: [2020-Feb-14 11:31:51.273637] - COMMON::connObj::SendData() - conn: 0x0x3a086a0, packet len: 37. strand post doWrite...
26: [2020-Feb-14 11:31:51.273695] - sds::device::CDevice::SendHeart succ 30013
27: [2020-Feb-14 11:32:34.543893] - COMMON::connObj::SendData() - conn: 0x0x3a086a0, packet len: 37. strand post doWrite...
28: [2020-Feb-14 11:33:35.908263] - COMMON::connObj::SendData() - conn: 0x0x3a086a0, packet len: 38. strand post doWrite...
29: [2020-Feb-14 11:33:35.908558] - COMMON::connObj::SendData() - conn: 0x0x3a086a0, packet len: 37. strand post doWrite...
30: [2020-Feb-14 11:33:35.908607] - sds::device::CDevice::SendHeart succ 30013
31: [2020-Feb-14 11:34:36.882246] - COMMON::connObj::SendData() - conn: 0x0x3a086a0, packet len: 38. strand post doWrite...
32: [2020-Feb-14 11:34:36.882308] - CDevice::check_close() - no data 60 seconds, close session x0x3a086a0 -------

33: [2020-Feb-14 11:34:36.882324] - [devsdk] NetManager::CloseConn() - conn type: server, close conn: 0x0x3a086a0

34: [2020-Feb-14 11:34:36.882375] - DeviceManager::check_close - 30013, offline
35: [2020-Feb-14 11:34:36.882390] - DeviceManager::check_device() - offline - {"eventtype":"25","deviceid":"30013","desc":"offline"}
36: [2020-Feb-14 11:36:30.107828] - [dsdk] DeviceManager::DoProc() - connection online, hSession: 0x0x7fffc4091290
37: [2020-Feb-14 11:36:30.107885] - tcpServer::doAccept() - create conn obj-------
38: [2020-Feb-14 11:36:30.107974] - [dsdk] DeviceManager::DoProc() - connection online, hSession: 0x0x7fffc4033b60
39: [2020-Feb-14 11:36:30.108013] - tcpServer::doAccept() - create conn obj-------
40: [2020-Feb-14 11:36:30.108154] - [dsdk] DeviceManager::DoProc() - connection online, hSession: 0x0x7fffc4034890
41: [2020-Feb-14 11:36:30.108192] - tcpServer::doAccept() - create conn obj-------
42: [2020-Feb-14 11:36:30.108303] - [devsdk]DeviceManager::DoProc() - arp: 0x0x7fff9c00abe0, device 30013 is existed, close it... ----

44: [2020-Feb-14 11:36:30.108332] - [devsdk] NetManager::CloseConn() - conn type: server, close conn: 0x0x7fffc4091290

43: [2020-Feb-14 11:36:30.108317] - COMMON::connObj::SendData() - conn: 0x0x7fffc4034890, packet len: 60. strand post doWrite...
45: [2020-Feb-14 11:36:30.108360] - [dsdk] DeviceManager::build_conn_device_map() - session x0x7fffc4034890 existed, device obj NULL, update session ------- 

46: [2020-Feb-14 11:36:30.108450] - [devsdk]DeviceManger::DoProc() - do signal reg - {"eventtype":"26","deviceid":"30013","channels":"1","type":"4108","nettype":"2","disktype":"1","factorytype":"18","audiotype":"1","addr":"10.0.48.70:42256","desc":"register"}
47: [2020-Feb-14 11:36:30.108458] - [devsdk]DeviceManager::DoProc() - arp: 0x0x7fff9400abe0, device 30013 is existed, close it... ----

48: [2020-Feb-14 11:36:30.108489] - COMMON::connObj::handle_read() - conn: 0x0x7fffc4034890, fail: End of file
49: [2020-Feb-14 11:36:30.108495] - [devsdk] NetManager::CloseConn() - conn type: server, close conn: 0x0x7fffc4033b60

50: [2020-Feb-14 11:36:30.108503] - COMMON::connObj::handle_close() - conn: 0x0x7fffc4034890
51: [2020-Feb-14 11:36:30.108523] - [devsdk]NetManager::OnEventCB() - offline event, session(connobj): 0x0x7fffc4034890, create arp of EVENT_TYPE_OFFLINE.
52: [2020-Feb-14 11:36:30.108585] - [dsdk] DeviceManager::DoProc() - connection online, hSession: 0x0x7fffc40355c0
53: [2020-Feb-14 11:36:30.108628] - tcpServer::doAccept() - create conn obj-------
54: [2020-Feb-14 11:36:30.108780] - COMMON::connObj::SendData() - conn: 0x0x7fffc40355c0, packet len: 60. strand post doWrite...
55: [2020-Feb-14 11:36:30.108850] - [dsdk] DeviceManager::build_conn_device_map() - session x0x7fffc40355c0 existed, device obj NULL, update session ------- 

56: [2020-Feb-14 11:36:30.108898] - [devsdk]DeviceManger::DoProc() - do signal reg - {"eventtype":"26","deviceid":"30013","channels":"1","type":"4108","nettype":"2","disktype":"1","factorytype":"18","audiotype":"1","addr":"10.0.48.70:42261","desc":"register"}
57: [2020-Feb-14 11:36:30.537552] - COMMON::connObj::SendData() - conn: 0x0x7fffc40355c0, packet len: 37. strand post doWrite...
58: [2020-Feb-14 11:36:31.547403] - sds::device::CDevice::SendHeart succ 30013
59: [2020-Feb-14 11:36:31.547776] - COMMON::connObj::SendData() - conn: 0x0x7fffc40355c0, packet len: 99. strand post doWrite...
60: [2020-Feb-14 11:36:31.547849] - CDevice::SendOpenStreamCmd() - hSession: 0x0x7fffc40355c0, ret: 0x0. cmd len: 99, cmd str: $$dc0090,2,C508,30013,,200214 113631,74B0DC51-5CFF-1949-8A94-E82AEC585562,1,0,0,0,10.0.48.66,6608,#
61: [2020-Feb-14 11:36:34.068411] - [dsdk] DeviceManager::DoProc() - connection online, hSession: 0x0x7fffc40362b0
62: [2020-Feb-14 11:36:34.068636] - tcpServer::doAccept() - create conn obj-------
63: [2020-Feb-14 11:36:34.069474] - CDevice::DoMediaReg() - devid:30013, bussid(BussType_chn_streamtype): 1_0_0
64: [2020-Feb-14 11:36:34.069693] - COMMON::connObj::SendData() - conn: 0x0x7fffc40362b0, packet len: 16. strand post doWrite...
65: [2020-Feb-14 11:36:34.069734] - [dsdk] DeviceManager::build_conn_device_map() - session x0x7fffc40362b0 existed, device obj NULL, update session ------- 

66: [2020-Feb-14 11:36:34.069776] - COMMON::connObj::SendData() - conn: 0x0x7fffc40362b0, packet len: 8. strand post doWrite...
67: [2020-Feb-14 11:39:11.912099] - COMMON::connObj::SendData() - conn: 0x0x7fffc40355c0, packet len: 37. strand post doWrite...
68: [2020-Feb-14 11:39:11.912153] - COMMON::connObj::SendData() - conn: 0x0x7fffc40355c0, packet len: 37. strand post doWrite...
69: [2020-Feb-14 11:39:11.912212] - COMMON::connObj::SendData() - conn: 0x0x7fffc40355c0, packet len: 37. strand post doWrite...
70: [2020-Feb-14 11:39:11.912230] - sds::device::CDevice::SendHeart succ 30013
71: [2020-Feb-14 11:41:13.210238] - COMMON::connObj::SendData() - conn: 0x0x7fffc40355c0, packet len: 37. strand post doWrite...
72: [2020-Feb-14 11:41:13.210299] - sds::device::CDevice::SendHeart succ 30013
73: [2020-Feb-14 11:41:13.210317] - COMMON::connObj::SendData() - conn: 0x0x7fffc40355c0, packet len: 37. strand post doWrite...
74: [2020-Feb-14 11:41:13.210346] - COMMON::connObj::SendData() - conn: 0x0x7fffc40355c0, packet len: 37. strand post doWrite...
75: [2020-Feb-14 11:42:02.273099] - COMMON::connObj::SendData() - conn: 0x0x7fffc40355c0, packet len: 37. strand post doWrite...
76: [2020-Feb-14 11:42:55.791127] - COMMON::connObj::SendData() - conn: 0x0x7fffc40355c0, packet len: 38. strand post doWrite...
77: [2020-Feb-14 11:44:24.092137] - COMMON::connObj::SendData() - conn: 0x0x7fffc40355c0, packet len: 38. strand post doWrite...
78: [2020-Feb-14 11:44:24.092192] - COMMON::connObj::SendData() - conn: 0x0x7fffc40355c0, packet len: 38. strand post doWrite...
79: [2020-Feb-14 11:44:24.092228] - sds::device::CDevice::SendHeart succ 30013
80: [2020-Feb-14 11:44:45.096737] - COMMON::connObj::SendData() - conn: 0x0x7fffc40355c0, packet len: 38. strand post doWrite...
81: [2020-Feb-14 11:45:34.666407] - COMMON::connObj::SendData() - conn: 0x0x7fffc40355c0, packet len: 38. strand post doWrite...
82: [2020-Feb-14 11:46:46.678388] - COMMON::connObj::SendData() - conn: 0x0x7fffc40355c0, packet len: 38. strand post doWrite...
83: [2020-Feb-14 11:46:46.678492] - COMMON::connObj::SendData() - conn: 0x0x7fffc40355c0, packet len: 38. strand post doWrite...
84: [2020-Feb-14 11:46:46.678513] - sds::device::CDevice::SendHeart succ 30013
85: [2020-Feb-14 11:47:36.923889] - COMMON::connObj::SendData() - conn: 0x0x7fffc40355c0, packet len: 38. strand post doWrite...
86: [2020-Feb-14 11:47:57.590006] - [dsdk] DeviceManager::check_device() - connection 0x0x7fffc4033b60 is not registered last 30 seconds, close it..

87: [2020-Feb-14 11:47:57.590124] - [devsdk] NetManager::CloseConn() - conn type: server, close conn: 0x0x7fffc4033b60

88: [2020-Feb-14 11:47:57.590151] - [dsdk] DeviceManager::check_device() - connection 0x0x7fffc4091290 is not registered last 30 seconds, close it..

89: [2020-Feb-14 11:47:57.590161] - [devsdk] NetManager::CloseConn() - conn type: server, close conn: 0x0x7fffc4091290

90: [2020-Feb-14 11:49:21.947902] - COMMON::connObj::SendData() - conn: 0x0x7fffc40355c0, packet len: 38. strand post doWrite...
91: [2020-Feb-14 11:49:21.947948] - sds::device::CDevice::SendHeart succ 30013
92: [2020-Feb-14 11:49:21.947980] - COMMON::connObj::SendData() - conn: 0x0x7fffc40355c0, packet len: 38. strand post doWrite...
93: [2020-Feb-14 11:49:59.205444] - COMMON::connObj::SendData() - conn: 0x0x7fffc40355c0, packet len: 38. strand post doWrite...
94: [2020-Feb-14 11:50:42.263706] - COMMON::connObj::SendData() - conn: 0x0x7fffc40355c0, packet len: 38. strand post doWrite...
95: [2020-Feb-14 11:52:35.803963] - COMMON::connObj::SendData() - conn: 0x0x7fffc40355c0, packet len: 38. strand post doWrite...
96: [2020-Feb-14 11:52:35.804271] - COMMON::connObj::SendData() - conn: 0x0x7fffc40355c0, packet len: 38. strand post doWrite...
97: [2020-Feb-14 11:52:35.804385] - sds::device::CDevice::SendHeart succ 30013
98: [2020-Feb-14 11:52:40.233000] - COMMON::connObj::SendData() - conn: 0x0x7fffc40355c0, packet len: 38. strand post doWrite...
