0: [2020-Feb-13 08:31:38.440090] - CConfig::SetPath() - cannot open file, /mnt/teamway/atlas/BallCameraServer/qt-build/../config/global.ini
1: [2020-Feb-13 08:31:38.440263] - YH Device SDK, compiled Jan  6 2020, 14:30:29, copyrights (c) 2018.
2: [2020-Feb-13 08:31:38.440296] - LOG Begin(dev sdk): control::Init() - process: /mnt/teamway/atlas/BallCameraServer/qt-build/BallCameraServer(6697)
3: [2020-Feb-13 08:31:38.440542] - [devsdk]control::Init() - CDevice::m_objTask.Start()!
4: [2020-Feb-13 08:31:38.450636] - tcpServer::doAccept() - create conn obj-------
5: [2020-Feb-13 08:31:38.450723] - [devsdk] control::Init() - listen 10.0.48.66 @ 6608...
6: [2020-Feb-13 08:31:52.115083] - [dsdk] DeviceManager::DoProc() - connection online, hSession: 0x0x3ed5170
7: [2020-Feb-13 08:31:52.115427] - tcpServer::doAccept() - create conn obj-------
8: [2020-Feb-13 08:31:52.143287] - COMMON::connObj::SendData() - conn: 0x0x3ed5170, packet len: 60. strand post doWrite...
9: [2020-Feb-13 08:31:52.143460] - [dsdk] DeviceManager::build_conn_device_map() - session x0x3ed5170 existed, device obj NULL, update session ------- 

10: [2020-Feb-13 08:31:52.143555] - [devsdk]DeviceManger::DoProc() - do signal reg - {"eventtype":"26","deviceid":"30013","channels":"1","type":"4108","nettype":"2","disktype":"1","factorytype":"18","audiotype":"1","addr":"10.0.48.70:36420","desc":"register"}
11: [2020-Feb-13 08:31:52.453094] - COMMON::connObj::SendData() - conn: 0x0x3ed5170, packet len: 99. strand post doWrite...
12: [2020-Feb-13 08:31:52.453260] - CDevice::SendOpenStreamCmd() - hSession: 0x0x3ed5170, ret: 0x0. cmd len: 99, cmd str: $$dc0090,1,C508,30013,,200213 083152,6B8B4567-23C6-327B-A998-3C6473483366,1,0,0,0,10.0.48.66,6608,#
13: [2020-Feb-13 08:31:52.495597] - [dsdk] DeviceManager::DoProc() - connection online, hSession: 0x0x7fffc8049ca0
14: [2020-Feb-13 08:31:52.495826] - tcpServer::doAccept() - create conn obj-------
15: [2020-Feb-13 08:31:52.496126] - CDevice::DoMediaReg() - devid:30013, bussid(BussType_chn_streamtype): 1_0_0
16: [2020-Feb-13 08:31:52.496267] - COMMON::connObj::SendData() - conn: 0x0x7fffc8049ca0, packet len: 16. strand post doWrite...
17: [2020-Feb-13 08:31:52.496333] - [dsdk] DeviceManager::build_conn_device_map() - session x0x7fffc8049ca0 existed, device obj NULL, update session ------- 

18: [2020-Feb-13 08:31:52.497981] - COMMON::connObj::SendData() - conn: 0x0x7fffc8049ca0, packet len: 8. strand post doWrite...
19: [2020-Feb-13 08:31:58.174838] - COMMON::connObj::SendData() - conn: 0x0x7fffc8049ca0, packet len: 8. strand post doWrite...
20: [2020-Feb-13 08:31:58.174890] - sds::device::CDevice::SendHeartM succ 30013 

21: [2020-Feb-13 08:32:04.462145] - COMMON::connObj::SendData() - conn: 0x0x7fffc8049ca0, packet len: 8. strand post doWrite...
22: [2020-Feb-13 08:32:04.462318] - sds::device::CDevice::SendHeartM succ 30013 

23: [2020-Feb-13 08:32:10.725308] - COMMON::connObj::SendData() - conn: 0x0x7fffc8049ca0, packet len: 8. strand post doWrite...
24: [2020-Feb-13 08:32:10.725364] - sds::device::CDevice::SendHeartM succ 30013 

25: [2020-Feb-13 08:32:16.955789] - COMMON::connObj::SendData() - conn: 0x0x7fffc8049ca0, packet len: 8. strand post doWrite...
26: [2020-Feb-13 08:32:16.955840] - sds::device::CDevice::SendHeartM succ 30013 

27: [2020-Feb-13 08:32:23.103776] - COMMON::connObj::SendData() - conn: 0x0x7fffc8049ca0, packet len: 8. strand post doWrite...
28: [2020-Feb-13 08:32:23.103832] - sds::device::CDevice::SendHeartM succ 30013 

