0: [2020-Feb-12 17:10:24.565243] - CConfig::SetPath() - cannot open file, /mnt/teamway/atlas/BallCameraServer/qt-build/../config/global.ini
1: [2020-Feb-12 17:10:24.565408] - YH Device SDK, compiled Jan  6 2020, 14:30:29, copyrights (c) 2018.
2: [2020-Feb-12 17:10:24.565439] - LOG Begin(dev sdk): control::Init() - process: /mnt/teamway/atlas/BallCameraServer/qt-build/BallCameraServer(29096)
3: [2020-Feb-12 17:10:24.566595] - [devsdk]control::Init() - CDevice::m_objTask.Start()!
4: [2020-Feb-12 17:10:24.570726] - tcpServer::doAccept() - create conn obj-------
5: [2020-Feb-12 17:10:24.570844] - [devsdk] control::Init() - listen 10.0.48.66 @ 6608...
6: [2020-Feb-12 17:10:36.006739] - [dsdk] DeviceManager::DoProc() - connection online, hSession: 0x0x3ed5100
7: [2020-Feb-12 17:10:36.007024] - tcpServer::doAccept() - create conn obj-------
8: [2020-Feb-12 17:10:36.026138] - COMMON::connObj::SendData() - conn: 0x0x3ed5100, packet len: 60. strand post doWrite...
9: [2020-Feb-12 17:10:36.026304] - [dsdk] DeviceManager::build_conn_device_map() - session x0x3ed5100 existed, device obj NULL, update session ------- 

10: [2020-Feb-12 17:10:36.026396] - [devsdk]DeviceManger::DoProc() - do signal reg - {"eventtype":"26","deviceid":"30013","channels":"1","type":"4108","nettype":"2","disktype":"1","factorytype":"18","audiotype":"1","addr":"10.0.48.70:53702","desc":"register"}
11: [2020-Feb-12 17:10:36.572829] - COMMON::connObj::SendData() - conn: 0x0x3ed5100, packet len: 99. strand post doWrite...
12: [2020-Feb-12 17:10:36.572992] - CDevice::SendOpenStreamCmd() - hSession: 0x0x3ed5100, ret: 0x0. cmd len: 99, cmd str: $$dc0090,1,C508,30013,,200212 171036,6B8B4567-23C6-327B-A998-3C6473483366,1,0,0,0,10.0.48.66,6608,#
13: [2020-Feb-12 17:10:36.650198] - [dsdk] DeviceManager::DoProc() - connection online, hSession: 0x0x7fffc8049ca0
14: [2020-Feb-12 17:10:36.650393] - tcpServer::doAccept() - create conn obj-------
15: [2020-Feb-12 17:10:36.651004] - CDevice::DoMediaReg() - devid:30013, bussid(BussType_chn_streamtype): 1_0_0
16: [2020-Feb-12 17:10:36.651149] - COMMON::connObj::SendData() - conn: 0x0x7fffc8049ca0, packet len: 16. strand post doWrite...
17: [2020-Feb-12 17:10:36.651214] - [dsdk] DeviceManager::build_conn_device_map() - session x0x7fffc8049ca0 existed, device obj NULL, update session ------- 

18: [2020-Feb-12 17:10:36.651905] - COMMON::connObj::SendData() - conn: 0x0x7fffc8049ca0, packet len: 8. strand post doWrite...
19: [2020-Feb-12 17:10:44.096023] - COMMON::connObj::SendData() - conn: 0x0x7fffc8049ca0, packet len: 8. strand post doWrite...
20: [2020-Feb-12 17:10:44.096069] - sds::device::CDevice::SendHeartM succ 30013 

21: [2020-Feb-12 17:10:51.665283] - COMMON::connObj::SendData() - conn: 0x0x7fffc8049ca0, packet len: 8. strand post doWrite...
22: [2020-Feb-12 17:10:51.665328] - sds::device::CDevice::SendHeartM succ 30013 

23: [2020-Feb-12 17:10:59.222062] - COMMON::connObj::SendData() - conn: 0x0x7fffc8049ca0, packet len: 8. strand post doWrite...
24: [2020-Feb-12 17:10:59.222105] - sds::device::CDevice::SendHeartM succ 30013 

