0: [2020-Feb-11 16:42:29.977191] - CConfig::SetPath() - cannot open file, /mnt/teamway/atlas/BallCameraServer/qt-build/../config/global.ini
1: [2020-Feb-11 16:42:29.977349] - YH Device SDK, compiled Jan  6 2020, 14:30:29, copyrights (c) 2018.
2: [2020-Feb-11 16:42:29.977379] - LOG Begin(dev sdk): control::Init() - process: /mnt/teamway/atlas/BallCameraServer/qt-build/BallCameraServer(8858)
3: [2020-Feb-11 16:42:29.977469] - [devsdk]control::Init() - CDevice::m_objTask.Start()!
4: [2020-Feb-11 16:42:29.977905] - tcpServer::doAccept() - create conn obj-------
5: [2020-Feb-11 16:42:29.978213] - [devsdk] control::Init() - listen 10.0.48.66 @ 6608...
6: [2020-Feb-11 16:42:44.810833] - [dsdk] DeviceManager::DoProc() - connection online, hSession: 0x0x182e9a0
7: [2020-Feb-11 16:42:44.811139] - tcpServer::doAccept() - create conn obj-------
8: [2020-Feb-11 16:42:44.850188] - COMMON::connObj::SendData() - conn: 0x0x182e9a0, packet len: 60. strand post doWrite...
9: [2020-Feb-11 16:42:44.850333] - [dsdk] DeviceManager::build_conn_device_map() - session x0x182e9a0 existed, device obj NULL, update session ------- 

10: [2020-Feb-11 16:42:44.850422] - [devsdk]DeviceManger::DoProc() - do signal reg - {"eventtype":"26","deviceid":"30013","channels":"1","type":"4108","nettype":"2","disktype":"1","factorytype":"18","audiotype":"1","addr":"10.0.48.70:36657","desc":"register"}
11: [2020-Feb-11 16:42:44.980718] - COMMON::connObj::SendData() - conn: 0x0x182e9a0, packet len: 99. strand post doWrite...
12: [2020-Feb-11 16:42:44.980884] - CDevice::SendOpenStreamCmd() - hSession: 0x0x182e9a0, ret: 0x0. cmd len: 99, cmd str: $$dc0090,1,C508,30013,,200211 164244,6B8B4567-23C6-327B-A998-3C6473483366,1,0,0,0,10.0.48.66,6608,#
13: [2020-Feb-11 16:42:45.011715] - [dsdk] DeviceManager::DoProc() - connection online, hSession: 0x0x7f06a0049ca0
14: [2020-Feb-11 16:42:45.011815] - tcpServer::doAccept() - create conn obj-------
15: [2020-Feb-11 16:42:45.013063] - CDevice::DoMediaReg() - devid:30013, bussid(BussType_chn_streamtype): 1_0_0
16: [2020-Feb-11 16:42:45.013129] - COMMON::connObj::SendData() - conn: 0x0x7f06a0049ca0, packet len: 16. strand post doWrite...
17: [2020-Feb-11 16:42:45.013160] - [dsdk] DeviceManager::build_conn_device_map() - session x0x7f06a0049ca0 existed, device obj NULL, update session ------- 

18: [2020-Feb-11 16:42:45.014445] - COMMON::connObj::SendData() - conn: 0x0x7f06a0049ca0, packet len: 8. strand post doWrite...
19: [2020-Feb-11 16:42:49.860233] - COMMON::connObj::SendData() - conn: 0x0x7f06a0049ca0, packet len: 8. strand post doWrite...
20: [2020-Feb-11 16:42:49.860367] - sds::device::CDevice::SendHeartM succ 30013 

21: [2020-Feb-11 16:42:54.906733] - COMMON::connObj::SendData() - conn: 0x0x7f06a0049ca0, packet len: 8. strand post doWrite...
22: [2020-Feb-11 16:42:54.906789] - sds::device::CDevice::SendHeartM succ 30013 

23: [2020-Feb-11 16:42:59.919851] - COMMON::connObj::SendData() - conn: 0x0x7f06a0049ca0, packet len: 8. strand post doWrite...
24: [2020-Feb-11 16:42:59.919981] - sds::device::CDevice::SendHeartM succ 30013 

