0: [2020-Feb-14 09:37:42.088492] - CConfig::SetPath() - cannot open file, /mnt/teamway/atlas/BallCameraServer/qt-build/../config/global.ini
1: [2020-Feb-14 09:37:42.088663] - YH Device SDK, compiled Jan  6 2020, 14:30:29, copyrights (c) 2018.
2: [2020-Feb-14 09:37:42.088698] - LOG Begin(dev sdk): control::Init() - process: /mnt/teamway/atlas/BallCameraServer/qt-build/BallCameraServer(11764)
3: [2020-Feb-14 09:37:42.088767] - [devsdk]control::Init() - CDevice::m_objTask.Start()!
4: [2020-Feb-14 09:37:42.089103] - tcpServer::doAccept() - create conn obj-------
5: [2020-Feb-14 09:37:42.089154] - [devsdk] control::Init() - listen 10.0.48.66 @ 6608...
6: [2020-Feb-14 09:37:53.511783] - [dsdk] DeviceManager::DoProc() - connection online, hSession: 0x0x5367370
7: [2020-Feb-14 09:37:53.512088] - tcpServer::doAccept() - create conn obj-------
8: [2020-Feb-14 09:37:53.540582] - COMMON::connObj::SendData() - conn: 0x0x5367370, packet len: 60. strand post doWrite...
9: [2020-Feb-14 09:37:53.540757] - [dsdk] DeviceManager::build_conn_device_map() - session x0x5367370 existed, device obj NULL, update session ------- 

10: [2020-Feb-14 09:37:53.540849] - [devsdk]DeviceManger::DoProc() - do signal reg - {"eventtype":"26","deviceid":"30013","channels":"1","type":"4108","nettype":"2","disktype":"1","factorytype":"18","audiotype":"1","addr":"10.0.48.70:52672","desc":"register"}
11: [2020-Feb-14 09:37:54.091323] - COMMON::connObj::SendData() - conn: 0x0x5367370, packet len: 99. strand post doWrite...
12: [2020-Feb-14 09:37:54.091491] - CDevice::SendOpenStreamCmd() - hSession: 0x0x5367370, ret: 0x0. cmd len: 99, cmd str: $$dc0090,1,C508,30013,,200214 093754,6B8B4567-23C6-327B-A998-3C6473483366,1,0,0,0,10.0.48.66,6608,#
13: [2020-Feb-14 09:37:54.142551] - [dsdk] DeviceManager::DoProc() - connection online, hSession: 0x0x7ff6a4049ca0
14: [2020-Feb-14 09:37:54.142767] - tcpServer::doAccept() - create conn obj-------
15: [2020-Feb-14 09:37:54.143074] - CDevice::DoMediaReg() - devid:30013, bussid(BussType_chn_streamtype): 1_0_0
16: [2020-Feb-14 09:37:54.143217] - COMMON::connObj::SendData() - conn: 0x0x7ff6a4049ca0, packet len: 16. strand post doWrite...
17: [2020-Feb-14 09:37:54.143283] - [dsdk] DeviceManager::build_conn_device_map() - session x0x7ff6a4049ca0 existed, device obj NULL, update session ------- 

18: [2020-Feb-14 09:37:54.144296] - COMMON::connObj::SendData() - conn: 0x0x7ff6a4049ca0, packet len: 8. strand post doWrite...
19: [2020-Feb-14 09:37:59.579082] - COMMON::connObj::SendData() - conn: 0x0x7ff6a4049ca0, packet len: 8. strand post doWrite...
20: [2020-Feb-14 09:37:59.579197] - sds::device::CDevice::SendHeartM succ 30013 

21: [2020-Feb-14 09:38:05.592378] - COMMON::connObj::SendData() - conn: 0x0x7ff6a4049ca0, packet len: 8. strand post doWrite...
22: [2020-Feb-14 09:38:05.592430] - sds::device::CDevice::SendHeartM succ 30013 

23: [2020-Feb-14 09:38:11.602296] - COMMON::connObj::SendData() - conn: 0x0x7ff6a4049ca0, packet len: 8. strand post doWrite...
24: [2020-Feb-14 09:38:11.602351] - sds::device::CDevice::SendHeartM succ 30013 

25: [2020-Feb-14 09:38:17.645568] - COMMON::connObj::SendData() - conn: 0x0x7ff6a4049ca0, packet len: 8. strand post doWrite...
26: [2020-Feb-14 09:38:17.645625] - sds::device::CDevice::SendHeartM succ 30013 

