0: [2020-Feb-13 10:17:40.499574] - CConfig::SetPath() - cannot open file, /mnt/teamway/atlas/BallCameraServer/qt-build/../config/global.ini
1: [2020-Feb-13 10:17:40.499727] - YH Device SDK, compiled Jan  6 2020, 14:30:29, copyrights (c) 2018.
2: [2020-Feb-13 10:17:40.499761] - LOG Begin(dev sdk): control::Init() - process: /mnt/teamway/atlas/BallCameraServer/qt-build/BallCameraServer(15169)
3: [2020-Feb-13 10:17:40.500018] - [devsdk]control::Init() - CDevice::m_objTask.Start()!
4: [2020-Feb-13 10:17:40.514130] - tcpServer::doAccept() - create conn obj-------
5: [2020-Feb-13 10:17:40.514213] - [devsdk] control::Init() - listen 10.0.48.66 @ 6608...
6: [2020-Feb-13 10:17:49.111790] - [dsdk] DeviceManager::DoProc() - connection online, hSession: 0x0x3a021e0
7: [2020-Feb-13 10:17:49.112090] - tcpServer::doAccept() - create conn obj-------
8: [2020-Feb-13 10:17:49.151125] - COMMON::connObj::SendData() - conn: 0x0x3a021e0, packet len: 60. strand post doWrite...
9: [2020-Feb-13 10:17:49.151293] - [dsdk] DeviceManager::build_conn_device_map() - session x0x3a021e0 existed, device obj NULL, update session ------- 

10: [2020-Feb-13 10:17:49.151386] - [devsdk]DeviceManger::DoProc() - do signal reg - {"eventtype":"26","deviceid":"30013","channels":"1","type":"4108","nettype":"2","disktype":"1","factorytype":"18","audiotype":"1","addr":"10.0.48.70:50810","desc":"register"}
11: [2020-Feb-13 10:17:49.517392] - COMMON::connObj::SendData() - conn: 0x0x3a021e0, packet len: 99. strand post doWrite...
12: [2020-Feb-13 10:17:49.517572] - CDevice::SendOpenStreamCmd() - hSession: 0x0x3a021e0, ret: 0x0. cmd len: 99, cmd str: $$dc0090,1,C508,30013,,200213 101749,6B8B4567-23C6-327B-A998-3C6473483366,1,0,0,0,10.0.48.66,6608,#
13: [2020-Feb-13 10:17:49.544070] - [dsdk] DeviceManager::DoProc() - connection online, hSession: 0x0x7fffc8049ca0
14: [2020-Feb-13 10:17:49.544365] - tcpServer::doAccept() - create conn obj-------
15: [2020-Feb-13 10:17:49.544731] - CDevice::DoMediaReg() - devid:30013, bussid(BussType_chn_streamtype): 1_0_0
16: [2020-Feb-13 10:17:49.544888] - COMMON::connObj::SendData() - conn: 0x0x7fffc8049ca0, packet len: 16. strand post doWrite...
17: [2020-Feb-13 10:17:49.544958] - [dsdk] DeviceManager::build_conn_device_map() - session x0x7fffc8049ca0 existed, device obj NULL, update session ------- 

18: [2020-Feb-13 10:17:49.545025] - COMMON::connObj::SendData() - conn: 0x0x7fffc8049ca0, packet len: 8. strand post doWrite...
19: [2020-Feb-13 10:18:09.580066] - COMMON::connObj::SendData() - conn: 0x0x7fffc8049ca0, packet len: 8. strand post doWrite...
20: [2020-Feb-13 10:18:09.580223] - sds::device::CDevice::SendHeartM succ 30013 

21: [2020-Feb-13 10:18:29.609821] - COMMON::connObj::SendData() - conn: 0x0x7fffc8049ca0, packet len: 8. strand post doWrite...
22: [2020-Feb-13 10:18:29.609957] - sds::device::CDevice::SendHeartM succ 30013 

23: [2020-Feb-13 10:18:49.639905] - COMMON::connObj::SendData() - conn: 0x0x7fffc8049ca0, packet len: 8. strand post doWrite...
24: [2020-Feb-13 10:18:49.640062] - sds::device::CDevice::SendHeartM succ 30013 

25: [2020-Feb-13 10:18:50.099831] - COMMON::connObj::SendData() - conn: 0x0x3a021e0, packet len: 37. strand post doWrite...
26: [2020-Feb-13 10:19:09.669299] - COMMON::connObj::SendData() - conn: 0x0x7fffc8049ca0, packet len: 8. strand post doWrite...
27: [2020-Feb-13 10:19:09.669408] - sds::device::CDevice::SendHeartM succ 30013 

28: [2020-Feb-13 10:19:29.679180] - COMMON::connObj::SendData() - conn: 0x0x7fffc8049ca0, packet len: 8. strand post doWrite...
29: [2020-Feb-13 10:19:29.679313] - sds::device::CDevice::SendHeartM succ 30013 

