0: [2020-Feb-11 16:43:43.067847] - CConfig::SetPath() - cannot open file, /mnt/teamway/atlas/BallCameraServer/qt-build/../config/global.ini
1: [2020-Feb-11 16:43:43.068002] - YH Device SDK, compiled Jan  6 2020, 14:30:29, copyrights (c) 2018.
2: [2020-Feb-11 16:43:43.068033] - LOG Begin(dev sdk): control::Init() - process: /mnt/teamway/atlas/BallCameraServer/qt-build/BallCameraServer(9117)
3: [2020-Feb-11 16:43:43.068089] - [devsdk]control::Init() - CDevice::m_objTask.Start()!
4: [2020-Feb-11 16:43:43.068420] - tcpServer::doAccept() - create conn obj-------
5: [2020-Feb-11 16:43:43.068471] - [devsdk] control::Init() - listen 10.0.48.66 @ 6608...
6: [2020-Feb-11 16:43:45.330343] - [dsdk] DeviceManager::DoProc() - connection online, hSession: 0x0xcabcb0
7: [2020-Feb-11 16:43:45.330652] - tcpServer::doAccept() - create conn obj-------
8: [2020-Feb-11 16:43:45.369525] - COMMON::connObj::SendData() - conn: 0x0xcabcb0, packet len: 60. strand post doWrite...
9: [2020-Feb-11 16:43:45.369681] - [dsdk] DeviceManager::build_conn_device_map() - session x0xcabcb0 existed, device obj NULL, update session ------- 

10: [2020-Feb-11 16:43:45.369774] - [devsdk]DeviceManger::DoProc() - do signal reg - {"eventtype":"26","deviceid":"30013","channels":"1","type":"4108","nettype":"2","disktype":"1","factorytype":"18","audiotype":"1","addr":"10.0.48.70:36669","desc":"register"}
11: [2020-Feb-11 16:43:46.069323] - COMMON::connObj::SendData() - conn: 0x0xcabcb0, packet len: 99. strand post doWrite...
12: [2020-Feb-11 16:43:46.069506] - CDevice::SendOpenStreamCmd() - hSession: 0x0xcabcb0, ret: 0x0. cmd len: 99, cmd str: $$dc0090,1,C508,30013,,200211 164346,6B8B4567-23C6-327B-A998-3C6473483366,1,0,0,0,10.0.48.66,6608,#
13: [2020-Feb-11 16:43:46.181601] - [dsdk] DeviceManager::DoProc() - connection online, hSession: 0x0x7f11b8049ca0
14: [2020-Feb-11 16:43:46.181806] - tcpServer::doAccept() - create conn obj-------
15: [2020-Feb-11 16:43:46.183742] - CDevice::DoMediaReg() - devid:30013, bussid(BussType_chn_streamtype): 1_0_0
16: [2020-Feb-11 16:43:46.183883] - COMMON::connObj::SendData() - conn: 0x0x7f11b8049ca0, packet len: 16. strand post doWrite...
17: [2020-Feb-11 16:43:46.183950] - [dsdk] DeviceManager::build_conn_device_map() - session x0x7f11b8049ca0 existed, device obj NULL, update session ------- 

18: [2020-Feb-11 16:43:46.184430] - COMMON::connObj::SendData() - conn: 0x0x7f11b8049ca0, packet len: 8. strand post doWrite...
19: [2020-Feb-11 16:43:50.389866] - COMMON::connObj::SendData() - conn: 0x0x7f11b8049ca0, packet len: 8. strand post doWrite...
20: [2020-Feb-11 16:43:50.389997] - sds::device::CDevice::SendHeartM succ 30013 

