0: [2020-Feb-14 08:54:19.739155] - CConfig::SetPath() - cannot open file, /mnt/teamway/atlas/BallCameraServer/qt-build/../config/global.ini
1: [2020-Feb-14 08:54:19.739565] - YH Device SDK, compiled Jan  6 2020, 14:30:29, copyrights (c) 2018.
2: [2020-Feb-14 08:54:19.739629] - LOG Begin(dev sdk): control::Init() - process: /mnt/teamway/atlas/BallCameraServer/qt-build/BallCameraServer(9186)
3: [2020-Feb-14 08:54:19.739771] - [devsdk]control::Init() - CDevice::m_objTask.Start()!
4: [2020-Feb-14 08:54:19.740361] - tcpServer::doAccept() - create conn obj-------
5: [2020-Feb-14 08:54:19.740573] - [devsdk] control::Init() - listen 10.0.48.66 @ 6608...
6: [2020-Feb-14 08:54:28.842085] - [dsdk] DeviceManager::DoProc() - connection online, hSession: 0x0x5031cb0
7: [2020-Feb-14 08:54:28.842374] - tcpServer::doAccept() - create conn obj-------
8: [2020-Feb-14 08:54:28.881231] - COMMON::connObj::SendData() - conn: 0x0x5031cb0, packet len: 60. strand post doWrite...
9: [2020-Feb-14 08:54:28.881399] - [dsdk] DeviceManager::build_conn_device_map() - session x0x5031cb0 existed, device obj NULL, update session ------- 

10: [2020-Feb-14 08:54:28.881522] - [devsdk]DeviceManger::DoProc() - do signal reg - {"eventtype":"26","deviceid":"30013","channels":"1","type":"4108","nettype":"2","disktype":"1","factorytype":"18","audiotype":"1","addr":"10.0.48.70:52172","desc":"register"}
11: [2020-Feb-14 08:54:29.742293] - COMMON::connObj::SendData() - conn: 0x0x5031cb0, packet len: 99. strand post doWrite...
12: [2020-Feb-14 08:54:29.742462] - CDevice::SendOpenStreamCmd() - hSession: 0x0x5031cb0, ret: 0x0. cmd len: 99, cmd str: $$dc0090,1,C508,30013,,200214 085429,6B8B4567-23C6-327B-A998-3C6473483366,1,0,0,0,10.0.48.66,6608,#
13: [2020-Feb-14 08:54:29.845428] - [dsdk] DeviceManager::DoProc() - connection online, hSession: 0x0x7fbf84049ca0
14: [2020-Feb-14 08:54:29.845693] - tcpServer::doAccept() - create conn obj-------
15: [2020-Feb-14 08:54:29.846410] - CDevice::DoMediaReg() - devid:30013, bussid(BussType_chn_streamtype): 1_0_0
16: [2020-Feb-14 08:54:29.846561] - COMMON::connObj::SendData() - conn: 0x0x7fbf84049ca0, packet len: 16. strand post doWrite...
17: [2020-Feb-14 08:54:29.846628] - [dsdk] DeviceManager::build_conn_device_map() - session x0x7fbf84049ca0 existed, device obj NULL, update session ------- 

18: [2020-Feb-14 08:54:29.847897] - COMMON::connObj::SendData() - conn: 0x0x7fbf84049ca0, packet len: 8. strand post doWrite...
19: [2020-Feb-14 08:54:33.900805] - COMMON::connObj::SendData() - conn: 0x0x7fbf84049ca0, packet len: 8. strand post doWrite...
20: [2020-Feb-14 08:54:33.900864] - sds::device::CDevice::SendHeartM succ 30013 

21: [2020-Feb-14 08:54:38.932187] - COMMON::connObj::SendData() - conn: 0x0x7fbf84049ca0, packet len: 8. strand post doWrite...
22: [2020-Feb-14 08:54:38.932322] - sds::device::CDevice::SendHeartM succ 30013 

23: [2020-Feb-14 08:54:43.972687] - COMMON::connObj::SendData() - conn: 0x0x7fbf84049ca0, packet len: 8. strand post doWrite...
24: [2020-Feb-14 08:54:43.972809] - sds::device::CDevice::SendHeartM succ 30013 

