0: [2020-Feb-11 16:48:06.725015] - CConfig::SetPath() - cannot open file, /mnt/teamway/atlas/BallCameraServer/qt-build/../config/global.ini
1: [2020-Feb-11 16:48:06.725154] - YH Device SDK, compiled Jan  6 2020, 14:30:29, copyrights (c) 2018.
2: [2020-Feb-11 16:48:06.725191] - LOG Begin(dev sdk): control::Init() - process: /mnt/teamway/atlas/BallCameraServer/qt-build/BallCameraServer(9264)
3: [2020-Feb-11 16:48:06.725255] - [devsdk]control::Init() - CDevice::m_objTask.Start()!
4: [2020-Feb-11 16:48:06.725570] - tcpServer::doAccept() - create conn obj-------
5: [2020-Feb-11 16:48:06.725621] - [devsdk] control::Init() - listen 10.0.48.66 @ 6608...
6: [2020-Feb-11 16:48:20.457513] - [dsdk] DeviceManager::DoProc() - connection online, hSession: 0x0x18d3a20
7: [2020-Feb-11 16:48:20.457614] - tcpServer::doAccept() - create conn obj-------
8: [2020-Feb-11 16:48:20.497054] - COMMON::connObj::SendData() - conn: 0x0x18d3a20, packet len: 60. strand post doWrite...
9: [2020-Feb-11 16:48:20.497145] - [dsdk] DeviceManager::build_conn_device_map() - session x0x18d3a20 existed, device obj NULL, update session ------- 

10: [2020-Feb-11 16:48:20.497210] - [devsdk]DeviceManger::DoProc() - do signal reg - {"eventtype":"26","deviceid":"30013","channels":"1","type":"4108","nettype":"2","disktype":"1","factorytype":"18","audiotype":"1","addr":"10.0.48.70:36723","desc":"register"}
11: [2020-Feb-11 16:48:20.727649] - COMMON::connObj::SendData() - conn: 0x0x18d3a20, packet len: 99. strand post doWrite...
12: [2020-Feb-11 16:48:20.727820] - CDevice::SendOpenStreamCmd() - hSession: 0x0x18d3a20, ret: 0x0. cmd len: 99, cmd str: $$dc0090,1,C508,30013,,200211 164820,6B8B4567-23C6-327B-A998-3C6473483366,1,0,0,0,10.0.48.66,6608,#
13: [2020-Feb-11 16:48:20.749219] - [dsdk] DeviceManager::DoProc() - connection online, hSession: 0x0x7f5ef4049ca0
14: [2020-Feb-11 16:48:20.749435] - tcpServer::doAccept() - create conn obj-------
15: [2020-Feb-11 16:48:20.749763] - CDevice::DoMediaReg() - devid:30013, bussid(BussType_chn_streamtype): 1_0_0
16: [2020-Feb-11 16:48:20.749909] - COMMON::connObj::SendData() - conn: 0x0x7f5ef4049ca0, packet len: 16. strand post doWrite...
17: [2020-Feb-11 16:48:20.749976] - [dsdk] DeviceManager::build_conn_device_map() - session x0x7f5ef4049ca0 existed, device obj NULL, update session ------- 

18: [2020-Feb-11 16:48:20.750353] - COMMON::connObj::SendData() - conn: 0x0x7f5ef4049ca0, packet len: 8. strand post doWrite...
19: [2020-Feb-11 16:48:25.517533] - COMMON::connObj::SendData() - conn: 0x0x7f5ef4049ca0, packet len: 8. strand post doWrite...
20: [2020-Feb-11 16:48:25.517665] - sds::device::CDevice::SendHeartM succ 30013 

