0: [2020-Feb-14 10:05:18.759363] - CConfig::SetPath() - cannot open file, /mnt/teamway/atlas/BallCameraServer/qt-build/../config/global.ini
1: [2020-Feb-14 10:05:18.759543] - YH Device SDK, compiled Jan  6 2020, 14:30:29, copyrights (c) 2018.
2: [2020-Feb-14 10:05:18.759576] - LOG Begin(dev sdk): control::Init() - process: /mnt/teamway/atlas/BallCameraServer/qt-build/BallCameraServer(16070)
3: [2020-Feb-14 10:05:18.759645] - [devsdk]control::Init() - CDevice::m_objTask.Start()!
4: [2020-Feb-14 10:05:18.759962] - tcpServer::doAccept() - create conn obj-------
5: [2020-Feb-14 10:05:18.760016] - [devsdk] control::Init() - listen 10.0.48.66 @ 6608...
6: [2020-Feb-14 10:05:31.186469] - [dsdk] DeviceManager::DoProc() - connection online, hSession: 0x0x3be87c0
7: [2020-Feb-14 10:05:31.186771] - tcpServer::doAccept() - create conn obj-------
8: [2020-Feb-14 10:05:31.225457] - COMMON::connObj::SendData() - conn: 0x0x3be87c0, packet len: 60. strand post doWrite...
9: [2020-Feb-14 10:05:31.225653] - [dsdk] DeviceManager::build_conn_device_map() - session x0x3be87c0 existed, device obj NULL, update session ------- 

10: [2020-Feb-14 10:05:31.225746] - [devsdk]DeviceManger::DoProc() - do signal reg - {"eventtype":"26","deviceid":"30013","channels":"1","type":"4108","nettype":"2","disktype":"1","factorytype":"18","audiotype":"1","addr":"10.0.48.70:52991","desc":"register"}
11: [2020-Feb-14 10:05:31.762226] - COMMON::connObj::SendData() - conn: 0x0x3be87c0, packet len: 99. strand post doWrite...
12: [2020-Feb-14 10:05:31.762506] - CDevice::SendOpenStreamCmd() - hSession: 0x0x3be87c0, ret: 0x0. cmd len: 99, cmd str: $$dc0090,1,C508,30013,,200214 100531,6B8B4567-23C6-327B-A998-3C6473483366,1,0,0,0,10.0.48.66,6608,#
13: [2020-Feb-14 10:05:31.817554] - [dsdk] DeviceManager::DoProc() - connection online, hSession: 0x0x7f20e0049ca0
14: [2020-Feb-14 10:05:31.817858] - tcpServer::doAccept() - create conn obj-------
15: [2020-Feb-14 10:05:31.818203] - CDevice::DoMediaReg() - devid:30013, bussid(BussType_chn_streamtype): 1_0_0
16: [2020-Feb-14 10:05:31.818362] - COMMON::connObj::SendData() - conn: 0x0x7f20e0049ca0, packet len: 16. strand post doWrite...
17: [2020-Feb-14 10:05:31.818434] - [dsdk] DeviceManager::build_conn_device_map() - session x0x7f20e0049ca0 existed, device obj NULL, update session ------- 

18: [2020-Feb-14 10:05:31.818632] - COMMON::connObj::SendData() - conn: 0x0x7f20e0049ca0, packet len: 8. strand post doWrite...
19: [2020-Feb-14 10:05:37.622782] - COMMON::connObj::SendData() - conn: 0x0x7f20e0049ca0, packet len: 8. strand post doWrite...
20: [2020-Feb-14 10:05:37.622835] - sds::device::CDevice::SendHeartM succ 30013 

21: [2020-Feb-14 10:05:43.595517] - COMMON::connObj::SendData() - conn: 0x0x7f20e0049ca0, packet len: 8. strand post doWrite...
22: [2020-Feb-14 10:05:43.595662] - sds::device::CDevice::SendHeartM succ 30013 

23: [2020-Feb-14 10:05:49.614899] - COMMON::connObj::SendData() - conn: 0x0x7f20e0049ca0, packet len: 8. strand post doWrite...
24: [2020-Feb-14 10:05:49.614958] - sds::device::CDevice::SendHeartM succ 30013 

