0: [2020-Feb-13 20:18:39.387158] - CConfig::SetPath() - cannot open file, /mnt/teamway/atlas/BallCameraServer/qt-build/../config/global.ini
1: [2020-Feb-13 20:18:39.387321] - YH Device SDK, compiled Jan  6 2020, 14:30:29, copyrights (c) 2018.
2: [2020-Feb-13 20:18:39.387353] - LOG Begin(dev sdk): control::Init() - process: /mnt/teamway/atlas/BallCameraServer/qt-build/BallCameraServer(2225)
3: [2020-Feb-13 20:18:39.387420] - [devsdk]control::Init() - CDevice::m_objTask.Start()!
4: [2020-Feb-13 20:18:39.387742] - tcpServer::doAccept() - create conn obj-------
5: [2020-Feb-13 20:18:39.387792] - [devsdk] control::Init() - listen 10.0.48.66 @ 6608...
6: [2020-Feb-13 20:18:42.859759] - [dsdk] DeviceManager::DoProc() - connection online, hSession: 0x0x5554650
7: [2020-Feb-13 20:18:42.860063] - tcpServer::doAccept() - create conn obj-------
8: [2020-Feb-13 20:18:42.898374] - COMMON::connObj::SendData() - conn: 0x0x5554650, packet len: 60. strand post doWrite...
9: [2020-Feb-13 20:18:42.898541] - [dsdk] DeviceManager::build_conn_device_map() - session x0x5554650 existed, device obj NULL, update session ------- 

10: [2020-Feb-13 20:18:42.898632] - [devsdk]DeviceManger::DoProc() - do signal reg - {"eventtype":"26","deviceid":"30013","channels":"1","type":"4108","nettype":"2","disktype":"1","factorytype":"18","audiotype":"1","addr":"10.0.48.70:43107","desc":"register"}
11: [2020-Feb-13 20:18:43.388843] - COMMON::connObj::SendData() - conn: 0x0x5554650, packet len: 99. strand post doWrite...
12: [2020-Feb-13 20:18:43.389016] - CDevice::SendOpenStreamCmd() - hSession: 0x0x5554650, ret: 0x0. cmd len: 99, cmd str: $$dc0090,1,C508,30013,,200213 201843,6B8B4567-23C6-327B-A998-3C6473483366,1,0,0,0,10.0.48.66,6608,#
13: [2020-Feb-13 20:18:43.411521] - [dsdk] DeviceManager::DoProc() - connection online, hSession: 0x0x7f69b0049ca0
14: [2020-Feb-13 20:18:43.411624] - tcpServer::doAccept() - create conn obj-------
15: [2020-Feb-13 20:18:43.413096] - CDevice::DoMediaReg() - devid:30013, bussid(BussType_chn_streamtype): 1_0_0
16: [2020-Feb-13 20:18:43.413160] - COMMON::connObj::SendData() - conn: 0x0x7f69b0049ca0, packet len: 16. strand post doWrite...
17: [2020-Feb-13 20:18:43.413183] - [dsdk] DeviceManager::build_conn_device_map() - session x0x7f69b0049ca0 existed, device obj NULL, update session ------- 

18: [2020-Feb-13 20:18:43.413984] - COMMON::connObj::SendData() - conn: 0x0x7f69b0049ca0, packet len: 8. strand post doWrite...
19: [2020-Feb-13 20:18:47.938082] - COMMON::connObj::SendData() - conn: 0x0x7f69b0049ca0, packet len: 8. strand post doWrite...
20: [2020-Feb-13 20:18:47.938233] - sds::device::CDevice::SendHeartM succ 30013 

21: [2020-Feb-13 20:18:52.982092] - COMMON::connObj::SendData() - conn: 0x0x7f69b0049ca0, packet len: 8. strand post doWrite...
22: [2020-Feb-13 20:18:52.982144] - sds::device::CDevice::SendHeartM succ 30013 

23: [2020-Feb-13 20:18:57.988712] - COMMON::connObj::SendData() - conn: 0x0x7f69b0049ca0, packet len: 8. strand post doWrite...
24: [2020-Feb-13 20:18:57.988891] - sds::device::CDevice::SendHeartM succ 30013 

25: [2020-Feb-13 20:19:03.023199] - COMMON::connObj::SendData() - conn: 0x0x7f69b0049ca0, packet len: 8. strand post doWrite...
26: [2020-Feb-13 20:19:03.023298] - sds::device::CDevice::SendHeartM succ 30013 

27: [2020-Feb-13 20:19:08.048615] - COMMON::connObj::SendData() - conn: 0x0x7f69b0049ca0, packet len: 8. strand post doWrite...
28: [2020-Feb-13 20:19:08.048743] - sds::device::CDevice::SendHeartM succ 30013 

29: [2020-Feb-13 20:19:13.088606] - COMMON::connObj::SendData() - conn: 0x0x7f69b0049ca0, packet len: 8. strand post doWrite...
30: [2020-Feb-13 20:19:13.088736] - sds::device::CDevice::SendHeartM succ 30013 

31: [2020-Feb-13 20:19:18.098075] - COMMON::connObj::SendData() - conn: 0x0x7f69b0049ca0, packet len: 8. strand post doWrite...
32: [2020-Feb-13 20:19:18.098225] - sds::device::CDevice::SendHeartM succ 30013 

33: [2020-Feb-13 20:19:23.138052] - COMMON::connObj::SendData() - conn: 0x0x7f69b0049ca0, packet len: 8. strand post doWrite...
34: [2020-Feb-13 20:19:23.138220] - sds::device::CDevice::SendHeartM succ 30013 

35: [2020-Feb-13 20:19:23.908178] - [devsds]CDevice::DoFrame() - dev:30013,  recv frames 1000,  bytes 9930507 ------
