0: [2020-Feb-13 09:02:24.178993] - CConfig::SetPath() - cannot open file, /mnt/teamway/atlas/BallCameraServer/qt-build/../config/global.ini
1: [2020-Feb-13 09:02:24.179221] - YH Device SDK, compiled Jan  6 2020, 14:30:29, copyrights (c) 2018.
2: [2020-Feb-13 09:02:24.179273] - LOG Begin(dev sdk): control::Init() - process: /mnt/teamway/atlas/BallCameraServer/qt-build/BallCameraServer(8836)
3: [2020-Feb-13 09:02:24.179690] - [devsdk]control::Init() - CDevice::m_objTask.Start()!
4: [2020-Feb-13 09:02:24.181530] - tcpServer::doAccept() - create conn obj-------
5: [2020-Feb-13 09:02:24.181612] - [devsdk] control::Init() - listen 10.0.48.66 @ 6608...
6: [2020-Feb-13 09:02:33.545043] - [dsdk] DeviceManager::DoProc() - connection online, hSession: 0x0x3a00490
7: [2020-Feb-13 09:02:33.545342] - tcpServer::doAccept() - create conn obj-------
8: [2020-Feb-13 09:02:33.584302] - COMMON::connObj::SendData() - conn: 0x0x3a00490, packet len: 60. strand post doWrite...
9: [2020-Feb-13 09:02:33.584466] - [dsdk] DeviceManager::build_conn_device_map() - session x0x3a00490 existed, device obj NULL, update session ------- 

10: [2020-Feb-13 09:02:33.584558] - [devsdk]DeviceManger::DoProc() - do signal reg - {"eventtype":"26","deviceid":"30013","channels":"1","type":"4108","nettype":"2","disktype":"1","factorytype":"18","audiotype":"1","addr":"10.0.48.70:36752","desc":"register"}
11: [2020-Feb-13 09:02:34.183510] - COMMON::connObj::SendData() - conn: 0x0x3a00490, packet len: 99. strand post doWrite...
12: [2020-Feb-13 09:02:34.183586] - CDevice::SendOpenStreamCmd() - hSession: 0x0x3a00490, ret: 0x0. cmd len: 99, cmd str: $$dc0090,1,C508,30013,,200213 090234,6B8B4567-23C6-327B-A998-3C6473483366,1,0,0,0,10.0.48.66,6608,#
13: [2020-Feb-13 09:02:34.246138] - [dsdk] DeviceManager::DoProc() - connection online, hSession: 0x0x7fffcc049ca0
14: [2020-Feb-13 09:02:34.246269] - tcpServer::doAccept() - create conn obj-------
15: [2020-Feb-13 09:02:34.247053] - CDevice::DoMediaReg() - devid:30013, bussid(BussType_chn_streamtype): 1_0_0
16: [2020-Feb-13 09:02:34.247141] - COMMON::connObj::SendData() - conn: 0x0x7fffcc049ca0, packet len: 16. strand post doWrite...
17: [2020-Feb-13 09:02:34.247166] - [dsdk] DeviceManager::build_conn_device_map() - session x0x7fffcc049ca0 existed, device obj NULL, update session ------- 

18: [2020-Feb-13 09:02:34.248272] - COMMON::connObj::SendData() - conn: 0x0x7fffcc049ca0, packet len: 8. strand post doWrite...
19: [2020-Feb-13 09:02:39.953983] - COMMON::connObj::SendData() - conn: 0x0x7fffcc049ca0, packet len: 8. strand post doWrite...
20: [2020-Feb-13 09:02:39.954048] - sds::device::CDevice::SendHeartM succ 30013 

21: [2020-Feb-13 09:02:45.890856] - COMMON::connObj::SendData() - conn: 0x0x7fffcc049ca0, packet len: 8. strand post doWrite...
22: [2020-Feb-13 09:02:45.890939] - sds::device::CDevice::SendHeartM succ 30013 

23: [2020-Feb-13 09:02:51.899136] - COMMON::connObj::SendData() - conn: 0x0x7fffcc049ca0, packet len: 8. strand post doWrite...
24: [2020-Feb-13 09:02:51.899188] - sds::device::CDevice::SendHeartM succ 30013 

25: [2020-Feb-13 09:02:57.891405] - COMMON::connObj::SendData() - conn: 0x0x7fffcc049ca0, packet len: 8. strand post doWrite...
26: [2020-Feb-13 09:02:57.891459] - sds::device::CDevice::SendHeartM succ 30013 

27: [2020-Feb-13 09:03:03.914017] - COMMON::connObj::SendData() - conn: 0x0x7fffcc049ca0, packet len: 8. strand post doWrite...
28: [2020-Feb-13 09:03:03.914069] - sds::device::CDevice::SendHeartM succ 30013 

29: [2020-Feb-13 09:03:09.946193] - COMMON::connObj::SendData() - conn: 0x0x7fffcc049ca0, packet len: 8. strand post doWrite...
30: [2020-Feb-13 09:03:09.946243] - sds::device::CDevice::SendHeartM succ 30013 

31: [2020-Feb-13 09:03:15.918671] - COMMON::connObj::SendData() - conn: 0x0x7fffcc049ca0, packet len: 8. strand post doWrite...
32: [2020-Feb-13 09:03:15.918753] - sds::device::CDevice::SendHeartM succ 30013 

33: [2020-Feb-13 09:03:15.918996] - [devsds]CDevice::DoFrame() - dev:30013,  recv frames 1000,  bytes 10009210 ------
34: [2020-Feb-13 09:03:21.871097] - COMMON::connObj::SendData() - conn: 0x0x7fffcc049ca0, packet len: 8. strand post doWrite...
35: [2020-Feb-13 09:03:21.871157] - sds::device::CDevice::SendHeartM succ 30013 

36: [2020-Feb-13 09:03:27.906806] - COMMON::connObj::SendData() - conn: 0x0x7fffcc049ca0, packet len: 8. strand post doWrite...
37: [2020-Feb-13 09:03:27.906857] - sds::device::CDevice::SendHeartM succ 30013 

