0: [2020-Feb-12 17:15:53.611844] - CConfig::SetPath() - cannot open file, /mnt/teamway/atlas/BallCameraServer/qt-build/../config/global.ini
1: [2020-Feb-12 17:15:53.612002] - YH Device SDK, compiled Jan  6 2020, 14:30:29, copyrights (c) 2018.
2: [2020-Feb-12 17:15:53.612032] - LOG Begin(dev sdk): control::Init() - process: /mnt/teamway/atlas/BallCameraServer/qt-build/BallCameraServer(29355)
3: [2020-Feb-12 17:15:53.612272] - [devsdk]control::Init() - CDevice::m_objTask.Start()!
4: [2020-Feb-12 17:15:53.622555] - tcpServer::doAccept() - create conn obj-------
5: [2020-Feb-12 17:15:53.622644] - [devsdk] control::Init() - listen 10.0.48.66 @ 6608...
6: [2020-Feb-12 17:15:58.435044] - [dsdk] DeviceManager::DoProc() - connection online, hSession: 0x0x3ed5100
7: [2020-Feb-12 17:15:58.435427] - tcpServer::doAccept() - create conn obj-------
8: [2020-Feb-12 17:15:58.454048] - COMMON::connObj::SendData() - conn: 0x0x3ed5100, packet len: 60. strand post doWrite...
9: [2020-Feb-12 17:15:58.454202] - [dsdk] DeviceManager::build_conn_device_map() - session x0x3ed5100 existed, device obj NULL, update session ------- 

10: [2020-Feb-12 17:15:58.454295] - [devsdk]DeviceManger::DoProc() - do signal reg - {"eventtype":"26","deviceid":"30013","channels":"1","type":"4108","nettype":"2","disktype":"1","factorytype":"18","audiotype":"1","addr":"10.0.48.70:53761","desc":"register"}
11: [2020-Feb-12 17:15:58.626835] - COMMON::connObj::SendData() - conn: 0x0x3ed5100, packet len: 99. strand post doWrite...
12: [2020-Feb-12 17:15:58.627009] - CDevice::SendOpenStreamCmd() - hSession: 0x0x3ed5100, ret: 0x0. cmd len: 99, cmd str: $$dc0090,1,C508,30013,,200212 171558,6B8B4567-23C6-327B-A998-3C6473483366,1,0,0,0,10.0.48.66,6608,#
13: [2020-Feb-12 17:15:58.646040] - [dsdk] DeviceManager::DoProc() - connection online, hSession: 0x0x7fffc8049ca0
14: [2020-Feb-12 17:15:58.646267] - tcpServer::doAccept() - create conn obj-------
15: [2020-Feb-12 17:15:58.646829] - CDevice::DoMediaReg() - devid:30013, bussid(BussType_chn_streamtype): 1_0_0
16: [2020-Feb-12 17:15:58.646974] - COMMON::connObj::SendData() - conn: 0x0x7fffc8049ca0, packet len: 16. strand post doWrite...
17: [2020-Feb-12 17:15:58.647039] - [dsdk] DeviceManager::build_conn_device_map() - session x0x7fffc8049ca0 existed, device obj NULL, update session ------- 

18: [2020-Feb-12 17:15:58.647777] - COMMON::connObj::SendData() - conn: 0x0x7fffc8049ca0, packet len: 8. strand post doWrite...
19: [2020-Feb-12 17:16:06.135804] - COMMON::connObj::SendData() - conn: 0x0x7fffc8049ca0, packet len: 8. strand post doWrite...
20: [2020-Feb-12 17:16:06.135977] - sds::device::CDevice::SendHeartM succ 30013 

21: [2020-Feb-12 17:16:13.465683] - COMMON::connObj::SendData() - conn: 0x0x7fffc8049ca0, packet len: 8. strand post doWrite...
22: [2020-Feb-12 17:16:13.465747] - sds::device::CDevice::SendHeartM succ 30013 

23: [2020-Feb-12 17:16:20.776909] - COMMON::connObj::SendData() - conn: 0x0x7fffc8049ca0, packet len: 8. strand post doWrite...
24: [2020-Feb-12 17:16:20.776955] - sds::device::CDevice::SendHeartM succ 30013 

