0: [2020-Feb-13 19:25:17.042957] - CConfig::SetPath() - cannot open file, /mnt/teamway/atlas/BallCameraServer/qt-build/../config/global.ini
1: [2020-Feb-13 19:25:17.043154] - YH Device SDK, compiled Jan  6 2020, 14:30:29, copyrights (c) 2018.
2: [2020-Feb-13 19:25:17.043191] - LOG Begin(dev sdk): control::Init() - process: /mnt/teamway/atlas/BallCameraServer/qt-build/BallCameraServer(31738)
3: [2020-Feb-13 19:25:17.043272] - [devsdk]control::Init() - CDevice::m_objTask.Start()!
4: [2020-Feb-13 19:25:17.043611] - tcpServer::doAccept() - create conn obj-------
5: [2020-Feb-13 19:25:17.043680] - [devsdk] control::Init() - listen 10.0.48.66 @ 6608...
6: [2020-Feb-13 19:25:29.230998] - [dsdk] DeviceManager::DoProc() - connection online, hSession: 0x0x49a9560
7: [2020-Feb-13 19:25:29.231307] - tcpServer::doAccept() - create conn obj-------
8: [2020-Feb-13 19:25:29.250326] - COMMON::connObj::SendData() - conn: 0x0x49a9560, packet len: 60. strand post doWrite...
9: [2020-Feb-13 19:25:29.250491] - [dsdk] DeviceManager::build_conn_device_map() - session x0x49a9560 existed, device obj NULL, update session ------- 

10: [2020-Feb-13 19:25:29.250585] - [devsdk]DeviceManger::DoProc() - do signal reg - {"eventtype":"26","deviceid":"30013","channels":"1","type":"4108","nettype":"2","disktype":"1","factorytype":"18","audiotype":"1","addr":"10.0.48.70:42487","desc":"register"}
11: [2020-Feb-13 19:25:30.046243] - COMMON::connObj::SendData() - conn: 0x0x49a9560, packet len: 99. strand post doWrite...
12: [2020-Feb-13 19:25:30.046399] - CDevice::SendOpenStreamCmd() - hSession: 0x0x49a9560, ret: 0x0. cmd len: 99, cmd str: $$dc0090,1,C508,30013,,200213 192530,6B8B4567-23C6-327B-A998-3C6473483366,1,0,0,0,10.0.48.66,6608,#
13: [2020-Feb-13 19:25:30.081973] - [dsdk] DeviceManager::DoProc() - connection online, hSession: 0x0x7f4940049ca0
14: [2020-Feb-13 19:25:30.082172] - tcpServer::doAccept() - create conn obj-------
15: [2020-Feb-13 19:25:30.084494] - CDevice::DoMediaReg() - devid:30013, bussid(BussType_chn_streamtype): 1_0_0
16: [2020-Feb-13 19:25:30.084634] - COMMON::connObj::SendData() - conn: 0x0x7f4940049ca0, packet len: 16. strand post doWrite...
17: [2020-Feb-13 19:25:30.084698] - [dsdk] DeviceManager::build_conn_device_map() - session x0x7f4940049ca0 existed, device obj NULL, update session ------- 

18: [2020-Feb-13 19:25:30.085169] - COMMON::connObj::SendData() - conn: 0x0x7f4940049ca0, packet len: 8. strand post doWrite...
19: [2020-Feb-13 19:25:34.280056] - COMMON::connObj::SendData() - conn: 0x0x7f4940049ca0, packet len: 8. strand post doWrite...
20: [2020-Feb-13 19:25:34.280218] - sds::device::CDevice::SendHeartM succ 30013 

21: [2020-Feb-13 19:25:39.320114] - COMMON::connObj::SendData() - conn: 0x0x7f4940049ca0, packet len: 8. strand post doWrite...
22: [2020-Feb-13 19:25:39.320172] - sds::device::CDevice::SendHeartM succ 30013 

23: [2020-Feb-13 19:25:44.360435] - COMMON::connObj::SendData() - conn: 0x0x7f4940049ca0, packet len: 8. strand post doWrite...
24: [2020-Feb-13 19:25:44.360481] - sds::device::CDevice::SendHeartM succ 30013 

25: [2020-Feb-13 19:25:49.400587] - COMMON::connObj::SendData() - conn: 0x0x7f4940049ca0, packet len: 8. strand post doWrite...
26: [2020-Feb-13 19:25:49.400642] - sds::device::CDevice::SendHeartM succ 30013 

27: [2020-Feb-13 19:25:54.440550] - COMMON::connObj::SendData() - conn: 0x0x7f4940049ca0, packet len: 8. strand post doWrite...
28: [2020-Feb-13 19:25:54.440638] - sds::device::CDevice::SendHeartM succ 30013 

