0: [2020-Feb-12 16:44:16.235593] - CConfig::SetPath() - cannot open file, /mnt/teamway/atlas/BallCameraServer/qt-build/../config/global.ini
1: [2020-Feb-12 16:44:16.235767] - YH Device SDK, compiled Jan  6 2020, 14:30:29, copyrights (c) 2018.
2: [2020-Feb-12 16:44:16.235798] - LOG Begin(dev sdk): control::Init() - process: /mnt/teamway/atlas/BallCameraServer/qt-build/BallCameraServer(27727)
3: [2020-Feb-12 16:44:16.236010] - [devsdk]control::Init() - CDevice::m_objTask.Start()!
4: [2020-Feb-12 16:44:16.250457] - tcpServer::doAccept() - create conn obj-------
5: [2020-Feb-12 16:44:16.250536] - [devsdk] control::Init() - listen 10.0.48.66 @ 6608...
6: [2020-Feb-12 16:44:20.426154] - [dsdk] DeviceManager::DoProc() - connection online, hSession: 0x0x3ed4600
7: [2020-Feb-12 16:44:20.426443] - tcpServer::doAccept() - create conn obj-------
8: [2020-Feb-12 16:44:20.465382] - COMMON::connObj::SendData() - conn: 0x0x3ed4600, packet len: 60. strand post doWrite...
9: [2020-Feb-12 16:44:20.465573] - [dsdk] DeviceManager::build_conn_device_map() - session x0x3ed4600 existed, device obj NULL, update session ------- 

10: [2020-Feb-12 16:44:20.465668] - [devsdk]DeviceManger::DoProc() - do signal reg - {"eventtype":"26","deviceid":"30013","channels":"1","type":"4108","nettype":"2","disktype":"1","factorytype":"18","audiotype":"1","addr":"10.0.48.70:53405","desc":"register"}
11: [2020-Feb-12 16:44:21.251849] - COMMON::connObj::SendData() - conn: 0x0x3ed4600, packet len: 99. strand post doWrite...
12: [2020-Feb-12 16:44:21.252015] - CDevice::SendOpenStreamCmd() - hSession: 0x0x3ed4600, ret: 0x0. cmd len: 99, cmd str: $$dc0090,1,C508,30013,,200212 164421,6B8B4567-23C6-327B-A998-3C6473483366,1,0,0,0,10.0.48.66,6608,#
13: [2020-Feb-12 16:44:21.307495] - [dsdk] DeviceManager::DoProc() - connection online, hSession: 0x0x7fffc8049ca0
14: [2020-Feb-12 16:44:21.307749] - tcpServer::doAccept() - create conn obj-------
15: [2020-Feb-12 16:44:21.308096] - CDevice::DoMediaReg() - devid:30013, bussid(BussType_chn_streamtype): 1_0_0
16: [2020-Feb-12 16:44:21.308278] - COMMON::connObj::SendData() - conn: 0x0x7fffc8049ca0, packet len: 16. strand post doWrite...
17: [2020-Feb-12 16:44:21.308344] - [dsdk] DeviceManager::build_conn_device_map() - session x0x7fffc8049ca0 existed, device obj NULL, update session ------- 

18: [2020-Feb-12 16:44:21.308709] - COMMON::connObj::SendData() - conn: 0x0x7fffc8049ca0, packet len: 8. strand post doWrite...
19: [2020-Feb-12 16:44:28.065318] - COMMON::connObj::SendData() - conn: 0x0x7fffc8049ca0, packet len: 8. strand post doWrite...
20: [2020-Feb-12 16:44:28.065366] - sds::device::CDevice::SendHeartM succ 30013 

21: [2020-Feb-12 16:44:35.396562] - COMMON::connObj::SendData() - conn: 0x0x7fffc8049ca0, packet len: 8. strand post doWrite...
22: [2020-Feb-12 16:44:35.396610] - sds::device::CDevice::SendHeartM succ 30013 

23: [2020-Feb-12 16:44:42.715840] - COMMON::connObj::SendData() - conn: 0x0x7fffc8049ca0, packet len: 8. strand post doWrite...
24: [2020-Feb-12 16:44:42.715890] - sds::device::CDevice::SendHeartM succ 30013 

25: [2020-Feb-12 16:44:50.063073] - COMMON::connObj::SendData() - conn: 0x0x7fffc8049ca0, packet len: 8. strand post doWrite...
26: [2020-Feb-12 16:44:50.063120] - sds::device::CDevice::SendHeartM succ 30013 

27: [2020-Feb-12 16:44:57.376541] - COMMON::connObj::SendData() - conn: 0x0x7fffc8049ca0, packet len: 8. strand post doWrite...
28: [2020-Feb-12 16:44:57.376589] - sds::device::CDevice::SendHeartM succ 30013 

29: [2020-Feb-12 16:45:04.712157] - COMMON::connObj::SendData() - conn: 0x0x7fffc8049ca0, packet len: 8. strand post doWrite...
30: [2020-Feb-12 16:45:04.712204] - sds::device::CDevice::SendHeartM succ 30013 

31: [2020-Feb-12 16:45:12.042177] - COMMON::connObj::SendData() - conn: 0x0x7fffc8049ca0, packet len: 8. strand post doWrite...
32: [2020-Feb-12 16:45:12.042225] - sds::device::CDevice::SendHeartM succ 30013 

33: [2020-Feb-12 16:45:19.372478] - COMMON::connObj::SendData() - conn: 0x0x7fffc8049ca0, packet len: 8. strand post doWrite...
34: [2020-Feb-12 16:45:19.372525] - sds::device::CDevice::SendHeartM succ 30013 

35: [2020-Feb-12 16:45:21.124373] - COMMON::connObj::SendData() - conn: 0x0x3ed4600, packet len: 37. strand post doWrite...
36: [2020-Feb-12 16:45:26.710292] - COMMON::connObj::SendData() - conn: 0x0x7fffc8049ca0, packet len: 8. strand post doWrite...
37: [2020-Feb-12 16:45:26.710341] - sds::device::CDevice::SendHeartM succ 30013 

38: [2020-Feb-12 16:45:34.044457] - COMMON::connObj::SendData() - conn: 0x0x7fffc8049ca0, packet len: 8. strand post doWrite...
39: [2020-Feb-12 16:45:34.044533] - sds::device::CDevice::SendHeartM succ 30013 

40: [2020-Feb-12 16:45:34.044726] - [devsds]CDevice::DoFrame() - dev:30013,  recv frames 1000,  bytes 9939371 ------
41: [2020-Feb-12 16:45:39.634278] - COMMON::connObj::SendData() - conn: 0x0x7fffc8049ca0, packet len: 8. strand post doWrite...
42: [2020-Feb-12 16:45:39.634336] - sds::device::CDevice::SendHeartM succ 30013 

43: [2020-Feb-12 16:45:46.686096] - COMMON::connObj::SendData() - conn: 0x0x7fffc8049ca0, packet len: 8. strand post doWrite...
44: [2020-Feb-12 16:45:46.686217] - sds::device::CDevice::SendHeartM succ 30013 

45: [2020-Feb-12 16:45:53.899341] - COMMON::connObj::SendData() - conn: 0x0x7fffc8049ca0, packet len: 8. strand post doWrite...
46: [2020-Feb-12 16:45:53.899390] - sds::device::CDevice::SendHeartM succ 30013 

47: [2020-Feb-12 16:46:17.358769] - COMMON::connObj::SendData() - conn: 0x0x7fffc8049ca0, packet len: 8. strand post doWrite...
48: [2020-Feb-12 16:46:17.358819] - sds::device::CDevice::SendHeartM succ 30013 

49: [2020-Feb-12 16:46:21.183965] - COMMON::connObj::SendData() - conn: 0x0x3ed4600, packet len: 37. strand post doWrite...
50: [2020-Feb-12 16:46:27.066699] - COMMON::connObj::SendData() - conn: 0x0x7fffc8049ca0, packet len: 8. strand post doWrite...
51: [2020-Feb-12 16:46:27.066749] - sds::device::CDevice::SendHeartM succ 30013 

52: [2020-Feb-12 16:46:34.410414] - COMMON::connObj::SendData() - conn: 0x0x7fffc8049ca0, packet len: 8. strand post doWrite...
53: [2020-Feb-12 16:46:34.410461] - sds::device::CDevice::SendHeartM succ 30013 

