0: [2020-Feb-12 19:11:53.463799] - CConfig::SetPath() - cannot open file, /mnt/teamway/atlas/BallCameraServer/qt-build/../config/global.ini
1: [2020-Feb-12 19:11:53.463965] - YH Device SDK, compiled Jan  6 2020, 14:30:29, copyrights (c) 2018.
2: [2020-Feb-12 19:11:53.463998] - LOG Begin(dev sdk): control::Init() - process: /mnt/teamway/atlas/BallCameraServer/qt-build/BallCameraServer(1801)
3: [2020-Feb-12 19:11:53.464263] - [devsdk]control::Init() - CDevice::m_objTask.Start()!
4: [2020-Feb-12 19:11:53.474272] - tcpServer::doAccept() - create conn obj-------
5: [2020-Feb-12 19:11:53.474350] - [devsdk] control::Init() - listen 10.0.48.66 @ 6608...
6: [2020-Feb-12 19:12:02.350934] - [dsdk] DeviceManager::DoProc() - connection online, hSession: 0x0x3ed5080
7: [2020-Feb-12 19:12:02.351228] - tcpServer::doAccept() - create conn obj-------
8: [2020-Feb-12 19:12:02.390104] - COMMON::connObj::SendData() - conn: 0x0x3ed5080, packet len: 60. strand post doWrite...
9: [2020-Feb-12 19:12:02.390277] - [dsdk] DeviceManager::build_conn_device_map() - session x0x3ed5080 existed, device obj NULL, update session ------- 

10: [2020-Feb-12 19:12:02.390368] - [devsdk]DeviceManger::DoProc() - do signal reg - {"eventtype":"26","deviceid":"30013","channels":"1","type":"4108","nettype":"2","disktype":"1","factorytype":"18","audiotype":"1","addr":"10.0.48.70:55092","desc":"register"}
11: [2020-Feb-12 19:12:02.476082] - COMMON::connObj::SendData() - conn: 0x0x3ed5080, packet len: 99. strand post doWrite...
12: [2020-Feb-12 19:12:02.476248] - CDevice::SendOpenStreamCmd() - hSession: 0x0x3ed5080, ret: 0x0. cmd len: 99, cmd str: $$dc0090,1,C508,30013,,200212 191202,6B8B4567-23C6-327B-A998-3C6473483366,1,0,0,0,10.0.48.66,6608,#
13: [2020-Feb-12 19:12:02.532835] - [dsdk] DeviceManager::DoProc() - connection online, hSession: 0x0x7fffc8049ca0
14: [2020-Feb-12 19:12:02.533057] - tcpServer::doAccept() - create conn obj-------
15: [2020-Feb-12 19:12:02.533827] - CDevice::DoMediaReg() - devid:30013, bussid(BussType_chn_streamtype): 1_0_0
16: [2020-Feb-12 19:12:02.533973] - COMMON::connObj::SendData() - conn: 0x0x7fffc8049ca0, packet len: 16. strand post doWrite...
17: [2020-Feb-12 19:12:02.534040] - [dsdk] DeviceManager::build_conn_device_map() - session x0x7fffc8049ca0 existed, device obj NULL, update session ------- 

18: [2020-Feb-12 19:12:02.534501] - COMMON::connObj::SendData() - conn: 0x0x7fffc8049ca0, packet len: 8. strand post doWrite...
19: [2020-Feb-12 19:12:09.058134] - COMMON::connObj::SendData() - conn: 0x0x7fffc8049ca0, packet len: 8. strand post doWrite...
20: [2020-Feb-12 19:12:09.058192] - sds::device::CDevice::SendHeartM succ 30013 

21: [2020-Feb-12 19:12:15.057664] - COMMON::connObj::SendData() - conn: 0x0x7fffc8049ca0, packet len: 8. strand post doWrite...
22: [2020-Feb-12 19:12:15.057715] - sds::device::CDevice::SendHeartM succ 30013 

23: [2020-Feb-12 19:12:21.054104] - COMMON::connObj::SendData() - conn: 0x0x7fffc8049ca0, packet len: 8. strand post doWrite...
24: [2020-Feb-12 19:12:21.054309] - sds::device::CDevice::SendHeartM succ 30013 

25: [2020-Feb-12 19:12:27.063836] - COMMON::connObj::SendData() - conn: 0x0x7fffc8049ca0, packet len: 8. strand post doWrite...
26: [2020-Feb-12 19:12:27.063904] - sds::device::CDevice::SendHeartM succ 30013 

27: [2020-Feb-12 19:12:33.059601] - COMMON::connObj::SendData() - conn: 0x0x7fffc8049ca0, packet len: 8. strand post doWrite...
28: [2020-Feb-12 19:12:33.059651] - sds::device::CDevice::SendHeartM succ 30013 

29: [2020-Feb-12 19:12:39.059267] - COMMON::connObj::SendData() - conn: 0x0x7fffc8049ca0, packet len: 8. strand post doWrite...
30: [2020-Feb-12 19:12:39.059319] - sds::device::CDevice::SendHeartM succ 30013 

31: [2020-Feb-12 19:12:43.053143] - [devsds]CDevice::DoFrame() - dev:30013,  recv frames 1000,  bytes 9920058 ------
32: [2020-Feb-12 19:12:45.054353] - COMMON::connObj::SendData() - conn: 0x0x7fffc8049ca0, packet len: 8. strand post doWrite...
33: [2020-Feb-12 19:12:45.054412] - sds::device::CDevice::SendHeartM succ 30013 

34: [2020-Feb-12 19:12:51.046814] - COMMON::connObj::SendData() - conn: 0x0x7fffc8049ca0, packet len: 8. strand post doWrite...
35: [2020-Feb-12 19:12:51.046897] - sds::device::CDevice::SendHeartM succ 30013 

36: [2020-Feb-12 19:12:57.074671] - COMMON::connObj::SendData() - conn: 0x0x7fffc8049ca0, packet len: 8. strand post doWrite...
37: [2020-Feb-12 19:12:57.074723] - sds::device::CDevice::SendHeartM succ 30013 

38: [2020-Feb-12 19:13:03.068911] - COMMON::connObj::SendData() - conn: 0x0x7fffc8049ca0, packet len: 8. strand post doWrite...
39: [2020-Feb-12 19:13:03.069100] - sds::device::CDevice::SendHeartM succ 30013 

40: [2020-Feb-12 19:13:03.118796] - COMMON::connObj::SendData() - conn: 0x0x3ed5080, packet len: 37. strand post doWrite...
41: [2020-Feb-12 19:13:09.068670] - COMMON::connObj::SendData() - conn: 0x0x7fffc8049ca0, packet len: 8. strand post doWrite...
42: [2020-Feb-12 19:13:09.068810] - sds::device::CDevice::SendHeartM succ 30013 

43: [2020-Feb-12 19:13:15.059542] - COMMON::connObj::SendData() - conn: 0x0x7fffc8049ca0, packet len: 8. strand post doWrite...
44: [2020-Feb-12 19:13:15.059595] - sds::device::CDevice::SendHeartM succ 30013 

45: [2020-Feb-12 19:13:21.056423] - COMMON::connObj::SendData() - conn: 0x0x7fffc8049ca0, packet len: 8. strand post doWrite...
46: [2020-Feb-12 19:13:21.056478] - sds::device::CDevice::SendHeartM succ 30013 

47: [2020-Feb-12 19:13:23.056491] - [devsds]CDevice::DoFrame() - dev:30013,  recv frames 2000,  bytes 19792870 ------
