0: [2020-Feb-11 16:01:58.990512] - CConfig::SetPath() - cannot open file, /mnt/teamway/atlas/BallCameraServer/qt-build/../config/global.ini
1: [2020-Feb-11 16:01:58.990683] - YH Device SDK, compiled Jan  6 2020, 14:30:29, copyrights (c) 2018.
2: [2020-Feb-11 16:01:58.990714] - LOG Begin(dev sdk): control::Init() - process: /mnt/teamway/atlas/BallCameraServer/qt-build/BallCameraServer(6389)
3: [2020-Feb-11 16:01:58.990777] - [devsdk]control::Init() - CDevice::m_objTask.Start()!
4: [2020-Feb-11 16:01:58.991124] - tcpServer::doAccept() - create conn obj-------
5: [2020-Feb-11 16:01:58.991179] - [devsdk] control::Init() - listen 10.0.48.66 @ 6608...
6: [2020-Feb-11 16:02:10.539825] - [dsdk] DeviceManager::DoProc() - connection online, hSession: 0x0x1df8280
7: [2020-Feb-11 16:02:10.540132] - tcpServer::doAccept() - create conn obj-------
8: [2020-Feb-11 16:02:10.579303] - COMMON::connObj::SendData() - conn: 0x0x1df8280, packet len: 60. strand post doWrite...
9: [2020-Feb-11 16:02:10.579452] - [dsdk] DeviceManager::build_conn_device_map() - session x0x1df8280 existed, device obj NULL, update session ------- 

10: [2020-Feb-11 16:02:10.579544] - [devsdk]DeviceManger::DoProc() - do signal reg - {"eventtype":"26","deviceid":"30013","channels":"1","type":"4108","nettype":"2","disktype":"1","factorytype":"18","audiotype":"1","addr":"10.0.48.70:36170","desc":"register"}
11: [2020-Feb-11 16:02:10.993639] - COMMON::connObj::SendData() - conn: 0x0x1df8280, packet len: 99. strand post doWrite...
12: [2020-Feb-11 16:02:10.993806] - CDevice::SendOpenStreamCmd() - hSession: 0x0x1df8280, ret: 0x0. cmd len: 99, cmd str: $$dc0090,1,C508,30013,,200211 160210,6B8B4567-23C6-327B-A998-3C6473483366,1,0,0,0,10.0.48.66,6608,#
13: [2020-Feb-11 16:02:11.081887] - [dsdk] DeviceManager::DoProc() - connection online, hSession: 0x0x7f6b80049ca0
14: [2020-Feb-11 16:02:11.082087] - tcpServer::doAccept() - create conn obj-------
15: [2020-Feb-11 16:02:11.083029] - CDevice::DoMediaReg() - devid:30013, bussid(BussType_chn_streamtype): 1_0_0
16: [2020-Feb-11 16:02:11.083173] - COMMON::connObj::SendData() - conn: 0x0x7f6b80049ca0, packet len: 16. strand post doWrite...
17: [2020-Feb-11 16:02:11.083243] - [dsdk] DeviceManager::build_conn_device_map() - session x0x7f6b80049ca0 existed, device obj NULL, update session ------- 

18: [2020-Feb-11 16:02:11.083814] - COMMON::connObj::SendData() - conn: 0x0x7f6b80049ca0, packet len: 8. strand post doWrite...
19: [2020-Feb-11 16:02:15.639579] - COMMON::connObj::SendData() - conn: 0x0x7f6b80049ca0, packet len: 8. strand post doWrite...
20: [2020-Feb-11 16:02:15.639715] - sds::device::CDevice::SendHeartM succ 30013 

21: [2020-Feb-11 16:02:20.854318] - COMMON::connObj::SendData() - conn: 0x0x7f6b80049ca0, packet len: 8. strand post doWrite...
22: [2020-Feb-11 16:02:20.854370] - sds::device::CDevice::SendHeartM succ 30013 

23: [2020-Feb-11 16:02:25.899422] - COMMON::connObj::SendData() - conn: 0x0x7f6b80049ca0, packet len: 8. strand post doWrite...
24: [2020-Feb-11 16:02:25.899546] - sds::device::CDevice::SendHeartM succ 30013 

