0: [2020-Feb-13 19:06:28.970670] - CConfig::SetPath() - cannot open file, /mnt/teamway/atlas/BallCameraServer/qt-build/../config/global.ini
1: [2020-Feb-13 19:06:28.970827] - YH Device SDK, compiled Jan  6 2020, 14:30:29, copyrights (c) 2018.
2: [2020-Feb-13 19:06:28.970859] - LOG Begin(dev sdk): control::Init() - process: /mnt/teamway/atlas/BallCameraServer/qt-build/BallCameraServer(31103)
3: [2020-Feb-13 19:06:28.971132] - [devsdk]control::Init() - CDevice::m_objTask.Start()!
4: [2020-Feb-13 19:06:28.973447] - tcpServer::doAccept() - create conn obj-------
5: [2020-Feb-13 19:06:28.973549] - [devsdk] control::Init() - listen 10.0.48.66 @ 6608...
6: [2020-Feb-13 19:06:41.092230] - [dsdk] DeviceManager::DoProc() - connection online, hSession: 0x0x3a054e0
7: [2020-Feb-13 19:06:41.092572] - tcpServer::doAccept() - create conn obj-------
8: [2020-Feb-13 19:06:41.111355] - COMMON::connObj::SendData() - conn: 0x0x3a054e0, packet len: 60. strand post doWrite...
9: [2020-Feb-13 19:06:41.111532] - [dsdk] DeviceManager::build_conn_device_map() - session x0x3a054e0 existed, device obj NULL, update session ------- 

10: [2020-Feb-13 19:06:41.111625] - [devsdk]DeviceManger::DoProc() - do signal reg - {"eventtype":"26","deviceid":"30013","channels":"1","type":"4108","nettype":"2","disktype":"1","factorytype":"18","audiotype":"1","addr":"10.0.48.70:51901","desc":"register"}
11: [2020-Feb-13 19:06:41.975629] - COMMON::connObj::SendData() - conn: 0x0x3a054e0, packet len: 99. strand post doWrite...
12: [2020-Feb-13 19:06:41.975796] - CDevice::SendOpenStreamCmd() - hSession: 0x0x3a054e0, ret: 0x0. cmd len: 99, cmd str: $$dc0090,1,C508,30013,,200213 190641,6B8B4567-23C6-327B-A998-3C6473483366,1,0,0,0,10.0.48.66,6608,#
13: [2020-Feb-13 19:06:41.982836] - [dsdk] DeviceManager::DoProc() - connection online, hSession: 0x0x7fffc8049ca0
14: [2020-Feb-13 19:06:41.982896] - tcpServer::doAccept() - create conn obj-------
15: [2020-Feb-13 19:06:41.983387] - CDevice::DoMediaReg() - devid:30013, bussid(BussType_chn_streamtype): 1_0_0
16: [2020-Feb-13 19:06:41.983422] - COMMON::connObj::SendData() - conn: 0x0x7fffc8049ca0, packet len: 16. strand post doWrite...
17: [2020-Feb-13 19:06:41.983438] - [dsdk] DeviceManager::build_conn_device_map() - session x0x7fffc8049ca0 existed, device obj NULL, update session ------- 

18: [2020-Feb-13 19:06:41.984213] - COMMON::connObj::SendData() - conn: 0x0x7fffc8049ca0, packet len: 8. strand post doWrite...
19: [2020-Feb-13 19:07:02.020400] - COMMON::connObj::SendData() - conn: 0x0x7fffc8049ca0, packet len: 8. strand post doWrite...
20: [2020-Feb-13 19:07:02.020570] - sds::device::CDevice::SendHeartM succ 30013 

21: [2020-Feb-13 19:07:22.020771] - COMMON::connObj::SendData() - conn: 0x0x7fffc8049ca0, packet len: 8. strand post doWrite...
22: [2020-Feb-13 19:07:22.020905] - sds::device::CDevice::SendHeartM succ 30013 

23: [2020-Feb-13 19:07:41.760828] - COMMON::connObj::SendData() - conn: 0x0x3a054e0, packet len: 37. strand post doWrite...
24: [2020-Feb-13 19:08:02.060064] - COMMON::connObj::SendData() - conn: 0x0x7fffc8049ca0, packet len: 8. strand post doWrite...
25: [2020-Feb-13 19:08:02.060196] - sds::device::CDevice::SendHeartM succ 30013 

26: [2020-Feb-13 19:08:22.060189] - COMMON::connObj::SendData() - conn: 0x0x7fffc8049ca0, packet len: 8. strand post doWrite...
27: [2020-Feb-13 19:08:22.060322] - sds::device::CDevice::SendHeartM succ 30013 

28: [2020-Feb-13 19:08:41.830029] - COMMON::connObj::SendData() - conn: 0x0x3a054e0, packet len: 37. strand post doWrite...
29: [2020-Feb-13 19:09:02.059737] - COMMON::connObj::SendData() - conn: 0x0x7fffc8049ca0, packet len: 8. strand post doWrite...
30: [2020-Feb-13 19:09:02.059876] - sds::device::CDevice::SendHeartM succ 30013 

31: [2020-Feb-13 19:09:22.059964] - COMMON::connObj::SendData() - conn: 0x0x7fffc8049ca0, packet len: 8. strand post doWrite...
32: [2020-Feb-13 19:09:22.060129] - sds::device::CDevice::SendHeartM succ 30013 

33: [2020-Feb-13 19:09:41.839808] - COMMON::connObj::SendData() - conn: 0x0x3a054e0, packet len: 37. strand post doWrite...
34: [2020-Feb-13 19:10:02.099482] - COMMON::connObj::SendData() - conn: 0x0x7fffc8049ca0, packet len: 8. strand post doWrite...
35: [2020-Feb-13 19:10:02.099673] - sds::device::CDevice::SendHeartM succ 30013 

36: [2020-Feb-13 19:10:22.099328] - COMMON::connObj::SendData() - conn: 0x0x7fffc8049ca0, packet len: 8. strand post doWrite...
37: [2020-Feb-13 19:10:22.099466] - sds::device::CDevice::SendHeartM succ 30013 

38: [2020-Feb-13 19:10:42.099168] - COMMON::connObj::SendData() - conn: 0x0x7fffc8049ca0, packet len: 8. strand post doWrite...
39: [2020-Feb-13 19:10:42.099302] - sds::device::CDevice::SendHeartM succ 30013 

40: [2020-Feb-13 19:10:43.589539] - COMMON::connObj::SendData() - conn: 0x0x3a054e0, packet len: 37. strand post doWrite...
41: [2020-Feb-13 19:11:02.099642] - COMMON::connObj::SendData() - conn: 0x0x7fffc8049ca0, packet len: 8. strand post doWrite...
42: [2020-Feb-13 19:11:02.099834] - sds::device::CDevice::SendHeartM succ 30013 

43: [2020-Feb-13 19:11:22.099016] - COMMON::connObj::SendData() - conn: 0x0x7fffc8049ca0, packet len: 8. strand post doWrite...
44: [2020-Feb-13 19:11:22.099145] - sds::device::CDevice::SendHeartM succ 30013 

45: [2020-Feb-13 19:11:42.098922] - COMMON::connObj::SendData() - conn: 0x0x7fffc8049ca0, packet len: 8. strand post doWrite...
46: [2020-Feb-13 19:11:42.099074] - sds::device::CDevice::SendHeartM succ 30013 

47: [2020-Feb-13 19:11:43.589182] - COMMON::connObj::SendData() - conn: 0x0x3a054e0, packet len: 37. strand post doWrite...
