0: [2020-Feb-11 16:02:44.814474] - CConfig::SetPath() - cannot open file, /mnt/teamway/atlas/BallCameraServer/qt-build/../config/global.ini
1: [2020-Feb-11 16:02:44.814606] - YH Device SDK, compiled Jan  6 2020, 14:30:29, copyrights (c) 2018.
2: [2020-Feb-11 16:02:44.814634] - LOG Begin(dev sdk): control::Init() - process: /mnt/teamway/atlas/BallCameraServer/qt-build/BallCameraServer(6421)
3: [2020-Feb-11 16:02:44.814849] - [devsdk]control::Init() - CDevice::m_objTask.Start()!
4: [2020-Feb-11 16:02:44.821667] - tcpServer::doAccept() - create conn obj-------
5: [2020-Feb-11 16:02:44.821746] - [devsdk] control::Init() - listen 10.0.48.66 @ 6608...
6: [2020-Feb-11 16:02:57.889773] - [dsdk] DeviceManager::DoProc() - connection online, hSession: 0x0x8fa650
7: [2020-Feb-11 16:02:57.890066] - tcpServer::doAccept() - create conn obj-------
8: [2020-Feb-11 16:02:57.908984] - COMMON::connObj::SendData() - conn: 0x0x8fa650, packet len: 60. strand post doWrite...
9: [2020-Feb-11 16:02:57.909128] - [dsdk] DeviceManager::build_conn_device_map() - session x0x8fa650 existed, device obj NULL, update session ------- 

10: [2020-Feb-11 16:02:57.909219] - [devsdk]DeviceManger::DoProc() - do signal reg - {"eventtype":"26","deviceid":"30013","channels":"1","type":"4108","nettype":"2","disktype":"1","factorytype":"18","audiotype":"1","addr":"10.0.48.70:36179","desc":"register"}
11: [2020-Feb-11 16:02:58.823944] - COMMON::connObj::SendData() - conn: 0x0x8fa650, packet len: 99. strand post doWrite...
12: [2020-Feb-11 16:02:58.824104] - CDevice::SendOpenStreamCmd() - hSession: 0x0x8fa650, ret: 0x0. cmd len: 99, cmd str: $$dc0090,1,C508,30013,,200211 160258,6B8B4567-23C6-327B-A998-3C6473483366,1,0,0,0,10.0.48.66,6608,#
13: [2020-Feb-11 16:02:58.881064] - [dsdk] DeviceManager::DoProc() - connection online, hSession: 0x0x7fffcc049ca0
14: [2020-Feb-11 16:02:58.881265] - tcpServer::doAccept() - create conn obj-------
15: [2020-Feb-11 16:02:58.881716] - CDevice::DoMediaReg() - devid:30013, bussid(BussType_chn_streamtype): 1_0_0
16: [2020-Feb-11 16:02:58.881841] - COMMON::connObj::SendData() - conn: 0x0x7fffcc049ca0, packet len: 16. strand post doWrite...
17: [2020-Feb-11 16:02:58.881899] - [dsdk] DeviceManager::build_conn_device_map() - session x0x7fffcc049ca0 existed, device obj NULL, update session ------- 

18: [2020-Feb-11 16:02:58.883178] - COMMON::connObj::SendData() - conn: 0x0x7fffcc049ca0, packet len: 8. strand post doWrite...
19: [2020-Feb-11 16:03:02.949010] - COMMON::connObj::SendData() - conn: 0x0x7fffcc049ca0, packet len: 8. strand post doWrite...
20: [2020-Feb-11 16:03:02.949145] - sds::device::CDevice::SendHeartM succ 30013 

21: [2020-Feb-11 16:03:07.988877] - COMMON::connObj::SendData() - conn: 0x0x7fffcc049ca0, packet len: 8. strand post doWrite...
22: [2020-Feb-11 16:03:07.989015] - sds::device::CDevice::SendHeartM succ 30013 

23: [2020-Feb-11 16:03:13.028954] - COMMON::connObj::SendData() - conn: 0x0x7fffcc049ca0, packet len: 8. strand post doWrite...
24: [2020-Feb-11 16:03:13.029085] - sds::device::CDevice::SendHeartM succ 30013 

25: [2020-Feb-11 16:03:18.069276] - COMMON::connObj::SendData() - conn: 0x0x7fffcc049ca0, packet len: 8. strand post doWrite...
26: [2020-Feb-11 16:03:18.069406] - sds::device::CDevice::SendHeartM succ 30013 

27: [2020-Feb-11 16:03:26.575418] - COMMON::connObj::SendData() - conn: 0x0x7fffcc049ca0, packet len: 8. strand post doWrite...
28: [2020-Feb-11 16:03:26.575469] - sds::device::CDevice::SendHeartM succ 30013 

29: [2020-Feb-11 16:03:31.579030] - COMMON::connObj::SendData() - conn: 0x0x7fffcc049ca0, packet len: 8. strand post doWrite...
30: [2020-Feb-11 16:03:31.579160] - sds::device::CDevice::SendHeartM succ 30013 

31: [2020-Feb-11 16:03:36.658635] - COMMON::connObj::SendData() - conn: 0x0x7fffcc049ca0, packet len: 8. strand post doWrite...
32: [2020-Feb-11 16:03:36.658755] - sds::device::CDevice::SendHeartM succ 30013 

33: [2020-Feb-11 16:03:39.779284] - [devsds]CDevice::DoFrame() - dev:30013,  recv frames 1000,  bytes 9957963 ------
34: [2020-Feb-11 16:03:46.260109] - COMMON::connObj::SendData() - conn: 0x0x7fffcc049ca0, packet len: 8. strand post doWrite...
35: [2020-Feb-11 16:03:46.260169] - sds::device::CDevice::SendHeartM succ 30013 

