0: [2020-Feb-12 16:23:04.797170] - CConfig::SetPath() - cannot open file, /mnt/teamway/atlas/BallCameraServer/qt-build/../config/global.ini
1: [2020-Feb-12 16:23:04.797347] - YH Device SDK, compiled Jan  6 2020, 14:30:29, copyrights (c) 2018.
2: [2020-Feb-12 16:23:04.797381] - LOG Begin(dev sdk): control::Init() - process: /mnt/teamway/atlas/BallCameraServer/qt-build/BallCameraServer(26906)
3: [2020-Feb-12 16:23:04.797684] - [devsdk]control::Init() - CDevice::m_objTask.Start()!
4: [2020-Feb-12 16:23:04.809564] - tcpServer::doAccept() - create conn obj-------
5: [2020-Feb-12 16:23:04.809651] - [devsdk] control::Init() - listen 10.0.48.66 @ 6608...
6: [2020-Feb-12 16:23:07.979415] - [dsdk] DeviceManager::DoProc() - connection online, hSession: 0x0x3ed5330
7: [2020-Feb-12 16:23:07.979703] - tcpServer::doAccept() - create conn obj-------
8: [2020-Feb-12 16:23:08.018669] - COMMON::connObj::SendData() - conn: 0x0x3ed5330, packet len: 60. strand post doWrite...
9: [2020-Feb-12 16:23:08.018833] - [dsdk] DeviceManager::build_conn_device_map() - session x0x3ed5330 existed, device obj NULL, update session ------- 

10: [2020-Feb-12 16:23:08.018925] - [devsdk]DeviceManger::DoProc() - do signal reg - {"eventtype":"26","deviceid":"30013","channels":"1","type":"4108","nettype":"2","disktype":"1","factorytype":"18","audiotype":"1","addr":"10.0.48.70:53195","desc":"register"}
11: [2020-Feb-12 16:23:08.810679] - COMMON::connObj::SendData() - conn: 0x0x3ed5330, packet len: 99. strand post doWrite...
12: [2020-Feb-12 16:23:08.810869] - CDevice::SendOpenStreamCmd() - hSession: 0x0x3ed5330, ret: 0x0. cmd len: 99, cmd str: $$dc0090,1,C508,30013,,200212 162308,6B8B4567-23C6-327B-A998-3C6473483366,1,0,0,0,10.0.48.66,6608,#
13: [2020-Feb-12 16:23:08.870709] - [dsdk] DeviceManager::DoProc() - connection online, hSession: 0x0x7fffc8049ca0
14: [2020-Feb-12 16:23:08.870905] - tcpServer::doAccept() - create conn obj-------
15: [2020-Feb-12 16:23:08.871900] - CDevice::DoMediaReg() - devid:30013, bussid(BussType_chn_streamtype): 1_0_0
16: [2020-Feb-12 16:23:08.872041] - COMMON::connObj::SendData() - conn: 0x0x7fffc8049ca0, packet len: 16. strand post doWrite...
17: [2020-Feb-12 16:23:08.872107] - [dsdk] DeviceManager::build_conn_device_map() - session x0x7fffc8049ca0 existed, device obj NULL, update session ------- 

18: [2020-Feb-12 16:23:08.873107] - COMMON::connObj::SendData() - conn: 0x0x7fffc8049ca0, packet len: 8. strand post doWrite...
19: [2020-Feb-12 16:23:15.361171] - COMMON::connObj::SendData() - conn: 0x0x7fffc8049ca0, packet len: 8. strand post doWrite...
20: [2020-Feb-12 16:23:15.361220] - sds::device::CDevice::SendHeartM succ 30013 

21: [2020-Feb-12 16:23:21.372776] - COMMON::connObj::SendData() - conn: 0x0x7fffc8049ca0, packet len: 8. strand post doWrite...
22: [2020-Feb-12 16:23:21.372819] - sds::device::CDevice::SendHeartM succ 30013 

23: [2020-Feb-12 16:23:27.382515] - COMMON::connObj::SendData() - conn: 0x0x7fffc8049ca0, packet len: 8. strand post doWrite...
24: [2020-Feb-12 16:23:27.382562] - sds::device::CDevice::SendHeartM succ 30013 

