0: [2020-Feb-12 17:30:20.143305] - CConfig::SetPath() - cannot open file, /mnt/teamway/atlas/BallCameraServer/qt-build/../config/global.ini
1: [2020-Feb-12 17:30:20.143470] - YH Device SDK, compiled Jan  6 2020, 14:30:29, copyrights (c) 2018.
2: [2020-Feb-12 17:30:20.143502] - LOG Begin(dev sdk): control::Init() - process: /mnt/teamway/atlas/BallCameraServer/qt-build/BallCameraServer(29586)
3: [2020-Feb-12 17:30:20.144189] - [devsdk]control::Init() - CDevice::m_objTask.Start()!
4: [2020-Feb-12 17:30:20.152692] - tcpServer::doAccept() - create conn obj-------
5: [2020-Feb-12 17:30:20.152800] - [devsdk] control::Init() - listen 10.0.48.66 @ 6608...
6: [2020-Feb-12 17:30:20.548989] - [dsdk] DeviceManager::DoProc() - connection online, hSession: 0x0x3ed5140
7: [2020-Feb-12 17:30:20.549074] - tcpServer::doAccept() - create conn obj-------
8: [2020-Feb-12 17:30:20.588473] - COMMON::connObj::SendData() - conn: 0x0x3ed5140, packet len: 60. strand post doWrite...
9: [2020-Feb-12 17:30:20.588523] - [dsdk] DeviceManager::build_conn_device_map() - session x0x3ed5140 existed, device obj NULL, update session ------- 

10: [2020-Feb-12 17:30:20.588545] - [devsdk]DeviceManger::DoProc() - do signal reg - {"eventtype":"26","deviceid":"30013","channels":"1","type":"4108","nettype":"2","disktype":"1","factorytype":"18","audiotype":"1","addr":"10.0.48.70:53934","desc":"register"}
11: [2020-Feb-12 17:30:21.153611] - COMMON::connObj::SendData() - conn: 0x0x3ed5140, packet len: 99. strand post doWrite...
12: [2020-Feb-12 17:30:21.153766] - CDevice::SendOpenStreamCmd() - hSession: 0x0x3ed5140, ret: 0x0. cmd len: 99, cmd str: $$dc0090,1,C508,30013,,200212 173021,6B8B4567-23C6-327B-A998-3C6473483366,1,0,0,0,10.0.48.66,6608,#
13: [2020-Feb-12 17:30:21.160999] - [dsdk] DeviceManager::DoProc() - connection online, hSession: 0x0x7fffc8049ca0
14: [2020-Feb-12 17:30:21.161194] - tcpServer::doAccept() - create conn obj-------
15: [2020-Feb-12 17:30:21.162667] - CDevice::DoMediaReg() - devid:30013, bussid(BussType_chn_streamtype): 1_0_0
16: [2020-Feb-12 17:30:21.162873] - COMMON::connObj::SendData() - conn: 0x0x7fffc8049ca0, packet len: 16. strand post doWrite...
17: [2020-Feb-12 17:30:21.162937] - [dsdk] DeviceManager::build_conn_device_map() - session x0x7fffc8049ca0 existed, device obj NULL, update session ------- 

18: [2020-Feb-12 17:30:21.163715] - COMMON::connObj::SendData() - conn: 0x0x7fffc8049ca0, packet len: 8. strand post doWrite...
19: [2020-Feb-12 17:30:28.113599] - COMMON::connObj::SendData() - conn: 0x0x7fffc8049ca0, packet len: 8. strand post doWrite...
20: [2020-Feb-12 17:30:28.113645] - sds::device::CDevice::SendHeartM succ 30013 

21: [2020-Feb-12 17:30:35.474074] - COMMON::connObj::SendData() - conn: 0x0x7fffc8049ca0, packet len: 8. strand post doWrite...
22: [2020-Feb-12 17:30:35.474122] - sds::device::CDevice::SendHeartM succ 30013 

23: [2020-Feb-12 17:30:42.772625] - COMMON::connObj::SendData() - conn: 0x0x7fffc8049ca0, packet len: 8. strand post doWrite...
24: [2020-Feb-12 17:30:42.772679] - sds::device::CDevice::SendHeartM succ 30013 

25: [2020-Feb-12 17:30:50.096429] - COMMON::connObj::SendData() - conn: 0x0x7fffc8049ca0, packet len: 8. strand post doWrite...
26: [2020-Feb-12 17:30:50.096479] - sds::device::CDevice::SendHeartM succ 30013 

27: [2020-Feb-12 17:30:57.397744] - COMMON::connObj::SendData() - conn: 0x0x7fffc8049ca0, packet len: 8. strand post doWrite...
28: [2020-Feb-12 17:30:57.397797] - sds::device::CDevice::SendHeartM succ 30013 

29: [2020-Feb-12 17:31:04.718009] - COMMON::connObj::SendData() - conn: 0x0x7fffc8049ca0, packet len: 8. strand post doWrite...
30: [2020-Feb-12 17:31:04.718128] - sds::device::CDevice::SendHeartM succ 30013 

31: [2020-Feb-12 17:31:12.020626] - COMMON::connObj::SendData() - conn: 0x0x7fffc8049ca0, packet len: 8. strand post doWrite...
32: [2020-Feb-12 17:31:12.020677] - sds::device::CDevice::SendHeartM succ 30013 

33: [2020-Feb-12 17:31:19.318612] - COMMON::connObj::SendData() - conn: 0x0x7fffc8049ca0, packet len: 8. strand post doWrite...
34: [2020-Feb-12 17:31:19.318662] - sds::device::CDevice::SendHeartM succ 30013 

35: [2020-Feb-12 17:31:21.547780] - COMMON::connObj::SendData() - conn: 0x0x3ed5140, packet len: 37. strand post doWrite...
36: [2020-Feb-12 17:31:26.633287] - COMMON::connObj::SendData() - conn: 0x0x7fffc8049ca0, packet len: 8. strand post doWrite...
37: [2020-Feb-12 17:31:26.633446] - sds::device::CDevice::SendHeartM succ 30013 

38: [2020-Feb-12 17:31:33.928310] - COMMON::connObj::SendData() - conn: 0x0x7fffc8049ca0, packet len: 8. strand post doWrite...
39: [2020-Feb-12 17:31:33.928364] - sds::device::CDevice::SendHeartM succ 30013 

40: [2020-Feb-12 17:31:33.928542] - [devsds]CDevice::DoFrame() - dev:30013,  recv frames 1000,  bytes 9927528 ------
41: [2020-Feb-12 17:31:39.703815] - COMMON::connObj::SendData() - conn: 0x0x7fffc8049ca0, packet len: 8. strand post doWrite...
42: [2020-Feb-12 17:31:39.703870] - sds::device::CDevice::SendHeartM succ 30013 

43: [2020-Feb-12 17:31:46.517811] - COMMON::connObj::SendData() - conn: 0x0x7fffc8049ca0, packet len: 8. strand post doWrite...
44: [2020-Feb-12 17:31:46.517860] - sds::device::CDevice::SendHeartM succ 30013 

45: [2020-Feb-12 17:31:53.467509] - COMMON::connObj::SendData() - conn: 0x0x7fffc8049ca0, packet len: 8. strand post doWrite...
46: [2020-Feb-12 17:31:53.467660] - sds::device::CDevice::SendHeartM succ 30013 

47: [2020-Feb-12 17:31:59.617692] - COMMON::connObj::SendData() - conn: 0x0x7fffc8049ca0, packet len: 8. strand post doWrite...
48: [2020-Feb-12 17:31:59.617757] - sds::device::CDevice::SendHeartM succ 30013 

49: [2020-Feb-12 17:32:06.868264] - COMMON::connObj::SendData() - conn: 0x0x7fffc8049ca0, packet len: 8. strand post doWrite...
50: [2020-Feb-12 17:32:06.868316] - sds::device::CDevice::SendHeartM succ 30013 

51: [2020-Feb-12 17:32:12.209245] - COMMON::connObj::SendData() - conn: 0x0x7fffc8049ca0, packet len: 8. strand post doWrite...
52: [2020-Feb-12 17:32:12.209299] - sds::device::CDevice::SendHeartM succ 30013 

53: [2020-Feb-12 17:32:19.528538] - COMMON::connObj::SendData() - conn: 0x0x7fffc8049ca0, packet len: 8. strand post doWrite...
54: [2020-Feb-12 17:32:19.528613] - sds::device::CDevice::SendHeartM succ 30013 

55: [2020-Feb-12 17:32:21.567490] - COMMON::connObj::SendData() - conn: 0x0x3ed5140, packet len: 37. strand post doWrite...
56: [2020-Feb-12 17:32:29.470022] - COMMON::connObj::SendData() - conn: 0x0x7fffc8049ca0, packet len: 8. strand post doWrite...
57: [2020-Feb-12 17:32:29.470074] - sds::device::CDevice::SendHeartM succ 30013 

58: [2020-Feb-12 17:32:36.483431] - COMMON::connObj::SendData() - conn: 0x0x7fffc8049ca0, packet len: 8. strand post doWrite...
59: [2020-Feb-12 17:32:36.483480] - sds::device::CDevice::SendHeartM succ 30013 

60: [2020-Feb-12 17:32:43.434344] - COMMON::connObj::SendData() - conn: 0x0x7fffc8049ca0, packet len: 8. strand post doWrite...
61: [2020-Feb-12 17:32:43.434393] - sds::device::CDevice::SendHeartM succ 30013 

62: [2020-Feb-12 17:32:47.071354] - [devsds]CDevice::DoFrame() - dev:30013,  recv frames 2000,  bytes 20443058 ------
63: [2020-Feb-12 17:32:49.776607] - COMMON::connObj::SendData() - conn: 0x0x7fffc8049ca0, packet len: 8. strand post doWrite...
64: [2020-Feb-12 17:32:49.776664] - sds::device::CDevice::SendHeartM succ 30013 

