0: [2020-Feb-11 09:09:29.480720] - CConfig::SetPath() - cannot open file, /mnt/teamway/atlas/BallCameraServer/qt-build/../config/global.ini
1: [2020-Feb-11 09:09:29.480892] - YH Device SDK, compiled Jan  6 2020, 14:30:29, copyrights (c) 2018.
2: [2020-Feb-11 09:09:29.480924] - LOG Begin(dev sdk): control::Init() - process: /mnt/teamway/atlas/BallCameraServer/qt-build/BallCameraServer(28997)
3: [2020-Feb-11 09:09:29.480983] - [devsdk]control::Init() - CDevice::m_objTask.Start()!
4: [2020-Feb-11 09:09:29.481275] - tcpServer::doAccept() - create conn obj-------
5: [2020-Feb-11 09:09:29.481318] - [devsdk] control::Init() - listen 10.0.48.66 @ 6608...
6: [2020-Feb-11 09:09:33.422910] - [dsdk] DeviceManager::DoProc() - connection online, hSession: 0x0x144e990
7: [2020-Feb-11 09:09:33.423265] - tcpServer::doAccept() - create conn obj-------
8: [2020-Feb-11 09:09:33.441889] - COMMON::connObj::SendData() - conn: 0x0x144e990, packet len: 60. strand post doWrite...
9: [2020-Feb-11 09:09:33.442040] - [dsdk] DeviceManager::build_conn_device_map() - session x0x144e990 existed, device obj NULL, update session ------- 

10: [2020-Feb-11 09:09:33.442135] - [devsdk]DeviceManger::DoProc() - do signal reg - {"eventtype":"26","deviceid":"30013","channels":"1","type":"4108","nettype":"2","disktype":"1","factorytype":"18","audiotype":"1","addr":"10.0.48.70:59072","desc":"register"}
11: [2020-Feb-11 09:09:33.482092] - COMMON::connObj::SendData() - conn: 0x0x144e990, packet len: 99. strand post doWrite...
12: [2020-Feb-11 09:09:33.482239] - CDevice::SendOpenStreamCmd() - hSession: 0x0x144e990, ret: 0x0. cmd len: 99, cmd str: $$dc0090,1,C508,30013,,200211 090933,6B8B4567-23C6-327B-A998-3C6473483366,1,0,0,0,10.0.48.66,6608,#
13: [2020-Feb-11 09:09:33.594089] - [dsdk] DeviceManager::DoProc() - connection online, hSession: 0x0x7f8bd8049ca0
14: [2020-Feb-11 09:09:33.594314] - tcpServer::doAccept() - create conn obj-------
15: [2020-Feb-11 09:09:33.594642] - CDevice::DoMediaReg() - devid:30013, bussid(BussType_chn_streamtype): 1_0_0
16: [2020-Feb-11 09:09:33.594785] - COMMON::connObj::SendData() - conn: 0x0x7f8bd8049ca0, packet len: 16. strand post doWrite...
17: [2020-Feb-11 09:09:33.594854] - [dsdk] DeviceManager::build_conn_device_map() - session x0x7f8bd8049ca0 existed, device obj NULL, update session ------- 

18: [2020-Feb-11 09:09:33.595003] - COMMON::connObj::SendData() - conn: 0x0x7f8bd8049ca0, packet len: 8. strand post doWrite...
19: [2020-Feb-11 09:09:53.631016] - COMMON::connObj::SendData() - conn: 0x0x7f8bd8049ca0, packet len: 8. strand post doWrite...
20: [2020-Feb-11 09:09:53.631164] - sds::device::CDevice::SendHeartM succ 30013 

21: [2020-Feb-11 09:10:13.631062] - COMMON::connObj::SendData() - conn: 0x0x7f8bd8049ca0, packet len: 8. strand post doWrite...
22: [2020-Feb-11 09:10:13.631195] - sds::device::CDevice::SendHeartM succ 30013 

23: [2020-Feb-11 09:10:33.630743] - COMMON::connObj::SendData() - conn: 0x0x7f8bd8049ca0, packet len: 8. strand post doWrite...
24: [2020-Feb-11 09:10:33.630874] - sds::device::CDevice::SendHeartM succ 30013 

25: [2020-Feb-11 09:10:34.380919] - COMMON::connObj::SendData() - conn: 0x0x144e990, packet len: 37. strand post doWrite...
