0: [2020-Feb-13 18:52:13.872628] - CConfig::SetPath() - cannot open file, /mnt/teamway/atlas/BallCameraServer/qt-build/../config/global.ini
1: [2020-Feb-13 18:52:13.872826] - YH Device SDK, compiled Jan  6 2020, 14:30:29, copyrights (c) 2018.
2: [2020-Feb-13 18:52:13.872862] - LOG Begin(dev sdk): control::Init() - process: /mnt/teamway/atlas/BallCameraServer/qt-build/BallCameraServer(30529)
3: [2020-Feb-13 18:52:13.874066] - [devsdk]control::Init() - CDevice::m_objTask.Start()!
4: [2020-Feb-13 18:52:13.887620] - tcpServer::doAccept() - create conn obj-------
5: [2020-Feb-13 18:52:13.887705] - [devsdk] control::Init() - listen 10.0.48.66 @ 6608...
6: [2020-Feb-13 18:52:26.444424] - [dsdk] DeviceManager::DoProc() - connection online, hSession: 0x0x3a05120
7: [2020-Feb-13 18:52:26.444743] - tcpServer::doAccept() - create conn obj-------
8: [2020-Feb-13 18:52:26.445290] - COMMON::connObj::SendData() - conn: 0x0x3a05120, packet len: 60. strand post doWrite...
9: [2020-Feb-13 18:52:26.445411] - [dsdk] DeviceManager::build_conn_device_map() - session x0x3a05120 existed, device obj NULL, update session ------- 

10: [2020-Feb-13 18:52:26.445529] - [devsdk]DeviceManger::DoProc() - do signal reg - {"eventtype":"26","deviceid":"30013","channels":"1","type":"4108","nettype":"2","disktype":"1","factorytype":"18","audiotype":"1","addr":"10.0.48.70:45988","desc":"register"}
11: [2020-Feb-13 18:52:30.213718] - COMMON::connObj::SendData() - conn: 0x0x3a05120, packet len: 99. strand post doWrite...
12: [2020-Feb-13 18:52:30.213889] - CDevice::SendOpenStreamCmd() - hSession: 0x0x3a05120, ret: 0x0. cmd len: 99, cmd str: $$dc0090,1,C508,30013,,200213 185230,6B8B4567-23C6-327B-A998-3C6473483366,1,0,0,0,10.0.48.66,6608,#
13: [2020-Feb-13 18:52:32.598530] - [dsdk] DeviceManager::DoProc() - connection online, hSession: 0x0x7fffc8049ca0
14: [2020-Feb-13 18:52:32.598620] - tcpServer::doAccept() - create conn obj-------
15: [2020-Feb-13 18:52:32.599179] - CDevice::DoMediaReg() - devid:30013, bussid(BussType_chn_streamtype): 1_0_0
16: [2020-Feb-13 18:52:32.599236] - COMMON::connObj::SendData() - conn: 0x0x7fffc8049ca0, packet len: 16. strand post doWrite...
17: [2020-Feb-13 18:52:32.599254] - [dsdk] DeviceManager::build_conn_device_map() - session x0x7fffc8049ca0 existed, device obj NULL, update session ------- 

18: [2020-Feb-13 18:52:32.599273] - COMMON::connObj::SendData() - conn: 0x0x7fffc8049ca0, packet len: 8. strand post doWrite...
19: [2020-Feb-13 18:52:32.599286] - COMMON::connObj::SendData() - conn: 0x0x7fffc8049ca0, packet len: 8. strand post doWrite...
20: [2020-Feb-13 18:52:32.599301] - sds::device::CDevice::SendHeartM succ 30013 

