0: [2020-Feb-14 10:22:02.883911] - CConfig::SetPath() - cannot open file, /mnt/teamway/atlas/BallCameraServer/qt-build/../config/global.ini
1: [2020-Feb-14 10:22:02.884135] - YH Device SDK, compiled Jan  6 2020, 14:30:29, copyrights (c) 2018.
2: [2020-Feb-14 10:22:02.884170] - LOG Begin(dev sdk): control::Init() - process: /mnt/teamway/atlas/BallCameraServer/qt-build/BallCameraServer(18041)
3: [2020-Feb-14 10:22:02.884249] - [devsdk]control::Init() - CDevice::m_objTask.Start()!
4: [2020-Feb-14 10:22:02.884601] - tcpServer::doAccept() - create conn obj-------
5: [2020-Feb-14 10:22:02.884655] - [devsdk] control::Init() - listen 10.0.48.66 @ 6608...
6: [2020-Feb-14 10:22:25.158242] - [dsdk] DeviceManager::DoProc() - connection online, hSession: 0x0x48c5e00
7: [2020-Feb-14 10:22:25.158536] - tcpServer::doAccept() - create conn obj-------
8: [2020-Feb-14 10:22:25.177180] - COMMON::connObj::SendData() - conn: 0x0x48c5e00, packet len: 60. strand post doWrite...
9: [2020-Feb-14 10:22:25.177353] - [dsdk] DeviceManager::build_conn_device_map() - session x0x48c5e00 existed, device obj NULL, update session ------- 

10: [2020-Feb-14 10:22:25.177444] - [devsdk]DeviceManger::DoProc() - do signal reg - {"eventtype":"26","deviceid":"30013","channels":"1","type":"4108","nettype":"2","disktype":"1","factorytype":"18","audiotype":"1","addr":"10.0.48.70:52627","desc":"register"}
11: [2020-Feb-14 10:22:25.887765] - COMMON::connObj::SendData() - conn: 0x0x48c5e00, packet len: 99. strand post doWrite...
12: [2020-Feb-14 10:22:25.887932] - CDevice::SendOpenStreamCmd() - hSession: 0x0x48c5e00, ret: 0x0. cmd len: 99, cmd str: $$dc0090,1,C508,30013,,200214 102225,6B8B4567-23C6-327B-A998-3C6473483366,1,0,0,0,10.0.48.66,6608,#
13: [2020-Feb-14 10:22:25.930726] - [dsdk] DeviceManager::DoProc() - connection online, hSession: 0x0x7fc78c049ca0
14: [2020-Feb-14 10:22:25.930947] - tcpServer::doAccept() - create conn obj-------
15: [2020-Feb-14 10:22:25.931260] - CDevice::DoMediaReg() - devid:30013, bussid(BussType_chn_streamtype): 1_0_0
16: [2020-Feb-14 10:22:25.931407] - COMMON::connObj::SendData() - conn: 0x0x7fc78c049ca0, packet len: 16. strand post doWrite...
17: [2020-Feb-14 10:22:25.931477] - [dsdk] DeviceManager::build_conn_device_map() - session x0x7fc78c049ca0 existed, device obj NULL, update session ------- 

18: [2020-Feb-14 10:22:25.931634] - COMMON::connObj::SendData() - conn: 0x0x7fc78c049ca0, packet len: 8. strand post doWrite...
19: [2020-Feb-14 10:22:45.955942] - COMMON::connObj::SendData() - conn: 0x0x7fc78c049ca0, packet len: 8. strand post doWrite...
20: [2020-Feb-14 10:22:45.956101] - sds::device::CDevice::SendHeartM succ 30013 

21: [2020-Feb-14 10:23:05.995760] - COMMON::connObj::SendData() - conn: 0x0x7fc78c049ca0, packet len: 8. strand post doWrite...
22: [2020-Feb-14 10:23:05.995889] - sds::device::CDevice::SendHeartM succ 30013 

23: [2020-Feb-14 10:23:26.035621] - COMMON::connObj::SendData() - conn: 0x0x7fc78c049ca0, packet len: 8. strand post doWrite...
24: [2020-Feb-14 10:23:26.035758] - sds::device::CDevice::SendHeartM succ 30013 

25: [2020-Feb-14 10:23:26.215949] - COMMON::connObj::SendData() - conn: 0x0x48c5e00, packet len: 37. strand post doWrite...
26: [2020-Feb-14 10:23:46.055420] - COMMON::connObj::SendData() - conn: 0x0x7fc78c049ca0, packet len: 8. strand post doWrite...
27: [2020-Feb-14 10:23:46.055550] - sds::device::CDevice::SendHeartM succ 30013 

28: [2020-Feb-14 10:24:06.055208] - COMMON::connObj::SendData() - conn: 0x0x7fc78c049ca0, packet len: 8. strand post doWrite...
29: [2020-Feb-14 10:24:06.055347] - sds::device::CDevice::SendHeartM succ 30013 

30: [2020-Feb-14 10:24:26.075029] - COMMON::connObj::SendData() - conn: 0x0x7fc78c049ca0, packet len: 8. strand post doWrite...
31: [2020-Feb-14 10:24:26.075157] - sds::device::CDevice::SendHeartM succ 30013 

32: [2020-Feb-14 10:24:26.285287] - COMMON::connObj::SendData() - conn: 0x0x48c5e00, packet len: 37. strand post doWrite...
33: [2020-Feb-14 10:24:46.094865] - COMMON::connObj::SendData() - conn: 0x0x7fc78c049ca0, packet len: 8. strand post doWrite...
34: [2020-Feb-14 10:24:46.095002] - sds::device::CDevice::SendHeartM succ 30013 

35: [2020-Feb-14 10:25:06.134653] - COMMON::connObj::SendData() - conn: 0x0x7fc78c049ca0, packet len: 8. strand post doWrite...
36: [2020-Feb-14 10:25:06.134782] - sds::device::CDevice::SendHeartM succ 30013 

37: [2020-Feb-14 10:25:26.174476] - COMMON::connObj::SendData() - conn: 0x0x7fc78c049ca0, packet len: 8. strand post doWrite...
38: [2020-Feb-14 10:25:26.174613] - sds::device::CDevice::SendHeartM succ 30013 

39: [2020-Feb-14 10:25:26.354737] - COMMON::connObj::SendData() - conn: 0x0x48c5e00, packet len: 37. strand post doWrite...
40: [2020-Feb-14 10:25:46.194459] - COMMON::connObj::SendData() - conn: 0x0x7fc78c049ca0, packet len: 8. strand post doWrite...
41: [2020-Feb-14 10:25:46.194661] - sds::device::CDevice::SendHeartM succ 30013 

42: [2020-Feb-14 10:26:06.244503] - COMMON::connObj::SendData() - conn: 0x0x7fc78c049ca0, packet len: 8. strand post doWrite...
43: [2020-Feb-14 10:26:06.244612] - sds::device::CDevice::SendHeartM succ 30013 

44: [2020-Feb-14 10:26:26.293960] - COMMON::connObj::SendData() - conn: 0x0x7fc78c049ca0, packet len: 8. strand post doWrite...
45: [2020-Feb-14 10:26:26.294091] - sds::device::CDevice::SendHeartM succ 30013 

46: [2020-Feb-14 10:26:28.264214] - COMMON::connObj::SendData() - conn: 0x0x48c5e00, packet len: 37. strand post doWrite...
47: [2020-Feb-14 10:26:35.388573] - COMMON::connObj::SendData() - conn: 0x0x7fc78c049ca0, packet len: 8. strand post doWrite...
48: [2020-Feb-14 10:26:35.388624] - sds::device::CDevice::SendHeartM succ 30013 

