0: [2020-Feb-13 16:30:47.929090] - CConfig::SetPath() - cannot open file, /mnt/teamway/atlas/BallCameraServer/qt-build/../config/global.ini
1: [2020-Feb-13 16:30:47.929239] - YH Device SDK, compiled Jan  6 2020, 14:30:29, copyrights (c) 2018.
2: [2020-Feb-13 16:30:47.929271] - LOG Begin(dev sdk): control::Init() - process: /mnt/teamway/atlas/BallCameraServer/qt-build/BallCameraServer(22029)
3: [2020-Feb-13 16:30:47.929498] - [devsdk]control::Init() - CDevice::m_objTask.Start()!
4: [2020-Feb-13 16:30:47.942346] - tcpServer::doAccept() - create conn obj-------
5: [2020-Feb-13 16:30:47.942438] - [devsdk] control::Init() - listen 10.0.48.66 @ 6608...
6: [2020-Feb-13 16:30:52.576453] - [dsdk] DeviceManager::DoProc() - connection online, hSession: 0x0x3a035c0
7: [2020-Feb-13 16:30:52.576760] - tcpServer::doAccept() - create conn obj-------
8: [2020-Feb-13 16:30:52.595709] - COMMON::connObj::SendData() - conn: 0x0x3a035c0, packet len: 60. strand post doWrite...
9: [2020-Feb-13 16:30:52.595905] - [dsdk] DeviceManager::build_conn_device_map() - session x0x3a035c0 existed, device obj NULL, update session ------- 

10: [2020-Feb-13 16:30:52.596002] - [devsdk]DeviceManger::DoProc() - do signal reg - {"eventtype":"26","deviceid":"30013","channels":"1","type":"4108","nettype":"2","disktype":"1","factorytype":"18","audiotype":"1","addr":"10.0.48.70:44391","desc":"register"}
11: [2020-Feb-13 16:30:52.944588] - COMMON::connObj::SendData() - conn: 0x0x3a035c0, packet len: 99. strand post doWrite...
12: [2020-Feb-13 16:30:52.944751] - CDevice::SendOpenStreamCmd() - hSession: 0x0x3a035c0, ret: 0x0. cmd len: 99, cmd str: $$dc0090,1,C508,30013,,200213 163052,6B8B4567-23C6-327B-A998-3C6473483366,1,0,0,0,10.0.48.66,6608,#
13: [2020-Feb-13 16:30:52.977298] - [dsdk] DeviceManager::DoProc() - connection online, hSession: 0x0x7fffc8049ca0
14: [2020-Feb-13 16:30:52.977386] - tcpServer::doAccept() - create conn obj-------
15: [2020-Feb-13 16:30:52.977761] - CDevice::DoMediaReg() - devid:30013, bussid(BussType_chn_streamtype): 1_0_0
16: [2020-Feb-13 16:30:52.977833] - COMMON::connObj::SendData() - conn: 0x0x7fffc8049ca0, packet len: 16. strand post doWrite...
17: [2020-Feb-13 16:30:52.977864] - [dsdk] DeviceManager::build_conn_device_map() - session x0x7fffc8049ca0 existed, device obj NULL, update session ------- 

18: [2020-Feb-13 16:30:52.978810] - COMMON::connObj::SendData() - conn: 0x0x7fffc8049ca0, packet len: 8. strand post doWrite...
19: [2020-Feb-13 16:30:58.747381] - COMMON::connObj::SendData() - conn: 0x0x7fffc8049ca0, packet len: 8. strand post doWrite...
20: [2020-Feb-13 16:30:58.747429] - sds::device::CDevice::SendHeartM succ 30013 

21: [2020-Feb-13 16:31:04.732261] - COMMON::connObj::SendData() - conn: 0x0x7fffc8049ca0, packet len: 8. strand post doWrite...
22: [2020-Feb-13 16:31:04.732310] - sds::device::CDevice::SendHeartM succ 30013 

23: [2020-Feb-13 16:31:10.766662] - COMMON::connObj::SendData() - conn: 0x0x7fffc8049ca0, packet len: 8. strand post doWrite...
24: [2020-Feb-13 16:31:10.766801] - sds::device::CDevice::SendHeartM succ 30013 

25: [2020-Feb-13 16:31:16.741040] - COMMON::connObj::SendData() - conn: 0x0x7fffc8049ca0, packet len: 8. strand post doWrite...
26: [2020-Feb-13 16:31:16.741089] - sds::device::CDevice::SendHeartM succ 30013 

27: [2020-Feb-13 16:31:22.741181] - COMMON::connObj::SendData() - conn: 0x0x7fffc8049ca0, packet len: 8. strand post doWrite...
28: [2020-Feb-13 16:31:22.741230] - sds::device::CDevice::SendHeartM succ 30013 

29: [2020-Feb-13 16:31:28.730577] - COMMON::connObj::SendData() - conn: 0x0x7fffc8049ca0, packet len: 8. strand post doWrite...
30: [2020-Feb-13 16:31:28.730627] - sds::device::CDevice::SendHeartM succ 30013 

31: [2020-Feb-13 16:31:34.780496] - COMMON::connObj::SendData() - conn: 0x0x7fffc8049ca0, packet len: 8. strand post doWrite...
32: [2020-Feb-13 16:31:34.780544] - sds::device::CDevice::SendHeartM succ 30013 

33: [2020-Feb-13 16:31:34.780771] - [devsds]CDevice::DoFrame() - dev:30013,  recv frames 1000,  bytes 9982514 ------
34: [2020-Feb-13 16:31:40.778580] - COMMON::connObj::SendData() - conn: 0x0x7fffc8049ca0, packet len: 8. strand post doWrite...
35: [2020-Feb-13 16:31:40.778641] - sds::device::CDevice::SendHeartM succ 30013 

36: [2020-Feb-13 16:31:46.786427] - COMMON::connObj::SendData() - conn: 0x0x7fffc8049ca0, packet len: 8. strand post doWrite...
37: [2020-Feb-13 16:31:46.786513] - sds::device::CDevice::SendHeartM succ 30013 

38: [2020-Feb-13 16:31:52.736871] - COMMON::connObj::SendData() - conn: 0x0x7fffc8049ca0, packet len: 8. strand post doWrite...
39: [2020-Feb-13 16:31:52.736924] - sds::device::CDevice::SendHeartM succ 30013 

40: [2020-Feb-13 16:31:53.604516] - COMMON::connObj::SendData() - conn: 0x0x3a035c0, packet len: 37. strand post doWrite...
41: [2020-Feb-13 16:31:58.786206] - COMMON::connObj::SendData() - conn: 0x0x7fffc8049ca0, packet len: 8. strand post doWrite...
42: [2020-Feb-13 16:31:58.786258] - sds::device::CDevice::SendHeartM succ 30013 

43: [2020-Feb-13 16:32:04.740998] - COMMON::connObj::SendData() - conn: 0x0x7fffc8049ca0, packet len: 8. strand post doWrite...
44: [2020-Feb-13 16:32:04.741056] - sds::device::CDevice::SendHeartM succ 30013 

45: [2020-Feb-13 16:32:10.763515] - COMMON::connObj::SendData() - conn: 0x0x7fffc8049ca0, packet len: 8. strand post doWrite...
46: [2020-Feb-13 16:32:10.763567] - sds::device::CDevice::SendHeartM succ 30013 

47: [2020-Feb-13 16:32:14.753381] - [devsds]CDevice::DoFrame() - dev:30013,  recv frames 2000,  bytes 19841035 ------
48: [2020-Feb-13 16:32:16.728436] - COMMON::connObj::SendData() - conn: 0x0x7fffc8049ca0, packet len: 8. strand post doWrite...
49: [2020-Feb-13 16:32:16.728485] - sds::device::CDevice::SendHeartM succ 30013 

50: [2020-Feb-13 16:32:22.769278] - COMMON::connObj::SendData() - conn: 0x0x7fffc8049ca0, packet len: 8. strand post doWrite...
51: [2020-Feb-13 16:32:22.769340] - sds::device::CDevice::SendHeartM succ 30013 

52: [2020-Feb-13 16:32:28.742979] - COMMON::connObj::SendData() - conn: 0x0x7fffc8049ca0, packet len: 8. strand post doWrite...
53: [2020-Feb-13 16:32:28.743030] - sds::device::CDevice::SendHeartM succ 30013 

54: [2020-Feb-13 16:32:34.731625] - COMMON::connObj::SendData() - conn: 0x0x7fffc8049ca0, packet len: 8. strand post doWrite...
55: [2020-Feb-13 16:32:34.731677] - sds::device::CDevice::SendHeartM succ 30013 

56: [2020-Feb-13 16:32:40.734386] - COMMON::connObj::SendData() - conn: 0x0x7fffc8049ca0, packet len: 8. strand post doWrite...
57: [2020-Feb-13 16:32:40.734450] - sds::device::CDevice::SendHeartM succ 30013 

58: [2020-Feb-13 16:32:46.770082] - COMMON::connObj::SendData() - conn: 0x0x7fffc8049ca0, packet len: 8. strand post doWrite...
59: [2020-Feb-13 16:32:46.770142] - sds::device::CDevice::SendHeartM succ 30013 

60: [2020-Feb-13 16:32:52.773092] - COMMON::connObj::SendData() - conn: 0x0x7fffc8049ca0, packet len: 8. strand post doWrite...
61: [2020-Feb-13 16:32:52.773145] - sds::device::CDevice::SendHeartM succ 30013 

62: [2020-Feb-13 16:32:52.773440] - [devsds]CDevice::DoFrame() - dev:30013,  recv frames 3000,  bytes 29637516 ------
63: [2020-Feb-13 16:32:53.664405] - COMMON::connObj::SendData() - conn: 0x0x3a035c0, packet len: 37. strand post doWrite...
64: [2020-Feb-13 16:32:58.772439] - COMMON::connObj::SendData() - conn: 0x0x7fffc8049ca0, packet len: 8. strand post doWrite...
65: [2020-Feb-13 16:32:58.772491] - sds::device::CDevice::SendHeartM succ 30013 

66: [2020-Feb-13 16:33:04.786770] - COMMON::connObj::SendData() - conn: 0x0x7fffc8049ca0, packet len: 8. strand post doWrite...
67: [2020-Feb-13 16:33:04.786823] - sds::device::CDevice::SendHeartM succ 30013 

68: [2020-Feb-13 16:33:10.799874] - COMMON::connObj::SendData() - conn: 0x0x7fffc8049ca0, packet len: 8. strand post doWrite...
69: [2020-Feb-13 16:33:10.800054] - sds::device::CDevice::SendHeartM succ 30013 

70: [2020-Feb-13 16:33:16.766474] - COMMON::connObj::SendData() - conn: 0x0x7fffc8049ca0, packet len: 8. strand post doWrite...
71: [2020-Feb-13 16:33:16.766528] - sds::device::CDevice::SendHeartM succ 30013 

72: [2020-Feb-13 16:33:22.732431] - COMMON::connObj::SendData() - conn: 0x0x7fffc8049ca0, packet len: 8. strand post doWrite...
73: [2020-Feb-13 16:33:22.732491] - sds::device::CDevice::SendHeartM succ 30013 

